2023-07-19 17:43:32,895 INFO o.a.j.u.JMeterUtils: Setting Locale to zh_CN
2023-07-19 17:43:32,909 INFO o.a.j.JMeter: Loading user properties from: D:\application\apache-jmeter-5.1.1\bin\user.properties
2023-07-19 17:43:32,913 INFO o.a.j.JMeter: Loading system properties from: D:\application\apache-jmeter-5.1.1\bin\system.properties
2023-07-19 17:43:32,925 INFO o.a.j.JMeter: Copyright (c) 1998-2019 The Apache Software Foundation
2023-07-19 17:43:32,925 INFO o.a.j.JMeter: Version 5.1.1 r1855137
2023-07-19 17:43:32,925 INFO o.a.j.JMeter: java.version=1.8.0_341
2023-07-19 17:43:32,925 INFO o.a.j.JMeter: java.vm.name=Java HotSpot(TM) 64-Bit Server VM
2023-07-19 17:43:32,925 INFO o.a.j.JMeter: os.name=Windows 10
2023-07-19 17:43:32,925 INFO o.a.j.JMeter: os.arch=amd64
2023-07-19 17:43:32,926 INFO o.a.j.JMeter: os.version=10.0
2023-07-19 17:43:32,926 INFO o.a.j.JMeter: file.encoding=UTF-8
2023-07-19 17:43:32,926 INFO o.a.j.JMeter: java.awt.headless=null
2023-07-19 17:43:32,926 INFO o.a.j.JMeter: Max memory     =1073741824
2023-07-19 17:43:32,926 INFO o.a.j.JMeter: Available Processors =12
2023-07-19 17:43:32,939 INFO o.a.j.JMeter: Default Locale=English (EN)
2023-07-19 17:43:32,939 INFO o.a.j.JMeter: JMeter  Locale=Chinese (China)
2023-07-19 17:43:32,939 INFO o.a.j.JMeter: JMeterHome=D:\application\apache-jmeter-5.1.1
2023-07-19 17:43:32,939 INFO o.a.j.JMeter: user.dir  =D:\app\apitest
2023-07-19 17:43:32,939 INFO o.a.j.JMeter: PWD       =D:\app\apitest
2023-07-19 17:43:32,941 INFO o.a.j.JMeter: IP: 10.8.68.32 Name: BDR8SBDTY2 FullName: BDR8SBDTY2.countrygarden.com.cn
2023-07-19 17:43:33,346 INFO o.a.j.g.a.LookAndFeelCommand: Installing Darcula LAF
2023-07-19 17:43:33,365 INFO o.a.j.g.a.LookAndFeelCommand: Using look and feel: com.bulenkov.darcula.DarculaLaf [Darcula]
2023-07-19 17:43:33,365 INFO o.a.j.JMeter: Setting LAF to: com.bulenkov.darcula.DarculaLaf
2023-07-19 17:43:33,429 INFO o.a.j.JMeter: Loaded icon properties from org/apache/jmeter/images/icon.properties
2023-07-19 17:43:34,959 WARN o.j.r.PluginManager: Found JAR conflict: D:\application\apache-jmeter-5.1.1\lib\ext\JMeterPlugins-Standard.jar and D:\application\apache-jmeter-5.1.1\lib\JMeterPlugins-Standard.jar
2023-07-19 17:43:35,078 INFO o.j.r.JARSourceHTTP: Requesting https://jmeter-plugins.org/repo/?installID=jenkins-86f2c13337c86aa66b914535a23223c9-gui
2023-07-19 17:43:36,148 WARN o.a.j.g.u.MenuFactory: Could not instantiate class: kg.apc.jmeter.reporters.LoadosophiaUploaderGui
java.lang.reflect.InvocationTargetException: null
	at sun.reflect.NativeConstructorAccessorImpl.newInstance0(Native Method) ~[?:1.8.0_341]
	at sun.reflect.NativeConstructorAccessorImpl.newInstance(Unknown Source) ~[?:1.8.0_341]
	at sun.reflect.DelegatingConstructorAccessorImpl.newInstance(Unknown Source) ~[?:1.8.0_341]
	at java.lang.reflect.Constructor.newInstance(Unknown Source) ~[?:1.8.0_341]
	at org.apache.jmeter.gui.util.MenuFactory.getGUIComponent(MenuFactory.java:174) ~[ApacheJMeter_core.jar:5.1.1 r1855137]
	at org.apache.jmeter.gui.util.MenuFactory.initializeMenus(MenuFactory.java:141) ~[ApacheJMeter_core.jar:5.1.1 r1855137]
	at org.apache.jmeter.gui.util.MenuFactory.<clinit>(MenuFactory.java:106) ~[ApacheJMeter_core.jar:5.1.1 r1855137]
	at org.apache.jmeter.control.gui.TestPlanGui.createPopupMenu(TestPlanGui.java:92) ~[ApacheJMeter_core.jar:5.1.1 r1855137]
	at org.apache.jmeter.gui.tree.JMeterTreeNode.createPopupMenu(JMeterTreeNode.java:185) ~[ApacheJMeter_core.jar:5.1.1 r1855137]
	at org.apache.jmeter.gui.action.EditCommand.doAction(EditCommand.java:46) ~[ApacheJMeter_core.jar:5.1.1 r1855137]
	at org.apache.jmeter.gui.action.ActionRouter.performAction(ActionRouter.java:88) ~[ApacheJMeter_core.jar:5.1.1 r1855137]
	at org.apache.jmeter.gui.action.ActionRouter.lambda$actionPerformed$0(ActionRouter.java:70) ~[ApacheJMeter_core.jar:5.1.1 r1855137]
	at java.awt.event.InvocationEvent.dispatch(Unknown Source) [?:1.8.0_341]
	at java.awt.EventQueue.dispatchEventImpl(Unknown Source) [?:1.8.0_341]
	at java.awt.EventQueue.access$500(Unknown Source) [?:1.8.0_341]
	at java.awt.EventQueue$3.run(Unknown Source) [?:1.8.0_341]
	at java.awt.EventQueue$3.run(Unknown Source) [?:1.8.0_341]
	at java.security.AccessController.doPrivileged(Native Method) [?:1.8.0_341]
	at java.security.ProtectionDomain$JavaSecurityAccessImpl.doIntersectionPrivilege(Unknown Source) [?:1.8.0_341]
	at java.awt.EventQueue.dispatchEvent(Unknown Source) [?:1.8.0_341]
	at java.awt.EventDispatchThread.pumpOneEventForFilters(Unknown Source) [?:1.8.0_341]
	at java.awt.EventDispatchThread.pumpEventsForFilter(Unknown Source) [?:1.8.0_341]
	at java.awt.EventDispatchThread.pumpEventsForHierarchy(Unknown Source) [?:1.8.0_341]
	at java.awt.EventDispatchThread.pumpEvents(Unknown Source) [?:1.8.0_341]
	at java.awt.EventDispatchThread.pumpEvents(Unknown Source) [?:1.8.0_341]
	at java.awt.EventDispatchThread.run(Unknown Source) [?:1.8.0_341]
Caused by: java.lang.NoClassDefFoundError: org/apache/commons/httpclient/methods/multipart/PartSource
	at kg.apc.jmeter.reporters.LoadosophiaUploaderGui.init(LoadosophiaUploaderGui.java:130) ~[JMeterPlugins-Standard.jar:?]
	at kg.apc.jmeter.reporters.LoadosophiaUploaderGui.<init>(LoadosophiaUploaderGui.java:36) ~[JMeterPlugins-Standard.jar:?]
	... 26 more
Caused by: java.lang.ClassNotFoundException: org.apache.commons.httpclient.methods.multipart.PartSource
	at java.net.URLClassLoader.findClass(Unknown Source) ~[?:1.8.0_341]
	at java.lang.ClassLoader.loadClass(Unknown Source) ~[?:1.8.0_341]
	at java.lang.ClassLoader.loadClass(Unknown Source) ~[?:1.8.0_341]
	at kg.apc.jmeter.reporters.LoadosophiaUploaderGui.init(LoadosophiaUploaderGui.java:130) ~[JMeterPlugins-Standard.jar:?]
	at kg.apc.jmeter.reporters.LoadosophiaUploaderGui.<init>(LoadosophiaUploaderGui.java:36) ~[JMeterPlugins-Standard.jar:?]
	... 26 more
2023-07-19 17:43:36,170 WARN o.a.j.g.u.MenuFactory: Could not instantiate class: kg.apc.jmeter.threads.UltimateThreadGroupGui
java.lang.reflect.InvocationTargetException: null
	at sun.reflect.NativeConstructorAccessorImpl.newInstance0(Native Method) ~[?:1.8.0_341]
	at sun.reflect.NativeConstructorAccessorImpl.newInstance(Unknown Source) ~[?:1.8.0_341]
	at sun.reflect.DelegatingConstructorAccessorImpl.newInstance(Unknown Source) ~[?:1.8.0_341]
	at java.lang.reflect.Constructor.newInstance(Unknown Source) ~[?:1.8.0_341]
	at org.apache.jmeter.gui.util.MenuFactory.getGUIComponent(MenuFactory.java:174) ~[ApacheJMeter_core.jar:5.1.1 r1855137]
	at org.apache.jmeter.gui.util.MenuFactory.initializeMenus(MenuFactory.java:141) ~[ApacheJMeter_core.jar:5.1.1 r1855137]
	at org.apache.jmeter.gui.util.MenuFactory.<clinit>(MenuFactory.java:106) ~[ApacheJMeter_core.jar:5.1.1 r1855137]
	at org.apache.jmeter.control.gui.TestPlanGui.createPopupMenu(TestPlanGui.java:92) ~[ApacheJMeter_core.jar:5.1.1 r1855137]
	at org.apache.jmeter.gui.tree.JMeterTreeNode.createPopupMenu(JMeterTreeNode.java:185) ~[ApacheJMeter_core.jar:5.1.1 r1855137]
	at org.apache.jmeter.gui.action.EditCommand.doAction(EditCommand.java:46) ~[ApacheJMeter_core.jar:5.1.1 r1855137]
	at org.apache.jmeter.gui.action.ActionRouter.performAction(ActionRouter.java:88) ~[ApacheJMeter_core.jar:5.1.1 r1855137]
	at org.apache.jmeter.gui.action.ActionRouter.lambda$actionPerformed$0(ActionRouter.java:70) ~[ApacheJMeter_core.jar:5.1.1 r1855137]
	at java.awt.event.InvocationEvent.dispatch(Unknown Source) [?:1.8.0_341]
	at java.awt.EventQueue.dispatchEventImpl(Unknown Source) [?:1.8.0_341]
	at java.awt.EventQueue.access$500(Unknown Source) [?:1.8.0_341]
	at java.awt.EventQueue$3.run(Unknown Source) [?:1.8.0_341]
	at java.awt.EventQueue$3.run(Unknown Source) [?:1.8.0_341]
	at java.security.AccessController.doPrivileged(Native Method) [?:1.8.0_341]
	at java.security.ProtectionDomain$JavaSecurityAccessImpl.doIntersectionPrivilege(Unknown Source) [?:1.8.0_341]
	at java.awt.EventQueue.dispatchEvent(Unknown Source) [?:1.8.0_341]
	at java.awt.EventDispatchThread.pumpOneEventForFilters(Unknown Source) [?:1.8.0_341]
	at java.awt.EventDispatchThread.pumpEventsForFilter(Unknown Source) [?:1.8.0_341]
	at java.awt.EventDispatchThread.pumpEventsForHierarchy(Unknown Source) [?:1.8.0_341]
	at java.awt.EventDispatchThread.pumpEvents(Unknown Source) [?:1.8.0_341]
	at java.awt.EventDispatchThread.pumpEvents(Unknown Source) [?:1.8.0_341]
	at java.awt.EventDispatchThread.run(Unknown Source) [?:1.8.0_341]
Caused by: java.lang.NoClassDefFoundError: org/apache/jmeter/testelement/TestListener
	at java.lang.ClassLoader.defineClass1(Native Method) ~[?:1.8.0_341]
	at java.lang.ClassLoader.defineClass(Unknown Source) ~[?:1.8.0_341]
	at java.security.SecureClassLoader.defineClass(Unknown Source) ~[?:1.8.0_341]
	at java.net.URLClassLoader.defineClass(Unknown Source) ~[?:1.8.0_341]
	at java.net.URLClassLoader.access$100(Unknown Source) ~[?:1.8.0_341]
	at java.net.URLClassLoader$1.run(Unknown Source) ~[?:1.8.0_341]
	at java.net.URLClassLoader$1.run(Unknown Source) ~[?:1.8.0_341]
	at java.security.AccessController.doPrivileged(Native Method) ~[?:1.8.0_341]
	at java.net.URLClassLoader.findClass(Unknown Source) ~[?:1.8.0_341]
	at java.lang.ClassLoader.loadClass(Unknown Source) ~[?:1.8.0_341]
	at java.lang.ClassLoader.loadClass(Unknown Source) ~[?:1.8.0_341]
	at java.lang.Class.getDeclaredMethods0(Native Method) ~[?:1.8.0_341]
	at java.lang.Class.privateGetDeclaredMethods(Unknown Source) ~[?:1.8.0_341]
	at java.lang.Class.getDeclaredMethod(Unknown Source) ~[?:1.8.0_341]
	at java.awt.Component.isCoalesceEventsOverriden(Unknown Source) ~[?:1.8.0_341]
	at java.awt.Component.access$500(Unknown Source) ~[?:1.8.0_341]
	at java.awt.Component$3.run(Unknown Source) ~[?:1.8.0_341]
	at java.awt.Component$3.run(Unknown Source) ~[?:1.8.0_341]
	at java.security.AccessController.doPrivileged(Native Method) ~[?:1.8.0_341]
	at java.awt.Component.checkCoalescing(Unknown Source) ~[?:1.8.0_341]
	at java.awt.Component.<init>(Unknown Source) ~[?:1.8.0_341]
	at java.awt.Container.<init>(Unknown Source) ~[?:1.8.0_341]
	at javax.swing.JComponent.<init>(Unknown Source) ~[?:1.8.0_341]
	at javax.swing.JPanel.<init>(Unknown Source) ~[?:1.8.0_341]
	at javax.swing.JPanel.<init>(Unknown Source) ~[?:1.8.0_341]
	at javax.swing.JPanel.<init>(Unknown Source) ~[?:1.8.0_341]
	at org.apache.jmeter.gui.AbstractJMeterGuiComponent.<init>(AbstractJMeterGuiComponent.java:77) ~[ApacheJMeter_core.jar:5.1.1 r1855137]
	at org.apache.jmeter.threads.gui.AbstractThreadGroupGui.<init>(AbstractThreadGroupGui.java:55) ~[ApacheJMeter_core.jar:5.1.1 r1855137]
	at kg.apc.jmeter.threads.UltimateThreadGroupGui.<init>(UltimateThreadGroupGui.java:79) ~[JMeterPlugins-Standard.jar:?]
	... 26 more
Caused by: java.lang.ClassNotFoundException: org.apache.jmeter.testelement.TestListener
	at java.net.URLClassLoader.findClass(Unknown Source) ~[?:1.8.0_341]
	at java.lang.ClassLoader.loadClass(Unknown Source) ~[?:1.8.0_341]
	at java.lang.ClassLoader.loadClass(Unknown Source) ~[?:1.8.0_341]
	at java.lang.ClassLoader.defineClass1(Native Method) ~[?:1.8.0_341]
	at java.lang.ClassLoader.defineClass(Unknown Source) ~[?:1.8.0_341]
	at java.security.SecureClassLoader.defineClass(Unknown Source) ~[?:1.8.0_341]
	at java.net.URLClassLoader.defineClass(Unknown Source) ~[?:1.8.0_341]
	at java.net.URLClassLoader.access$100(Unknown Source) ~[?:1.8.0_341]
	at java.net.URLClassLoader$1.run(Unknown Source) ~[?:1.8.0_341]
	at java.net.URLClassLoader$1.run(Unknown Source) ~[?:1.8.0_341]
	at java.security.AccessController.doPrivileged(Native Method) ~[?:1.8.0_341]
	at java.net.URLClassLoader.findClass(Unknown Source) ~[?:1.8.0_341]
	at java.lang.ClassLoader.loadClass(Unknown Source) ~[?:1.8.0_341]
	at java.lang.ClassLoader.loadClass(Unknown Source) ~[?:1.8.0_341]
	at java.lang.Class.getDeclaredMethods0(Native Method) ~[?:1.8.0_341]
	at java.lang.Class.privateGetDeclaredMethods(Unknown Source) ~[?:1.8.0_341]
	at java.lang.Class.getDeclaredMethod(Unknown Source) ~[?:1.8.0_341]
	at java.awt.Component.isCoalesceEventsOverriden(Unknown Source) ~[?:1.8.0_341]
	at java.awt.Component.access$500(Unknown Source) ~[?:1.8.0_341]
	at java.awt.Component$3.run(Unknown Source) ~[?:1.8.0_341]
	at java.awt.Component$3.run(Unknown Source) ~[?:1.8.0_341]
	at java.security.AccessController.doPrivileged(Native Method) ~[?:1.8.0_341]
	at java.awt.Component.checkCoalescing(Unknown Source) ~[?:1.8.0_341]
	at java.awt.Component.<init>(Unknown Source) ~[?:1.8.0_341]
	at java.awt.Container.<init>(Unknown Source) ~[?:1.8.0_341]
	at javax.swing.JComponent.<init>(Unknown Source) ~[?:1.8.0_341]
	at javax.swing.JPanel.<init>(Unknown Source) ~[?:1.8.0_341]
	at javax.swing.JPanel.<init>(Unknown Source) ~[?:1.8.0_341]
	at javax.swing.JPanel.<init>(Unknown Source) ~[?:1.8.0_341]
	at org.apache.jmeter.gui.AbstractJMeterGuiComponent.<init>(AbstractJMeterGuiComponent.java:77) ~[ApacheJMeter_core.jar:5.1.1 r1855137]
	at org.apache.jmeter.threads.gui.AbstractThreadGroupGui.<init>(AbstractThreadGroupGui.java:55) ~[ApacheJMeter_core.jar:5.1.1 r1855137]
	at kg.apc.jmeter.threads.UltimateThreadGroupGui.<init>(UltimateThreadGroupGui.java:79) ~[JMeterPlugins-Standard.jar:?]
	... 26 more
2023-07-19 17:43:36,172 WARN o.a.j.g.u.MenuFactory: Could not instantiate class: kg.apc.jmeter.timers.VariableThroughputTimerGui
java.lang.reflect.InvocationTargetException: null
	at sun.reflect.NativeConstructorAccessorImpl.newInstance0(Native Method) ~[?:1.8.0_341]
	at sun.reflect.NativeConstructorAccessorImpl.newInstance(Unknown Source) ~[?:1.8.0_341]
	at sun.reflect.DelegatingConstructorAccessorImpl.newInstance(Unknown Source) ~[?:1.8.0_341]
	at java.lang.reflect.Constructor.newInstance(Unknown Source) ~[?:1.8.0_341]
	at org.apache.jmeter.gui.util.MenuFactory.getGUIComponent(MenuFactory.java:174) ~[ApacheJMeter_core.jar:5.1.1 r1855137]
	at org.apache.jmeter.gui.util.MenuFactory.initializeMenus(MenuFactory.java:141) ~[ApacheJMeter_core.jar:5.1.1 r1855137]
	at org.apache.jmeter.gui.util.MenuFactory.<clinit>(MenuFactory.java:106) ~[ApacheJMeter_core.jar:5.1.1 r1855137]
	at org.apache.jmeter.control.gui.TestPlanGui.createPopupMenu(TestPlanGui.java:92) ~[ApacheJMeter_core.jar:5.1.1 r1855137]
	at org.apache.jmeter.gui.tree.JMeterTreeNode.createPopupMenu(JMeterTreeNode.java:185) ~[ApacheJMeter_core.jar:5.1.1 r1855137]
	at org.apache.jmeter.gui.action.EditCommand.doAction(EditCommand.java:46) ~[ApacheJMeter_core.jar:5.1.1 r1855137]
	at org.apache.jmeter.gui.action.ActionRouter.performAction(ActionRouter.java:88) ~[ApacheJMeter_core.jar:5.1.1 r1855137]
	at org.apache.jmeter.gui.action.ActionRouter.lambda$actionPerformed$0(ActionRouter.java:70) ~[ApacheJMeter_core.jar:5.1.1 r1855137]
	at java.awt.event.InvocationEvent.dispatch(Unknown Source) [?:1.8.0_341]
	at java.awt.EventQueue.dispatchEventImpl(Unknown Source) [?:1.8.0_341]
	at java.awt.EventQueue.access$500(Unknown Source) [?:1.8.0_341]
	at java.awt.EventQueue$3.run(Unknown Source) [?:1.8.0_341]
	at java.awt.EventQueue$3.run(Unknown Source) [?:1.8.0_341]
	at java.security.AccessController.doPrivileged(Native Method) [?:1.8.0_341]
	at java.security.ProtectionDomain$JavaSecurityAccessImpl.doIntersectionPrivilege(Unknown Source) [?:1.8.0_341]
	at java.awt.EventQueue.dispatchEvent(Unknown Source) [?:1.8.0_341]
	at java.awt.EventDispatchThread.pumpOneEventForFilters(Unknown Source) [?:1.8.0_341]
	at java.awt.EventDispatchThread.pumpEventsForFilter(Unknown Source) [?:1.8.0_341]
	at java.awt.EventDispatchThread.pumpEventsForHierarchy(Unknown Source) [?:1.8.0_341]
	at java.awt.EventDispatchThread.pumpEvents(Unknown Source) [?:1.8.0_341]
	at java.awt.EventDispatchThread.pumpEvents(Unknown Source) [?:1.8.0_341]
	at java.awt.EventDispatchThread.run(Unknown Source) [?:1.8.0_341]
Caused by: java.lang.NoClassDefFoundError: org/apache/jmeter/testelement/TestListener
	at java.lang.ClassLoader.defineClass1(Native Method) ~[?:1.8.0_341]
	at java.lang.ClassLoader.defineClass(Unknown Source) ~[?:1.8.0_341]
	at java.security.SecureClassLoader.defineClass(Unknown Source) ~[?:1.8.0_341]
	at java.net.URLClassLoader.defineClass(Unknown Source) ~[?:1.8.0_341]
	at java.net.URLClassLoader.access$100(Unknown Source) ~[?:1.8.0_341]
	at java.net.URLClassLoader$1.run(Unknown Source) ~[?:1.8.0_341]
	at java.net.URLClassLoader$1.run(Unknown Source) ~[?:1.8.0_341]
	at java.security.AccessController.doPrivileged(Native Method) ~[?:1.8.0_341]
	at java.net.URLClassLoader.findClass(Unknown Source) ~[?:1.8.0_341]
	at java.lang.ClassLoader.loadClass(Unknown Source) ~[?:1.8.0_341]
	at java.lang.ClassLoader.loadClass(Unknown Source) ~[?:1.8.0_341]
	at java.lang.Class.getDeclaredMethods0(Native Method) ~[?:1.8.0_341]
	at java.lang.Class.privateGetDeclaredMethods(Unknown Source) ~[?:1.8.0_341]
	at java.lang.Class.getDeclaredMethod(Unknown Source) ~[?:1.8.0_341]
	at java.awt.Component.isCoalesceEventsOverriden(Unknown Source) ~[?:1.8.0_341]
	at java.awt.Component.access$500(Unknown Source) ~[?:1.8.0_341]
	at java.awt.Component$3.run(Unknown Source) ~[?:1.8.0_341]
	at java.awt.Component$3.run(Unknown Source) ~[?:1.8.0_341]
	at java.security.AccessController.doPrivileged(Native Method) ~[?:1.8.0_341]
	at java.awt.Component.checkCoalescing(Unknown Source) ~[?:1.8.0_341]
	at java.awt.Component.<init>(Unknown Source) ~[?:1.8.0_341]
	at java.awt.Container.<init>(Unknown Source) ~[?:1.8.0_341]
	at javax.swing.JComponent.<init>(Unknown Source) ~[?:1.8.0_341]
	at javax.swing.JPanel.<init>(Unknown Source) ~[?:1.8.0_341]
	at javax.swing.JPanel.<init>(Unknown Source) ~[?:1.8.0_341]
	at javax.swing.JPanel.<init>(Unknown Source) ~[?:1.8.0_341]
	at org.apache.jmeter.gui.AbstractJMeterGuiComponent.<init>(AbstractJMeterGuiComponent.java:77) ~[ApacheJMeter_core.jar:5.1.1 r1855137]
	at org.apache.jmeter.timers.gui.AbstractTimerGui.<init>(AbstractTimerGui.java:33) ~[ApacheJMeter_core.jar:5.1.1 r1855137]
	at kg.apc.jmeter.timers.VariableThroughputTimerGui.<init>(VariableThroughputTimerGui.java:63) ~[JMeterPlugins-Standard.jar:?]
	... 26 more
Caused by: java.lang.ClassNotFoundException: org.apache.jmeter.testelement.TestListener
	at java.net.URLClassLoader.findClass(Unknown Source) ~[?:1.8.0_341]
	at java.lang.ClassLoader.loadClass(Unknown Source) ~[?:1.8.0_341]
	at java.lang.ClassLoader.loadClass(Unknown Source) ~[?:1.8.0_341]
	at java.lang.ClassLoader.defineClass1(Native Method) ~[?:1.8.0_341]
	at java.lang.ClassLoader.defineClass(Unknown Source) ~[?:1.8.0_341]
	at java.security.SecureClassLoader.defineClass(Unknown Source) ~[?:1.8.0_341]
	at java.net.URLClassLoader.defineClass(Unknown Source) ~[?:1.8.0_341]
	at java.net.URLClassLoader.access$100(Unknown Source) ~[?:1.8.0_341]
	at java.net.URLClassLoader$1.run(Unknown Source) ~[?:1.8.0_341]
	at java.net.URLClassLoader$1.run(Unknown Source) ~[?:1.8.0_341]
	at java.security.AccessController.doPrivileged(Native Method) ~[?:1.8.0_341]
	at java.net.URLClassLoader.findClass(Unknown Source) ~[?:1.8.0_341]
	at java.lang.ClassLoader.loadClass(Unknown Source) ~[?:1.8.0_341]
	at java.lang.ClassLoader.loadClass(Unknown Source) ~[?:1.8.0_341]
	at java.lang.Class.getDeclaredMethods0(Native Method) ~[?:1.8.0_341]
	at java.lang.Class.privateGetDeclaredMethods(Unknown Source) ~[?:1.8.0_341]
	at java.lang.Class.getDeclaredMethod(Unknown Source) ~[?:1.8.0_341]
	at java.awt.Component.isCoalesceEventsOverriden(Unknown Source) ~[?:1.8.0_341]
	at java.awt.Component.access$500(Unknown Source) ~[?:1.8.0_341]
	at java.awt.Component$3.run(Unknown Source) ~[?:1.8.0_341]
	at java.awt.Component$3.run(Unknown Source) ~[?:1.8.0_341]
	at java.security.AccessController.doPrivileged(Native Method) ~[?:1.8.0_341]
	at java.awt.Component.checkCoalescing(Unknown Source) ~[?:1.8.0_341]
	at java.awt.Component.<init>(Unknown Source) ~[?:1.8.0_341]
	at java.awt.Container.<init>(Unknown Source) ~[?:1.8.0_341]
	at javax.swing.JComponent.<init>(Unknown Source) ~[?:1.8.0_341]
	at javax.swing.JPanel.<init>(Unknown Source) ~[?:1.8.0_341]
	at javax.swing.JPanel.<init>(Unknown Source) ~[?:1.8.0_341]
	at javax.swing.JPanel.<init>(Unknown Source) ~[?:1.8.0_341]
	at org.apache.jmeter.gui.AbstractJMeterGuiComponent.<init>(AbstractJMeterGuiComponent.java:77) ~[ApacheJMeter_core.jar:5.1.1 r1855137]
	at org.apache.jmeter.timers.gui.AbstractTimerGui.<init>(AbstractTimerGui.java:33) ~[ApacheJMeter_core.jar:5.1.1 r1855137]
	at kg.apc.jmeter.timers.VariableThroughputTimerGui.<init>(VariableThroughputTimerGui.java:63) ~[JMeterPlugins-Standard.jar:?]
	... 26 more
2023-07-19 17:43:36,836 INFO o.a.j.p.h.s.HTTPSamplerBase: Parser for text/html is org.apache.jmeter.protocol.http.parser.LagartoBasedHtmlParser
2023-07-19 17:43:36,836 INFO o.a.j.p.h.s.HTTPSamplerBase: Parser for application/xhtml+xml is org.apache.jmeter.protocol.http.parser.LagartoBasedHtmlParser
2023-07-19 17:43:36,836 INFO o.a.j.p.h.s.HTTPSamplerBase: Parser for application/xml is org.apache.jmeter.protocol.http.parser.LagartoBasedHtmlParser
2023-07-19 17:43:36,836 INFO o.a.j.p.h.s.HTTPSamplerBase: Parser for text/xml is org.apache.jmeter.protocol.http.parser.LagartoBasedHtmlParser
2023-07-19 17:43:36,836 INFO o.a.j.p.h.s.HTTPSamplerBase: Parser for text/vnd.wap.wml is org.apache.jmeter.protocol.http.parser.RegexpHTMLParser
2023-07-19 17:43:36,836 INFO o.a.j.p.h.s.HTTPSamplerBase: Parser for text/css is org.apache.jmeter.protocol.http.parser.CssParser
2023-07-19 17:43:37,658 WARN o.j.r.Plugin: Unable to load class: kg.apc.jmeter.reporters.LoadosophiaUploader
java.lang.NoClassDefFoundError: org/apache/jmeter/testelement/TestListener
	at java.lang.ClassLoader.defineClass1(Native Method) ~[?:1.8.0_341]
	at java.lang.ClassLoader.defineClass(Unknown Source) ~[?:1.8.0_341]
	at java.security.SecureClassLoader.defineClass(Unknown Source) ~[?:1.8.0_341]
	at java.net.URLClassLoader.defineClass(Unknown Source) ~[?:1.8.0_341]
	at java.net.URLClassLoader.access$100(Unknown Source) ~[?:1.8.0_341]
	at java.net.URLClassLoader$1.run(Unknown Source) ~[?:1.8.0_341]
	at java.net.URLClassLoader$1.run(Unknown Source) ~[?:1.8.0_341]
	at java.security.AccessController.doPrivileged(Native Method) ~[?:1.8.0_341]
	at java.net.URLClassLoader.findClass(Unknown Source) ~[?:1.8.0_341]
	at java.lang.ClassLoader.loadClass(Unknown Source) ~[?:1.8.0_341]
	at java.lang.ClassLoader.loadClass(Unknown Source) ~[?:1.8.0_341]
	at org.jmeterplugins.repository.Plugin.getJARPath(Plugin.java:202) [jmeter-plugins-manager-1.8.jar:?]
	at org.jmeterplugins.repository.Plugin.detectInstalledPlugin(Plugin.java:108) [jmeter-plugins-manager-1.8.jar:?]
	at org.jmeterplugins.repository.Plugin.detectInstalled(Plugin.java:97) [jmeter-plugins-manager-1.8.jar:?]
	at org.jmeterplugins.repository.PluginManager.load(PluginManager.java:86) [jmeter-plugins-manager-1.8.jar:?]
	at org.jmeterplugins.repository.PluginManagerMenuItem$1.run(PluginManagerMenuItem.java:38) [jmeter-plugins-manager-1.8.jar:?]
Caused by: java.lang.ClassNotFoundException: org.apache.jmeter.testelement.TestListener
	at java.net.URLClassLoader.findClass(Unknown Source) ~[?:1.8.0_341]
	at java.lang.ClassLoader.loadClass(Unknown Source) ~[?:1.8.0_341]
	at java.lang.ClassLoader.loadClass(Unknown Source) ~[?:1.8.0_341]
	... 16 more
2023-07-19 17:43:37,663 WARN o.j.r.Plugin: Unable to load class: kg.apc.jmeter.reporters.ConsoleStatusLogger
java.lang.NoClassDefFoundError: org/apache/jmeter/testelement/TestListener
	at java.lang.ClassLoader.defineClass1(Native Method) ~[?:1.8.0_341]
	at java.lang.ClassLoader.defineClass(Unknown Source) ~[?:1.8.0_341]
	at java.security.SecureClassLoader.defineClass(Unknown Source) ~[?:1.8.0_341]
	at java.net.URLClassLoader.defineClass(Unknown Source) ~[?:1.8.0_341]
	at java.net.URLClassLoader.access$100(Unknown Source) ~[?:1.8.0_341]
	at java.net.URLClassLoader$1.run(Unknown Source) ~[?:1.8.0_341]
	at java.net.URLClassLoader$1.run(Unknown Source) ~[?:1.8.0_341]
	at java.security.AccessController.doPrivileged(Native Method) ~[?:1.8.0_341]
	at java.net.URLClassLoader.findClass(Unknown Source) ~[?:1.8.0_341]
	at java.lang.ClassLoader.loadClass(Unknown Source) ~[?:1.8.0_341]
	at java.lang.ClassLoader.loadClass(Unknown Source) ~[?:1.8.0_341]
	at org.jmeterplugins.repository.Plugin.getJARPath(Plugin.java:202) [jmeter-plugins-manager-1.8.jar:?]
	at org.jmeterplugins.repository.Plugin.detectInstalledPlugin(Plugin.java:108) [jmeter-plugins-manager-1.8.jar:?]
	at org.jmeterplugins.repository.Plugin.detectInstalled(Plugin.java:97) [jmeter-plugins-manager-1.8.jar:?]
	at org.jmeterplugins.repository.PluginManager.load(PluginManager.java:86) [jmeter-plugins-manager-1.8.jar:?]
	at org.jmeterplugins.repository.PluginManagerMenuItem$1.run(PluginManagerMenuItem.java:38) [jmeter-plugins-manager-1.8.jar:?]
Caused by: java.lang.ClassNotFoundException: org.apache.jmeter.testelement.TestListener
	at java.net.URLClassLoader.findClass(Unknown Source) ~[?:1.8.0_341]
	at java.lang.ClassLoader.loadClass(Unknown Source) ~[?:1.8.0_341]
	at java.lang.ClassLoader.loadClass(Unknown Source) ~[?:1.8.0_341]
	... 16 more
2023-07-19 17:43:37,664 WARN o.j.r.Plugin: Unable to load class: kg.apc.jmeter.reporters.FlexibleFileWriter
java.lang.NoClassDefFoundError: org/apache/jmeter/testelement/TestListener
	at java.lang.ClassLoader.defineClass1(Native Method) ~[?:1.8.0_341]
	at java.lang.ClassLoader.defineClass(Unknown Source) ~[?:1.8.0_341]
	at java.security.SecureClassLoader.defineClass(Unknown Source) ~[?:1.8.0_341]
	at java.net.URLClassLoader.defineClass(Unknown Source) ~[?:1.8.0_341]
	at java.net.URLClassLoader.access$100(Unknown Source) ~[?:1.8.0_341]
	at java.net.URLClassLoader$1.run(Unknown Source) ~[?:1.8.0_341]
	at java.net.URLClassLoader$1.run(Unknown Source) ~[?:1.8.0_341]
	at java.security.AccessController.doPrivileged(Native Method) ~[?:1.8.0_341]
	at java.net.URLClassLoader.findClass(Unknown Source) ~[?:1.8.0_341]
	at java.lang.ClassLoader.loadClass(Unknown Source) ~[?:1.8.0_341]
	at java.lang.ClassLoader.loadClass(Unknown Source) ~[?:1.8.0_341]
	at org.jmeterplugins.repository.Plugin.getJARPath(Plugin.java:202) [jmeter-plugins-manager-1.8.jar:?]
	at org.jmeterplugins.repository.Plugin.detectInstalledPlugin(Plugin.java:108) [jmeter-plugins-manager-1.8.jar:?]
	at org.jmeterplugins.repository.Plugin.detectInstalled(Plugin.java:97) [jmeter-plugins-manager-1.8.jar:?]
	at org.jmeterplugins.repository.PluginManager.load(PluginManager.java:86) [jmeter-plugins-manager-1.8.jar:?]
	at org.jmeterplugins.repository.PluginManagerMenuItem$1.run(PluginManagerMenuItem.java:38) [jmeter-plugins-manager-1.8.jar:?]
Caused by: java.lang.ClassNotFoundException: org.apache.jmeter.testelement.TestListener
	at java.net.URLClassLoader.findClass(Unknown Source) ~[?:1.8.0_341]
	at java.lang.ClassLoader.loadClass(Unknown Source) ~[?:1.8.0_341]
	at java.lang.ClassLoader.loadClass(Unknown Source) ~[?:1.8.0_341]
	... 16 more
2023-07-19 17:43:37,665 WARN o.j.r.Plugin: Unable to load class: kg.apc.jmeter.timers.VariableThroughputTimer
java.lang.NoClassDefFoundError: org/apache/jmeter/testelement/TestListener
	at java.lang.ClassLoader.defineClass1(Native Method) ~[?:1.8.0_341]
	at java.lang.ClassLoader.defineClass(Unknown Source) ~[?:1.8.0_341]
	at java.security.SecureClassLoader.defineClass(Unknown Source) ~[?:1.8.0_341]
	at java.net.URLClassLoader.defineClass(Unknown Source) ~[?:1.8.0_341]
	at java.net.URLClassLoader.access$100(Unknown Source) ~[?:1.8.0_341]
	at java.net.URLClassLoader$1.run(Unknown Source) ~[?:1.8.0_341]
	at java.net.URLClassLoader$1.run(Unknown Source) ~[?:1.8.0_341]
	at java.security.AccessController.doPrivileged(Native Method) ~[?:1.8.0_341]
	at java.net.URLClassLoader.findClass(Unknown Source) ~[?:1.8.0_341]
	at java.lang.ClassLoader.loadClass(Unknown Source) ~[?:1.8.0_341]
	at java.lang.ClassLoader.loadClass(Unknown Source) ~[?:1.8.0_341]
	at org.jmeterplugins.repository.Plugin.getJARPath(Plugin.java:202) [jmeter-plugins-manager-1.8.jar:?]
	at org.jmeterplugins.repository.Plugin.detectInstalledPlugin(Plugin.java:108) [jmeter-plugins-manager-1.8.jar:?]
	at org.jmeterplugins.repository.Plugin.detectInstalled(Plugin.java:97) [jmeter-plugins-manager-1.8.jar:?]
	at org.jmeterplugins.repository.PluginManager.load(PluginManager.java:86) [jmeter-plugins-manager-1.8.jar:?]
	at org.jmeterplugins.repository.PluginManagerMenuItem$1.run(PluginManagerMenuItem.java:38) [jmeter-plugins-manager-1.8.jar:?]
Caused by: java.lang.ClassNotFoundException: org.apache.jmeter.testelement.TestListener
	at java.net.URLClassLoader.findClass(Unknown Source) ~[?:1.8.0_341]
	at java.lang.ClassLoader.loadClass(Unknown Source) ~[?:1.8.0_341]
	at java.lang.ClassLoader.loadClass(Unknown Source) ~[?:1.8.0_341]
	... 16 more
2023-07-19 17:43:37,674 INFO o.j.r.PluginManager: Plugins Status: [jpgc-graphs-basic=Standard, jpgc-graphs-additional=2.0, jpgc-cmd=Standard, jpgc-graphs-composite=Standard, jpgc-functions=2.2, jpgc-casutg=2.10, jpgc-dummy=Standard, jpgc-filterresults=2.2, jpgc-fifo=Standard, jpgc-json=2.7, mqtt-xmeter=2.0.2, mqtt-sampler=0.0.1-SNAPSHOT, jpgc-perfmon=Standard, jpgc-plugins-manager=1.8, jmeter-core=5.1.1, jmeter-ftp=5.1.1, jmeter-http=5.1.1, jmeter-jdbc=5.1.1, jmeter-jms=5.1.1, jmeter-junit=5.1.1, jmeter-java=5.1.1, jmeter-ldap=5.1.1, jmeter-mail=5.1.1, jmeter-mongodb=5.1.1, jmeter-native=5.1.1, jmeter-tcp=5.1.1, jmeter-components=5.1.1]
2023-07-19 17:43:37,675 INFO o.j.r.PluginManagerMenuItem: Plugins Manager has upgrades: [jpgc-plugins-manager]
2023-07-19 17:43:38,239 INFO o.a.j.e.KeyToolUtils: keytool found at 'keytool'
2023-07-19 17:43:38,239 INFO o.a.j.p.h.p.ProxyControl: HTTP(S) Test Script Recorder SSL Proxy will use keys that support embedded 3rd party resources in file D:\application\apache-jmeter-5.1.1\bin\proxyserver.jks
2023-07-19 17:43:38,472 INFO o.a.j.s.FileServer: Default base='D:\app\apitest'
2023-07-19 17:43:39,393 INFO o.a.j.s.SampleResult: Note: Sample TimeStamps are START times
2023-07-19 17:43:39,393 INFO o.a.j.s.SampleResult: sampleresult.default.encoding is set to UTF-8
2023-07-19 17:43:39,393 INFO o.a.j.s.SampleResult: sampleresult.useNanoTime=true
2023-07-19 17:43:39,393 INFO o.a.j.s.SampleResult: sampleresult.nanoThreadSleep=5000
2023-07-19 17:56:44,961 INFO o.a.j.e.u.CompoundVariable: Note: Function class names must contain the string: '.functions.'
2023-07-19 17:56:44,961 INFO o.a.j.e.u.CompoundVariable: Note: Function class names must not contain the string: '.gui.'
2023-07-19 17:56:45,203 ERROR o.a.j.p.h.p.ProxyControl: Program error: test script recording target not found.
