2023-07-31 20:25:00 | ERROR | key:<re.Match object; span=(184, 197), match='{{BSP_TOKEN}}'>,在关联参数表中查询不到,请检查关联参数字段提取及填写是否正常

2023-07-31 20:25:01 | ERROR | 异常用例: **safe_4_劳务基础配置_绑定TV**
'FAIL' unexpectedly found in ('FAIL', [{'检查项': '$.code', '期望值': 200, '实际值': 'AG_100003', '断言方法': 'eq:实际值与期望值相等'}, {'检查项': '$.msg', '期望值': '添加成功', '实际值': '您的登陆状态已过期，请重新登陆。', '断言方法': 'eq:实际值与期望值相等'}]) : FAIL 存在结果元组中
2023-07-31 20:25:02 | ERROR | key:<re.Match object; span=(171, 184), match='{{BSP_TOKEN}}'>,在关联参数表中查询不到,请检查关联参数字段提取及填写是否正常

2023-07-31 20:25:02 | ERROR | 提取失败：提取表达式：$.data.projectId，没有提取到对应的值
2023-07-31 20:25:02 | ERROR | 异常用例: **safe_5_劳务基础配置_查询配置**
'FAIL' unexpectedly found in ('FAIL', [{'检查项': '$.data.projectId', '期望值': '103654', '实际值': [], '断言方法': 'contained_by:实际值被包含在期望值中'}]) : FAIL 存在结果元组中
2023-07-31 20:57:50 | ERROR | 提取失败：提取表达式：$.data.projectId，没有提取到对应的值
2023-07-31 20:57:50 | ERROR | 异常用例: **safe_5_劳务基础配置_查询配置**
'FAIL' unexpectedly found in ('FAIL', [{'检查项': '$.data.projectId', '期望值': '103654', '实际值': [], '断言方法': 'contained_by:实际值被包含在期望值中'}]) : FAIL 存在结果元组中
2023-07-31 21:16:44 | ERROR | 提取失败：提取表达式：$.data.projectId，没有提取到对应的值
2023-07-31 21:27:15 | ERROR | | called clear_date | error: 快看，异常了，别唧唧哇哇，快排查！！: [Errno 13] Permission denied: 'E:\\apitest\\cases\\cases\\test_api.xlsx'
2023-07-31 21:27:16 | ERROR | | called write_back | error: 快看，异常了，别唧唧哇哇，快排查！！: [Errno 13] Permission denied: 'E:\\apitest\\cases\\cases\\test_api.xlsx'
2023-07-31 21:27:17 | ERROR | | called write_back | error: 快看，异常了，别唧唧哇哇，快排查！！: [Errno 13] Permission denied: 'E:\\apitest\\cases\\cases\\test_api.xlsx'
2023-07-31 21:27:18 | ERROR | 提取失败：提取表达式：$.data.projectId，没有提取到对应的值
2023-07-31 21:27:18 | ERROR | 异常用例: **safe_5_劳务基础配置_查询配置**
'in <string>' requires string as left operand, not list
2023-07-31 21:27:18 | ERROR | | called write_back | error: 快看，异常了，别唧唧哇哇，快排查！！: [Errno 13] Permission denied: 'E:\\apitest\\cases\\cases\\test_api.xlsx'
2023-07-31 21:27:57 | ERROR | 提取失败：提取表达式：$.data.projectId，没有提取到对应的值
2023-07-31 21:27:57 | ERROR | 异常用例: **safe_5_劳务基础配置_查询配置**
'in <string>' requires string as left operand, not list
2023-07-31 21:32:53 | ERROR | 提取失败：提取表达式：$.data.projectId，没有提取到对应的值
2023-07-31 21:32:53 | ERROR | 异常用例: **safe_5_劳务基础配置_查询配置**
'in <string>' requires string as left operand, not list
2023-07-31 21:46:05 | ERROR | 提取失败：提取表达式：$.data.projectId，没有提取到对应的值
2023-07-31 21:46:05 | ERROR | 异常用例: **safe_5_劳务基础配置_查询配置**
'in <string>' requires string as left operand, not list
2023-07-31 21:51:08 | ERROR | 提取失败：提取表达式：$.data.projectId，没有提取到对应的值
2023-07-31 21:51:08 | ERROR | 异常用例: **safe_5_劳务基础配置_查询配置**
'in <string>' requires string as left operand, not list
