2023-06-25 08:29:10 | ERROR | | called set_bif_fun | error: 快看，异常了，别唧唧哇哇，块排查: set_bif_fun() missing 1 required positional argument: 'model'
2023-06-25 08:29:10 | ERROR | key:{{get_timestamp()}},在关联参数表中查询不到,请检查关联参数字段提取及填写是否正常

2023-06-25 15:28:14 | ERROR | key:{{get_timestamp()}},在关联参数表中查询不到,请检查关联参数字段提取及填写是否正常

2023-06-25 15:28:17 | ERROR | key:{{get_timestamp()}},在关联参数表中查询不到,请检查关联参数字段提取及填写是否正常

2023-06-25 15:28:59 | ERROR | key:{{get_timestamp()}},在关联参数表中查询不到,请检查关联参数字段提取及填写是否正常

2023-06-25 15:29:02 | ERROR | key:{{get_timestamp()}},在关联参数表中查询不到,请检查关联参数字段提取及填写是否正常

2023-06-25 15:29:52 | ERROR | key:{{get_timestamp()}},在关联参数表中查询不到,请检查关联参数字段提取及填写是否正常

2023-06-25 15:29:55 | ERROR | key:{{get_timestamp()}},在关联参数表中查询不到,请检查关联参数字段提取及填写是否正常

2023-06-25 15:49:39 | ERROR | key:{{get_timestamp()}},在关联参数表中查询不到,请检查关联参数字段提取及填写是否正常

2023-06-25 15:49:42 | ERROR | key:{{get_timestamp()}},在关联参数表中查询不到,请检查关联参数字段提取及填写是否正常

2023-06-25 15:50:31 | ERROR | key:{{get_timestamp()}},在关联参数表中查询不到,请检查关联参数字段提取及填写是否正常

2023-06-25 15:50:34 | ERROR | key:{{get_timestamp()}},在关联参数表中查询不到,请检查关联参数字段提取及填写是否正常

2023-06-25 15:58:19 | ERROR | key:{{get_timestamp()}},在关联参数表中查询不到,请检查关联参数字段提取及填写是否正常

2023-06-25 15:58:22 | ERROR | key:{{get_timestamp()}},在关联参数表中查询不到,请检查关联参数字段提取及填写是否正常

2023-06-25 16:01:28 | ERROR | key:{{get_timestamp()}},在关联参数表中查询不到,请检查关联参数字段提取及填写是否正常

2023-06-25 16:01:31 | ERROR | key:{{get_timestamp()}},在关联参数表中查询不到,请检查关联参数字段提取及填写是否正常

2023-06-25 16:02:40 | ERROR | key:{{get_timestamp()}},在关联参数表中查询不到,请检查关联参数字段提取及填写是否正常

2023-06-25 16:02:43 | ERROR | key:{{get_timestamp()}},在关联参数表中查询不到,请检查关联参数字段提取及填写是否正常

2023-06-25 16:11:41 | ERROR | key:{{get_timestamp()}},在关联参数表中查询不到,请检查关联参数字段提取及填写是否正常

2023-06-25 16:11:44 | ERROR | key:{{get_timestamp()}},在关联参数表中查询不到,请检查关联参数字段提取及填写是否正常

2023-06-25 16:12:30 | ERROR | key:{{get_timestamp()}},在关联参数表中查询不到,请检查关联参数字段提取及填写是否正常

2023-06-25 16:12:33 | ERROR | key:{{get_timestamp()}},在关联参数表中查询不到,请检查关联参数字段提取及填写是否正常

2023-06-25 16:18:52 | ERROR | key:{{get_timestamp()}},在关联参数表中查询不到,请检查关联参数字段提取及填写是否正常

2023-06-25 16:18:55 | ERROR | key:{{get_timestamp()}},在关联参数表中查询不到,请检查关联参数字段提取及填写是否正常

2023-06-25 16:57:32 | ERROR | key:{{get_timestamp()}},在关联参数表中查询不到,请检查关联参数字段提取及填写是否正常

2023-06-25 16:57:35 | ERROR | key:{{get_timestamp()}},在关联参数表中查询不到,请检查关联参数字段提取及填写是否正常

2023-06-25 16:58:18 | ERROR | key:{{get_timestamp()}},在关联参数表中查询不到,请检查关联参数字段提取及填写是否正常

2023-06-25 16:58:21 | ERROR | key:{{get_timestamp()}},在关联参数表中查询不到,请检查关联参数字段提取及填写是否正常

2023-06-25 16:59:21 | ERROR | key:{{get_timestamp()}},在关联参数表中查询不到,请检查关联参数字段提取及填写是否正常

2023-06-25 16:59:24 | ERROR | key:{{get_timestamp()}},在关联参数表中查询不到,请检查关联参数字段提取及填写是否正常

2023-06-25 17:01:23 | ERROR | 被提取对象非字典、非字符串、非列表，不执行jsonpath提取，被提取对象: None
2023-06-25 17:11:52 | ERROR | key:<re.Match object; span=(138, 149), match='{{account}}'>,在关联参数表中查询不到,请检查关联参数字段提取及填写是否正常

2023-06-25 17:11:54 | ERROR | key:<re.Match object; span=(153, 166), match='{{BSP_TOKEN}}'>,在关联参数表中查询不到,请检查关联参数字段提取及填写是否正常

2023-06-25 17:11:57 | ERROR | key:<re.Match object; span=(76, 89), match='{{projectId}}'>,在关联参数表中查询不到,请检查关联参数字段提取及填写是否正常

2023-06-25 17:12:07 | ERROR | key:<re.Match object; span=(138, 149), match='{{account}}'>,在关联参数表中查询不到,请检查关联参数字段提取及填写是否正常

2023-06-25 17:12:09 | ERROR | key:<re.Match object; span=(153, 166), match='{{BSP_TOKEN}}'>,在关联参数表中查询不到,请检查关联参数字段提取及填写是否正常

2023-06-25 17:12:12 | ERROR | key:<re.Match object; span=(76, 89), match='{{projectId}}'>,在关联参数表中查询不到,请检查关联参数字段提取及填写是否正常

2023-06-25 17:12:12 | ERROR | 被提取对象非字典、非字符串、非列表，不执行jsonpath提取，被提取对象: None
2023-06-25 17:12:27 | ERROR | key:<re.Match object; span=(138, 149), match='{{account}}'>,在关联参数表中查询不到,请检查关联参数字段提取及填写是否正常

2023-06-25 17:12:27 | ERROR | 异常用例: 安全纯净大屏_2_登录_非BIP用户登录
'TestProjectApi' object has no attribute 'pyt'
2023-06-25 17:12:29 | ERROR | key:<re.Match object; span=(153, 166), match='{{BSP_TOKEN}}'>,在关联参数表中查询不到,请检查关联参数字段提取及填写是否正常

2023-06-25 17:12:29 | ERROR | 异常用例: 安全纯净大屏_4_劳务基础配置_绑定TV
'TestProjectApi' object has no attribute 'pyt'
2023-06-25 17:12:32 | ERROR | key:<re.Match object; span=(76, 89), match='{{projectId}}'>,在关联参数表中查询不到,请检查关联参数字段提取及填写是否正常

2023-06-25 17:12:32 | ERROR | 被提取对象非字典、非字符串、非列表，不执行jsonpath提取，被提取对象: None
2023-06-25 17:12:32 | ERROR | 异常用例: 安全纯净大屏_5_劳务基础配置_查询配置
'TestProjectApi' object has no attribute 'pyt'
2023-06-25 17:12:40 | ERROR | key:<re.Match object; span=(138, 149), match='{{account}}'>,在关联参数表中查询不到,请检查关联参数字段提取及填写是否正常

2023-06-25 17:12:40 | ERROR | 提取响应失败：安全纯净大屏_2_登录_非BIP用户登录
regex=None; 
keys=None;
deps=None;
jp_dict={"BSP_TOKEN": "$.data.bspToken", "BSP_USER_TENANT": "$.data.currentTenantId"}
'TestProjectApi' object has no attribute 'extractor'
2023-06-25 17:12:42 | ERROR | key:<re.Match object; span=(153, 166), match='{{BSP_TOKEN}}'>,在关联参数表中查询不到,请检查关联参数字段提取及填写是否正常

2023-06-25 17:12:42 | ERROR | 提取响应失败：安全纯净大屏_4_劳务基础配置_绑定TV
regex=None; 
keys=None;
deps=None;
jp_dict={"tvSequence": "$..tvSequence"}
'TestProjectApi' object has no attribute 'extractor'
2023-06-25 17:12:45 | ERROR | key:<re.Match object; span=(76, 89), match='{{projectId}}'>,在关联参数表中查询不到,请检查关联参数字段提取及填写是否正常

2023-06-25 17:12:45 | ERROR | 被提取对象非字典、非字符串、非列表，不执行jsonpath提取，被提取对象: None
2023-06-25 17:12:45 | ERROR | 提取响应失败：安全纯净大屏_5_劳务基础配置_查询配置
regex=None; 
keys=None;
deps=None;
jp_dict=None
'TestProjectApi' object has no attribute 'extractor'
2023-06-25 17:15:01 | ERROR | 提取响应失败：安全纯净大屏_2_登录_非BIP用户登录
regex=None; 
keys=None;
deps=None;
jp_dict={"BSP_TOKEN": "$.data.bspToken", "BSP_USER_TENANT": "$.data.currentTenantId"}
'TestProjectApi' object has no attribute 'extractor'
2023-06-25 17:15:03 | ERROR | key:<re.Match object; span=(153, 166), match='{{BSP_TOKEN}}'>,在关联参数表中查询不到,请检查关联参数字段提取及填写是否正常

2023-06-25 17:15:03 | ERROR | 提取响应失败：安全纯净大屏_4_劳务基础配置_绑定TV
regex=None; 
keys=None;
deps=None;
jp_dict={"tvSequence": "$..tvSequence"}
'TestProjectApi' object has no attribute 'extractor'
2023-06-25 17:15:06 | ERROR | key:<re.Match object; span=(166, 179), match='{{BSP_TOKEN}}'>,在关联参数表中查询不到,请检查关联参数字段提取及填写是否正常

2023-06-25 17:15:06 | ERROR | 被提取对象非字典、非字符串、非列表，不执行jsonpath提取，被提取对象: None
2023-06-25 17:15:06 | ERROR | 提取响应失败：安全纯净大屏_5_劳务基础配置_查询配置
regex=None; 
keys=None;
deps=None;
jp_dict=None
'TestProjectApi' object has no attribute 'extractor'
2023-06-25 17:16:19 | ERROR | 被提取对象非字典、非字符串、非列表，不执行jsonpath提取，被提取对象: None
2023-06-25 17:49:16 | ERROR | 被提取对象非字典、非字符串、非列表，不执行jsonpath提取，被提取对象: None
2023-06-25 17:49:16 | ERROR | 发送请求失败: URL cannot be None
2023-06-25 17:49:16 | ERROR | 异常用例: 安全纯净大屏_1_清表_初始化查询sql
'NoneType' object has no attribute 'json'
2023-06-25 17:49:17 | ERROR | 被提取对象非字典、非字符串、非列表，不执行jsonpath提取，被提取对象: None
2023-06-25 17:49:17 | ERROR | 发送请求失败: URL cannot be None
2023-06-25 17:49:17 | ERROR | 异常用例: 安全纯净大屏_3_安全大屏_大盘-隐患类型数据
'NoneType' object has no attribute 'json'
2023-06-25 17:49:22 | ERROR | 被提取对象非字典、非字符串、非列表，不执行jsonpath提取，被提取对象: None
2023-06-25 17:49:22 | ERROR | 被提取对象非字典、非字符串、非列表，不执行jsonpath提取，被提取对象: None
2023-06-25 17:49:22 | ERROR | 发送请求失败: expected string or bytes-like object
2023-06-25 17:49:22 | ERROR | 异常用例: 安全纯净大屏_None_None_None
'NoneType' object has no attribute 'json'
2023-06-25 17:54:21 | ERROR | 被提取对象非字典、非字符串、非列表，不执行jsonpath提取，被提取对象: None
2023-06-25 17:54:21 | ERROR | 发送请求失败: URL cannot be None
2023-06-25 17:54:21 | ERROR | 异常用例: 安全纯净大屏_1_清表_初始化查询sql
'NoneType' object has no attribute 'json'
2023-06-25 17:54:22 | ERROR | 被提取对象非字典、非字符串、非列表，不执行jsonpath提取，被提取对象: None
2023-06-25 17:54:22 | ERROR | 发送请求失败: URL cannot be None
2023-06-25 17:54:22 | ERROR | 异常用例: 安全纯净大屏_3_安全大屏_大盘-隐患类型数据
'NoneType' object has no attribute 'json'
2023-06-25 17:54:27 | ERROR | 被提取对象非字典、非字符串、非列表，不执行jsonpath提取，被提取对象: None
2023-06-25 17:54:27 | ERROR | 被提取对象非字典、非字符串、非列表，不执行jsonpath提取，被提取对象: None
2023-06-25 17:54:27 | ERROR | 发送请求失败: expected string or bytes-like object
2023-06-25 17:54:27 | ERROR | 异常用例: 安全纯净大屏_None_None_None
'NoneType' object has no attribute 'json'
2023-06-25 17:58:33 | ERROR | 被提取对象非字典、非字符串、非列表，不执行jsonpath提取，被提取对象: None
