2023-04-21 12:10:31,711-ERROR-logger.py-[ line:62 ] - 日志信息:数据库链接失败: (2003, "Can't connect to MySQL server on '127.0.0.1' ([WinError 10061] 由于目标计算机积极拒绝，无法连接。)")
2023-04-21 12:10:31,818-ERROR-logger.py-[ line:62 ] - 日志信息:获取当前依赖参数表：{'{{account}}': '18127813600', '{{passwd}}': 'KQX89QKceHEpywkR6uQCB+3Ul7PiIdsKGSg2vl54MIy5LpMGs1oQxDHlo9/qTStjMCxaSVL9LD6MINwpz0ArarOfsNQPtOTEVBFtgilESMQhmVXa/7kQo9Z9utfqyXRpv+ewITh2S6+SpQWP6LSt265T5Lx1Dt1NaKcAVG7eaO0=', '{{projectId}}': '104966', '{{tenant}}': '216317749963825419', '{{get_current_date()}}': <function get_current_date at 0x0000019F26211CA0>, '{{get_current_time()}}': <function get_current_time at 0x0000019F26211EE0>, '{{get_delta_time()}}': <function get_delta_time at 0x0000019F26211F70>, '{{md5_encryption()}}': <function md5_encryption at 0x0000019F262170D0>, '{{json_dumps()}}': <function json_dumps at 0x0000019F26217310>, '{{json_loads()}}': <function json_loads at 0x0000019F262173A0>, '{{slice()}}': <function slice at 0x0000019F26217550>, '{{sublist()}}': <function sublist at 0x0000019F26217430>, '{{random_choice()}}': <function random_choice at 0x0000019F26217700>, '{{gen_random_num()}}': <function gen_random_num at 0x0000019F262178B0>, '{{gen_random_str()}}': <function gen_random_str at 0x0000019F26217940>, '{{regex_extract()}}': <function regex_extract at 0x0000019F26217AF0>, '{{substr()}}': <function substr at 0x0000019F26217CA0>, '{{str_join()}}': <function str_join at 0x0000019F26217B80>, '{{get_timestamp()}}': <function MyLog.decorator_log.<locals>.warp.<locals>.inner at 0x0000019F2621B040>, '{{ms_fmt_hms()}}': <function ms_fmt_hms at 0x0000019F26217E50>, '{{random_phone()}}': <function random_phone at 0x0000019F25C14280>, '{{random_gps()}}': <function random_gps at 0x0000019F2621B280>, '{{random_string()}}': <function random_string at 0x0000019F25BA9E50>, '{{random_ssn()}}': <function random_ssn at 0x0000019F25C141F0>, '{{random_email()}}': <function random_email at 0x0000019F25C144C0>, '{{random_id_card()}}': <function random_id_card at 0x0000019F25C14310>, '{{random_int()}}': <function random_int at 0x0000019F25C145E0>, '{{random_male_name()}}': <function random_male_name at 0x0000019F25C14430>, '{{random_female_name()}}': <function random_female_name at 0x0000019F25C143A0>, '{{random_current_time()}}': <function random_current_time at 0x0000019F25C14550>, '{{BSP_TOKEN}}': 'bb04d4b0b4a82e9c5af8ece49a374c6b', '{{BSP_USER_TENANT}}': '216317749963825419', '{{headers}}': {'Content-Type': 'application/json', 'BSP_TOKEN': 'bb04d4b0b4a82e9c5af8ece49a374c6b', 'BSP_USER_TENANT': '216317749963825419'}}
2023-04-21 12:10:31,826-ERROR-logger.py-[ line:62 ] - 日志信息:获取当前依赖参数表：{'{{account}}': '18127813600', '{{passwd}}': 'KQX89QKceHEpywkR6uQCB+3Ul7PiIdsKGSg2vl54MIy5LpMGs1oQxDHlo9/qTStjMCxaSVL9LD6MINwpz0ArarOfsNQPtOTEVBFtgilESMQhmVXa/7kQo9Z9utfqyXRpv+ewITh2S6+SpQWP6LSt265T5Lx1Dt1NaKcAVG7eaO0=', '{{projectId}}': '104966', '{{tenant}}': '216317749963825419', '{{get_current_date()}}': <function get_current_date at 0x0000019F26211CA0>, '{{get_current_time()}}': <function get_current_time at 0x0000019F26211EE0>, '{{get_delta_time()}}': <function get_delta_time at 0x0000019F26211F70>, '{{md5_encryption()}}': <function md5_encryption at 0x0000019F262170D0>, '{{json_dumps()}}': <function json_dumps at 0x0000019F26217310>, '{{json_loads()}}': <function json_loads at 0x0000019F262173A0>, '{{slice()}}': <function slice at 0x0000019F26217550>, '{{sublist()}}': <function sublist at 0x0000019F26217430>, '{{random_choice()}}': <function random_choice at 0x0000019F26217700>, '{{gen_random_num()}}': <function gen_random_num at 0x0000019F262178B0>, '{{gen_random_str()}}': <function gen_random_str at 0x0000019F26217940>, '{{regex_extract()}}': <function regex_extract at 0x0000019F26217AF0>, '{{substr()}}': <function substr at 0x0000019F26217CA0>, '{{str_join()}}': <function str_join at 0x0000019F26217B80>, '{{get_timestamp()}}': <function MyLog.decorator_log.<locals>.warp.<locals>.inner at 0x0000019F2621B040>, '{{ms_fmt_hms()}}': <function ms_fmt_hms at 0x0000019F26217E50>, '{{random_phone()}}': <function random_phone at 0x0000019F25C14280>, '{{random_gps()}}': <function random_gps at 0x0000019F2621B280>, '{{random_string()}}': <function random_string at 0x0000019F25BA9E50>, '{{random_ssn()}}': <function random_ssn at 0x0000019F25C141F0>, '{{random_email()}}': <function random_email at 0x0000019F25C144C0>, '{{random_id_card()}}': <function random_id_card at 0x0000019F25C14310>, '{{random_int()}}': <function random_int at 0x0000019F25C145E0>, '{{random_male_name()}}': <function random_male_name at 0x0000019F25C14430>, '{{random_female_name()}}': <function random_female_name at 0x0000019F25C143A0>, '{{random_current_time()}}': <function random_current_time at 0x0000019F25C14550>, '{{BSP_TOKEN}}': 'bb04d4b0b4a82e9c5af8ece49a374c6b', '{{BSP_USER_TENANT}}': '216317749963825419', '{{headers}}': {'Content-Type': 'application/json', 'BSP_TOKEN': 'bb04d4b0b4a82e9c5af8ece49a374c6b', 'BSP_USER_TENANT': '216317749963825419'}}
2023-04-21 12:10:31,831-ERROR-logger.py-[ line:62 ] - 日志信息:key:{{account}},替换结果为--> 18127813600
2023-04-21 12:10:31,833-ERROR-logger.py-[ line:62 ] - 日志信息:key:{{passwd}},替换结果为--> KQX89QKceHEpywkR6uQCB+3Ul7PiIdsKGSg2vl54MIy5LpMGs1oQxDHlo9/qTStjMCxaSVL9LD6MINwpz0ArarOfsNQPtOTEVBFtgilESMQhmVXa/7kQo9Z9utfqyXRpv+ewITh2S6+SpQWP6LSt265T5Lx1Dt1NaKcAVG7eaO0=
2023-04-21 12:10:31,956-ERROR-logger.py-[ line:62 ] - 日志信息:获取当前依赖参数表：{'{{account}}': '18127813600', '{{passwd}}': 'KQX89QKceHEpywkR6uQCB+3Ul7PiIdsKGSg2vl54MIy5LpMGs1oQxDHlo9/qTStjMCxaSVL9LD6MINwpz0ArarOfsNQPtOTEVBFtgilESMQhmVXa/7kQo9Z9utfqyXRpv+ewITh2S6+SpQWP6LSt265T5Lx1Dt1NaKcAVG7eaO0=', '{{projectId}}': '104966', '{{tenant}}': '216317749963825419', '{{get_current_date()}}': <function get_current_date at 0x0000019F26211CA0>, '{{get_current_time()}}': <function get_current_time at 0x0000019F26211EE0>, '{{get_delta_time()}}': <function get_delta_time at 0x0000019F26211F70>, '{{md5_encryption()}}': <function md5_encryption at 0x0000019F262170D0>, '{{json_dumps()}}': <function json_dumps at 0x0000019F26217310>, '{{json_loads()}}': <function json_loads at 0x0000019F262173A0>, '{{slice()}}': <function slice at 0x0000019F26217550>, '{{sublist()}}': <function sublist at 0x0000019F26217430>, '{{random_choice()}}': <function random_choice at 0x0000019F26217700>, '{{gen_random_num()}}': <function gen_random_num at 0x0000019F262178B0>, '{{gen_random_str()}}': <function gen_random_str at 0x0000019F26217940>, '{{regex_extract()}}': <function regex_extract at 0x0000019F26217AF0>, '{{substr()}}': <function substr at 0x0000019F26217CA0>, '{{str_join()}}': <function str_join at 0x0000019F26217B80>, '{{get_timestamp()}}': <function MyLog.decorator_log.<locals>.warp.<locals>.inner at 0x0000019F2621B040>, '{{ms_fmt_hms()}}': <function ms_fmt_hms at 0x0000019F26217E50>, '{{random_phone()}}': <function random_phone at 0x0000019F25C14280>, '{{random_gps()}}': <function random_gps at 0x0000019F2621B280>, '{{random_string()}}': <function random_string at 0x0000019F25BA9E50>, '{{random_ssn()}}': <function random_ssn at 0x0000019F25C141F0>, '{{random_email()}}': <function random_email at 0x0000019F25C144C0>, '{{random_id_card()}}': <function random_id_card at 0x0000019F25C14310>, '{{random_int()}}': <function random_int at 0x0000019F25C145E0>, '{{random_male_name()}}': <function random_male_name at 0x0000019F25C14430>, '{{random_female_name()}}': <function random_female_name at 0x0000019F25C143A0>, '{{random_current_time()}}': <function random_current_time at 0x0000019F25C14550>, '{{BSP_TOKEN}}': '41f1cb747d84de67fc8a84edb6ea7adb', '{{BSP_USER_TENANT}}': '216317749963825419', '{{headers}}': {'Content-Type': 'application/json', 'BSP_TOKEN': 'bb04d4b0b4a82e9c5af8ece49a374c6b', 'BSP_USER_TENANT': '216317749963825419'}}
2023-04-21 12:10:31,957-ERROR-logger.py-[ line:62 ] - 日志信息:获取当前依赖参数表：{'{{account}}': '18127813600', '{{passwd}}': 'KQX89QKceHEpywkR6uQCB+3Ul7PiIdsKGSg2vl54MIy5LpMGs1oQxDHlo9/qTStjMCxaSVL9LD6MINwpz0ArarOfsNQPtOTEVBFtgilESMQhmVXa/7kQo9Z9utfqyXRpv+ewITh2S6+SpQWP6LSt265T5Lx1Dt1NaKcAVG7eaO0=', '{{projectId}}': '104966', '{{tenant}}': '216317749963825419', '{{get_current_date()}}': <function get_current_date at 0x0000019F26211CA0>, '{{get_current_time()}}': <function get_current_time at 0x0000019F26211EE0>, '{{get_delta_time()}}': <function get_delta_time at 0x0000019F26211F70>, '{{md5_encryption()}}': <function md5_encryption at 0x0000019F262170D0>, '{{json_dumps()}}': <function json_dumps at 0x0000019F26217310>, '{{json_loads()}}': <function json_loads at 0x0000019F262173A0>, '{{slice()}}': <function slice at 0x0000019F26217550>, '{{sublist()}}': <function sublist at 0x0000019F26217430>, '{{random_choice()}}': <function random_choice at 0x0000019F26217700>, '{{gen_random_num()}}': <function gen_random_num at 0x0000019F262178B0>, '{{gen_random_str()}}': <function gen_random_str at 0x0000019F26217940>, '{{regex_extract()}}': <function regex_extract at 0x0000019F26217AF0>, '{{substr()}}': <function substr at 0x0000019F26217CA0>, '{{str_join()}}': <function str_join at 0x0000019F26217B80>, '{{get_timestamp()}}': <function MyLog.decorator_log.<locals>.warp.<locals>.inner at 0x0000019F2621B040>, '{{ms_fmt_hms()}}': <function ms_fmt_hms at 0x0000019F26217E50>, '{{random_phone()}}': <function random_phone at 0x0000019F25C14280>, '{{random_gps()}}': <function random_gps at 0x0000019F2621B280>, '{{random_string()}}': <function random_string at 0x0000019F25BA9E50>, '{{random_ssn()}}': <function random_ssn at 0x0000019F25C141F0>, '{{random_email()}}': <function random_email at 0x0000019F25C144C0>, '{{random_id_card()}}': <function random_id_card at 0x0000019F25C14310>, '{{random_int()}}': <function random_int at 0x0000019F25C145E0>, '{{random_male_name()}}': <function random_male_name at 0x0000019F25C14430>, '{{random_female_name()}}': <function random_female_name at 0x0000019F25C143A0>, '{{random_current_time()}}': <function random_current_time at 0x0000019F25C14550>, '{{BSP_TOKEN}}': '41f1cb747d84de67fc8a84edb6ea7adb', '{{BSP_USER_TENANT}}': '216317749963825419', '{{headers}}': {'Content-Type': 'application/json', 'BSP_TOKEN': 'bb04d4b0b4a82e9c5af8ece49a374c6b', 'BSP_USER_TENANT': '216317749963825419'}}
2023-04-21 12:10:31,960-ERROR-logger.py-[ line:62 ] - 日志信息:key:{{get_timestamp()}},替换结果为--> 1682050231959
2023-04-21 12:10:31,960-ERROR-logger.py-[ line:62 ] - 日志信息:key:{{random_string()}},替换结果为--> TqwRcZTjOakgUVzjylIh
2023-04-21 12:10:31,961-ERROR-logger.py-[ line:62 ] - 日志信息:key:{{projectId}},替换结果为--> 104966
2023-04-21 12:10:31,961-ERROR-logger.py-[ line:62 ] - 日志信息:key:{{BSP_TOKEN}},替换结果为--> 41f1cb747d84de67fc8a84edb6ea7adb
2023-04-21 12:10:31,962-ERROR-logger.py-[ line:62 ] - 日志信息:key:{{BSP_USER_TENANT}},替换结果为--> 216317749963825419
2023-04-21 12:10:32,073-ERROR-logger.py-[ line:62 ] - 日志信息:获取当前依赖参数表：{'{{account}}': '18127813600', '{{passwd}}': 'KQX89QKceHEpywkR6uQCB+3Ul7PiIdsKGSg2vl54MIy5LpMGs1oQxDHlo9/qTStjMCxaSVL9LD6MINwpz0ArarOfsNQPtOTEVBFtgilESMQhmVXa/7kQo9Z9utfqyXRpv+ewITh2S6+SpQWP6LSt265T5Lx1Dt1NaKcAVG7eaO0=', '{{projectId}}': '104966', '{{tenant}}': '216317749963825419', '{{get_current_date()}}': <function get_current_date at 0x0000019F26211CA0>, '{{get_current_time()}}': <function get_current_time at 0x0000019F26211EE0>, '{{get_delta_time()}}': <function get_delta_time at 0x0000019F26211F70>, '{{md5_encryption()}}': <function md5_encryption at 0x0000019F262170D0>, '{{json_dumps()}}': <function json_dumps at 0x0000019F26217310>, '{{json_loads()}}': <function json_loads at 0x0000019F262173A0>, '{{slice()}}': <function slice at 0x0000019F26217550>, '{{sublist()}}': <function sublist at 0x0000019F26217430>, '{{random_choice()}}': <function random_choice at 0x0000019F26217700>, '{{gen_random_num()}}': <function gen_random_num at 0x0000019F262178B0>, '{{gen_random_str()}}': <function gen_random_str at 0x0000019F26217940>, '{{regex_extract()}}': <function regex_extract at 0x0000019F26217AF0>, '{{substr()}}': <function substr at 0x0000019F26217CA0>, '{{str_join()}}': <function str_join at 0x0000019F26217B80>, '{{get_timestamp()}}': <function MyLog.decorator_log.<locals>.warp.<locals>.inner at 0x0000019F2621B040>, '{{ms_fmt_hms()}}': <function ms_fmt_hms at 0x0000019F26217E50>, '{{random_phone()}}': <function random_phone at 0x0000019F25C14280>, '{{random_gps()}}': <function random_gps at 0x0000019F2621B280>, '{{random_string()}}': <function random_string at 0x0000019F25BA9E50>, '{{random_ssn()}}': <function random_ssn at 0x0000019F25C141F0>, '{{random_email()}}': <function random_email at 0x0000019F25C144C0>, '{{random_id_card()}}': <function random_id_card at 0x0000019F25C14310>, '{{random_int()}}': <function random_int at 0x0000019F25C145E0>, '{{random_male_name()}}': <function random_male_name at 0x0000019F25C14430>, '{{random_female_name()}}': <function random_female_name at 0x0000019F25C143A0>, '{{random_current_time()}}': <function random_current_time at 0x0000019F25C14550>, '{{BSP_TOKEN}}': '41f1cb747d84de67fc8a84edb6ea7adb', '{{BSP_USER_TENANT}}': '216317749963825419', '{{headers}}': {'Content-Type': 'application/json', 'BSP_TOKEN': 'bb04d4b0b4a82e9c5af8ece49a374c6b', 'BSP_USER_TENANT': '216317749963825419'}, '{{tvSequence}}': 'TYhZYULTOMZaotsUJQAE'}
2023-04-21 12:10:32,077-ERROR-logger.py-[ line:62 ] - 日志信息:key:{{get_timestamp()}},替换结果为--> 1682050232076
2023-04-21 12:10:32,078-ERROR-logger.py-[ line:62 ] - 日志信息:key:{{projectId}},替换结果为--> 104966
2023-04-21 12:10:32,079-ERROR-logger.py-[ line:62 ] - 日志信息:key:{{BSP_TOKEN}},替换结果为--> 41f1cb747d84de67fc8a84edb6ea7adb
2023-04-21 12:10:32,080-ERROR-logger.py-[ line:62 ] - 日志信息:key:{{BSP_USER_TENANT}},替换结果为--> 216317749963825419
2023-04-21 12:10:32,081-ERROR-logger.py-[ line:62 ] - 日志信息:key:{{tvSequence}},替换结果为--> TYhZYULTOMZaotsUJQAE
2023-04-21 12:10:32,158-ERROR-logger.py-[ line:62 ] - 日志信息:提取失败：提取表达式：data[0].tvSequence，没有提取到对应的值
2023-04-21 12:10:32,161-ERROR-logger.py-[ line:62 ] - 日志信息:获取当前依赖参数表：{'{{account}}': '18127813600', '{{passwd}}': 'KQX89QKceHEpywkR6uQCB+3Ul7PiIdsKGSg2vl54MIy5LpMGs1oQxDHlo9/qTStjMCxaSVL9LD6MINwpz0ArarOfsNQPtOTEVBFtgilESMQhmVXa/7kQo9Z9utfqyXRpv+ewITh2S6+SpQWP6LSt265T5Lx1Dt1NaKcAVG7eaO0=', '{{projectId}}': '104966', '{{tenant}}': '216317749963825419', '{{get_current_date()}}': <function get_current_date at 0x0000019F26211CA0>, '{{get_current_time()}}': <function get_current_time at 0x0000019F26211EE0>, '{{get_delta_time()}}': <function get_delta_time at 0x0000019F26211F70>, '{{md5_encryption()}}': <function md5_encryption at 0x0000019F262170D0>, '{{json_dumps()}}': <function json_dumps at 0x0000019F26217310>, '{{json_loads()}}': <function json_loads at 0x0000019F262173A0>, '{{slice()}}': <function slice at 0x0000019F26217550>, '{{sublist()}}': <function sublist at 0x0000019F26217430>, '{{random_choice()}}': <function random_choice at 0x0000019F26217700>, '{{gen_random_num()}}': <function gen_random_num at 0x0000019F262178B0>, '{{gen_random_str()}}': <function gen_random_str at 0x0000019F26217940>, '{{regex_extract()}}': <function regex_extract at 0x0000019F26217AF0>, '{{substr()}}': <function substr at 0x0000019F26217CA0>, '{{str_join()}}': <function str_join at 0x0000019F26217B80>, '{{get_timestamp()}}': <function MyLog.decorator_log.<locals>.warp.<locals>.inner at 0x0000019F2621B040>, '{{ms_fmt_hms()}}': <function ms_fmt_hms at 0x0000019F26217E50>, '{{random_phone()}}': <function random_phone at 0x0000019F25C14280>, '{{random_gps()}}': <function random_gps at 0x0000019F2621B280>, '{{random_string()}}': <function random_string at 0x0000019F25BA9E50>, '{{random_ssn()}}': <function random_ssn at 0x0000019F25C141F0>, '{{random_email()}}': <function random_email at 0x0000019F25C144C0>, '{{random_id_card()}}': <function random_id_card at 0x0000019F25C14310>, '{{random_int()}}': <function random_int at 0x0000019F25C145E0>, '{{random_male_name()}}': <function random_male_name at 0x0000019F25C14430>, '{{random_female_name()}}': <function random_female_name at 0x0000019F25C143A0>, '{{random_current_time()}}': <function random_current_time at 0x0000019F25C14550>, '{{BSP_TOKEN}}': '41f1cb747d84de67fc8a84edb6ea7adb', '{{BSP_USER_TENANT}}': '216317749963825419', '{{headers}}': {'Content-Type': 'application/json', 'BSP_TOKEN': 'bb04d4b0b4a82e9c5af8ece49a374c6b', 'BSP_USER_TENANT': '216317749963825419'}, '{{tvSequence}}': 'TYhZYULTOMZaotsUJQAE'}
2023-04-21 12:12:54,450-ERROR-logger.py-[ line:62 ] - 日志信息:数据库链接失败: (2003, "Can't connect to MySQL server on '127.0.0.1' ([WinError 10061] 由于目标计算机积极拒绝，无法连接。)")
2023-04-21 12:12:54,453-ERROR-logger.py-[ line:62 ] - 日志信息:测试用例:1 不执行，跳过!!!
2023-04-21 12:12:54,454-ERROR-logger.py-[ line:62 ] - 日志信息:key:{{account}},替换结果为--> 18127813600
2023-04-21 12:12:54,454-ERROR-logger.py-[ line:62 ] - 日志信息:key:{{passwd}},替换结果为--> KQX89QKceHEpywkR6uQCB+3Ul7PiIdsKGSg2vl54MIy5LpMGs1oQxDHlo9/qTStjMCxaSVL9LD6MINwpz0ArarOfsNQPtOTEVBFtgilESMQhmVXa/7kQo9Z9utfqyXRpv+ewITh2S6+SpQWP6LSt265T5Lx1Dt1NaKcAVG7eaO0=
2023-04-21 12:12:54,573-ERROR-logger.py-[ line:62 ] - 日志信息:测试用例:3 不执行，跳过!!!
2023-04-21 12:12:54,575-ERROR-logger.py-[ line:62 ] - 日志信息:key:{{get_timestamp()}},替换结果为--> 1682050374575
2023-04-21 12:12:54,576-ERROR-logger.py-[ line:62 ] - 日志信息:key:{{BSP_TOKEN}},替换结果为--> a03631c76481ae9d04bc462fae9a450c
2023-04-21 12:12:54,576-ERROR-logger.py-[ line:62 ] - 日志信息:key:{{BSP_USER_TENANT}},替换结果为--> 216317749963825419
2023-04-21 12:12:54,577-ERROR-logger.py-[ line:62 ] - 日志信息:key:{{random_string()}},替换结果为--> NhABSariMCLOmRoKaDbM
2023-04-21 12:12:54,577-ERROR-logger.py-[ line:62 ] - 日志信息:key:{{projectId}},替换结果为--> 104966
2023-04-21 12:12:54,693-ERROR-logger.py-[ line:62 ] - 日志信息:key:{{get_timestamp()}},替换结果为--> 1682050374693
2023-04-21 12:12:54,694-ERROR-logger.py-[ line:62 ] - 日志信息:key:{{projectId}},替换结果为--> 104966
2023-04-21 12:12:54,694-ERROR-logger.py-[ line:62 ] - 日志信息:key:{{BSP_TOKEN}},替换结果为--> a03631c76481ae9d04bc462fae9a450c
2023-04-21 12:12:54,695-ERROR-logger.py-[ line:62 ] - 日志信息:key:{{BSP_USER_TENANT}},替换结果为--> 216317749963825419
2023-04-21 12:12:54,696-ERROR-logger.py-[ line:62 ] - 日志信息:key:{{tvSequence}},替换结果为--> XCxclhCqwmXoivmejjJN
2023-04-21 12:12:54,774-ERROR-logger.py-[ line:62 ] - 日志信息:提取失败：提取表达式：data[0].tvSequence，没有提取到对应的值
2023-04-21 12:12:54,777-ERROR-logger.py-[ line:62 ] - 日志信息:测试用例:None 不执行，跳过!!!
2023-04-21 12:12:54,778-ERROR-logger.py-[ line:62 ] - 日志信息:所有用例执行完毕
2023-04-21 12:12:54,792-ERROR-logger.py-[ line:62 ] - 日志信息:关闭数据库失败: 'DoMysql' object has no attribute 'cur'
2023-04-21 12:13:32,417-ERROR-logger.py-[ line:62 ] - 日志信息:数据库链接失败: (2003, "Can't connect to MySQL server on '127.0.0.1' ([WinError 10061] 由于目标计算机积极拒绝，无法连接。)")
2023-04-21 12:13:32,419-ERROR-logger.py-[ line:62 ] - 日志信息:测试用例:1 不执行，跳过!!!
2023-04-21 12:13:32,420-ERROR-logger.py-[ line:62 ] - 日志信息:key:{{account}},替换结果为--> 18127813600
2023-04-21 12:13:32,421-ERROR-logger.py-[ line:62 ] - 日志信息:key:{{passwd}},替换结果为--> KQX89QKceHEpywkR6uQCB+3Ul7PiIdsKGSg2vl54MIy5LpMGs1oQxDHlo9/qTStjMCxaSVL9LD6MINwpz0ArarOfsNQPtOTEVBFtgilESMQhmVXa/7kQo9Z9utfqyXRpv+ewITh2S6+SpQWP6LSt265T5Lx1Dt1NaKcAVG7eaO0=
2023-04-21 12:13:32,533-ERROR-logger.py-[ line:62 ] - 日志信息:测试用例:3 不执行，跳过!!!
2023-04-21 12:13:32,535-ERROR-logger.py-[ line:62 ] - 日志信息:key:{{get_timestamp()}},替换结果为--> 1682050412535
2023-04-21 12:13:32,535-ERROR-logger.py-[ line:62 ] - 日志信息:key:{{BSP_TOKEN}},替换结果为--> 46097c811d0ddf0ec276261ea47c59f0
2023-04-21 12:13:32,536-ERROR-logger.py-[ line:62 ] - 日志信息:key:{{BSP_USER_TENANT}},替换结果为--> 216317749963825419
2023-04-21 12:13:32,537-ERROR-logger.py-[ line:62 ] - 日志信息:key:{{random_string()}},替换结果为--> kSNfVlcpCgyXujvoAbIw
2023-04-21 12:13:32,538-ERROR-logger.py-[ line:62 ] - 日志信息:key:{{projectId}},替换结果为--> 104966
2023-04-21 12:13:32,645-ERROR-logger.py-[ line:62 ] - 日志信息:key:{{get_timestamp()}},替换结果为--> 1682050412644
2023-04-21 12:13:32,645-ERROR-logger.py-[ line:62 ] - 日志信息:key:{{projectId}},替换结果为--> 104966
2023-04-21 12:13:32,646-ERROR-logger.py-[ line:62 ] - 日志信息:key:{{BSP_TOKEN}},替换结果为--> 46097c811d0ddf0ec276261ea47c59f0
2023-04-21 12:13:32,646-ERROR-logger.py-[ line:62 ] - 日志信息:key:{{BSP_USER_TENANT}},替换结果为--> 216317749963825419
2023-04-21 12:13:32,648-ERROR-logger.py-[ line:62 ] - 日志信息:key:{{tvSequence}},替换结果为--> ONEzCXNgEJkbvUatktJd
2023-04-21 12:13:32,711-ERROR-logger.py-[ line:62 ] - 日志信息:提取失败：提取表达式：data[0].tvSequence，没有提取到对应的值
2023-04-21 12:13:32,714-ERROR-logger.py-[ line:62 ] - 日志信息:测试用例:None 不执行，跳过!!!
2023-04-21 12:13:32,715-ERROR-logger.py-[ line:62 ] - 日志信息:所有用例执行完毕
2023-04-21 12:13:32,729-ERROR-logger.py-[ line:62 ] - 日志信息:关闭数据库失败
2023-04-21 14:47:43,409-ERROR-logger.py-[ line:62 ] - 日志信息:数据库链接失败: (2003, "Can't connect to MySQL server on '127.0.0.1' ([WinError 10061] 由于目标计算机积极拒绝，无法连接。)")
2023-04-21 14:47:43,412-ERROR-logger.py-[ line:62 ] - 日志信息:测试用例:1 不执行，跳过!!!
2023-04-21 14:47:43,412-ERROR-logger.py-[ line:62 ] - 日志信息:key:{{account}},替换结果为--> 18127813600
2023-04-21 14:47:43,413-ERROR-logger.py-[ line:62 ] - 日志信息:key:{{passwd}},替换结果为--> KQX89QKceHEpywkR6uQCB+3Ul7PiIdsKGSg2vl54MIy5LpMGs1oQxDHlo9/qTStjMCxaSVL9LD6MINwpz0ArarOfsNQPtOTEVBFtgilESMQhmVXa/7kQo9Z9utfqyXRpv+ewITh2S6+SpQWP6LSt265T5Lx1Dt1NaKcAVG7eaO0=
2023-04-21 14:47:43,517-ERROR-logger.py-[ line:62 ] - 日志信息:测试用例:3 不执行，跳过!!!
2023-04-21 14:47:43,519-ERROR-logger.py-[ line:62 ] - 日志信息:key:{{get_timestamp()}},替换结果为--> 1682059663519
2023-04-21 14:47:43,519-ERROR-logger.py-[ line:62 ] - 日志信息:key:{{BSP_TOKEN}},替换结果为--> 82a636f26b93cc45efc6b6cb426c1eb1
2023-04-21 14:47:43,520-ERROR-logger.py-[ line:62 ] - 日志信息:key:{{BSP_USER_TENANT}},替换结果为--> 216317749963825419
2023-04-21 14:47:43,521-ERROR-logger.py-[ line:62 ] - 日志信息:key:{{random_string()}},替换结果为--> CgiPkiUdsOQFqxSwEiUI
2023-04-21 14:47:43,521-ERROR-logger.py-[ line:62 ] - 日志信息:key:{{projectId}},替换结果为--> 104966
2023-04-21 14:47:43,623-ERROR-logger.py-[ line:62 ] - 日志信息:key:{{get_timestamp()}},替换结果为--> 1682059663622
2023-04-21 14:47:43,623-ERROR-logger.py-[ line:62 ] - 日志信息:key:{{projectId}},替换结果为--> 104966
2023-04-21 14:47:43,624-ERROR-logger.py-[ line:62 ] - 日志信息:key:{{BSP_TOKEN}},替换结果为--> 82a636f26b93cc45efc6b6cb426c1eb1
2023-04-21 14:47:43,624-ERROR-logger.py-[ line:62 ] - 日志信息:key:{{BSP_USER_TENANT}},替换结果为--> 216317749963825419
2023-04-21 14:47:43,626-ERROR-logger.py-[ line:62 ] - 日志信息:key:{{tvSequence}},替换结果为--> qCGwFoLIfDrFRkmQCevt
2023-04-21 14:47:43,687-ERROR-logger.py-[ line:62 ] - 日志信息:提取失败：提取表达式：data[0].tvSequence，没有提取到对应的值
2023-04-21 14:47:43,690-ERROR-logger.py-[ line:62 ] - 日志信息:测试用例:None 不执行，跳过!!!
2023-04-21 14:47:43,691-ERROR-logger.py-[ line:62 ] - 日志信息:所有用例执行完毕
2023-04-21 14:47:43,706-ERROR-logger.py-[ line:62 ] - 日志信息:关闭数据库失败
2023-04-21 15:01:06,100-ERROR-logger.py-[ line:62 ] - 日志信息:数据库链接失败: (2003, "Can't connect to MySQL server on '127.0.0.1' ([WinError 10061] 由于目标计算机积极拒绝，无法连接。)")
2023-04-21 15:01:06,103-ERROR-logger.py-[ line:62 ] - 日志信息:测试用例:1 不执行，跳过!!!
2023-04-21 15:01:06,103-ERROR-logger.py-[ line:62 ] - 日志信息:key:{{account}},替换结果为--> 18127813600
2023-04-21 15:01:06,104-ERROR-logger.py-[ line:62 ] - 日志信息:key:{{passwd}},替换结果为--> KQX89QKceHEpywkR6uQCB+3Ul7PiIdsKGSg2vl54MIy5LpMGs1oQxDHlo9/qTStjMCxaSVL9LD6MINwpz0ArarOfsNQPtOTEVBFtgilESMQhmVXa/7kQo9Z9utfqyXRpv+ewITh2S6+SpQWP6LSt265T5Lx1Dt1NaKcAVG7eaO0=
2023-04-21 15:01:06,221-ERROR-logger.py-[ line:62 ] - 日志信息:测试用例:3 不执行，跳过!!!
2023-04-21 15:01:06,222-ERROR-logger.py-[ line:62 ] - 日志信息:key:{{get_timestamp()}},替换结果为--> 1682060466222
2023-04-21 15:01:06,223-ERROR-logger.py-[ line:62 ] - 日志信息:key:{{BSP_TOKEN}},替换结果为--> d634062a844e744379fb05f81a8d68ae
2023-04-21 15:01:06,223-ERROR-logger.py-[ line:62 ] - 日志信息:key:{{BSP_USER_TENANT}},替换结果为--> 216317749963825419
2023-04-21 15:01:06,224-ERROR-logger.py-[ line:62 ] - 日志信息:key:{{random_string()}},替换结果为--> yWgPMzatPtdVToEcMbdt
2023-04-21 15:01:06,225-ERROR-logger.py-[ line:62 ] - 日志信息:key:{{projectId}},替换结果为--> 104966
2023-04-21 15:01:06,317-ERROR-logger.py-[ line:62 ] - 日志信息:key:{{get_timestamp()}},替换结果为--> 1682060466317
2023-04-21 15:01:06,318-ERROR-logger.py-[ line:62 ] - 日志信息:key:{{projectId}},替换结果为--> 104966
2023-04-21 15:01:06,319-ERROR-logger.py-[ line:62 ] - 日志信息:key:{{BSP_TOKEN}},替换结果为--> d634062a844e744379fb05f81a8d68ae
2023-04-21 15:01:06,319-ERROR-logger.py-[ line:62 ] - 日志信息:key:{{BSP_USER_TENANT}},替换结果为--> 216317749963825419
2023-04-21 15:01:06,320-ERROR-logger.py-[ line:62 ] - 日志信息:key:{{tvSequence}},替换结果为--> qbMPKWRzvNJTxTvdZdtF
2023-04-21 15:01:06,373-ERROR-logger.py-[ line:62 ] - 日志信息:提取失败：提取表达式：data[0].tvSequence，没有提取到对应的值
2023-04-21 15:01:06,374-ERROR-logger.py-[ line:62 ] - 日志信息:测试用例:None 不执行，跳过!!!
2023-04-21 15:01:06,375-ERROR-logger.py-[ line:62 ] - 日志信息:所有用例执行完毕
2023-04-21 15:03:53,792-ERROR-logger.py-[ line:62 ] - 日志信息:数据库链接失败: (2003, "Can't connect to MySQL server on '127.0.0.1' ([WinError 10061] 由于目标计算机积极拒绝，无法连接。)")
2023-04-21 15:03:53,797-ERROR-logger.py-[ line:62 ] - 日志信息:测试用例:1 不执行，跳过!!!
2023-04-21 15:03:53,798-ERROR-logger.py-[ line:62 ] - 日志信息:key:{{account}},替换结果为--> 18127813600
2023-04-21 15:03:53,798-ERROR-logger.py-[ line:62 ] - 日志信息:key:{{passwd}},替换结果为--> KQX89QKceHEpywkR6uQCB+3Ul7PiIdsKGSg2vl54MIy5LpMGs1oQxDHlo9/qTStjMCxaSVL9LD6MINwpz0ArarOfsNQPtOTEVBFtgilESMQhmVXa/7kQo9Z9utfqyXRpv+ewITh2S6+SpQWP6LSt265T5Lx1Dt1NaKcAVG7eaO0=
2023-04-21 15:03:53,909-ERROR-logger.py-[ line:62 ] - 日志信息:测试用例:3 不执行，跳过!!!
2023-04-21 15:03:53,910-ERROR-logger.py-[ line:62 ] - 日志信息:key:{{get_timestamp()}},替换结果为--> 1682060633910
2023-04-21 15:03:53,911-ERROR-logger.py-[ line:62 ] - 日志信息:key:{{BSP_TOKEN}},替换结果为--> fe90c523a14d08a3f9de27cb95aaa213
2023-04-21 15:03:53,911-ERROR-logger.py-[ line:62 ] - 日志信息:key:{{BSP_USER_TENANT}},替换结果为--> 216317749963825419
2023-04-21 15:03:53,912-ERROR-logger.py-[ line:62 ] - 日志信息:key:{{random_string()}},替换结果为--> XIVyungrpoAipcowSNkC
2023-04-21 15:03:53,912-ERROR-logger.py-[ line:62 ] - 日志信息:key:{{projectId}},替换结果为--> 104966
2023-04-21 15:03:53,988-ERROR-logger.py-[ line:62 ] - 日志信息:key:{{get_timestamp()}},替换结果为--> 1682060633988
2023-04-21 15:03:53,988-ERROR-logger.py-[ line:62 ] - 日志信息:key:{{projectId}},替换结果为--> 104966
2023-04-21 15:03:53,989-ERROR-logger.py-[ line:62 ] - 日志信息:key:{{BSP_TOKEN}},替换结果为--> fe90c523a14d08a3f9de27cb95aaa213
2023-04-21 15:03:53,989-ERROR-logger.py-[ line:62 ] - 日志信息:key:{{BSP_USER_TENANT}},替换结果为--> 216317749963825419
2023-04-21 15:03:53,991-ERROR-logger.py-[ line:62 ] - 日志信息:key:{{tvSequence}},替换结果为--> uTOVCgGHsIsVFZPJXyDh
2023-04-21 15:03:54,031-ERROR-logger.py-[ line:62 ] - 日志信息:提取失败：提取表达式：data[0].tvSequence，没有提取到对应的值
2023-04-21 15:03:54,034-ERROR-logger.py-[ line:62 ] - 日志信息:测试用例:None 不执行，跳过!!!
2023-04-21 15:03:54,034-ERROR-logger.py-[ line:62 ] - 日志信息:所有用例执行完毕
2023-04-21 15:06:10,366-ERROR-logger.py-[ line:62 ] - 日志信息:数据库链接失败: (2003, "Can't connect to MySQL server on '127.0.0.1' ([WinError 10061] 由于目标计算机积极拒绝，无法连接。)")
2023-04-21 15:06:10,369-ERROR-logger.py-[ line:62 ] - 日志信息:测试用例:1 不执行，跳过!!!
2023-04-21 15:06:10,468-ERROR-logger.py-[ line:62 ] - 日志信息:测试用例:3 不执行，跳过!!!
2023-04-21 15:06:10,599-ERROR-logger.py-[ line:62 ] - 日志信息:提取失败：提取表达式：data[0].tvSequence，没有提取到对应的值
2023-04-21 15:06:10,601-ERROR-logger.py-[ line:62 ] - 日志信息:测试用例:None 不执行，跳过!!!
2023-04-21 15:06:10,602-ERROR-logger.py-[ line:62 ] - 日志信息:所有用例执行完毕
