2023-06-19 15:17:11 | INFO | -----------分割线-----------
2023-06-19 15:17:11 | INFO | | called clear_date | args: (<common.file_handling.do_excel.DoExcel object at 0x000001C1E3E812E0>,) kwargs:{}
2023-06-19 15:17:11 | INFO | -----------分割线-----------
2023-06-19 15:17:11 | INFO | | called get_excel_init | args: (<common.file_handling.do_excel.DoExcel object at 0x000001C1E3E812E0>,) kwargs:{}
2023-06-19 15:17:11 | INFO | | end called get_excel_init | return：{'id': 1, 'environment': 'TEST', 'host': 'https://bimdc.bzlrobot.com', 'path': '/bsp/test/user/ugs', 'databases': '{\n "host": "127.0.0.1",\n "port": 3306,\n "database": "mysql",\n "user":"root",\n "password":"root@3306"\n}', 'sheets': '["安全纯净大屏"]', 'initialize_data': '{\n"{{account}}":"18127813600",\n     "{{passwd}}": "WD6Y0+LJLHXuFaplzUtSCnwktA7KgXCpjCS+OVvIFGTEoz2gbqK2oOOuJUf7ao0m2YYGiGi1pQTMBnkrxIY1cztGYbVp97kvIQwZLN4UhrOAe3h1asY/NLnDwB/byl7agcGv9WI4oy6B1Z93HVHmQiAKn7QqnDgPVITu4jthNc8=",\n"{{projectId}}":"104966",\n"{{tenant}}":"216317749963825419"\n}', 'run': 'YES'}, duration：0.000029s
2023-06-19 15:17:11 | ERROR | | called clear_date | error: 快看，异常了，别唧唧哇哇，块排查: [Errno 13] Permission denied: 'D:\\apk_api\\api-test-project\\cases\\cases\\test_cases.xlsx'
2023-06-19 15:17:11 | INFO | -----------分割线-----------
2023-06-19 15:17:11 | INFO | -----------分割线-----------
2023-06-19 15:17:11 | INFO | | called get_excel_init | args: (<common.file_handling.do_excel.DoExcel object at 0x000001C1E3E812E0>,) kwargs:{}
2023-06-19 15:17:11 | INFO | | end called get_excel_init | return：{'id': 1, 'environment': 'TEST', 'host': 'https://bimdc.bzlrobot.com', 'path': '/bsp/test/user/ugs', 'databases': '{\n "host": "127.0.0.1",\n "port": 3306,\n "database": "mysql",\n "user":"root",\n "password":"root@3306"\n}', 'sheets': '["安全纯净大屏"]', 'initialize_data': '{\n"{{account}}":"18127813600",\n     "{{passwd}}": "WD6Y0+LJLHXuFaplzUtSCnwktA7KgXCpjCS+OVvIFGTEoz2gbqK2oOOuJUf7ao0m2YYGiGi1pQTMBnkrxIY1cztGYbVp97kvIQwZLN4UhrOAe3h1asY/NLnDwB/byl7agcGv9WI4oy6B1Z93HVHmQiAKn7QqnDgPVITu4jthNc8=",\n"{{projectId}}":"104966",\n"{{tenant}}":"216317749963825419"\n}', 'run': 'YES'}, duration：0.000026s
2023-06-19 15:17:11 | INFO | -----------分割线-----------
2023-06-19 15:17:11 | INFO | | called load_built_in_comparators | args: () kwargs:{}
2023-06-19 15:17:11 | INFO | | end called load_built_in_comparators | return：{'eq': <function eq at 0x000001C1E52765E0>, 'lt': <function lt at 0x000001C1E52764C0>, 'lte': <function lte at 0x000001C1E5276670>, 'gt': <function gt at 0x000001C1E5276700>, 'gte': <function gte at 0x000001C1E5276790>, 'neq': <function neq at 0x000001C1E5276820>, 'str_eq': <function str_eq at 0x000001C1E52768B0>, 'length_eq': <function length_eq at 0x000001C1E5276940>, 'length_gt': <function length_gt at 0x000001C1E52769D0>, 'length_gte': <function length_gte at 0x000001C1E5276A60>, 'length_lt': <function length_lt at 0x000001C1E5276AF0>, 'length_lte': <function length_lte at 0x000001C1E5276B80>, 'contains': <function contains at 0x000001C1E5276C10>, 'contained_by': <function contained_by at 0x000001C1E5276CA0>, 'type_match': <function type_match at 0x000001C1E5276D30>, 'regex_match': <function regex_match at 0x000001C1E5276DC0>, 'regex_search': <function regex_search at 0x000001C1E5276E50>, 'startswith': <function startswith at 0x000001C1E5276EE0>, 'endswith': <function endswith at 0x000001C1E5276F70>}, duration：0.000010s
2023-06-19 15:17:11 | INFO | -----------分割线-----------
2023-06-19 15:17:11 | INFO | | called get_excel_init | args: (<common.file_handling.do_excel.DoExcel object at 0x000001C1E3E812E0>,) kwargs:{}
2023-06-19 15:17:11 | INFO | | end called get_excel_init | return：{'id': 1, 'environment': 'TEST', 'host': 'https://bimdc.bzlrobot.com', 'path': '/bsp/test/user/ugs', 'databases': '{\n "host": "127.0.0.1",\n "port": 3306,\n "database": "mysql",\n "user":"root",\n "password":"root@3306"\n}', 'sheets': '["安全纯净大屏"]', 'initialize_data': '{\n"{{account}}":"18127813600",\n     "{{passwd}}": "WD6Y0+LJLHXuFaplzUtSCnwktA7KgXCpjCS+OVvIFGTEoz2gbqK2oOOuJUf7ao0m2YYGiGi1pQTMBnkrxIY1cztGYbVp97kvIQwZLN4UhrOAe3h1asY/NLnDwB/byl7agcGv9WI4oy6B1Z93HVHmQiAKn7QqnDgPVITu4jthNc8=",\n"{{projectId}}":"104966",\n"{{tenant}}":"216317749963825419"\n}', 'run': 'YES'}, duration：0.000031s
2023-06-19 15:17:11 | INFO | -----------分割线-----------
2023-06-19 15:17:11 | INFO | | called set_bif_fun | args: (<module 'common.bif_functions' from 'D:\\apk_api\\api-test-project\\common\\bif_functions\\__init__.py'>,) kwargs:{}
2023-06-19 15:17:11 | INFO | -----------分割线-----------
2023-06-19 15:17:11 | INFO | | called load_built_in_functions | args: (<module 'common.bif_functions' from 'D:\\apk_api\\api-test-project\\common\\bif_functions\\__init__.py'>,) kwargs:{}
2023-06-19 15:17:11 | INFO | | end called load_built_in_functions | return：{'MyLogger': <function MyLogger at 0x000001C1E3F38040>, 'get_current_date': <function get_current_date at 0x000001C1E4861B80>, 'get_current_time': <function get_current_time at 0x000001C1E4861CA0>, 'get_delta_time': <function get_delta_time at 0x000001C1E4861DC0>, 'md5_encryption': <function md5_encryption at 0x000001C1E4861EE0>, 'json_dumps': <function json_dumps at 0x000001C1E4872280>, 'json_loads': <function json_loads at 0x000001C1E48723A0>, 'list_slice': <function list_slice at 0x000001C1E4872550>, 'sublist': <function sublist at 0x000001C1E4872670>, 'random_choice': <function random_choice at 0x000001C1E4872820>, 'gen_random_num': <function gen_random_num at 0x000001C1E4872940>, 'gen_random_str': <function gen_random_str at 0x000001C1E4872A60>, 'regex_extract': <function regex_extract at 0x000001C1E4872CA0>, 'substr': <function substr at 0x000001C1E4872EE0>, 'str_join': <function str_join at 0x000001C1E4879040>, 'get_timestamp': <function get_timestamp at 0x000001C1E48791F0>, 'ms_fmt_hms': <function ms_fmt_hms at 0x000001C1E4879310>, 'random_phone': <function random_phone at 0x000001C1E4E495E0>, 'random_gps': <function random_gps at 0x000001C1E48794C0>, 'random_string': <function random_string at 0x000001C1E4E491F0>, 'random_ssn': <function random_ssn at 0x000001C1E4E49550>, 'random_email': <function random_email at 0x000001C1E4E49820>, 'random_id_card': <function random_id_card at 0x000001C1E4E49670>, 'random_int': <function random_int at 0x000001C1E4E49940>, 'random_male_name': <function random_male_name at 0x000001C1E4E49790>, 'random_female_name': <function random_female_name at 0x000001C1E4E49700>, 'random_current_time': <function random_current_time at 0x000001C1E4E498B0>}, duration：0.000011s
2023-06-19 15:17:11 | INFO | | end called set_bif_fun | return：None, duration：0.001274s
2023-06-19 15:17:12 | INFO | -----------分割线-----------
2023-06-19 15:17:12 | INFO | | called replace_dependent_parameter | args: (<common.data_extraction.dependent_parameter.DependentParameter object at 0x000001C1FC8E0790>, None) kwargs:{}
2023-06-19 15:17:12 | INFO | | end called replace_dependent_parameter | return：None, duration：0.000002s
2023-06-19 15:17:12 | INFO | -----------分割线-----------
2023-06-19 15:17:12 | INFO | | called load_and_execute_script | args: ('D:\\apk_api\\api-test-project\\scripts', 'prepost_script_安全纯净大屏_2.py', 'setup', {'Run': 'YES', 'Time': 1, 'Url': '/auth/loginByNotBip', 'Headers': '{"Content-Type": "application/json"}', 'Params': None, 'Request Data': '{"account": "{{account}}", "password": "{{passwd}}"}', 'Expected': None, 'Response': '', 'Assertion': '', 'Error Log': '', None: None}) kwargs:{}
2023-06-19 15:17:12 | INFO | | end called load_and_execute_script | return：{'Run': 'YES', 'Time': 1, 'Url': '/auth/loginByNotBip', 'Headers': '{"Content-Type": "application/json"}', 'Params': None, 'Request Data': '{"account": "{{account}}", "password": "{{passwd}}"}', 'Expected': None, 'Response': '', 'Assertion': '', 'Error Log': '', None: None}, duration：0.002210s
2023-06-19 15:17:12 | INFO | -----------分割线-----------
2023-06-19 15:17:12 | INFO | | called replace_dependent_parameter | args: (<common.data_extraction.dependent_parameter.DependentParameter object at 0x000001C1FC8E0790>, {'Run': 'YES', 'Time': 1, 'Url': '/auth/loginByNotBip', 'Headers': '{"Content-Type": "application/json"}', 'Params': None, 'Request Data': '{"account": "{{account}}", "password": "{{passwd}}"}', 'Expected': None, 'Response': '', 'Assertion': '', 'Error Log': '', None: None}) kwargs:{}
2023-06-19 15:17:12 | INFO | | end called replace_dependent_parameter | return：{'Run': 'YES', 'Time': 1, 'Url': '/auth/loginByNotBip', 'Headers': '{"Content-Type": "application/json"}', 'Params': None, 'Request Data': '{"account": "18127813600", "password": "WD6Y0+LJLHXuFaplzUtSCnwktA7KgXCpjCS+OVvIFGTEoz2gbqK2oOOuJUf7ao0m2YYGiGi1pQTMBnkrxIY1cztGYbVp97kvIQwZLN4UhrOAe3h1asY/NLnDwB/byl7agcGv9WI4oy6B1Z93HVHmQiAKn7QqnDgPVITu4jthNc8="}', 'Expected': None, 'Response': '', 'Assertion': '', 'Error Log': '', 'null': None}, duration：0.000049s
2023-06-19 15:17:12 | INFO | -----------分割线-----------
2023-06-19 15:17:12 | INFO | | called substitute_data | args: (<common.data_extraction.data_extractor.DataExtractor object at 0x000001C1E5282400>,) kwargs:{'jp_dict': None}
2023-06-19 15:17:12 | INFO | | end called substitute_data | return：None, duration：0.000010s
2023-06-19 15:17:12 | INFO | -----------分割线-----------
2023-06-19 15:17:12 | INFO | | called encrypt_data | args: (None, '{"Content-Type": "application/json"}', None, '{"account": "18127813600", "password": "WD6Y0+LJLHXuFaplzUtSCnwktA7KgXCpjCS+OVvIFGTEoz2gbqK2oOOuJUf7ao0m2YYGiGi1pQTMBnkrxIY1cztGYbVp97kvIQwZLN4UhrOAe3h1asY/NLnDwB/byl7agcGv9WI4oy6B1Z93HVHmQiAKn7QqnDgPVITu4jthNc8="}') kwargs:{}
2023-06-19 15:17:12 | INFO | | end called encrypt_data | return：('{"Content-Type": "application/json"}', '{"account": "18127813600", "password": "WD6Y0+LJLHXuFaplzUtSCnwktA7KgXCpjCS+OVvIFGTEoz2gbqK2oOOuJUf7ao0m2YYGiGi1pQTMBnkrxIY1cztGYbVp97kvIQwZLN4UhrOAe3h1asY/NLnDwB/byl7agcGv9WI4oy6B1Z93HVHmQiAKn7QqnDgPVITu4jthNc8="}'), duration：0.000003s
2023-06-19 15:17:13 | INFO | -----------分割线-----------
2023-06-19 15:17:13 | INFO | | called load_and_execute_script | args: ('D:\\apk_api\\api-test-project\\scripts', 'prepost_script_安全纯净大屏_2.py', 'teardown', <Response [200]>) kwargs:{}
2023-06-19 15:17:13 | INFO | | end called load_and_execute_script | return：<Response [200]>, duration：0.000686s
2023-06-19 15:17:13 | INFO | -----------分割线-----------
2023-06-19 15:17:13 | INFO | | called substitute_data | args: (<common.data_extraction.data_extractor.DataExtractor object at 0x000001C1FC973190>,) kwargs:{'regex': None, 'keys': None, 'deps': None, 'jp_dict': '{"BSP_TOKEN": "$.data.bspToken", "BSP_USER_TENANT": "$.data.currentTenantId"}'}
2023-06-19 15:17:13 | INFO | | end called substitute_data | return：None, duration：0.029379s
2023-06-19 15:17:13 | INFO | -----------分割线-----------
2023-06-19 15:17:13 | INFO | | called write_back | args: (<common.file_handling.do_excel.DoExcel object at 0x000001C1E3E812E0>,) kwargs:{'sheet_name': '安全纯净大屏', 'i': 2, 'response_value': '{"code":"0","type":"success","data":{"id":"216871590331335480","userId":"216483504447804297","ibsUserId":7884,"mobile":"18127813600","bspToken":"438c34513a81279e578756d89f34b18f","type":"user","avatar":null,"ncAccount":null,"timestamp":1687159033,"idpTokenId":null,"loginChannel":null,"clientType":null,"name":"陈勇志","btpToken":null,"account":"18127813600","accountType":"C","currentEnvId":null,"currentTenantId":"216260762345772077","currentAppId":"8d1f5bdc9c6648af84a98e2c017846c5","currentProjectId":"103654","currentOrgId":null,"currentMenuId":null,"currentOrgMenuId":null,"currentSelectedTab":"org","currentUrl":"/ibs/material/materialsReturned","tenants":[{"id":"1623811301356297657","code":"1623811301356297657","fullName":"广东博嘉拓建筑测试租户","shortName":"广东博嘉拓建筑测试租户","envId":"6296f5e3960c4fdfb9c9357b581c853b","envName":"默认环境","tenantEnvs":null},{"id":"216572673247394736","code":"9C8D5715AAA44D4B8530AB2B7F627E1A","fullName":"安徽腾越建筑工程有限公司","shortName":"安徽腾越建筑工程有限公司","envId":"d1b4f959495f433fb1dd5400a78bce2c","envName":"默认环境","tenantEnvs":null},{"id":"216317749963825419","code":"C2C35D2543B34CA99366D9C76E45D01B","fullName":"沈阳腾越建筑测试租户","shortName":"沈阳腾越建筑测试租户","envId":"c4a70c0a1f5c4aaa83fcd390dcd898c6","envName":"默认环境","tenantEnvs":null},{"id":"216260762345772077","code":"216260762345772077","fullName":"广东腾越建筑工程有限公司","shortName":"广东腾越建筑工程有限公司","envId":"210712034943271000","envName":"默认环境","tenantEnvs":null},{"id":"216328986981406025","code":"TENANT_TEST","fullName":"智慧工地测试租户9","shortName":"智慧工地测试租户9","envId":"e7682a3876a343b483645b0c20da93a3","envName":"默认环境","tenantEnvs":null},{"id":"216365124588606373","code":"TENANT_TEST","fullName":"计划排程自动化测试","shortName":"计划排程自动化测试","envId":"80ce8eb5a7c941f8a6f57b8ecb61ec17","envName":"默认环境","tenantEnvs":null},{"id":"216674624791091228","code":"232E9186B1BE494E966F27BA7CF33AE2","fullName":"cyq测试","shortName":"cyq测试","envId":"ef3f8ed4792f4ef0a5e7d92af394d29c","envName":"默认环境","tenantEnvs":null},{"id":"216687529947792866","code":"9769454E01304245AEE83CE7E99537A8","fullName":"成本总控报表测试租户","shortName":"成本总控报表测试租户","envId":"5125917072884123bf9fe3966ffa4af2","envName":"默认环境","tenantEnvs":null},{"id":"216661417159402453","code":"216661417159402453","fullName":"科技建筑集团","shortName":"科技建筑集团","envId":"b23d88da977e467cb81dd7fb57de97d0","envName":"默认环境","tenantEnvs":null},{"id":"216281557054332425","code":"216281557054332425","fullName":"BIM材料用量计算","shortName":"BIM材料用量计算","envId":"7501c77b0ccd4b4d912451e5f74c1ba7","envName":"默认环境","tenantEnvs":null},{"id":"1320970534539886592","code":"1320970534539886592","fullName":"碧桂园集团","shortName":"碧桂园集团","envId":"1320970534539886592","envName":"默认环境","tenantEnvs":null}],"loginAppDto":null},"msg":null,"succeed":true}', 'test_result': 'PASS', 'assert_log': ''}
2023-06-19 15:17:13 | ERROR | | called write_back | error: 快看，异常了，别唧唧哇哇，块排查: [Errno 13] Permission denied: 'D:\\apk_api\\api-test-project\\cases\\cases\\test_cases.xlsx'
2023-06-19 15:17:13 | INFO | -----------分割线-----------
2023-06-19 15:17:15 | INFO | -----------分割线-----------
2023-06-19 15:17:15 | INFO | | called replace_dependent_parameter | args: (<common.data_extraction.dependent_parameter.DependentParameter object at 0x000001C1FC8E0790>, None) kwargs:{}
2023-06-19 15:17:15 | INFO | | end called replace_dependent_parameter | return：None, duration：0.000001s
2023-06-19 15:17:15 | INFO | -----------分割线-----------
2023-06-19 15:17:15 | INFO | | called load_and_execute_script | args: ('D:\\apk_api\\api-test-project\\scripts', 'prepost_script_安全纯净大屏_4.py', 'setup', {'Run': 'YES', 'Time': 2, 'Url': '/ibs/api/ibs-lms-base/tvConfig/addTvSequence?t={{get_timestamp()}}', 'Headers': '{"Content-Type":"application/json;charset=utf-8","BSP_TOKEN":"{{BSP_TOKEN}}","BSP_USER_TENANT":"{{BSP_USER_TENANT}}"}', 'Params': None, 'Request Data': '{"projectId":"{{projectId}}","tvSequence":"{{random_string()}}"}', 'Expected': None, 'Response': '', 'Assertion': '', 'Error Log': '', None: None}) kwargs:{}
2023-06-19 15:17:15 | INFO | | end called load_and_execute_script | return：{'Run': 'YES', 'Time': 2, 'Url': '/ibs/api/ibs-lms-base/tvConfig/addTvSequence?t={{get_timestamp()}}', 'Headers': '{"Content-Type":"application/json;charset=utf-8","BSP_TOKEN":"{{BSP_TOKEN}}","BSP_USER_TENANT":"{{BSP_USER_TENANT}}"}', 'Params': None, 'Request Data': '{"projectId":"{{projectId}}","tvSequence":"{{random_string()}}"}', 'Expected': None, 'Response': '', 'Assertion': '', 'Error Log': '', None: None}, duration：0.000446s
2023-06-19 15:17:15 | INFO | -----------分割线-----------
2023-06-19 15:17:15 | INFO | | called replace_dependent_parameter | args: (<common.data_extraction.dependent_parameter.DependentParameter object at 0x000001C1FC8E0790>, {'Run': 'YES', 'Time': 2, 'Url': '/ibs/api/ibs-lms-base/tvConfig/addTvSequence?t={{get_timestamp()}}', 'Headers': '{"Content-Type":"application/json;charset=utf-8","BSP_TOKEN":"{{BSP_TOKEN}}","BSP_USER_TENANT":"{{BSP_USER_TENANT}}"}', 'Params': None, 'Request Data': '{"projectId":"{{projectId}}","tvSequence":"{{random_string()}}"}', 'Expected': None, 'Response': '', 'Assertion': '', 'Error Log': '', None: None}) kwargs:{}
2023-06-19 15:17:15 | INFO | -----------分割线-----------
2023-06-19 15:17:15 | INFO | | called get_timestamp | args: () kwargs:{}
2023-06-19 15:17:15 | INFO | | end called get_timestamp | return：1687159035059, duration：0.000003s
2023-06-19 15:17:15 | INFO | | end called replace_dependent_parameter | return：{'Run': 'YES', 'Time': 2, 'Url': '/ibs/api/ibs-lms-base/tvConfig/addTvSequence?t=1687159035059', 'Headers': '{"Content-Type":"application/json;charset=utf-8","BSP_TOKEN":"438c34513a81279e578756d89f34b18f","BSP_USER_TENANT":"216260762345772077"}', 'Params': None, 'Request Data': '{"projectId":"104966","tvSequence":"qGhFVDrgHSZIFxGCAcKH"}', 'Expected': None, 'Response': '', 'Assertion': '', 'Error Log': '', 'null': None}, duration：0.001300s
2023-06-19 15:17:15 | INFO | -----------分割线-----------
2023-06-19 15:17:15 | INFO | | called substitute_data | args: (<common.data_extraction.data_extractor.DataExtractor object at 0x000001C1FC92C940>,) kwargs:{'jp_dict': None}
2023-06-19 15:17:15 | INFO | | end called substitute_data | return：None, duration：0.000010s
2023-06-19 15:17:15 | INFO | -----------分割线-----------
2023-06-19 15:17:15 | INFO | | called encrypt_data | args: (None, '{"Content-Type":"application/json;charset=utf-8","BSP_TOKEN":"438c34513a81279e578756d89f34b18f","BSP_USER_TENANT":"216260762345772077"}', None, '{"projectId":"104966","tvSequence":"qGhFVDrgHSZIFxGCAcKH"}') kwargs:{}
2023-06-19 15:17:15 | INFO | | end called encrypt_data | return：('{"Content-Type":"application/json;charset=utf-8","BSP_TOKEN":"438c34513a81279e578756d89f34b18f","BSP_USER_TENANT":"216260762345772077"}', '{"projectId":"104966","tvSequence":"qGhFVDrgHSZIFxGCAcKH"}'), duration：0.000003s
2023-06-19 15:17:15 | INFO | -----------分割线-----------
2023-06-19 15:17:15 | INFO | | called load_and_execute_script | args: ('D:\\apk_api\\api-test-project\\scripts', 'prepost_script_安全纯净大屏_4.py', 'teardown', <Response [200]>) kwargs:{}
2023-06-19 15:17:15 | INFO | | end called load_and_execute_script | return：<Response [200]>, duration：0.000442s
2023-06-19 15:17:15 | INFO | -----------分割线-----------
2023-06-19 15:17:15 | INFO | | called substitute_data | args: (<common.data_extraction.data_extractor.DataExtractor object at 0x000001C1FC973370>,) kwargs:{'regex': None, 'keys': None, 'deps': None, 'jp_dict': '{"tvSequence": "$..tvSequence"}'}
2023-06-19 15:17:15 | INFO | | end called substitute_data | return：None, duration：0.005484s
2023-06-19 15:17:15 | INFO | -----------分割线-----------
2023-06-19 15:17:15 | INFO | | called write_back | args: (<common.file_handling.do_excel.DoExcel object at 0x000001C1E3E812E0>,) kwargs:{'sheet_name': '安全纯净大屏', 'i': 4, 'response_value': '{"code":200,"success":true,"data":null,"msg":"添加成功"}', 'test_result': 'PASS', 'assert_log': ''}
2023-06-19 15:17:15 | ERROR | | called write_back | error: 快看，异常了，别唧唧哇哇，块排查: [Errno 13] Permission denied: 'D:\\apk_api\\api-test-project\\cases\\cases\\test_cases.xlsx'
2023-06-19 15:17:15 | INFO | -----------分割线-----------
2023-06-19 15:17:18 | INFO | -----------分割线-----------
2023-06-19 15:17:18 | INFO | | called replace_dependent_parameter | args: (<common.data_extraction.dependent_parameter.DependentParameter object at 0x000001C1FC8E0790>, None) kwargs:{}
2023-06-19 15:17:18 | INFO | | end called replace_dependent_parameter | return：None, duration：0.000001s
2023-06-19 15:17:18 | INFO | -----------分割线-----------
2023-06-19 15:17:18 | INFO | | called load_and_execute_script | args: ('D:\\apk_api\\api-test-project\\scripts', 'prepost_script_安全纯净大屏_5.py', 'setup', {'Run': 'YES', 'Time': 3, 'Url': '/ibs/api/ibs-lms-base/tvConfig/getTvInfo?t={{get_timestamp()}}&projectId={{projectId}}', 'Headers': '{"Content-Type":"application/json;charset=utf-8","BSP_TOKEN":"{{BSP_TOKEN}}","BSP_USER_TENANT":"{{BSP_USER_TENANT}}"}', 'Params': None, 'Request Data': None, 'Expected': None, 'Response': '', 'Assertion': '', 'Error Log': '', None: None}) kwargs:{}
2023-06-19 15:17:18 | INFO | | end called load_and_execute_script | return：{'Run': 'YES', 'Time': 3, 'Url': '/ibs/api/ibs-lms-base/tvConfig/getTvInfo?t={{get_timestamp()}}&projectId={{projectId}}', 'Headers': '{"Content-Type":"application/json;charset=utf-8","BSP_TOKEN":"{{BSP_TOKEN}}","BSP_USER_TENANT":"{{BSP_USER_TENANT}}"}', 'Params': None, 'Request Data': None, 'Expected': None, 'Response': '', 'Assertion': '', 'Error Log': '', None: None}, duration：0.000343s
2023-06-19 15:17:18 | INFO | -----------分割线-----------
2023-06-19 15:17:18 | INFO | | called replace_dependent_parameter | args: (<common.data_extraction.dependent_parameter.DependentParameter object at 0x000001C1FC8E0790>, {'Run': 'YES', 'Time': 3, 'Url': '/ibs/api/ibs-lms-base/tvConfig/getTvInfo?t={{get_timestamp()}}&projectId={{projectId}}', 'Headers': '{"Content-Type":"application/json;charset=utf-8","BSP_TOKEN":"{{BSP_TOKEN}}","BSP_USER_TENANT":"{{BSP_USER_TENANT}}"}', 'Params': None, 'Request Data': None, 'Expected': None, 'Response': '', 'Assertion': '', 'Error Log': '', None: None}) kwargs:{}
2023-06-19 15:17:18 | INFO | -----------分割线-----------
2023-06-19 15:17:18 | INFO | | called get_timestamp | args: () kwargs:{}
2023-06-19 15:17:18 | INFO | | end called get_timestamp | return：1687159038152, duration：0.000004s
2023-06-19 15:17:18 | INFO | | end called replace_dependent_parameter | return：{'Run': 'YES', 'Time': 3, 'Url': '/ibs/api/ibs-lms-base/tvConfig/getTvInfo?t=1687159038152&projectId=104966', 'Headers': '{"Content-Type":"application/json;charset=utf-8","BSP_TOKEN":"438c34513a81279e578756d89f34b18f","BSP_USER_TENANT":"216260762345772077"}', 'Params': None, 'Request Data': None, 'Expected': None, 'Response': '', 'Assertion': '', 'Error Log': '', 'null': None}, duration：0.001839s
2023-06-19 15:17:18 | INFO | -----------分割线-----------
2023-06-19 15:17:18 | INFO | | called substitute_data | args: (<common.data_extraction.data_extractor.DataExtractor object at 0x000001C1FC86B8B0>,) kwargs:{'jp_dict': None}
2023-06-19 15:17:18 | ERROR | 被提取对象非字典、非字符串、非列表，不执行jsonpath提取，被提取对象: None
2023-06-19 15:17:18 | INFO | | end called substitute_data | return：{}, duration：0.000424s
2023-06-19 15:17:18 | INFO | -----------分割线-----------
2023-06-19 15:17:18 | INFO | | called encrypt_data | args: (None, '{"Content-Type":"application/json;charset=utf-8","BSP_TOKEN":"438c34513a81279e578756d89f34b18f","BSP_USER_TENANT":"216260762345772077"}', None, None) kwargs:{}
2023-06-19 15:17:18 | INFO | | end called encrypt_data | return：('{"Content-Type":"application/json;charset=utf-8","BSP_TOKEN":"438c34513a81279e578756d89f34b18f","BSP_USER_TENANT":"216260762345772077"}', None), duration：0.000003s
2023-06-19 15:17:18 | INFO | -----------分割线-----------
2023-06-19 15:17:18 | INFO | | called load_and_execute_script | args: ('D:\\apk_api\\api-test-project\\scripts', 'prepost_script_安全纯净大屏_5.py', 'teardown', <Response [200]>) kwargs:{}
2023-06-19 15:17:18 | INFO | | end called load_and_execute_script | return：<Response [200]>, duration：0.000454s
2023-06-19 15:17:18 | INFO | -----------分割线-----------
2023-06-19 15:17:18 | INFO | | called substitute_data | args: (<common.data_extraction.data_extractor.DataExtractor object at 0x000001C1FC86B8B0>,) kwargs:{'regex': None, 'keys': None, 'deps': None, 'jp_dict': None}
2023-06-19 15:17:18 | INFO | | end called substitute_data | return：None, duration：0.000003s
2023-06-19 15:17:18 | INFO | -----------分割线-----------
2023-06-19 15:17:18 | INFO | | called write_back | args: (<common.file_handling.do_excel.DoExcel object at 0x000001C1E3E812E0>,) kwargs:{'sheet_name': '安全纯净大屏', 'i': 5, 'response_value': '{"code":200,"success":true,"data":{"id":"1637650408413749249","projectId":"104966","shortInfo":"博智林提醒您：一切不能保证安全、质量的施工都要停工！进入工地，请佩戴安全帽，穿着反光衣，文明作业！","qrCode":"https://ibs-test.bzlrobot.com/api/ibs-file/document/get/MjAyMS0xMC0xOCxQSE9UT18yMDIxMTAxOF8wOTMxMDExMDIuanBnLDA0ZGQxOWU5YzA3MjQ0YjE5OTIwNzZjOTUxNzY4YzQ1","manageDeparts":[]},"msg":"操作成功"}', 'test_result': 'PASS', 'assert_log': ''}
2023-06-19 15:17:18 | ERROR | | called write_back | error: 快看，异常了，别唧唧哇哇，块排查: [Errno 13] Permission denied: 'D:\\apk_api\\api-test-project\\cases\\cases\\test_cases.xlsx'
2023-06-19 15:17:18 | INFO | -----------分割线-----------
2023-06-19 15:17:18 | INFO | 所有用例执行完毕
2023-06-19 15:17:57 | INFO | -----------分割线-----------
2023-06-19 15:17:57 | INFO | | called clear_date | args: (<common.file_handling.do_excel.DoExcel object at 0x0000024F0C0B12E0>,) kwargs:{}
2023-06-19 15:17:57 | INFO | -----------分割线-----------
2023-06-19 15:17:57 | INFO | | called get_excel_init | args: (<common.file_handling.do_excel.DoExcel object at 0x0000024F0C0B12E0>,) kwargs:{}
2023-06-19 15:17:57 | INFO | | end called get_excel_init | return：{'id': 1, 'environment': 'TEST', 'host': 'https://bimdc.bzlrobot.com', 'path': '/bsp/test/user/ugs', 'databases': '{\n "host": "127.0.0.1",\n "port": 3306,\n "database": "mysql",\n "user":"root",\n "password":"root@3306"\n}', 'sheets': '["安全纯净大屏"]', 'initialize_data': '{\n"{{account}}":"18127813600",\n     "{{passwd}}": "WD6Y0+LJLHXuFaplzUtSCnwktA7KgXCpjCS+OVvIFGTEoz2gbqK2oOOuJUf7ao0m2YYGiGi1pQTMBnkrxIY1cztGYbVp97kvIQwZLN4UhrOAe3h1asY/NLnDwB/byl7agcGv9WI4oy6B1Z93HVHmQiAKn7QqnDgPVITu4jthNc8=",\n"{{projectId}}":"104966",\n"{{tenant}}":"216317749963825419"\n}', 'run': 'YES'}, duration：0.000023s
2023-06-19 15:17:57 | ERROR | | called clear_date | error: 快看，异常了，别唧唧哇哇，块排查: [Errno 13] Permission denied: 'D:\\apk_api\\api-test-project\\cases\\cases\\test_cases.xlsx'
2023-06-19 15:17:57 | INFO | -----------分割线-----------
2023-06-19 15:17:57 | INFO | -----------分割线-----------
2023-06-19 15:17:57 | INFO | | called get_excel_init | args: (<common.file_handling.do_excel.DoExcel object at 0x0000024F0C0B12E0>,) kwargs:{}
2023-06-19 15:17:57 | INFO | | end called get_excel_init | return：{'id': 1, 'environment': 'TEST', 'host': 'https://bimdc.bzlrobot.com', 'path': '/bsp/test/user/ugs', 'databases': '{\n "host": "127.0.0.1",\n "port": 3306,\n "database": "mysql",\n "user":"root",\n "password":"root@3306"\n}', 'sheets': '["安全纯净大屏"]', 'initialize_data': '{\n"{{account}}":"18127813600",\n     "{{passwd}}": "WD6Y0+LJLHXuFaplzUtSCnwktA7KgXCpjCS+OVvIFGTEoz2gbqK2oOOuJUf7ao0m2YYGiGi1pQTMBnkrxIY1cztGYbVp97kvIQwZLN4UhrOAe3h1asY/NLnDwB/byl7agcGv9WI4oy6B1Z93HVHmQiAKn7QqnDgPVITu4jthNc8=",\n"{{projectId}}":"104966",\n"{{tenant}}":"216317749963825419"\n}', 'run': 'YES'}, duration：0.000023s
2023-06-19 15:17:57 | INFO | -----------分割线-----------
2023-06-19 15:17:57 | INFO | | called load_built_in_comparators | args: () kwargs:{}
2023-06-19 15:17:57 | INFO | | end called load_built_in_comparators | return：{'eq': <function eq at 0x0000024F0D4A65E0>, 'lt': <function lt at 0x0000024F0D4A64C0>, 'lte': <function lte at 0x0000024F0D4A6670>, 'gt': <function gt at 0x0000024F0D4A6700>, 'gte': <function gte at 0x0000024F0D4A6790>, 'neq': <function neq at 0x0000024F0D4A6820>, 'str_eq': <function str_eq at 0x0000024F0D4A68B0>, 'length_eq': <function length_eq at 0x0000024F0D4A6940>, 'length_gt': <function length_gt at 0x0000024F0D4A69D0>, 'length_gte': <function length_gte at 0x0000024F0D4A6A60>, 'length_lt': <function length_lt at 0x0000024F0D4A6AF0>, 'length_lte': <function length_lte at 0x0000024F0D4A6B80>, 'contains': <function contains at 0x0000024F0D4A6C10>, 'contained_by': <function contained_by at 0x0000024F0D4A6CA0>, 'type_match': <function type_match at 0x0000024F0D4A6D30>, 'regex_match': <function regex_match at 0x0000024F0D4A6DC0>, 'regex_search': <function regex_search at 0x0000024F0D4A6E50>, 'startswith': <function startswith at 0x0000024F0D4A6EE0>, 'endswith': <function endswith at 0x0000024F0D4A6F70>}, duration：0.000009s
2023-06-19 15:17:57 | INFO | -----------分割线-----------
2023-06-19 15:17:57 | INFO | | called get_excel_init | args: (<common.file_handling.do_excel.DoExcel object at 0x0000024F0C0B12E0>,) kwargs:{}
2023-06-19 15:17:57 | INFO | | end called get_excel_init | return：{'id': 1, 'environment': 'TEST', 'host': 'https://bimdc.bzlrobot.com', 'path': '/bsp/test/user/ugs', 'databases': '{\n "host": "127.0.0.1",\n "port": 3306,\n "database": "mysql",\n "user":"root",\n "password":"root@3306"\n}', 'sheets': '["安全纯净大屏"]', 'initialize_data': '{\n"{{account}}":"18127813600",\n     "{{passwd}}": "WD6Y0+LJLHXuFaplzUtSCnwktA7KgXCpjCS+OVvIFGTEoz2gbqK2oOOuJUf7ao0m2YYGiGi1pQTMBnkrxIY1cztGYbVp97kvIQwZLN4UhrOAe3h1asY/NLnDwB/byl7agcGv9WI4oy6B1Z93HVHmQiAKn7QqnDgPVITu4jthNc8=",\n"{{projectId}}":"104966",\n"{{tenant}}":"216317749963825419"\n}', 'run': 'YES'}, duration：0.000023s
2023-06-19 15:17:57 | INFO | -----------分割线-----------
2023-06-19 15:17:57 | INFO | | called set_bif_fun | args: (<module 'common.bif_functions' from 'D:\\apk_api\\api-test-project\\common\\bif_functions\\__init__.py'>,) kwargs:{}
2023-06-19 15:17:57 | INFO | -----------分割线-----------
2023-06-19 15:17:57 | INFO | | called load_built_in_functions | args: (<module 'common.bif_functions' from 'D:\\apk_api\\api-test-project\\common\\bif_functions\\__init__.py'>,) kwargs:{}
2023-06-19 15:17:57 | INFO | | end called load_built_in_functions | return：{'MyLogger': <function MyLogger at 0x0000024F0C168040>, 'get_current_date': <function get_current_date at 0x0000024F0CA91B80>, 'get_current_time': <function get_current_time at 0x0000024F0CA91CA0>, 'get_delta_time': <function get_delta_time at 0x0000024F0CA91DC0>, 'md5_encryption': <function md5_encryption at 0x0000024F0CA91EE0>, 'json_dumps': <function json_dumps at 0x0000024F0CAA2280>, 'json_loads': <function json_loads at 0x0000024F0CAA23A0>, 'list_slice': <function list_slice at 0x0000024F0CAA2550>, 'sublist': <function sublist at 0x0000024F0CAA2670>, 'random_choice': <function random_choice at 0x0000024F0CAA2820>, 'gen_random_num': <function gen_random_num at 0x0000024F0CAA2940>, 'gen_random_str': <function gen_random_str at 0x0000024F0CAA2A60>, 'regex_extract': <function regex_extract at 0x0000024F0CAA2CA0>, 'substr': <function substr at 0x0000024F0CAA2EE0>, 'str_join': <function str_join at 0x0000024F0CAA9040>, 'get_timestamp': <function get_timestamp at 0x0000024F0CAA91F0>, 'ms_fmt_hms': <function ms_fmt_hms at 0x0000024F0CAA9310>, 'random_phone': <function random_phone at 0x0000024F0D0795E0>, 'random_gps': <function random_gps at 0x0000024F0CAA94C0>, 'random_string': <function random_string at 0x0000024F0D0791F0>, 'random_ssn': <function random_ssn at 0x0000024F0D079550>, 'random_email': <function random_email at 0x0000024F0D079820>, 'random_id_card': <function random_id_card at 0x0000024F0D079670>, 'random_int': <function random_int at 0x0000024F0D079940>, 'random_male_name': <function random_male_name at 0x0000024F0D079790>, 'random_female_name': <function random_female_name at 0x0000024F0D079700>, 'random_current_time': <function random_current_time at 0x0000024F0D0798B0>}, duration：0.000010s
2023-06-19 15:17:57 | INFO | | end called set_bif_fun | return：None, duration：0.001354s
2023-06-19 15:17:58 | INFO | -----------分割线-----------
2023-06-19 15:17:58 | INFO | | called replace_dependent_parameter | args: (<common.data_extraction.dependent_parameter.DependentParameter object at 0x0000024F24B10790>, None) kwargs:{}
2023-06-19 15:17:58 | INFO | | end called replace_dependent_parameter | return：None, duration：0.000002s
2023-06-19 15:17:58 | INFO | -----------分割线-----------
2023-06-19 15:17:58 | INFO | | called load_and_execute_script | args: ('D:\\apk_api\\api-test-project\\scripts', 'prepost_script_安全纯净大屏_2.py', 'setup', {'Run': 'YES', 'Time': 1, 'Url': '/auth/loginByNotBip', 'Headers': '{"Content-Type": "application/json"}', 'Params': None, 'Request Data': '{"account": "{{account}}", "password": "{{passwd}}"}', 'Expected': None, 'Response': '', 'Assertion': '', 'Error Log': '', None: None}) kwargs:{}
2023-06-19 15:17:58 | INFO | | end called load_and_execute_script | return：{'Run': 'YES', 'Time': 1, 'Url': '/auth/loginByNotBip', 'Headers': '{"Content-Type": "application/json"}', 'Params': None, 'Request Data': '{"account": "{{account}}", "password": "{{passwd}}"}', 'Expected': None, 'Response': '', 'Assertion': '', 'Error Log': '', None: None}, duration：0.002189s
2023-06-19 15:17:58 | INFO | -----------分割线-----------
2023-06-19 15:17:58 | INFO | | called replace_dependent_parameter | args: (<common.data_extraction.dependent_parameter.DependentParameter object at 0x0000024F24B10790>, {'Run': 'YES', 'Time': 1, 'Url': '/auth/loginByNotBip', 'Headers': '{"Content-Type": "application/json"}', 'Params': None, 'Request Data': '{"account": "{{account}}", "password": "{{passwd}}"}', 'Expected': None, 'Response': '', 'Assertion': '', 'Error Log': '', None: None}) kwargs:{}
2023-06-19 15:17:58 | INFO | | end called replace_dependent_parameter | return：{'Run': 'YES', 'Time': 1, 'Url': '/auth/loginByNotBip', 'Headers': '{"Content-Type": "application/json"}', 'Params': None, 'Request Data': '{"account": "18127813600", "password": "WD6Y0+LJLHXuFaplzUtSCnwktA7KgXCpjCS+OVvIFGTEoz2gbqK2oOOuJUf7ao0m2YYGiGi1pQTMBnkrxIY1cztGYbVp97kvIQwZLN4UhrOAe3h1asY/NLnDwB/byl7agcGv9WI4oy6B1Z93HVHmQiAKn7QqnDgPVITu4jthNc8="}', 'Expected': None, 'Response': '', 'Assertion': '', 'Error Log': '', 'null': None}, duration：0.000049s
2023-06-19 15:17:58 | INFO | -----------分割线-----------
2023-06-19 15:17:58 | INFO | | called substitute_data | args: (<common.data_extraction.data_extractor.DataExtractor object at 0x0000024F24B21070>,) kwargs:{'jp_dict': None}
2023-06-19 15:17:58 | INFO | | end called substitute_data | return：None, duration：0.000010s
2023-06-19 15:17:58 | INFO | -----------分割线-----------
2023-06-19 15:17:58 | INFO | | called encrypt_data | args: (None, '{"Content-Type": "application/json"}', None, '{"account": "18127813600", "password": "WD6Y0+LJLHXuFaplzUtSCnwktA7KgXCpjCS+OVvIFGTEoz2gbqK2oOOuJUf7ao0m2YYGiGi1pQTMBnkrxIY1cztGYbVp97kvIQwZLN4UhrOAe3h1asY/NLnDwB/byl7agcGv9WI4oy6B1Z93HVHmQiAKn7QqnDgPVITu4jthNc8="}') kwargs:{}
2023-06-19 15:17:58 | INFO | | end called encrypt_data | return：('{"Content-Type": "application/json"}', '{"account": "18127813600", "password": "WD6Y0+LJLHXuFaplzUtSCnwktA7KgXCpjCS+OVvIFGTEoz2gbqK2oOOuJUf7ao0m2YYGiGi1pQTMBnkrxIY1cztGYbVp97kvIQwZLN4UhrOAe3h1asY/NLnDwB/byl7agcGv9WI4oy6B1Z93HVHmQiAKn7QqnDgPVITu4jthNc8="}'), duration：0.000004s
2023-06-19 15:17:58 | INFO | -----------分割线-----------
2023-06-19 15:17:58 | INFO | | called load_and_execute_script | args: ('D:\\apk_api\\api-test-project\\scripts', 'prepost_script_安全纯净大屏_2.py', 'teardown', <Response [200]>) kwargs:{}
2023-06-19 15:17:58 | INFO | | end called load_and_execute_script | return：<Response [200]>, duration：0.000623s
2023-06-19 15:17:58 | INFO | -----------分割线-----------
2023-06-19 15:17:58 | INFO | | called substitute_data | args: (<common.data_extraction.data_extractor.DataExtractor object at 0x0000024F24BA2190>,) kwargs:{'regex': None, 'keys': None, 'deps': None, 'jp_dict': '{"BSP_TOKEN": "$.data.bspToken", "BSP_USER_TENANT": "$.data.currentTenantId"}'}
2023-06-19 15:17:58 | INFO | | end called substitute_data | return：None, duration：0.013278s
2023-06-19 15:17:58 | INFO | -----------分割线-----------
2023-06-19 15:17:58 | INFO | | called write_back | args: (<common.file_handling.do_excel.DoExcel object at 0x0000024F0C0B12E0>,) kwargs:{'sheet_name': '安全纯净大屏', 'i': 2, 'response_value': '{"code":"0","type":"success","data":{"id":"216871590785354261","userId":"216483504447804297","ibsUserId":7884,"mobile":"18127813600","bspToken":"c27efeb2eca3faa0e6395483ec0cbbdd","type":"user","avatar":null,"ncAccount":null,"timestamp":1687159078,"idpTokenId":null,"loginChannel":null,"clientType":null,"name":"陈勇志","btpToken":null,"account":"18127813600","accountType":"C","currentEnvId":null,"currentTenantId":"216260762345772077","currentAppId":"8d1f5bdc9c6648af84a98e2c017846c5","currentProjectId":"103654","currentOrgId":null,"currentMenuId":null,"currentOrgMenuId":null,"currentSelectedTab":"org","currentUrl":"/ibs/material/materialsReturned","tenants":[{"id":"1623811301356297657","code":"1623811301356297657","fullName":"广东博嘉拓建筑测试租户","shortName":"广东博嘉拓建筑测试租户","envId":"6296f5e3960c4fdfb9c9357b581c853b","envName":"默认环境","tenantEnvs":null},{"id":"216572673247394736","code":"9C8D5715AAA44D4B8530AB2B7F627E1A","fullName":"安徽腾越建筑工程有限公司","shortName":"安徽腾越建筑工程有限公司","envId":"d1b4f959495f433fb1dd5400a78bce2c","envName":"默认环境","tenantEnvs":null},{"id":"216317749963825419","code":"C2C35D2543B34CA99366D9C76E45D01B","fullName":"沈阳腾越建筑测试租户","shortName":"沈阳腾越建筑测试租户","envId":"c4a70c0a1f5c4aaa83fcd390dcd898c6","envName":"默认环境","tenantEnvs":null},{"id":"216260762345772077","code":"216260762345772077","fullName":"广东腾越建筑工程有限公司","shortName":"广东腾越建筑工程有限公司","envId":"210712034943271000","envName":"默认环境","tenantEnvs":null},{"id":"216328986981406025","code":"TENANT_TEST","fullName":"智慧工地测试租户9","shortName":"智慧工地测试租户9","envId":"e7682a3876a343b483645b0c20da93a3","envName":"默认环境","tenantEnvs":null},{"id":"216365124588606373","code":"TENANT_TEST","fullName":"计划排程自动化测试","shortName":"计划排程自动化测试","envId":"80ce8eb5a7c941f8a6f57b8ecb61ec17","envName":"默认环境","tenantEnvs":null},{"id":"216674624791091228","code":"232E9186B1BE494E966F27BA7CF33AE2","fullName":"cyq测试","shortName":"cyq测试","envId":"ef3f8ed4792f4ef0a5e7d92af394d29c","envName":"默认环境","tenantEnvs":null},{"id":"216687529947792866","code":"9769454E01304245AEE83CE7E99537A8","fullName":"成本总控报表测试租户","shortName":"成本总控报表测试租户","envId":"5125917072884123bf9fe3966ffa4af2","envName":"默认环境","tenantEnvs":null},{"id":"216661417159402453","code":"216661417159402453","fullName":"科技建筑集团","shortName":"科技建筑集团","envId":"b23d88da977e467cb81dd7fb57de97d0","envName":"默认环境","tenantEnvs":null},{"id":"216281557054332425","code":"216281557054332425","fullName":"BIM材料用量计算","shortName":"BIM材料用量计算","envId":"7501c77b0ccd4b4d912451e5f74c1ba7","envName":"默认环境","tenantEnvs":null},{"id":"1320970534539886592","code":"1320970534539886592","fullName":"碧桂园集团","shortName":"碧桂园集团","envId":"1320970534539886592","envName":"默认环境","tenantEnvs":null}],"loginAppDto":null},"msg":null,"succeed":true}', 'test_result': 'PASS', 'assert_log': ''}
2023-06-19 15:17:58 | ERROR | | called write_back | error: 快看，异常了，别唧唧哇哇，块排查: [Errno 13] Permission denied: 'D:\\apk_api\\api-test-project\\cases\\cases\\test_cases.xlsx'
2023-06-19 15:17:58 | INFO | -----------分割线-----------
2023-06-19 15:18:00 | INFO | -----------分割线-----------
2023-06-19 15:18:00 | INFO | | called replace_dependent_parameter | args: (<common.data_extraction.dependent_parameter.DependentParameter object at 0x0000024F24B10790>, None) kwargs:{}
2023-06-19 15:18:00 | INFO | | end called replace_dependent_parameter | return：None, duration：0.000001s
2023-06-19 15:18:00 | INFO | -----------分割线-----------
2023-06-19 15:18:00 | INFO | | called load_and_execute_script | args: ('D:\\apk_api\\api-test-project\\scripts', 'prepost_script_安全纯净大屏_4.py', 'setup', {'Run': 'YES', 'Time': 2, 'Url': '/ibs/api/ibs-lms-base/tvConfig/addTvSequence?t={{get_timestamp()}}', 'Headers': '{"Content-Type":"application/json;charset=utf-8","BSP_TOKEN":"{{BSP_TOKEN}}","BSP_USER_TENANT":"{{BSP_USER_TENANT}}"}', 'Params': None, 'Request Data': '{"projectId":"{{projectId}}","tvSequence":"{{random_string()}}"}', 'Expected': None, 'Response': '', 'Assertion': '', 'Error Log': '', None: None}) kwargs:{}
2023-06-19 15:18:00 | INFO | | end called load_and_execute_script | return：{'Run': 'YES', 'Time': 2, 'Url': '/ibs/api/ibs-lms-base/tvConfig/addTvSequence?t={{get_timestamp()}}', 'Headers': '{"Content-Type":"application/json;charset=utf-8","BSP_TOKEN":"{{BSP_TOKEN}}","BSP_USER_TENANT":"{{BSP_USER_TENANT}}"}', 'Params': None, 'Request Data': '{"projectId":"{{projectId}}","tvSequence":"{{random_string()}}"}', 'Expected': None, 'Response': '', 'Assertion': '', 'Error Log': '', None: None}, duration：0.000290s
2023-06-19 15:18:00 | INFO | -----------分割线-----------
2023-06-19 15:18:00 | INFO | | called replace_dependent_parameter | args: (<common.data_extraction.dependent_parameter.DependentParameter object at 0x0000024F24B10790>, {'Run': 'YES', 'Time': 2, 'Url': '/ibs/api/ibs-lms-base/tvConfig/addTvSequence?t={{get_timestamp()}}', 'Headers': '{"Content-Type":"application/json;charset=utf-8","BSP_TOKEN":"{{BSP_TOKEN}}","BSP_USER_TENANT":"{{BSP_USER_TENANT}}"}', 'Params': None, 'Request Data': '{"projectId":"{{projectId}}","tvSequence":"{{random_string()}}"}', 'Expected': None, 'Response': '', 'Assertion': '', 'Error Log': '', None: None}) kwargs:{}
2023-06-19 15:18:00 | INFO | -----------分割线-----------
2023-06-19 15:18:00 | INFO | | called get_timestamp | args: () kwargs:{}
2023-06-19 15:18:00 | INFO | | end called get_timestamp | return：1687159080446, duration：0.000004s
2023-06-19 15:18:00 | INFO | | end called replace_dependent_parameter | return：{'Run': 'YES', 'Time': 2, 'Url': '/ibs/api/ibs-lms-base/tvConfig/addTvSequence?t=1687159080446', 'Headers': '{"Content-Type":"application/json;charset=utf-8","BSP_TOKEN":"c27efeb2eca3faa0e6395483ec0cbbdd","BSP_USER_TENANT":"216260762345772077"}', 'Params': None, 'Request Data': '{"projectId":"104966","tvSequence":"hKTduewcjBavxWjYYfWh"}', 'Expected': None, 'Response': '', 'Assertion': '', 'Error Log': '', 'null': None}, duration：0.001611s
2023-06-19 15:18:00 | INFO | -----------分割线-----------
2023-06-19 15:18:00 | INFO | | called substitute_data | args: (<common.data_extraction.data_extractor.DataExtractor object at 0x0000024F25BCC790>,) kwargs:{'jp_dict': None}
2023-06-19 15:18:00 | INFO | | end called substitute_data | return：None, duration：0.000009s
2023-06-19 15:18:00 | INFO | -----------分割线-----------
2023-06-19 15:18:00 | INFO | | called encrypt_data | args: (None, '{"Content-Type":"application/json;charset=utf-8","BSP_TOKEN":"c27efeb2eca3faa0e6395483ec0cbbdd","BSP_USER_TENANT":"216260762345772077"}', None, '{"projectId":"104966","tvSequence":"hKTduewcjBavxWjYYfWh"}') kwargs:{}
2023-06-19 15:18:00 | INFO | | end called encrypt_data | return：('{"Content-Type":"application/json;charset=utf-8","BSP_TOKEN":"c27efeb2eca3faa0e6395483ec0cbbdd","BSP_USER_TENANT":"216260762345772077"}', '{"projectId":"104966","tvSequence":"hKTduewcjBavxWjYYfWh"}'), duration：0.000003s
2023-06-19 15:18:00 | INFO | -----------分割线-----------
2023-06-19 15:18:00 | INFO | | called load_and_execute_script | args: ('D:\\apk_api\\api-test-project\\scripts', 'prepost_script_安全纯净大屏_4.py', 'teardown', <Response [200]>) kwargs:{}
2023-06-19 15:18:00 | INFO | | end called load_and_execute_script | return：<Response [200]>, duration：0.000229s
2023-06-19 15:18:00 | INFO | -----------分割线-----------
2023-06-19 15:18:00 | INFO | | called substitute_data | args: (<common.data_extraction.data_extractor.DataExtractor object at 0x0000024F25BCC790>,) kwargs:{'regex': None, 'keys': None, 'deps': None, 'jp_dict': '{"tvSequence": "$..tvSequence"}'}
2023-06-19 15:18:00 | INFO | | end called substitute_data | return：None, duration：0.005363s
2023-06-19 15:18:00 | INFO | -----------分割线-----------
2023-06-19 15:18:00 | INFO | | called write_back | args: (<common.file_handling.do_excel.DoExcel object at 0x0000024F0C0B12E0>,) kwargs:{'sheet_name': '安全纯净大屏', 'i': 4, 'response_value': '{"code":200,"success":true,"data":null,"msg":"添加成功"}', 'test_result': 'PASS', 'assert_log': ''}
2023-06-19 15:18:00 | ERROR | | called write_back | error: 快看，异常了，别唧唧哇哇，块排查: [Errno 13] Permission denied: 'D:\\apk_api\\api-test-project\\cases\\cases\\test_cases.xlsx'
2023-06-19 15:18:00 | INFO | -----------分割线-----------
2023-06-19 15:18:03 | INFO | -----------分割线-----------
2023-06-19 15:18:03 | INFO | | called replace_dependent_parameter | args: (<common.data_extraction.dependent_parameter.DependentParameter object at 0x0000024F24B10790>, None) kwargs:{}
2023-06-19 15:18:03 | INFO | | end called replace_dependent_parameter | return：None, duration：0.000004s
2023-06-19 15:18:03 | INFO | -----------分割线-----------
2023-06-19 15:18:03 | INFO | | called load_and_execute_script | args: ('D:\\apk_api\\api-test-project\\scripts', 'prepost_script_安全纯净大屏_5.py', 'setup', {'Run': 'YES', 'Time': 3, 'Url': '/ibs/api/ibs-lms-base/tvConfig/getTvInfo?t={{get_timestamp()}}&projectId={{projectId}}', 'Headers': '{"Content-Type":"application/json;charset=utf-8","BSP_TOKEN":"{{BSP_TOKEN}}","BSP_USER_TENANT":"{{BSP_USER_TENANT}}"}', 'Params': None, 'Request Data': None, 'Expected': None, 'Response': '', 'Assertion': '', 'Error Log': '', None: None}) kwargs:{}
2023-06-19 15:18:03 | INFO | | end called load_and_execute_script | return：{'Run': 'YES', 'Time': 3, 'Url': '/ibs/api/ibs-lms-base/tvConfig/getTvInfo?t={{get_timestamp()}}&projectId={{projectId}}', 'Headers': '{"Content-Type":"application/json;charset=utf-8","BSP_TOKEN":"{{BSP_TOKEN}}","BSP_USER_TENANT":"{{BSP_USER_TENANT}}"}', 'Params': None, 'Request Data': None, 'Expected': None, 'Response': '', 'Assertion': '', 'Error Log': '', None: None}, duration：0.001428s
2023-06-19 15:18:03 | INFO | -----------分割线-----------
2023-06-19 15:18:03 | INFO | | called replace_dependent_parameter | args: (<common.data_extraction.dependent_parameter.DependentParameter object at 0x0000024F24B10790>, {'Run': 'YES', 'Time': 3, 'Url': '/ibs/api/ibs-lms-base/tvConfig/getTvInfo?t={{get_timestamp()}}&projectId={{projectId}}', 'Headers': '{"Content-Type":"application/json;charset=utf-8","BSP_TOKEN":"{{BSP_TOKEN}}","BSP_USER_TENANT":"{{BSP_USER_TENANT}}"}', 'Params': None, 'Request Data': None, 'Expected': None, 'Response': '', 'Assertion': '', 'Error Log': '', None: None}) kwargs:{}
2023-06-19 15:18:03 | INFO | -----------分割线-----------
2023-06-19 15:18:03 | INFO | | called get_timestamp | args: () kwargs:{}
2023-06-19 15:18:03 | INFO | | end called get_timestamp | return：1687159083535, duration：0.000014s
2023-06-19 15:18:03 | INFO | | end called replace_dependent_parameter | return：{'Run': 'YES', 'Time': 3, 'Url': '/ibs/api/ibs-lms-base/tvConfig/getTvInfo?t=1687159083535&projectId=104966', 'Headers': '{"Content-Type":"application/json;charset=utf-8","BSP_TOKEN":"c27efeb2eca3faa0e6395483ec0cbbdd","BSP_USER_TENANT":"216260762345772077"}', 'Params': None, 'Request Data': None, 'Expected': None, 'Response': '', 'Assertion': '', 'Error Log': '', 'null': None}, duration：0.006317s
2023-06-19 15:18:03 | INFO | -----------分割线-----------
2023-06-19 15:18:03 | INFO | | called substitute_data | args: (<common.data_extraction.data_extractor.DataExtractor object at 0x0000024F24B56970>,) kwargs:{'jp_dict': None}
2023-06-19 15:18:03 | ERROR | 被提取对象非字典、非字符串、非列表，不执行jsonpath提取，被提取对象: None
2023-06-19 15:18:03 | INFO | | end called substitute_data | return：{}, duration：0.000488s
2023-06-19 15:18:03 | INFO | -----------分割线-----------
2023-06-19 15:18:03 | INFO | | called encrypt_data | args: (None, '{"Content-Type":"application/json;charset=utf-8","BSP_TOKEN":"c27efeb2eca3faa0e6395483ec0cbbdd","BSP_USER_TENANT":"216260762345772077"}', None, None) kwargs:{}
2023-06-19 15:18:03 | INFO | | end called encrypt_data | return：('{"Content-Type":"application/json;charset=utf-8","BSP_TOKEN":"c27efeb2eca3faa0e6395483ec0cbbdd","BSP_USER_TENANT":"216260762345772077"}', None), duration：0.000003s
2023-06-19 15:18:03 | INFO | -----------分割线-----------
2023-06-19 15:18:03 | INFO | | called load_and_execute_script | args: ('D:\\apk_api\\api-test-project\\scripts', 'prepost_script_安全纯净大屏_5.py', 'teardown', <Response [200]>) kwargs:{}
2023-06-19 15:18:03 | INFO | | end called load_and_execute_script | return：<Response [200]>, duration：0.002020s
2023-06-19 15:18:03 | INFO | -----------分割线-----------
2023-06-19 15:18:03 | INFO | | called substitute_data | args: (<common.data_extraction.data_extractor.DataExtractor object at 0x0000024F24B6D700>,) kwargs:{'regex': None, 'keys': None, 'deps': None, 'jp_dict': None}
2023-06-19 15:18:03 | INFO | | end called substitute_data | return：None, duration：0.000002s
2023-06-19 15:18:03 | INFO | -----------分割线-----------
2023-06-19 15:18:03 | INFO | | called write_back | args: (<common.file_handling.do_excel.DoExcel object at 0x0000024F0C0B12E0>,) kwargs:{'sheet_name': '安全纯净大屏', 'i': 5, 'response_value': '{"code":200,"success":true,"data":{"id":"1637650408413749249","projectId":"104966","shortInfo":"博智林提醒您：一切不能保证安全、质量的施工都要停工！进入工地，请佩戴安全帽，穿着反光衣，文明作业！","qrCode":"https://ibs-test.bzlrobot.com/api/ibs-file/document/get/MjAyMS0xMC0xOCxQSE9UT18yMDIxMTAxOF8wOTMxMDExMDIuanBnLDA0ZGQxOWU5YzA3MjQ0YjE5OTIwNzZjOTUxNzY4YzQ1","manageDeparts":[]},"msg":"操作成功"}', 'test_result': 'PASS', 'assert_log': ''}
2023-06-19 15:18:03 | ERROR | | called write_back | error: 快看，异常了，别唧唧哇哇，块排查: [Errno 13] Permission denied: 'D:\\apk_api\\api-test-project\\cases\\cases\\test_cases.xlsx'
2023-06-19 15:18:03 | INFO | -----------分割线-----------
2023-06-19 15:18:03 | INFO | 所有用例执行完毕
