2023-04-21 12:10:29,031-INFO-logger.py-[ line:64 ] - 日志信息:读取测试用例excel文件：D:\apk_api\api-test-project\data\moduleA\test_cases\test_api.xlsx
2023-04-21 12:10:29,695-INFO-logger.py-[ line:64 ] - 日志信息:如下是初始化得到得数据：{'id': 1, 'environment': 'TEST', 'host': 'https://bimdc.bzlrobot.com', 'path': '/bsp/test/user/ugs', 'databases': '{\n "host": "127.0.0.1",\n "port": 3306,\n "database": "mysql_base",\n "user":"root",\n "password":"root1234"\n}', 'sheets': '["安全纯净大屏"]', 'initialize_data': '{\n"{{account}}":"18127813600",\n"{{passwd}}":"KQX89QKceHEpywkR6uQCB+3Ul7PiIdsKGSg2vl54MIy5LpMGs1oQxDHlo9/qTStjMCxaSVL9LD6MINwpz0ArarOfsNQPtOTEVBFtgilESMQhmVXa/7kQo9Z9utfqyXRpv+ewITh2S6+SpQWP6LSt265T5Lx1Dt1NaKcAVG7eaO0=",\n"{{projectId}}":"104966",\n"{{tenant}}":"216317749963825419"\n}', 'run': 'YES'}
2023-04-21 12:10:31,813-INFO-logger.py-[ line:64 ] - 日志信息:====登录成功====
2023-04-21 12:10:31,816-INFO-logger.py-[ line:64 ] - 日志信息:内置方法：{'{{account}}': '18127813600', '{{passwd}}': 'KQX89QKceHEpywkR6uQCB+3Ul7PiIdsKGSg2vl54MIy5LpMGs1oQxDHlo9/qTStjMCxaSVL9LD6MINwpz0ArarOfsNQPtOTEVBFtgilESMQhmVXa/7kQo9Z9utfqyXRpv+ewITh2S6+SpQWP6LSt265T5Lx1Dt1NaKcAVG7eaO0=', '{{projectId}}': '104966', '{{tenant}}': '216317749963825419', '{{get_current_date()}}': <function get_current_date at 0x0000019F26211CA0>, '{{get_current_time()}}': <function get_current_time at 0x0000019F26211EE0>, '{{get_delta_time()}}': <function get_delta_time at 0x0000019F26211F70>, '{{md5_encryption()}}': <function md5_encryption at 0x0000019F262170D0>, '{{json_dumps()}}': <function json_dumps at 0x0000019F26217310>, '{{json_loads()}}': <function json_loads at 0x0000019F262173A0>, '{{slice()}}': <function slice at 0x0000019F26217550>, '{{sublist()}}': <function sublist at 0x0000019F26217430>, '{{random_choice()}}': <function random_choice at 0x0000019F26217700>, '{{gen_random_num()}}': <function gen_random_num at 0x0000019F262178B0>, '{{gen_random_str()}}': <function gen_random_str at 0x0000019F26217940>, '{{regex_extract()}}': <function regex_extract at 0x0000019F26217AF0>, '{{substr()}}': <function substr at 0x0000019F26217CA0>, '{{str_join()}}': <function str_join at 0x0000019F26217B80>, '{{get_timestamp()}}': <function MyLog.decorator_log.<locals>.warp.<locals>.inner at 0x0000019F2621B040>, '{{ms_fmt_hms()}}': <function ms_fmt_hms at 0x0000019F26217E50>, '{{random_phone()}}': <function random_phone at 0x0000019F25C14280>, '{{random_gps()}}': <function random_gps at 0x0000019F2621B280>, '{{random_string()}}': <function random_string at 0x0000019F25BA9E50>, '{{random_ssn()}}': <function random_ssn at 0x0000019F25C141F0>, '{{random_email()}}': <function random_email at 0x0000019F25C144C0>, '{{random_id_card()}}': <function random_id_card at 0x0000019F25C14310>, '{{random_int()}}': <function random_int at 0x0000019F25C145E0>, '{{random_male_name()}}': <function random_male_name at 0x0000019F25C14430>, '{{random_female_name()}}': <function random_female_name at 0x0000019F25C143A0>, '{{random_current_time()}}': <function random_current_time at 0x0000019F25C14550>, '{{BSP_TOKEN}}': 'bb04d4b0b4a82e9c5af8ece49a374c6b', '{{BSP_USER_TENANT}}': '216317749963825419', '{{headers}}': {'Content-Type': 'application/json', 'BSP_TOKEN': 'bb04d4b0b4a82e9c5af8ece49a374c6b', 'BSP_USER_TENANT': '216317749963825419'}}
2023-04-21 12:10:31,822-INFO-logger.py-[ line:64 ] - 日志信息:-----------------------------------start_test_api-----------------------------------
2023-04-21 12:10:31,824-INFO-logger.py-[ line:64 ] - 日志信息:-----------------------------------end_test_api-----------------------------------
2023-04-21 12:10:31,829-INFO-logger.py-[ line:64 ] - 日志信息:-----------------------------------start_test_api-----------------------------------
2023-04-21 12:10:31,835-INFO-logger.py-[ line:64 ] - 日志信息:当前用例所在的sheet--> 安全纯净大屏
2023-04-21 12:10:31,836-INFO-logger.py-[ line:64 ] - 日志信息:请求地址--> https://bimdc.bzlrobot.com/bsp/test/user/ugs/auth/loginByNotBip
2023-04-21 12:10:31,838-INFO-logger.py-[ line:64 ] - 日志信息:请求头--> {'Content-Type': 'application/json', 'BSP_TOKEN': 'bb04d4b0b4a82e9c5af8ece49a374c6b', 'BSP_USER_TENANT': '216317749963825419'}
2023-04-21 12:10:31,839-INFO-logger.py-[ line:64 ] - 日志信息:请求body--> {'account': '18127813600', 'password': 'KQX89QKceHEpywkR6uQCB+3Ul7PiIdsKGSg2vl54MIy5LpMGs1oQxDHlo9/qTStjMCxaSVL9LD6MINwpz0ArarOfsNQPtOTEVBFtgilESMQhmVXa/7kQo9Z9utfqyXRpv+ewITh2S6+SpQWP6LSt265T5Lx1Dt1NaKcAVG7eaO0='}
2023-04-21 12:10:31,840-INFO-logger.py-[ line:64 ] - 日志信息:执行SQL语句--> None
2023-04-21 12:10:31,841-INFO-logger.py-[ line:64 ] - 日志信息:执行sql结果--> None
2023-04-21 12:10:31,843-INFO-logger.py-[ line:64 ] - 日志信息:预期结果--> None
2023-04-21 12:10:31,940-INFO-logger.py-[ line:64 ] - 日志信息:接口响应--> {"code":"0","type":"success","data":{"id":"216820502320341216","userId":"216483504447804297","ibsUserId":7884,"mobile":"18127813600","bspToken":"41f1cb747d84de67fc8a84edb6ea7adb","type":"user","avatar":null,"ncAccount":null,"timestamp":1682050232,"idpTokenId":null,"loginChannel":null,"clientType":null,"name":"陈勇志","btpToken":null,"account":"18127813600","accountType":"C","currentEnvId":null,"currentTenantId":"216317749963825419","currentAppId":"8d1f5bdc9c6648af84a98e2c017846c5","currentProjectId":"104966","currentOrgId":null,"currentMenuId":null,"currentOrgMenuId":null,"currentSelectedTab":"org","currentUrl":"/ibs/newLabor/basicConfig/Index","tenants":[{"id":"1623811301356297657","code":"1623811301356297657","fullName":"广东博嘉拓建筑测试租户","shortName":"广东博嘉拓建筑测试租户","envId":"6296f5e3960c4fdfb9c9357b581c853b","envName":"默认环境","tenantEnvs":null},{"id":"216572673247394736","code":"9C8D5715AAA44D4B8530AB2B7F627E1A","fullName":"安徽腾越建筑工程有限公司","shortName":"安徽腾越建筑工程有限公司","envId":"d1b4f959495f433fb1dd5400a78bce2c","envName":"默认环境","tenantEnvs":null},{"id":"216317749963825419","code":"C2C35D2543B34CA99366D9C76E45D01B","fullName":"沈阳腾越建筑测试租户","shortName":"沈阳腾越建筑测试租户","envId":"c4a70c0a1f5c4aaa83fcd390dcd898c6","envName":"默认环境","tenantEnvs":null},{"id":"216260762345772077","code":"216260762345772077","fullName":"广东腾越建筑工程有限公司","shortName":"广东腾越建筑工程有限公司","envId":"210712034943271000","envName":"默认环境","tenantEnvs":null},{"id":"216328986981406025","code":"TENANT_TEST","fullName":"智慧工地测试租户9","shortName":"智慧工地测试租户9","envId":"e7682a3876a343b483645b0c20da93a3","envName":"默认环境","tenantEnvs":null},{"id":"216365124588606373","code":"TENANT_TEST","fullName":"计划排程自动化测试","shortName":"计划排程自动化测试","envId":"80ce8eb5a7c941f8a6f57b8ecb61ec17","envName":"默认环境","tenantEnvs":null},{"id":"216674624791091228","code":"232E9186B1BE494E966F27BA7CF33AE2","fullName":"cyq测试","shortName":"cyq测试","envId":"ef3f8ed4792f4ef0a5e7d92af394d29c","envName":"默认环境","tenantEnvs":null},{"id":"216687529947792866","code":"9769454E01304245AEE83CE7E99537A8","fullName":"成本总控报表测试租户","shortName":"成本总控报表测试租户","envId":"5125917072884123bf9fe3966ffa4af2","envName":"默认环境","tenantEnvs":null},{"id":"216661417159402453","code":"216661417159402453","fullName":"科技建筑集团","shortName":"科技建筑集团","envId":"b23d88da977e467cb81dd7fb57de97d0","envName":"默认环境","tenantEnvs":null},{"id":"216281557054332425","code":"216281557054332425","fullName":"BIM材料用量计算","shortName":"BIM材料用量计算","envId":"7501c77b0ccd4b4d912451e5f74c1ba7","envName":"默认环境","tenantEnvs":null},{"id":"1320970534539886592","code":"1320970534539886592","fullName":"碧桂园集团","shortName":"碧桂园集团","envId":"1320970534539886592","envName":"默认环境","tenantEnvs":null}],"loginAppDto":null},"msg":null,"succeed":true}
2023-04-21 12:10:31,941-INFO-logger.py-[ line:64 ] - 日志信息:接口耗时--> 0:00:00.084898
2023-04-21 12:10:31,941-INFO-logger.py-[ line:64 ] - 日志信息:开始执行jsonpath提取：jp_dict-->{"BSP_TOKEN": "$.data.bspToken", "BSP_USER_TENANT": "$.data.currentTenantId"}
2023-04-21 12:10:31,955-INFO-logger.py-[ line:64 ] - 日志信息:-----------------------------------end_test_api-----------------------------------
2023-04-21 12:10:31,956-INFO-logger.py-[ line:64 ] - 日志信息:-----------------------------------start_test_api-----------------------------------
2023-04-21 12:10:31,957-INFO-logger.py-[ line:64 ] - 日志信息:-----------------------------------end_test_api-----------------------------------
2023-04-21 12:10:31,958-INFO-logger.py-[ line:64 ] - 日志信息:-----------------------------------start_test_api-----------------------------------
2023-04-21 12:10:31,959-INFO-logger.py-[ line:64 ] - 日志信息:执行方法：get_timestamp(13)
2023-04-21 12:10:31,959-INFO-logger.py-[ line:64 ] - 日志信息:执行方法：get_timestamp(13)
2023-04-21 12:10:31,963-INFO-logger.py-[ line:64 ] - 日志信息:开始执行jsonpath提取：jp_dict-->{"tvSequence": "$..tvSequence"}
2023-04-21 12:10:31,968-INFO-logger.py-[ line:64 ] - 日志信息:当前用例所在的sheet--> 安全纯净大屏
2023-04-21 12:10:31,969-INFO-logger.py-[ line:64 ] - 日志信息:请求地址--> https://bimdc.bzlrobot.com/bsp/test/user/ugs/ibs/api/ibs-lms-base/tvConfig/addTvSequence?t=1682050231959
2023-04-21 12:10:31,969-INFO-logger.py-[ line:64 ] - 日志信息:请求头--> {'Content-Type': 'application/json;charset=utf-8', 'BSP_TOKEN': '41f1cb747d84de67fc8a84edb6ea7adb', 'BSP_USER_TENANT': '216317749963825419'}
2023-04-21 12:10:31,969-INFO-logger.py-[ line:64 ] - 日志信息:请求body--> {'projectId': '104966', 'tvSequence': 'TYhZYULTOMZaotsUJQAE'}
2023-04-21 12:10:31,970-INFO-logger.py-[ line:64 ] - 日志信息:执行SQL语句--> None
2023-04-21 12:10:31,970-INFO-logger.py-[ line:64 ] - 日志信息:执行sql结果--> None
2023-04-21 12:10:31,971-INFO-logger.py-[ line:64 ] - 日志信息:预期结果--> [{'check': 'code', 'comparator': 'eq', 'expect': 200}, {'check': 'msg', 'comparator': 'eq', 'expect': '添加成功'}]
2023-04-21 12:10:32,055-INFO-logger.py-[ line:64 ] - 日志信息:接口响应--> {"code":200,"success":true,"data":null,"msg":"添加成功"}
2023-04-21 12:10:32,058-INFO-logger.py-[ line:64 ] - 日志信息:接口耗时--> 0:00:00.079509
2023-04-21 12:10:32,060-INFO-logger.py-[ line:64 ] - 日志信息:正在执行数据提取：提取数据源内容：{'code': 200, 'success': True, 'data': None, 'msg': '添加成功'},<class 'dict'>
2023-04-21 12:10:32,063-INFO-logger.py-[ line:64 ] - 日志信息:正在执行数据提取：提取表达式：code
2023-04-21 12:10:32,065-INFO-logger.py-[ line:64 ] - 日志信息:提取成功，输出变量，提取表达式：code，提取结果：200
2023-04-21 12:10:32,067-INFO-logger.py-[ line:64 ] - 日志信息:正在执行数据提取：提取数据源内容：{'code': 200, 'success': True, 'data': None, 'msg': '添加成功'},<class 'dict'>
2023-04-21 12:10:32,069-INFO-logger.py-[ line:64 ] - 日志信息:正在执行数据提取：提取表达式：msg
2023-04-21 12:10:32,070-INFO-logger.py-[ line:64 ] - 日志信息:提取成功，输出变量，提取表达式：msg，提取结果：添加成功
2023-04-21 12:10:32,071-INFO-logger.py-[ line:64 ] - 日志信息:-----------------------------------end_test_api-----------------------------------
2023-04-21 12:10:32,074-INFO-logger.py-[ line:64 ] - 日志信息:-----------------------------------start_test_api-----------------------------------
2023-04-21 12:10:32,075-INFO-logger.py-[ line:64 ] - 日志信息:执行方法：get_timestamp(13)
2023-04-21 12:10:32,076-INFO-logger.py-[ line:64 ] - 日志信息:执行方法：get_timestamp(13)
2023-04-21 12:10:32,081-INFO-logger.py-[ line:64 ] - 日志信息:被提取对象非字典、非字符串、非列表，不执行jsonpath提取，被提取对象: None
2023-04-21 12:10:32,082-INFO-logger.py-[ line:64 ] - 日志信息:当前用例所在的sheet--> 安全纯净大屏
2023-04-21 12:10:32,083-INFO-logger.py-[ line:64 ] - 日志信息:请求地址--> https://bimdc.bzlrobot.com/bsp/test/user/ugs/ibs/api/ibs-lms-base/tvConfig/getTvInfo?t=1682050232075&projectId=104966
2023-04-21 12:10:32,084-INFO-logger.py-[ line:64 ] - 日志信息:请求头--> {'Content-Type': 'application/json;charset=utf-8', 'BSP_TOKEN': '41f1cb747d84de67fc8a84edb6ea7adb', 'BSP_USER_TENANT': '216317749963825419'}
2023-04-21 12:10:32,085-INFO-logger.py-[ line:64 ] - 日志信息:请求body--> None
2023-04-21 12:10:32,085-INFO-logger.py-[ line:64 ] - 日志信息:执行SQL语句--> None
2023-04-21 12:10:32,086-INFO-logger.py-[ line:64 ] - 日志信息:执行sql结果--> None
2023-04-21 12:10:32,087-INFO-logger.py-[ line:64 ] - 日志信息:预期结果--> {'check': 'data[0].tvSequence', 'comparator': 'contained_by', 'expect': 'TYhZYULTOMZaotsUJQAE'}
2023-04-21 12:10:32,155-INFO-logger.py-[ line:64 ] - 日志信息:接口响应--> {"code":200,"success":true,"data":{"id":"1637650408413749249","projectId":"104966","shortInfo":"博智林提醒您：一切不能保证安全、质量的施工都要停工！进入工地，请佩戴安全帽，穿着反光衣，文明作业！","qrCode":"https://ibs-test.bzlrobot.com/api/ibs-file/document/get/MjAyMS0xMC0xOCxQSE9UT18yMDIxMTAxOF8wOTMxMDExMDIuanBnLDA0ZGQxOWU5YzA3MjQ0YjE5OTIwNzZjOTUxNzY4YzQ1","manageDeparts":[]},"msg":"操作成功"}
2023-04-21 12:10:32,156-INFO-logger.py-[ line:64 ] - 日志信息:接口耗时--> 0:00:00.066595
2023-04-21 12:10:32,157-INFO-logger.py-[ line:64 ] - 日志信息:正在执行数据提取：提取数据源内容：{'code': 200, 'success': True, 'data': {'id': '1637650408413749249', 'projectId': '104966', 'shortInfo': '博智林提醒您：一切不能保证安全、质量的施工都要停工！进入工地，请佩戴安全帽，穿着反光衣，文明作业！', 'qrCode': 'https://ibs-test.bzlrobot.com/api/ibs-file/document/get/MjAyMS0xMC0xOCxQSE9UT18yMDIxMTAxOF8wOTMxMDExMDIuanBnLDA0ZGQxOWU5YzA3MjQ0YjE5OTIwNzZjOTUxNzY4YzQ1', 'manageDeparts': []}, 'msg': '操作成功'},<class 'dict'>
2023-04-21 12:10:32,157-INFO-logger.py-[ line:64 ] - 日志信息:正在执行数据提取：提取表达式：data[0].tvSequence
2023-04-21 12:10:32,158-INFO-logger.py-[ line:64 ] - 日志信息:-----------------------------------end_test_api-----------------------------------
2023-04-21 12:10:32,161-INFO-logger.py-[ line:64 ] - 日志信息:-----------------------------------start_test_api-----------------------------------
2023-04-21 12:10:32,162-INFO-logger.py-[ line:64 ] - 日志信息:-----------------------------------end_test_api-----------------------------------
2023-04-21 12:12:51,780-INFO-logger.py-[ line:64 ] - 日志信息:读取测试用例excel文件：D:\apk_api\api-test-project\data\moduleA\test_cases\test_api.xlsx
2023-04-21 12:12:52,431-INFO-logger.py-[ line:64 ] - 日志信息:如下是初始化得到得数据：{'id': 1, 'environment': 'TEST', 'host': 'https://bimdc.bzlrobot.com', 'path': '/bsp/test/user/ugs', 'databases': '{\n "host": "127.0.0.1",\n "port": 3306,\n "database": "mysql_base",\n "user":"root",\n "password":"root1234"\n}', 'sheets': '["安全纯净大屏"]', 'initialize_data': '{\n"{{account}}":"18127813600",\n"{{passwd}}":"KQX89QKceHEpywkR6uQCB+3Ul7PiIdsKGSg2vl54MIy5LpMGs1oQxDHlo9/qTStjMCxaSVL9LD6MINwpz0ArarOfsNQPtOTEVBFtgilESMQhmVXa/7kQo9Z9utfqyXRpv+ewITh2S6+SpQWP6LSt265T5Lx1Dt1NaKcAVG7eaO0=",\n"{{projectId}}":"104966",\n"{{tenant}}":"216317749963825419"\n}', 'run': 'YES'}
2023-04-21 12:12:54,451-INFO-logger.py-[ line:64 ] - 日志信息:开始加载内置方法...
2023-04-21 12:12:54,452-INFO-logger.py-[ line:64 ] - 日志信息:内置方法加载完成
2023-04-21 12:12:54,452-INFO-logger.py-[ line:64 ] - 日志信息:所有用例执行开始...
2023-04-21 12:12:54,546-INFO-logger.py-[ line:64 ] - 日志信息:接口耗时--> 0:00:00.086806
2023-04-21 12:12:54,547-INFO-logger.py-[ line:64 ] - 日志信息:接口状态--> 200
2023-04-21 12:12:54,558-INFO-logger.py-[ line:64 ] - 日志信息:接口响应--> {"code":"0","type":"success","data":{"id":"216820503746451706","userId":"216483504447804297","ibsUserId":7884,"mobile":"18127813600","bspToken":"a03631c76481ae9d04bc462fae9a450c","type":"user","avatar":null,"ncAccount":null,"timestamp":1682050374,"idpTokenId":null,"loginChannel":null,"clientType":null,"name":"陈勇志","btpToken":null,"account":"18127813600","accountType":"C","currentEnvId":null,"currentTenantId":"216317749963825419","currentAppId":"8d1f5bdc9c6648af84a98e2c017846c5","currentProjectId":"104966","currentOrgId":null,"currentMenuId":null,"currentOrgMenuId":null,"currentSelectedTab":"org","currentUrl":"/ibs/newLabor/basicConfig/Index","tenants":[{"id":"1623811301356297657","code":"1623811301356297657","fullName":"广东博嘉拓建筑测试租户","shortName":"广东博嘉拓建筑测试租户","envId":"6296f5e3960c4fdfb9c9357b581c853b","envName":"默认环境","tenantEnvs":null},{"id":"216572673247394736","code":"9C8D5715AAA44D4B8530AB2B7F627E1A","fullName":"安徽腾越建筑工程有限公司","shortName":"安徽腾越建筑工程有限公司","envId":"d1b4f959495f433fb1dd5400a78bce2c","envName":"默认环境","tenantEnvs":null},{"id":"216317749963825419","code":"C2C35D2543B34CA99366D9C76E45D01B","fullName":"沈阳腾越建筑测试租户","shortName":"沈阳腾越建筑测试租户","envId":"c4a70c0a1f5c4aaa83fcd390dcd898c6","envName":"默认环境","tenantEnvs":null},{"id":"216260762345772077","code":"216260762345772077","fullName":"广东腾越建筑工程有限公司","shortName":"广东腾越建筑工程有限公司","envId":"210712034943271000","envName":"默认环境","tenantEnvs":null},{"id":"216328986981406025","code":"TENANT_TEST","fullName":"智慧工地测试租户9","shortName":"智慧工地测试租户9","envId":"e7682a3876a343b483645b0c20da93a3","envName":"默认环境","tenantEnvs":null},{"id":"216365124588606373","code":"TENANT_TEST","fullName":"计划排程自动化测试","shortName":"计划排程自动化测试","envId":"80ce8eb5a7c941f8a6f57b8ecb61ec17","envName":"默认环境","tenantEnvs":null},{"id":"216674624791091228","code":"232E9186B1BE494E966F27BA7CF33AE2","fullName":"cyq测试","shortName":"cyq测试","envId":"ef3f8ed4792f4ef0a5e7d92af394d29c","envName":"默认环境","tenantEnvs":null},{"id":"216687529947792866","code":"9769454E01304245AEE83CE7E99537A8","fullName":"成本总控报表测试租户","shortName":"成本总控报表测试租户","envId":"5125917072884123bf9fe3966ffa4af2","envName":"默认环境","tenantEnvs":null},{"id":"216661417159402453","code":"216661417159402453","fullName":"科技建筑集团","shortName":"科技建筑集团","envId":"b23d88da977e467cb81dd7fb57de97d0","envName":"默认环境","tenantEnvs":null},{"id":"216281557054332425","code":"216281557054332425","fullName":"BIM材料用量计算","shortName":"BIM材料用量计算","envId":"7501c77b0ccd4b4d912451e5f74c1ba7","envName":"默认环境","tenantEnvs":null},{"id":"1320970534539886592","code":"1320970534539886592","fullName":"碧桂园集团","shortName":"碧桂园集团","envId":"1320970534539886592","envName":"默认环境","tenantEnvs":null}],"loginAppDto":null},"msg":null,"succeed":true}
2023-04-21 12:12:54,559-INFO-logger.py-[ line:64 ] - 日志信息:断言结果组：
2023-04-21 12:12:54,560-INFO-logger.py-[ line:64 ] - 日志信息:开始执行jsonpath提取：jp_dict-->{"BSP_TOKEN": "$.data.bspToken", "BSP_USER_TENANT": "$.data.currentTenantId"}
2023-04-21 12:12:54,574-INFO-logger.py-[ line:64 ] - 日志信息:执行方法：get_timestamp(13)
2023-04-21 12:12:54,575-INFO-logger.py-[ line:64 ] - 日志信息:执行方法：get_timestamp(13)
2023-04-21 12:12:54,578-INFO-logger.py-[ line:64 ] - 日志信息:开始执行jsonpath提取：jp_dict-->{"tvSequence": "$..tvSequence"}
2023-04-21 12:12:54,686-INFO-logger.py-[ line:64 ] - 日志信息:接口耗时--> 0:00:00.100353
2023-04-21 12:12:54,687-INFO-logger.py-[ line:64 ] - 日志信息:接口状态--> 200
2023-04-21 12:12:54,687-INFO-logger.py-[ line:64 ] - 日志信息:接口响应--> {"code":200,"success":true,"data":null,"msg":"添加成功"}
2023-04-21 12:12:54,688-INFO-logger.py-[ line:64 ] - 日志信息:正在执行数据提取：提取数据源内容：{'code': 200, 'success': True, 'data': None, 'msg': '添加成功'},<class 'dict'>
2023-04-21 12:12:54,688-INFO-logger.py-[ line:64 ] - 日志信息:正在执行数据提取：提取表达式：code
2023-04-21 12:12:54,689-INFO-logger.py-[ line:64 ] - 日志信息:提取成功，输出变量，提取表达式：code，提取结果：200
2023-04-21 12:12:54,690-INFO-logger.py-[ line:64 ] - 日志信息:正在执行数据提取：提取数据源内容：{'code': 200, 'success': True, 'data': None, 'msg': '添加成功'},<class 'dict'>
2023-04-21 12:12:54,690-INFO-logger.py-[ line:64 ] - 日志信息:正在执行数据提取：提取表达式：msg
2023-04-21 12:12:54,691-INFO-logger.py-[ line:64 ] - 日志信息:提取成功，输出变量，提取表达式：msg，提取结果：添加成功
2023-04-21 12:12:54,691-INFO-logger.py-[ line:64 ] - 日志信息:断言结果组：('PASS', [])
2023-04-21 12:12:54,692-INFO-logger.py-[ line:64 ] - 日志信息:执行方法：get_timestamp(13)
2023-04-21 12:12:54,693-INFO-logger.py-[ line:64 ] - 日志信息:执行方法：get_timestamp(13)
2023-04-21 12:12:54,695-INFO-logger.py-[ line:64 ] - 日志信息:被提取对象非字典、非字符串、非列表，不执行jsonpath提取，被提取对象: None
2023-04-21 12:12:54,771-INFO-logger.py-[ line:64 ] - 日志信息:接口耗时--> 0:00:00.072823
2023-04-21 12:12:54,772-INFO-logger.py-[ line:64 ] - 日志信息:接口状态--> 200
2023-04-21 12:12:54,772-INFO-logger.py-[ line:64 ] - 日志信息:接口响应--> {"code":200,"success":true,"data":{"id":"1637650408413749249","projectId":"104966","shortInfo":"博智林提醒您：一切不能保证安全、质量的施工都要停工！进入工地，请佩戴安全帽，穿着反光衣，文明作业！","qrCode":"https://ibs-test.bzlrobot.com/api/ibs-file/document/get/MjAyMS0xMC0xOCxQSE9UT18yMDIxMTAxOF8wOTMxMDExMDIuanBnLDA0ZGQxOWU5YzA3MjQ0YjE5OTIwNzZjOTUxNzY4YzQ1","manageDeparts":[]},"msg":"操作成功"}
2023-04-21 12:12:54,773-INFO-logger.py-[ line:64 ] - 日志信息:正在执行数据提取：提取数据源内容：{'code': 200, 'success': True, 'data': {'id': '1637650408413749249', 'projectId': '104966', 'shortInfo': '博智林提醒您：一切不能保证安全、质量的施工都要停工！进入工地，请佩戴安全帽，穿着反光衣，文明作业！', 'qrCode': 'https://ibs-test.bzlrobot.com/api/ibs-file/document/get/MjAyMS0xMC0xOCxQSE9UT18yMDIxMTAxOF8wOTMxMDExMDIuanBnLDA0ZGQxOWU5YzA3MjQ0YjE5OTIwNzZjOTUxNzY4YzQ1', 'manageDeparts': []}, 'msg': '操作成功'},<class 'dict'>
2023-04-21 12:12:54,773-INFO-logger.py-[ line:64 ] - 日志信息:正在执行数据提取：提取表达式：data[0].tvSequence
2023-04-21 12:12:54,775-INFO-logger.py-[ line:64 ] - 日志信息:断言结果组：('FAIL', [{'检查项': 'data[0].tvSequence', '期望值': 'XCxclhCqwmXoivmejjJN', '实际值': [], '断言方法': 'contained_by:实际值被包含在期望值中'}])
2023-04-21 12:13:29,726-INFO-logger.py-[ line:64 ] - 日志信息:读取测试用例excel文件：D:\apk_api\api-test-project\data\moduleA\test_cases\test_api.xlsx
2023-04-21 12:13:30,402-INFO-logger.py-[ line:64 ] - 日志信息:如下是初始化得到得数据：{'id': 1, 'environment': 'TEST', 'host': 'https://bimdc.bzlrobot.com', 'path': '/bsp/test/user/ugs', 'databases': '{\n "host": "127.0.0.1",\n "port": 3306,\n "database": "mysql_base",\n "user":"root",\n "password":"root1234"\n}', 'sheets': '["安全纯净大屏"]', 'initialize_data': '{\n"{{account}}":"18127813600",\n"{{passwd}}":"KQX89QKceHEpywkR6uQCB+3Ul7PiIdsKGSg2vl54MIy5LpMGs1oQxDHlo9/qTStjMCxaSVL9LD6MINwpz0ArarOfsNQPtOTEVBFtgilESMQhmVXa/7kQo9Z9utfqyXRpv+ewITh2S6+SpQWP6LSt265T5Lx1Dt1NaKcAVG7eaO0=",\n"{{projectId}}":"104966",\n"{{tenant}}":"216317749963825419"\n}', 'run': 'YES'}
2023-04-21 12:13:32,418-INFO-logger.py-[ line:64 ] - 日志信息:开始加载内置方法...
2023-04-21 12:13:32,418-INFO-logger.py-[ line:64 ] - 日志信息:内置方法加载完成
2023-04-21 12:13:32,419-INFO-logger.py-[ line:64 ] - 日志信息:所有用例执行开始...
2023-04-21 12:13:32,507-INFO-logger.py-[ line:64 ] - 日志信息:接口耗时--> 0:00:00.080911
2023-04-21 12:13:32,508-INFO-logger.py-[ line:64 ] - 日志信息:接口状态--> 200
2023-04-21 12:13:32,518-INFO-logger.py-[ line:64 ] - 日志信息:接口响应--> {"code":"0","type":"success","data":{"id":"216820504126103943","userId":"216483504447804297","ibsUserId":7884,"mobile":"18127813600","bspToken":"46097c811d0ddf0ec276261ea47c59f0","type":"user","avatar":null,"ncAccount":null,"timestamp":1682050412,"idpTokenId":null,"loginChannel":null,"clientType":null,"name":"陈勇志","btpToken":null,"account":"18127813600","accountType":"C","currentEnvId":null,"currentTenantId":"216317749963825419","currentAppId":"8d1f5bdc9c6648af84a98e2c017846c5","currentProjectId":"104966","currentOrgId":null,"currentMenuId":null,"currentOrgMenuId":null,"currentSelectedTab":"org","currentUrl":"/ibs/newLabor/basicConfig/Index","tenants":[{"id":"1623811301356297657","code":"1623811301356297657","fullName":"广东博嘉拓建筑测试租户","shortName":"广东博嘉拓建筑测试租户","envId":"6296f5e3960c4fdfb9c9357b581c853b","envName":"默认环境","tenantEnvs":null},{"id":"216572673247394736","code":"9C8D5715AAA44D4B8530AB2B7F627E1A","fullName":"安徽腾越建筑工程有限公司","shortName":"安徽腾越建筑工程有限公司","envId":"d1b4f959495f433fb1dd5400a78bce2c","envName":"默认环境","tenantEnvs":null},{"id":"216317749963825419","code":"C2C35D2543B34CA99366D9C76E45D01B","fullName":"沈阳腾越建筑测试租户","shortName":"沈阳腾越建筑测试租户","envId":"c4a70c0a1f5c4aaa83fcd390dcd898c6","envName":"默认环境","tenantEnvs":null},{"id":"216260762345772077","code":"216260762345772077","fullName":"广东腾越建筑工程有限公司","shortName":"广东腾越建筑工程有限公司","envId":"210712034943271000","envName":"默认环境","tenantEnvs":null},{"id":"216328986981406025","code":"TENANT_TEST","fullName":"智慧工地测试租户9","shortName":"智慧工地测试租户9","envId":"e7682a3876a343b483645b0c20da93a3","envName":"默认环境","tenantEnvs":null},{"id":"216365124588606373","code":"TENANT_TEST","fullName":"计划排程自动化测试","shortName":"计划排程自动化测试","envId":"80ce8eb5a7c941f8a6f57b8ecb61ec17","envName":"默认环境","tenantEnvs":null},{"id":"216674624791091228","code":"232E9186B1BE494E966F27BA7CF33AE2","fullName":"cyq测试","shortName":"cyq测试","envId":"ef3f8ed4792f4ef0a5e7d92af394d29c","envName":"默认环境","tenantEnvs":null},{"id":"216687529947792866","code":"9769454E01304245AEE83CE7E99537A8","fullName":"成本总控报表测试租户","shortName":"成本总控报表测试租户","envId":"5125917072884123bf9fe3966ffa4af2","envName":"默认环境","tenantEnvs":null},{"id":"216661417159402453","code":"216661417159402453","fullName":"科技建筑集团","shortName":"科技建筑集团","envId":"b23d88da977e467cb81dd7fb57de97d0","envName":"默认环境","tenantEnvs":null},{"id":"216281557054332425","code":"216281557054332425","fullName":"BIM材料用量计算","shortName":"BIM材料用量计算","envId":"7501c77b0ccd4b4d912451e5f74c1ba7","envName":"默认环境","tenantEnvs":null},{"id":"1320970534539886592","code":"1320970534539886592","fullName":"碧桂园集团","shortName":"碧桂园集团","envId":"1320970534539886592","envName":"默认环境","tenantEnvs":null}],"loginAppDto":null},"msg":null,"succeed":true}
2023-04-21 12:13:32,519-INFO-logger.py-[ line:64 ] - 日志信息:断言结果组：
2023-04-21 12:13:32,520-INFO-logger.py-[ line:64 ] - 日志信息:开始执行jsonpath提取：jp_dict-->{"BSP_TOKEN": "$.data.bspToken", "BSP_USER_TENANT": "$.data.currentTenantId"}
2023-04-21 12:13:32,534-INFO-logger.py-[ line:64 ] - 日志信息:执行方法：get_timestamp(13)
2023-04-21 12:13:32,535-INFO-logger.py-[ line:64 ] - 日志信息:执行方法：get_timestamp(13)
2023-04-21 12:13:32,538-INFO-logger.py-[ line:64 ] - 日志信息:开始执行jsonpath提取：jp_dict-->{"tvSequence": "$..tvSequence"}
2023-04-21 12:13:32,636-INFO-logger.py-[ line:64 ] - 日志信息:接口耗时--> 0:00:00.091122
2023-04-21 12:13:32,637-INFO-logger.py-[ line:64 ] - 日志信息:接口状态--> 200
2023-04-21 12:13:32,638-INFO-logger.py-[ line:64 ] - 日志信息:接口响应--> {"code":200,"success":true,"data":null,"msg":"添加成功"}
2023-04-21 12:13:32,638-INFO-logger.py-[ line:64 ] - 日志信息:正在执行数据提取：提取数据源内容：{'code': 200, 'success': True, 'data': None, 'msg': '添加成功'},<class 'dict'>
2023-04-21 12:13:32,639-INFO-logger.py-[ line:64 ] - 日志信息:正在执行数据提取：提取表达式：code
2023-04-21 12:13:32,640-INFO-logger.py-[ line:64 ] - 日志信息:提取成功，输出变量，提取表达式：code，提取结果：200
2023-04-21 12:13:32,641-INFO-logger.py-[ line:64 ] - 日志信息:正在执行数据提取：提取数据源内容：{'code': 200, 'success': True, 'data': None, 'msg': '添加成功'},<class 'dict'>
2023-04-21 12:13:32,641-INFO-logger.py-[ line:64 ] - 日志信息:正在执行数据提取：提取表达式：msg
2023-04-21 12:13:32,642-INFO-logger.py-[ line:64 ] - 日志信息:提取成功，输出变量，提取表达式：msg，提取结果：添加成功
2023-04-21 12:13:32,643-INFO-logger.py-[ line:64 ] - 日志信息:断言结果组：('PASS', [])
2023-04-21 12:13:32,644-INFO-logger.py-[ line:64 ] - 日志信息:执行方法：get_timestamp(13)
2023-04-21 12:13:32,644-INFO-logger.py-[ line:64 ] - 日志信息:执行方法：get_timestamp(13)
2023-04-21 12:13:32,647-INFO-logger.py-[ line:64 ] - 日志信息:被提取对象非字典、非字符串、非列表，不执行jsonpath提取，被提取对象: None
2023-04-21 12:13:32,708-INFO-logger.py-[ line:64 ] - 日志信息:接口耗时--> 0:00:00.058706
2023-04-21 12:13:32,709-INFO-logger.py-[ line:64 ] - 日志信息:接口状态--> 200
2023-04-21 12:13:32,709-INFO-logger.py-[ line:64 ] - 日志信息:接口响应--> {"code":200,"success":true,"data":{"id":"1637650408413749249","projectId":"104966","shortInfo":"博智林提醒您：一切不能保证安全、质量的施工都要停工！进入工地，请佩戴安全帽，穿着反光衣，文明作业！","qrCode":"https://ibs-test.bzlrobot.com/api/ibs-file/document/get/MjAyMS0xMC0xOCxQSE9UT18yMDIxMTAxOF8wOTMxMDExMDIuanBnLDA0ZGQxOWU5YzA3MjQ0YjE5OTIwNzZjOTUxNzY4YzQ1","manageDeparts":[]},"msg":"操作成功"}
2023-04-21 12:13:32,710-INFO-logger.py-[ line:64 ] - 日志信息:正在执行数据提取：提取数据源内容：{'code': 200, 'success': True, 'data': {'id': '1637650408413749249', 'projectId': '104966', 'shortInfo': '博智林提醒您：一切不能保证安全、质量的施工都要停工！进入工地，请佩戴安全帽，穿着反光衣，文明作业！', 'qrCode': 'https://ibs-test.bzlrobot.com/api/ibs-file/document/get/MjAyMS0xMC0xOCxQSE9UT18yMDIxMTAxOF8wOTMxMDExMDIuanBnLDA0ZGQxOWU5YzA3MjQ0YjE5OTIwNzZjOTUxNzY4YzQ1', 'manageDeparts': []}, 'msg': '操作成功'},<class 'dict'>
2023-04-21 12:13:32,711-INFO-logger.py-[ line:64 ] - 日志信息:正在执行数据提取：提取表达式：data[0].tvSequence
2023-04-21 12:13:32,713-INFO-logger.py-[ line:64 ] - 日志信息:断言结果组：('FAIL', [{'检查项': 'data[0].tvSequence', '期望值': 'ONEzCXNgEJkbvUatktJd', '实际值': [], '断言方法': 'contained_by:实际值被包含在期望值中'}])
2023-04-21 14:12:24,351-INFO-logger.py-[ line:64 ] - 日志信息:开始执行jsonpath提取：jp_dict-->{'total': '$.select_sale[0].total', 'total_1': '$..total'}
2023-04-21 14:12:29,273-INFO-logger.py-[ line:64 ] - 日志信息:开始执行jsonpath提取：jp_dict-->{'total': '$.select_sale[0].total', 'total_1': '$..total'}
2023-04-21 14:47:40,705-INFO-logger.py-[ line:64 ] - 日志信息:读取测试用例excel文件：D:\apk_api\api-test-project\data\moduleA\test_cases\test_api.xlsx
2023-04-21 14:47:41,395-INFO-logger.py-[ line:64 ] - 日志信息:如下是初始化得到得数据：{'id': 1, 'environment': 'TEST', 'host': 'https://bimdc.bzlrobot.com', 'path': '/bsp/test/user/ugs', 'databases': '{\n "host": "127.0.0.1",\n "port": 3306,\n "database": "mysql_base",\n "user":"root",\n "password":"root1234"\n}', 'sheets': '["安全纯净大屏"]', 'initialize_data': '{\n"{{account}}":"18127813600",\n"{{passwd}}":"KQX89QKceHEpywkR6uQCB+3Ul7PiIdsKGSg2vl54MIy5LpMGs1oQxDHlo9/qTStjMCxaSVL9LD6MINwpz0ArarOfsNQPtOTEVBFtgilESMQhmVXa/7kQo9Z9utfqyXRpv+ewITh2S6+SpQWP6LSt265T5Lx1Dt1NaKcAVG7eaO0=",\n"{{projectId}}":"104966",\n"{{tenant}}":"216317749963825419"\n}', 'run': 'YES'}
2023-04-21 14:47:43,410-INFO-logger.py-[ line:64 ] - 日志信息:开始加载内置方法...
2023-04-21 14:47:43,411-INFO-logger.py-[ line:64 ] - 日志信息:内置方法加载完成
2023-04-21 14:47:43,411-INFO-logger.py-[ line:64 ] - 日志信息:所有用例执行开始...
2023-04-21 14:47:43,491-INFO-logger.py-[ line:64 ] - 日志信息:接口耗时--> 0:00:00.073045
2023-04-21 14:47:43,492-INFO-logger.py-[ line:64 ] - 日志信息:接口状态--> 200
2023-04-21 14:47:43,502-INFO-logger.py-[ line:64 ] - 日志信息:接口响应--> {"code":"0","type":"success","data":{"id":"216820596636304166","userId":"216483504447804297","ibsUserId":7884,"mobile":"18127813600","bspToken":"82a636f26b93cc45efc6b6cb426c1eb1","type":"user","avatar":null,"ncAccount":null,"timestamp":1682059663,"idpTokenId":null,"loginChannel":null,"clientType":null,"name":"陈勇志","btpToken":null,"account":"18127813600","accountType":"C","currentEnvId":null,"currentTenantId":"216317749963825419","currentAppId":"8d1f5bdc9c6648af84a98e2c017846c5","currentProjectId":"104966","currentOrgId":null,"currentMenuId":null,"currentOrgMenuId":null,"currentSelectedTab":"org","currentUrl":"/ibs/newLabor/basicConfig/Index","tenants":[{"id":"1623811301356297657","code":"1623811301356297657","fullName":"广东博嘉拓建筑测试租户","shortName":"广东博嘉拓建筑测试租户","envId":"6296f5e3960c4fdfb9c9357b581c853b","envName":"默认环境","tenantEnvs":null},{"id":"216572673247394736","code":"9C8D5715AAA44D4B8530AB2B7F627E1A","fullName":"安徽腾越建筑工程有限公司","shortName":"安徽腾越建筑工程有限公司","envId":"d1b4f959495f433fb1dd5400a78bce2c","envName":"默认环境","tenantEnvs":null},{"id":"216317749963825419","code":"C2C35D2543B34CA99366D9C76E45D01B","fullName":"沈阳腾越建筑测试租户","shortName":"沈阳腾越建筑测试租户","envId":"c4a70c0a1f5c4aaa83fcd390dcd898c6","envName":"默认环境","tenantEnvs":null},{"id":"216260762345772077","code":"216260762345772077","fullName":"广东腾越建筑工程有限公司","shortName":"广东腾越建筑工程有限公司","envId":"210712034943271000","envName":"默认环境","tenantEnvs":null},{"id":"216328986981406025","code":"TENANT_TEST","fullName":"智慧工地测试租户9","shortName":"智慧工地测试租户9","envId":"e7682a3876a343b483645b0c20da93a3","envName":"默认环境","tenantEnvs":null},{"id":"216365124588606373","code":"TENANT_TEST","fullName":"计划排程自动化测试","shortName":"计划排程自动化测试","envId":"80ce8eb5a7c941f8a6f57b8ecb61ec17","envName":"默认环境","tenantEnvs":null},{"id":"216674624791091228","code":"232E9186B1BE494E966F27BA7CF33AE2","fullName":"cyq测试","shortName":"cyq测试","envId":"ef3f8ed4792f4ef0a5e7d92af394d29c","envName":"默认环境","tenantEnvs":null},{"id":"216687529947792866","code":"9769454E01304245AEE83CE7E99537A8","fullName":"成本总控报表测试租户","shortName":"成本总控报表测试租户","envId":"5125917072884123bf9fe3966ffa4af2","envName":"默认环境","tenantEnvs":null},{"id":"216661417159402453","code":"216661417159402453","fullName":"科技建筑集团","shortName":"科技建筑集团","envId":"b23d88da977e467cb81dd7fb57de97d0","envName":"默认环境","tenantEnvs":null},{"id":"216281557054332425","code":"216281557054332425","fullName":"BIM材料用量计算","shortName":"BIM材料用量计算","envId":"7501c77b0ccd4b4d912451e5f74c1ba7","envName":"默认环境","tenantEnvs":null},{"id":"1320970534539886592","code":"1320970534539886592","fullName":"碧桂园集团","shortName":"碧桂园集团","envId":"1320970534539886592","envName":"默认环境","tenantEnvs":null}],"loginAppDto":null},"msg":null,"succeed":true}
2023-04-21 14:47:43,503-INFO-logger.py-[ line:64 ] - 日志信息:断言结果组：
2023-04-21 14:47:43,504-INFO-logger.py-[ line:64 ] - 日志信息:开始执行jsonpath提取：jp_dict-->{"BSP_TOKEN": "$.data.bspToken", "BSP_USER_TENANT": "$.data.currentTenantId"}
2023-04-21 14:47:43,518-INFO-logger.py-[ line:64 ] - 日志信息:执行方法：get_timestamp(13)
2023-04-21 14:47:43,518-INFO-logger.py-[ line:64 ] - 日志信息:执行方法：get_timestamp(13)
2023-04-21 14:47:43,521-INFO-logger.py-[ line:64 ] - 日志信息:开始执行jsonpath提取：jp_dict-->{"tvSequence": "$..tvSequence"}
2023-04-21 14:47:43,613-INFO-logger.py-[ line:64 ] - 日志信息:接口耗时--> 0:00:00.081714
2023-04-21 14:47:43,614-INFO-logger.py-[ line:64 ] - 日志信息:接口状态--> 200
2023-04-21 14:47:43,616-INFO-logger.py-[ line:64 ] - 日志信息:接口响应--> {"code":200,"success":true,"data":null,"msg":"添加成功"}
2023-04-21 14:47:43,617-INFO-logger.py-[ line:64 ] - 日志信息:正在执行数据提取：提取数据源内容：{'code': 200, 'success': True, 'data': None, 'msg': '添加成功'},<class 'dict'>
2023-04-21 14:47:43,618-INFO-logger.py-[ line:64 ] - 日志信息:正在执行数据提取：提取表达式：code
2023-04-21 14:47:43,618-INFO-logger.py-[ line:64 ] - 日志信息:提取成功，输出变量，提取表达式：code，提取结果：200
2023-04-21 14:47:43,619-INFO-logger.py-[ line:64 ] - 日志信息:正在执行数据提取：提取数据源内容：{'code': 200, 'success': True, 'data': None, 'msg': '添加成功'},<class 'dict'>
2023-04-21 14:47:43,620-INFO-logger.py-[ line:64 ] - 日志信息:正在执行数据提取：提取表达式：msg
2023-04-21 14:47:43,620-INFO-logger.py-[ line:64 ] - 日志信息:提取成功，输出变量，提取表达式：msg，提取结果：添加成功
2023-04-21 14:47:43,621-INFO-logger.py-[ line:64 ] - 日志信息:断言结果组：('PASS', [])
2023-04-21 14:47:43,622-INFO-logger.py-[ line:64 ] - 日志信息:执行方法：get_timestamp(13)
2023-04-21 14:47:43,622-INFO-logger.py-[ line:64 ] - 日志信息:执行方法：get_timestamp(13)
2023-04-21 14:47:43,625-INFO-logger.py-[ line:64 ] - 日志信息:被提取对象非字典、非字符串、非列表，不执行jsonpath提取，被提取对象: None
2023-04-21 14:47:43,684-INFO-logger.py-[ line:64 ] - 日志信息:接口耗时--> 0:00:00.055866
2023-04-21 14:47:43,685-INFO-logger.py-[ line:64 ] - 日志信息:接口状态--> 200
2023-04-21 14:47:43,685-INFO-logger.py-[ line:64 ] - 日志信息:接口响应--> {"code":200,"success":true,"data":{"id":"1637650408413749249","projectId":"104966","shortInfo":"博智林提醒您：一切不能保证安全、质量的施工都要停工！进入工地，请佩戴安全帽，穿着反光衣，文明作业！","qrCode":"https://ibs-test.bzlrobot.com/api/ibs-file/document/get/MjAyMS0xMC0xOCxQSE9UT18yMDIxMTAxOF8wOTMxMDExMDIuanBnLDA0ZGQxOWU5YzA3MjQ0YjE5OTIwNzZjOTUxNzY4YzQ1","manageDeparts":[]},"msg":"操作成功"}
2023-04-21 14:47:43,686-INFO-logger.py-[ line:64 ] - 日志信息:正在执行数据提取：提取数据源内容：{'code': 200, 'success': True, 'data': {'id': '1637650408413749249', 'projectId': '104966', 'shortInfo': '博智林提醒您：一切不能保证安全、质量的施工都要停工！进入工地，请佩戴安全帽，穿着反光衣，文明作业！', 'qrCode': 'https://ibs-test.bzlrobot.com/api/ibs-file/document/get/MjAyMS0xMC0xOCxQSE9UT18yMDIxMTAxOF8wOTMxMDExMDIuanBnLDA0ZGQxOWU5YzA3MjQ0YjE5OTIwNzZjOTUxNzY4YzQ1', 'manageDeparts': []}, 'msg': '操作成功'},<class 'dict'>
2023-04-21 14:47:43,686-INFO-logger.py-[ line:64 ] - 日志信息:正在执行数据提取：提取表达式：data[0].tvSequence
2023-04-21 14:47:43,688-INFO-logger.py-[ line:64 ] - 日志信息:断言结果组：('FAIL', [{'检查项': 'data[0].tvSequence', '期望值': 'qCGwFoLIfDrFRkmQCevt', '实际值': [], '断言方法': 'contained_by:实际值被包含在期望值中'}])
2023-04-21 14:54:19,428-INFO-logger.py-[ line:64 ] - 日志信息:开始执行jsonpath提取：jp_dict-->{'total': '$.select_sale[0].total', 'total_1': '$..total'}
2023-04-21 14:58:37,218-INFO-logger.py-[ line:64 ] - 日志信息:开始执行jsonpath提取：jp_dict-->{'total': '$.select_sale[0].total', 'total_1': '$..total'}
2023-04-21 15:00:55,051-INFO-logger.py-[ line:64 ] - 日志信息:开始执行jsonpath提取：jp_dict-->{'total': '$.select_sale[0].total', 'total_1': '$..total'}
2023-04-21 15:01:03,429-INFO-logger.py-[ line:64 ] - 日志信息:读取测试用例excel文件：D:\apk_api\api-test-project\data\moduleA\test_cases\test_api.xlsx
2023-04-21 15:01:04,084-INFO-logger.py-[ line:64 ] - 日志信息:如下是初始化得到得数据：{'id': 1, 'environment': 'TEST', 'host': 'https://bimdc.bzlrobot.com', 'path': '/bsp/test/user/ugs', 'databases': '{\n "host": "127.0.0.1",\n "port": 3306,\n "database": "mysql_base",\n "user":"root",\n "password":"root1234"\n}', 'sheets': '["安全纯净大屏"]', 'initialize_data': '{\n"{{account}}":"18127813600",\n"{{passwd}}":"KQX89QKceHEpywkR6uQCB+3Ul7PiIdsKGSg2vl54MIy5LpMGs1oQxDHlo9/qTStjMCxaSVL9LD6MINwpz0ArarOfsNQPtOTEVBFtgilESMQhmVXa/7kQo9Z9utfqyXRpv+ewITh2S6+SpQWP6LSt265T5Lx1Dt1NaKcAVG7eaO0=",\n"{{projectId}}":"104966",\n"{{tenant}}":"216317749963825419"\n}', 'run': 'YES'}
2023-04-21 15:01:06,101-INFO-logger.py-[ line:64 ] - 日志信息:开始加载内置方法...
2023-04-21 15:01:06,102-INFO-logger.py-[ line:64 ] - 日志信息:内置方法加载完成
2023-04-21 15:01:06,102-INFO-logger.py-[ line:64 ] - 日志信息:所有用例执行开始...
2023-04-21 15:01:06,183-INFO-logger.py-[ line:64 ] - 日志信息:接口耗时--> 0:00:00.072715
2023-04-21 15:01:06,184-INFO-logger.py-[ line:64 ] - 日志信息:接口状态--> 200
2023-04-21 15:01:06,202-INFO-logger.py-[ line:64 ] - 日志信息:接口响应--> {"code":"0","type":"success","data":{"id":"216820604663316233","userId":"216483504447804297","ibsUserId":7884,"mobile":"18127813600","bspToken":"d634062a844e744379fb05f81a8d68ae","type":"user","avatar":null,"ncAccount":null,"timestamp":1682060466,"idpTokenId":null,"loginChannel":null,"clientType":null,"name":"陈勇志","btpToken":null,"account":"18127813600","accountType":"C","currentEnvId":null,"currentTenantId":"216317749963825419","currentAppId":"8d1f5bdc9c6648af84a98e2c017846c5","currentProjectId":"104966","currentOrgId":null,"currentMenuId":null,"currentOrgMenuId":null,"currentSelectedTab":"org","currentUrl":"/ibs/newLabor/basicConfig/Index","tenants":[{"id":"1623811301356297657","code":"1623811301356297657","fullName":"广东博嘉拓建筑测试租户","shortName":"广东博嘉拓建筑测试租户","envId":"6296f5e3960c4fdfb9c9357b581c853b","envName":"默认环境","tenantEnvs":null},{"id":"216572673247394736","code":"9C8D5715AAA44D4B8530AB2B7F627E1A","fullName":"安徽腾越建筑工程有限公司","shortName":"安徽腾越建筑工程有限公司","envId":"d1b4f959495f433fb1dd5400a78bce2c","envName":"默认环境","tenantEnvs":null},{"id":"216317749963825419","code":"C2C35D2543B34CA99366D9C76E45D01B","fullName":"沈阳腾越建筑测试租户","shortName":"沈阳腾越建筑测试租户","envId":"c4a70c0a1f5c4aaa83fcd390dcd898c6","envName":"默认环境","tenantEnvs":null},{"id":"216260762345772077","code":"216260762345772077","fullName":"广东腾越建筑工程有限公司","shortName":"广东腾越建筑工程有限公司","envId":"210712034943271000","envName":"默认环境","tenantEnvs":null},{"id":"216328986981406025","code":"TENANT_TEST","fullName":"智慧工地测试租户9","shortName":"智慧工地测试租户9","envId":"e7682a3876a343b483645b0c20da93a3","envName":"默认环境","tenantEnvs":null},{"id":"216365124588606373","code":"TENANT_TEST","fullName":"计划排程自动化测试","shortName":"计划排程自动化测试","envId":"80ce8eb5a7c941f8a6f57b8ecb61ec17","envName":"默认环境","tenantEnvs":null},{"id":"216674624791091228","code":"232E9186B1BE494E966F27BA7CF33AE2","fullName":"cyq测试","shortName":"cyq测试","envId":"ef3f8ed4792f4ef0a5e7d92af394d29c","envName":"默认环境","tenantEnvs":null},{"id":"216687529947792866","code":"9769454E01304245AEE83CE7E99537A8","fullName":"成本总控报表测试租户","shortName":"成本总控报表测试租户","envId":"5125917072884123bf9fe3966ffa4af2","envName":"默认环境","tenantEnvs":null},{"id":"216661417159402453","code":"216661417159402453","fullName":"科技建筑集团","shortName":"科技建筑集团","envId":"b23d88da977e467cb81dd7fb57de97d0","envName":"默认环境","tenantEnvs":null},{"id":"216281557054332425","code":"216281557054332425","fullName":"BIM材料用量计算","shortName":"BIM材料用量计算","envId":"7501c77b0ccd4b4d912451e5f74c1ba7","envName":"默认环境","tenantEnvs":null},{"id":"1320970534539886592","code":"1320970534539886592","fullName":"碧桂园集团","shortName":"碧桂园集团","envId":"1320970534539886592","envName":"默认环境","tenantEnvs":null}],"loginAppDto":null},"msg":null,"succeed":true}
2023-04-21 15:01:06,203-INFO-logger.py-[ line:64 ] - 日志信息:断言结果组：
2023-04-21 15:01:06,204-INFO-logger.py-[ line:64 ] - 日志信息:开始执行jsonpath提取：jp_dict-->{"BSP_TOKEN": "$.data.bspToken", "BSP_USER_TENANT": "$.data.currentTenantId"}
2023-04-21 15:01:06,221-INFO-logger.py-[ line:64 ] - 日志信息:执行方法：get_timestamp(13)
2023-04-21 15:01:06,222-INFO-logger.py-[ line:64 ] - 日志信息:执行方法：get_timestamp(13)
2023-04-21 15:01:06,225-INFO-logger.py-[ line:64 ] - 日志信息:开始执行jsonpath提取：jp_dict-->{"tvSequence": "$..tvSequence"}
2023-04-21 15:01:06,310-INFO-logger.py-[ line:64 ] - 日志信息:接口耗时--> 0:00:00.075508
2023-04-21 15:01:06,311-INFO-logger.py-[ line:64 ] - 日志信息:接口状态--> 200
2023-04-21 15:01:06,312-INFO-logger.py-[ line:64 ] - 日志信息:接口响应--> {"code":200,"success":true,"data":null,"msg":"添加成功"}
2023-04-21 15:01:06,312-INFO-logger.py-[ line:64 ] - 日志信息:正在执行数据提取：提取数据源内容：{'code': 200, 'success': True, 'data': None, 'msg': '添加成功'},<class 'dict'>
2023-04-21 15:01:06,313-INFO-logger.py-[ line:64 ] - 日志信息:正在执行数据提取：提取表达式：code
2023-04-21 15:01:06,314-INFO-logger.py-[ line:64 ] - 日志信息:提取成功，输出变量，提取表达式：code，提取结果：200
2023-04-21 15:01:06,314-INFO-logger.py-[ line:64 ] - 日志信息:正在执行数据提取：提取数据源内容：{'code': 200, 'success': True, 'data': None, 'msg': '添加成功'},<class 'dict'>
2023-04-21 15:01:06,315-INFO-logger.py-[ line:64 ] - 日志信息:正在执行数据提取：提取表达式：msg
2023-04-21 15:01:06,315-INFO-logger.py-[ line:64 ] - 日志信息:提取成功，输出变量，提取表达式：msg，提取结果：添加成功
2023-04-21 15:01:06,316-INFO-logger.py-[ line:64 ] - 日志信息:断言结果组：('PASS', [])
2023-04-21 15:01:06,316-INFO-logger.py-[ line:64 ] - 日志信息:执行方法：get_timestamp(13)
2023-04-21 15:01:06,317-INFO-logger.py-[ line:64 ] - 日志信息:执行方法：get_timestamp(13)
2023-04-21 15:01:06,320-INFO-logger.py-[ line:64 ] - 日志信息:被提取对象非字典、非字符串、非列表，不执行jsonpath提取，被提取对象: None
2023-04-21 15:01:06,370-INFO-logger.py-[ line:64 ] - 日志信息:接口耗时--> 0:00:00.046885
2023-04-21 15:01:06,370-INFO-logger.py-[ line:64 ] - 日志信息:接口状态--> 200
2023-04-21 15:01:06,371-INFO-logger.py-[ line:64 ] - 日志信息:接口响应--> {"code":200,"success":true,"data":{"id":"1637650408413749249","projectId":"104966","shortInfo":"博智林提醒您：一切不能保证安全、质量的施工都要停工！进入工地，请佩戴安全帽，穿着反光衣，文明作业！","qrCode":"https://ibs-test.bzlrobot.com/api/ibs-file/document/get/MjAyMS0xMC0xOCxQSE9UT18yMDIxMTAxOF8wOTMxMDExMDIuanBnLDA0ZGQxOWU5YzA3MjQ0YjE5OTIwNzZjOTUxNzY4YzQ1","manageDeparts":[]},"msg":"操作成功"}
2023-04-21 15:01:06,371-INFO-logger.py-[ line:64 ] - 日志信息:正在执行数据提取：提取数据源内容：{'code': 200, 'success': True, 'data': {'id': '1637650408413749249', 'projectId': '104966', 'shortInfo': '博智林提醒您：一切不能保证安全、质量的施工都要停工！进入工地，请佩戴安全帽，穿着反光衣，文明作业！', 'qrCode': 'https://ibs-test.bzlrobot.com/api/ibs-file/document/get/MjAyMS0xMC0xOCxQSE9UT18yMDIxMTAxOF8wOTMxMDExMDIuanBnLDA0ZGQxOWU5YzA3MjQ0YjE5OTIwNzZjOTUxNzY4YzQ1', 'manageDeparts': []}, 'msg': '操作成功'},<class 'dict'>
2023-04-21 15:01:06,372-INFO-logger.py-[ line:64 ] - 日志信息:正在执行数据提取：提取表达式：data[0].tvSequence
2023-04-21 15:01:06,373-INFO-logger.py-[ line:64 ] - 日志信息:断言结果组：('FAIL', [{'检查项': 'data[0].tvSequence', '期望值': 'qbMPKWRzvNJTxTvdZdtF', '实际值': [], '断言方法': 'contained_by:实际值被包含在期望值中'}])
2023-04-21 15:03:51,115-INFO-logger.py-[ line:64 ] - 日志信息:读取测试用例excel文件：D:\apk_api\api-test-project\data\moduleA\test_cases\test_api.xlsx
2023-04-21 15:03:51,774-INFO-logger.py-[ line:64 ] - 日志信息:如下是初始化得到得数据：{'id': 1, 'environment': 'TEST', 'host': 'https://bimdc.bzlrobot.com', 'path': '/bsp/test/user/ugs', 'databases': '{\n "host": "127.0.0.1",\n "port": 3306,\n "database": "mysql_base",\n "user":"root",\n "password":"root1234"\n}', 'sheets': '["安全纯净大屏"]', 'initialize_data': '{\n"{{account}}":"18127813600",\n"{{passwd}}":"KQX89QKceHEpywkR6uQCB+3Ul7PiIdsKGSg2vl54MIy5LpMGs1oQxDHlo9/qTStjMCxaSVL9LD6MINwpz0ArarOfsNQPtOTEVBFtgilESMQhmVXa/7kQo9Z9utfqyXRpv+ewITh2S6+SpQWP6LSt265T5Lx1Dt1NaKcAVG7eaO0=",\n"{{projectId}}":"104966",\n"{{tenant}}":"216317749963825419"\n}', 'run': 'YES'}
2023-04-21 15:03:53,795-INFO-logger.py-[ line:64 ] - 日志信息:开始加载内置方法...
2023-04-21 15:03:53,796-INFO-logger.py-[ line:64 ] - 日志信息:内置方法加载完成
2023-04-21 15:03:53,796-INFO-logger.py-[ line:64 ] - 日志信息:所有用例执行开始...
2023-04-21 15:03:53,799-INFO-logger.py-[ line:64 ] - 日志信息:请求 URL --> /auth/loginByNotBip
2023-04-21 15:03:53,799-INFO-logger.py-[ line:64 ] - 日志信息:请求 HEADERS --> {'Content-Type': 'application/json'}
2023-04-21 15:03:53,800-INFO-logger.py-[ line:64 ] - 日志信息:请求 BODY --> {'account': '18127813600', 'password': 'KQX89QKceHEpywkR6uQCB+3Ul7PiIdsKGSg2vl54MIy5LpMGs1oQxDHlo9/qTStjMCxaSVL9LD6MINwpz0ArarOfsNQPtOTEVBFtgilESMQhmVXa/7kQo9Z9utfqyXRpv+ewITh2S6+SpQWP6LSt265T5Lx1Dt1NaKcAVG7eaO0='}
2023-04-21 15:03:53,868-INFO-logger.py-[ line:64 ] - 日志信息:接口耗时--> 0:00:00.061088
2023-04-21 15:03:53,871-INFO-logger.py-[ line:64 ] - 日志信息:接口状态--> 200
2023-04-21 15:03:53,893-INFO-logger.py-[ line:64 ] - 日志信息:接口响应--> {"code":"0","type":"success","data":{"id":"216820606340152501","userId":"216483504447804297","ibsUserId":7884,"mobile":"18127813600","bspToken":"fe90c523a14d08a3f9de27cb95aaa213","type":"user","avatar":null,"ncAccount":null,"timestamp":1682060634,"idpTokenId":null,"loginChannel":null,"clientType":null,"name":"陈勇志","btpToken":null,"account":"18127813600","accountType":"C","currentEnvId":null,"currentTenantId":"216317749963825419","currentAppId":"8d1f5bdc9c6648af84a98e2c017846c5","currentProjectId":"104966","currentOrgId":null,"currentMenuId":null,"currentOrgMenuId":null,"currentSelectedTab":"org","currentUrl":"/ibs/newLabor/basicConfig/Index","tenants":[{"id":"1623811301356297657","code":"1623811301356297657","fullName":"广东博嘉拓建筑测试租户","shortName":"广东博嘉拓建筑测试租户","envId":"6296f5e3960c4fdfb9c9357b581c853b","envName":"默认环境","tenantEnvs":null},{"id":"216572673247394736","code":"9C8D5715AAA44D4B8530AB2B7F627E1A","fullName":"安徽腾越建筑工程有限公司","shortName":"安徽腾越建筑工程有限公司","envId":"d1b4f959495f433fb1dd5400a78bce2c","envName":"默认环境","tenantEnvs":null},{"id":"216317749963825419","code":"C2C35D2543B34CA99366D9C76E45D01B","fullName":"沈阳腾越建筑测试租户","shortName":"沈阳腾越建筑测试租户","envId":"c4a70c0a1f5c4aaa83fcd390dcd898c6","envName":"默认环境","tenantEnvs":null},{"id":"216260762345772077","code":"216260762345772077","fullName":"广东腾越建筑工程有限公司","shortName":"广东腾越建筑工程有限公司","envId":"210712034943271000","envName":"默认环境","tenantEnvs":null},{"id":"216328986981406025","code":"TENANT_TEST","fullName":"智慧工地测试租户9","shortName":"智慧工地测试租户9","envId":"e7682a3876a343b483645b0c20da93a3","envName":"默认环境","tenantEnvs":null},{"id":"216365124588606373","code":"TENANT_TEST","fullName":"计划排程自动化测试","shortName":"计划排程自动化测试","envId":"80ce8eb5a7c941f8a6f57b8ecb61ec17","envName":"默认环境","tenantEnvs":null},{"id":"216674624791091228","code":"232E9186B1BE494E966F27BA7CF33AE2","fullName":"cyq测试","shortName":"cyq测试","envId":"ef3f8ed4792f4ef0a5e7d92af394d29c","envName":"默认环境","tenantEnvs":null},{"id":"216687529947792866","code":"9769454E01304245AEE83CE7E99537A8","fullName":"成本总控报表测试租户","shortName":"成本总控报表测试租户","envId":"5125917072884123bf9fe3966ffa4af2","envName":"默认环境","tenantEnvs":null},{"id":"216661417159402453","code":"216661417159402453","fullName":"科技建筑集团","shortName":"科技建筑集团","envId":"b23d88da977e467cb81dd7fb57de97d0","envName":"默认环境","tenantEnvs":null},{"id":"216281557054332425","code":"216281557054332425","fullName":"BIM材料用量计算","shortName":"BIM材料用量计算","envId":"7501c77b0ccd4b4d912451e5f74c1ba7","envName":"默认环境","tenantEnvs":null},{"id":"1320970534539886592","code":"1320970534539886592","fullName":"碧桂园集团","shortName":"碧桂园集团","envId":"1320970534539886592","envName":"默认环境","tenantEnvs":null}],"loginAppDto":null},"msg":null,"succeed":true}
2023-04-21 15:03:53,894-INFO-logger.py-[ line:64 ] - 日志信息:断言结果组：
2023-04-21 15:03:53,894-INFO-logger.py-[ line:64 ] - 日志信息:开始执行jsonpath提取：jp_dict-->{"BSP_TOKEN": "$.data.bspToken", "BSP_USER_TENANT": "$.data.currentTenantId"}
2023-04-21 15:03:53,909-INFO-logger.py-[ line:64 ] - 日志信息:执行方法：get_timestamp(13)
2023-04-21 15:03:53,910-INFO-logger.py-[ line:64 ] - 日志信息:执行方法：get_timestamp(13)
2023-04-21 15:03:53,913-INFO-logger.py-[ line:64 ] - 日志信息:开始执行jsonpath提取：jp_dict-->{"tvSequence": "$..tvSequence"}
2023-04-21 15:03:53,919-INFO-logger.py-[ line:64 ] - 日志信息:请求 URL --> /ibs/api/ibs-lms-base/tvConfig/addTvSequence?t=1682060633909
2023-04-21 15:03:53,919-INFO-logger.py-[ line:64 ] - 日志信息:请求 HEADERS --> {'Content-Type': 'application/json;charset=utf-8', 'BSP_TOKEN': 'fe90c523a14d08a3f9de27cb95aaa213', 'BSP_USER_TENANT': '216317749963825419'}
2023-04-21 15:03:53,920-INFO-logger.py-[ line:64 ] - 日志信息:请求 BODY --> {'projectId': '104966', 'tvSequence': 'uTOVCgGHsIsVFZPJXyDh'}
2023-04-21 15:03:53,981-INFO-logger.py-[ line:64 ] - 日志信息:接口耗时--> 0:00:00.060005
2023-04-21 15:03:53,982-INFO-logger.py-[ line:64 ] - 日志信息:接口状态--> 200
2023-04-21 15:03:53,982-INFO-logger.py-[ line:64 ] - 日志信息:接口响应--> {"code":200,"success":true,"data":null,"msg":"添加成功"}
2023-04-21 15:03:53,983-INFO-logger.py-[ line:64 ] - 日志信息:正在执行数据提取：提取数据源内容：{'code': 200, 'success': True, 'data': None, 'msg': '添加成功'},<class 'dict'>
2023-04-21 15:03:53,984-INFO-logger.py-[ line:64 ] - 日志信息:正在执行数据提取：提取表达式：code
2023-04-21 15:03:53,984-INFO-logger.py-[ line:64 ] - 日志信息:提取成功，输出变量，提取表达式：code，提取结果：200
2023-04-21 15:03:53,985-INFO-logger.py-[ line:64 ] - 日志信息:正在执行数据提取：提取数据源内容：{'code': 200, 'success': True, 'data': None, 'msg': '添加成功'},<class 'dict'>
2023-04-21 15:03:53,985-INFO-logger.py-[ line:64 ] - 日志信息:正在执行数据提取：提取表达式：msg
2023-04-21 15:03:53,986-INFO-logger.py-[ line:64 ] - 日志信息:提取成功，输出变量，提取表达式：msg，提取结果：添加成功
2023-04-21 15:03:53,986-INFO-logger.py-[ line:64 ] - 日志信息:断言结果组：('PASS', [])
2023-04-21 15:03:53,987-INFO-logger.py-[ line:64 ] - 日志信息:执行方法：get_timestamp(13)
2023-04-21 15:03:53,987-INFO-logger.py-[ line:64 ] - 日志信息:执行方法：get_timestamp(13)
2023-04-21 15:03:53,990-INFO-logger.py-[ line:64 ] - 日志信息:被提取对象非字典、非字符串、非列表，不执行jsonpath提取，被提取对象: None
2023-04-21 15:03:53,991-INFO-logger.py-[ line:64 ] - 日志信息:请求 URL --> /ibs/api/ibs-lms-base/tvConfig/getTvInfo?t=1682060633987&projectId=104966
2023-04-21 15:03:53,992-INFO-logger.py-[ line:64 ] - 日志信息:请求 HEADERS --> {'Content-Type': 'application/json;charset=utf-8', 'BSP_TOKEN': 'fe90c523a14d08a3f9de27cb95aaa213', 'BSP_USER_TENANT': '216317749963825419'}
2023-04-21 15:03:53,992-INFO-logger.py-[ line:64 ] - 日志信息:请求 BODY --> None
2023-04-21 15:03:54,028-INFO-logger.py-[ line:64 ] - 日志信息:接口耗时--> 0:00:00.033952
2023-04-21 15:03:54,029-INFO-logger.py-[ line:64 ] - 日志信息:接口状态--> 200
2023-04-21 15:03:54,029-INFO-logger.py-[ line:64 ] - 日志信息:接口响应--> {"code":200,"success":true,"data":{"id":"1637650408413749249","projectId":"104966","shortInfo":"博智林提醒您：一切不能保证安全、质量的施工都要停工！进入工地，请佩戴安全帽，穿着反光衣，文明作业！","qrCode":"https://ibs-test.bzlrobot.com/api/ibs-file/document/get/MjAyMS0xMC0xOCxQSE9UT18yMDIxMTAxOF8wOTMxMDExMDIuanBnLDA0ZGQxOWU5YzA3MjQ0YjE5OTIwNzZjOTUxNzY4YzQ1","manageDeparts":[]},"msg":"操作成功"}
2023-04-21 15:03:54,030-INFO-logger.py-[ line:64 ] - 日志信息:正在执行数据提取：提取数据源内容：{'code': 200, 'success': True, 'data': {'id': '1637650408413749249', 'projectId': '104966', 'shortInfo': '博智林提醒您：一切不能保证安全、质量的施工都要停工！进入工地，请佩戴安全帽，穿着反光衣，文明作业！', 'qrCode': 'https://ibs-test.bzlrobot.com/api/ibs-file/document/get/MjAyMS0xMC0xOCxQSE9UT18yMDIxMTAxOF8wOTMxMDExMDIuanBnLDA0ZGQxOWU5YzA3MjQ0YjE5OTIwNzZjOTUxNzY4YzQ1', 'manageDeparts': []}, 'msg': '操作成功'},<class 'dict'>
2023-04-21 15:03:54,030-INFO-logger.py-[ line:64 ] - 日志信息:正在执行数据提取：提取表达式：data[0].tvSequence
2023-04-21 15:03:54,032-INFO-logger.py-[ line:64 ] - 日志信息:断言结果组：('FAIL', [{'检查项': 'data[0].tvSequence', '期望值': 'uTOVCgGHsIsVFZPJXyDh', '实际值': [], '断言方法': 'contained_by:实际值被包含在期望值中'}])
2023-04-21 15:06:07,708-INFO-logger.py-[ line:64 ] - 日志信息:读取测试用例excel文件：D:\apk_api\api-test-project\data\moduleA\test_cases\test_api.xlsx
2023-04-21 15:06:08,339-INFO-logger.py-[ line:64 ] - 日志信息:如下是初始化得到得数据：{'id': 1, 'environment': 'TEST', 'host': 'https://bimdc.bzlrobot.com', 'path': '/bsp/test/user/ugs', 'databases': '{\n "host": "127.0.0.1",\n "port": 3306,\n "database": "mysql_base",\n "user":"root",\n "password":"root1234"\n}', 'sheets': '["安全纯净大屏"]', 'initialize_data': '{\n"{{account}}":"18127813600",\n"{{passwd}}":"KQX89QKceHEpywkR6uQCB+3Ul7PiIdsKGSg2vl54MIy5LpMGs1oQxDHlo9/qTStjMCxaSVL9LD6MINwpz0ArarOfsNQPtOTEVBFtgilESMQhmVXa/7kQo9Z9utfqyXRpv+ewITh2S6+SpQWP6LSt265T5Lx1Dt1NaKcAVG7eaO0=",\n"{{projectId}}":"104966",\n"{{tenant}}":"216317749963825419"\n}', 'run': 'YES'}
2023-04-21 15:06:10,367-INFO-logger.py-[ line:64 ] - 日志信息:开始加载内置方法...
2023-04-21 15:06:10,368-INFO-logger.py-[ line:64 ] - 日志信息:内置方法加载完成
2023-04-21 15:06:10,368-INFO-logger.py-[ line:64 ] - 日志信息:所有用例执行开始...
2023-04-21 15:06:10,369-INFO-logger.py-[ line:64 ] - 日志信息:请求 URL --> /auth/loginByNotBip
2023-04-21 15:06:10,370-INFO-logger.py-[ line:64 ] - 日志信息:请求 HEADERS --> {'Content-Type': 'application/json'}
2023-04-21 15:06:10,370-INFO-logger.py-[ line:64 ] - 日志信息:请求 BODY --> {'account': '18127813600', 'password': 'KQX89QKceHEpywkR6uQCB+3Ul7PiIdsKGSg2vl54MIy5LpMGs1oQxDHlo9/qTStjMCxaSVL9LD6MINwpz0ArarOfsNQPtOTEVBFtgilESMQhmVXa/7kQo9Z9utfqyXRpv+ewITh2S6+SpQWP6LSt265T5Lx1Dt1NaKcAVG7eaO0='}
2023-04-21 15:06:10,444-INFO-logger.py-[ line:64 ] - 日志信息:接口耗时--> 【0:00:00.069470】
2023-04-21 15:06:10,445-INFO-logger.py-[ line:64 ] - 日志信息:接口状态--> 【200】
2023-04-21 15:06:10,454-INFO-logger.py-[ line:64 ] - 日志信息:接口响应--> {"code":"0","type":"success","data":{"id":"216820607705955155","userId":"216483504447804297","ibsUserId":7884,"mobile":"18127813600","bspToken":"b2629b0d1703b720a75017f9f4ad3db2","type":"user","avatar":null,"ncAccount":null,"timestamp":1682060770,"idpTokenId":null,"loginChannel":null,"clientType":null,"name":"陈勇志","btpToken":null,"account":"18127813600","accountType":"C","currentEnvId":null,"currentTenantId":"216317749963825419","currentAppId":"8d1f5bdc9c6648af84a98e2c017846c5","currentProjectId":"104966","currentOrgId":null,"currentMenuId":null,"currentOrgMenuId":null,"currentSelectedTab":"org","currentUrl":"/ibs/newLabor/basicConfig/Index","tenants":[{"id":"1623811301356297657","code":"1623811301356297657","fullName":"广东博嘉拓建筑测试租户","shortName":"广东博嘉拓建筑测试租户","envId":"6296f5e3960c4fdfb9c9357b581c853b","envName":"默认环境","tenantEnvs":null},{"id":"216572673247394736","code":"9C8D5715AAA44D4B8530AB2B7F627E1A","fullName":"安徽腾越建筑工程有限公司","shortName":"安徽腾越建筑工程有限公司","envId":"d1b4f959495f433fb1dd5400a78bce2c","envName":"默认环境","tenantEnvs":null},{"id":"216317749963825419","code":"C2C35D2543B34CA99366D9C76E45D01B","fullName":"沈阳腾越建筑测试租户","shortName":"沈阳腾越建筑测试租户","envId":"c4a70c0a1f5c4aaa83fcd390dcd898c6","envName":"默认环境","tenantEnvs":null},{"id":"216260762345772077","code":"216260762345772077","fullName":"广东腾越建筑工程有限公司","shortName":"广东腾越建筑工程有限公司","envId":"210712034943271000","envName":"默认环境","tenantEnvs":null},{"id":"216328986981406025","code":"TENANT_TEST","fullName":"智慧工地测试租户9","shortName":"智慧工地测试租户9","envId":"e7682a3876a343b483645b0c20da93a3","envName":"默认环境","tenantEnvs":null},{"id":"216365124588606373","code":"TENANT_TEST","fullName":"计划排程自动化测试","shortName":"计划排程自动化测试","envId":"80ce8eb5a7c941f8a6f57b8ecb61ec17","envName":"默认环境","tenantEnvs":null},{"id":"216674624791091228","code":"232E9186B1BE494E966F27BA7CF33AE2","fullName":"cyq测试","shortName":"cyq测试","envId":"ef3f8ed4792f4ef0a5e7d92af394d29c","envName":"默认环境","tenantEnvs":null},{"id":"216687529947792866","code":"9769454E01304245AEE83CE7E99537A8","fullName":"成本总控报表测试租户","shortName":"成本总控报表测试租户","envId":"5125917072884123bf9fe3966ffa4af2","envName":"默认环境","tenantEnvs":null},{"id":"216661417159402453","code":"216661417159402453","fullName":"科技建筑集团","shortName":"科技建筑集团","envId":"b23d88da977e467cb81dd7fb57de97d0","envName":"默认环境","tenantEnvs":null},{"id":"216281557054332425","code":"216281557054332425","fullName":"BIM材料用量计算","shortName":"BIM材料用量计算","envId":"7501c77b0ccd4b4d912451e5f74c1ba7","envName":"默认环境","tenantEnvs":null},{"id":"1320970534539886592","code":"1320970534539886592","fullName":"碧桂园集团","shortName":"碧桂园集团","envId":"1320970534539886592","envName":"默认环境","tenantEnvs":null}],"loginAppDto":null},"msg":null,"succeed":true}
2023-04-21 15:06:10,455-INFO-logger.py-[ line:64 ] - 日志信息:断言结果组：
2023-04-21 15:06:10,468-INFO-logger.py-[ line:64 ] - 日志信息:执行方法：get_timestamp(13)
2023-04-21 15:06:10,474-INFO-logger.py-[ line:64 ] - 日志信息:请求 URL --> /ibs/api/ibs-lms-base/tvConfig/addTvSequence?t=1682060770468
2023-04-21 15:06:10,475-INFO-logger.py-[ line:64 ] - 日志信息:请求 HEADERS --> {'Content-Type': 'application/json;charset=utf-8', 'BSP_TOKEN': 'b2629b0d1703b720a75017f9f4ad3db2', 'BSP_USER_TENANT': '216317749963825419'}
2023-04-21 15:06:10,475-INFO-logger.py-[ line:64 ] - 日志信息:请求 BODY --> {'projectId': '104966', 'tvSequence': 'deZbSAtwRBlSrCEdwDWm'}
2023-04-21 15:06:10,550-INFO-logger.py-[ line:64 ] - 日志信息:接口耗时--> 【0:00:00.072364】
2023-04-21 15:06:10,551-INFO-logger.py-[ line:64 ] - 日志信息:接口状态--> 【200】
2023-04-21 15:06:10,551-INFO-logger.py-[ line:64 ] - 日志信息:接口响应--> {"code":200,"success":true,"data":null,"msg":"添加成功"}
2023-04-21 15:06:10,552-INFO-logger.py-[ line:64 ] - 日志信息:正在执行数据提取：提取数据源内容：{'code': 200, 'success': True, 'data': None, 'msg': '添加成功'},<class 'dict'>
2023-04-21 15:06:10,553-INFO-logger.py-[ line:64 ] - 日志信息:正在执行数据提取：提取表达式：code
2023-04-21 15:06:10,553-INFO-logger.py-[ line:64 ] - 日志信息:提取成功，输出变量，提取表达式：code，提取结果：200
2023-04-21 15:06:10,554-INFO-logger.py-[ line:64 ] - 日志信息:正在执行数据提取：提取数据源内容：{'code': 200, 'success': True, 'data': None, 'msg': '添加成功'},<class 'dict'>
2023-04-21 15:06:10,555-INFO-logger.py-[ line:64 ] - 日志信息:正在执行数据提取：提取表达式：msg
2023-04-21 15:06:10,555-INFO-logger.py-[ line:64 ] - 日志信息:提取成功，输出变量，提取表达式：msg，提取结果：添加成功
2023-04-21 15:06:10,556-INFO-logger.py-[ line:64 ] - 日志信息:断言结果组：('PASS', [])
2023-04-21 15:06:10,556-INFO-logger.py-[ line:64 ] - 日志信息:执行方法：get_timestamp(13)
2023-04-21 15:06:10,557-INFO-logger.py-[ line:64 ] - 日志信息:被提取对象非字典、非字符串、非列表，不执行jsonpath提取，被提取对象: None
2023-04-21 15:06:10,557-INFO-logger.py-[ line:64 ] - 日志信息:请求 URL --> /ibs/api/ibs-lms-base/tvConfig/getTvInfo?t=1682060770556&projectId=104966
2023-04-21 15:06:10,558-INFO-logger.py-[ line:64 ] - 日志信息:请求 HEADERS --> {'Content-Type': 'application/json;charset=utf-8', 'BSP_TOKEN': 'b2629b0d1703b720a75017f9f4ad3db2', 'BSP_USER_TENANT': '216317749963825419'}
2023-04-21 15:06:10,558-INFO-logger.py-[ line:64 ] - 日志信息:请求 BODY --> None
2023-04-21 15:06:10,596-INFO-logger.py-[ line:64 ] - 日志信息:接口耗时--> 【0:00:00.034367】
2023-04-21 15:06:10,596-INFO-logger.py-[ line:64 ] - 日志信息:接口状态--> 【200】
2023-04-21 15:06:10,597-INFO-logger.py-[ line:64 ] - 日志信息:接口响应--> {"code":200,"success":true,"data":{"id":"1637650408413749249","projectId":"104966","shortInfo":"博智林提醒您：一切不能保证安全、质量的施工都要停工！进入工地，请佩戴安全帽，穿着反光衣，文明作业！","qrCode":"https://ibs-test.bzlrobot.com/api/ibs-file/document/get/MjAyMS0xMC0xOCxQSE9UT18yMDIxMTAxOF8wOTMxMDExMDIuanBnLDA0ZGQxOWU5YzA3MjQ0YjE5OTIwNzZjOTUxNzY4YzQ1","manageDeparts":[]},"msg":"操作成功"}
2023-04-21 15:06:10,597-INFO-logger.py-[ line:64 ] - 日志信息:正在执行数据提取：提取数据源内容：{'code': 200, 'success': True, 'data': {'id': '1637650408413749249', 'projectId': '104966', 'shortInfo': '博智林提醒您：一切不能保证安全、质量的施工都要停工！进入工地，请佩戴安全帽，穿着反光衣，文明作业！', 'qrCode': 'https://ibs-test.bzlrobot.com/api/ibs-file/document/get/MjAyMS0xMC0xOCxQSE9UT18yMDIxMTAxOF8wOTMxMDExMDIuanBnLDA0ZGQxOWU5YzA3MjQ0YjE5OTIwNzZjOTUxNzY4YzQ1', 'manageDeparts': []}, 'msg': '操作成功'},<class 'dict'>
2023-04-21 15:06:10,598-INFO-logger.py-[ line:64 ] - 日志信息:正在执行数据提取：提取表达式：data[0].tvSequence
2023-04-21 15:06:10,599-INFO-logger.py-[ line:64 ] - 日志信息:断言结果组：('FAIL', [{'检查项': 'data[0].tvSequence', '期望值': 'deZbSAtwRBlSrCEdwDWm', '实际值': [], '断言方法': 'contained_by:实际值被包含在期望值中'}])
