2023-07-12 11:17:52 | ERROR | key:<re.Match object; span=(282, 289), match='{{999}}'>,在关联参数表中查询不到,请检查关联参数字段提取及填写是否正常

2023-07-12 11:17:52 | ERROR | 异常用例: 安全纯净大屏_2_登录_非BIP用户登录
Expecting value: line 1 column 1 (char 0)
2023-07-12 11:17:54 | ERROR | key:<re.Match object; span=(367, 374), match='{{999}}'>,在关联参数表中查询不到,请检查关联参数字段提取及填写是否正常

2023-07-12 11:17:54 | ERROR | 异常用例: 安全纯净大屏_4_劳务基础配置_绑定TV
Expecting value: line 1 column 1 (char 0)
2023-07-12 11:17:57 | ERROR | key:<re.Match object; span=(320, 327), match='{{999}}'>,在关联参数表中查询不到,请检查关联参数字段提取及填写是否正常

2023-07-12 11:17:57 | ERROR | 被提取对象非字典、非字符串、非列表，不执行jsonpath提取，被提取对象: None
2023-07-12 11:17:57 | ERROR | 异常用例: 安全纯净大屏_5_劳务基础配置_查询配置
Expecting value: line 1 column 1 (char 0)
2023-07-12 15:06:03 | ERROR | 发送请求失败: list indices must be integers or slices, not str
2023-07-12 15:12:59 | ERROR | 发送请求失败: list indices must be integers or slices, not str
2023-07-12 15:13:12 | ERROR | 发送请求失败: list indices must be integers or slices, not str
2023-07-12 15:13:35 | ERROR | 发送请求失败: list indices must be integers or slices, not str
2023-07-12 15:14:04 | ERROR | 发送请求失败: list indices must be integers or slices, not str
2023-07-12 15:14:27 | ERROR | 发送请求失败: list indices must be integers or slices, not str
2023-07-12 15:15:51 | ERROR | 发送请求失败: read of closed file
2023-07-12 15:24:51 | ERROR | 发送请求失败: read of closed file
2023-07-12 16:07:16 | ERROR | 发送请求失败: read of closed file
2023-07-12 16:07:38 | ERROR | 发送请求失败: read of closed file
2023-07-12 16:24:30 | ERROR | 发送请求失败: URL cannot be None
2023-07-12 16:25:45 | ERROR | 发送请求失败: Data must not be a string.
