2023-05-17 17:11:56,659-INFO-logger.py-[ line:64 ] - 日志信息:读取测试用例excel文件：D:\apk_api\api-test-project\data\test_cases\test_api.xlsx
2023-05-17 17:11:57,451-INFO-logger.py-[ line:64 ] - 日志信息:如下是初始化得到得数据：{'id': 1, 'environment': 'TEST', 'host': 'https://bimdc.bzlrobot.com', 'path': '/bsp/test/user/ugs', 'databases': '{\n "host": "127.0.0.1",\n "port": 3306,\n "database": "mysql",\n "user":"root",\n "password":"root@3306"\n}', 'sheets': '["安全纯净大屏"]', 'initialize_data': '{\n"{{account}}":"18127813600",\n     "{{passwd}}": "WD6Y0+LJLHXuFaplzUtSCnwktA7KgXCpjCS+OVvIFGTEoz2gbqK2oOOuJUf7ao0m2YYGiGi1pQTMBnkrxIY1cztGYbVp97kvIQwZLN4UhrOAe3h1asY/NLnDwB/byl7agcGv9WI4oy6B1Z93HVHmQiAKn7QqnDgPVITu4jthNc8=",\n"{{projectId}}":"104966",\n"{{tenant}}":"216317749963825419"\n}', 'run': 'YES'}
2023-05-17 17:11:59,465-INFO-logger.py-[ line:64 ] - 日志信息:开始加载内置方法...
2023-05-17 17:11:59,465-INFO-logger.py-[ line:64 ] - 日志信息:内置方法加载完成
2023-05-17 17:11:59,465-INFO-logger.py-[ line:64 ] - 日志信息:所有用例执行开始...
2023-05-17 17:11:59,505-INFO-logger.py-[ line:64 ] - 日志信息:sql 执行成功:None
2023-05-17 17:11:59,505-INFO-logger.py-[ line:64 ] - 日志信息:当前用例所在的 sheet --> 安全纯净大屏
2023-05-17 17:11:59,506-INFO-logger.py-[ line:64 ] - 日志信息:执行 SQL 语句 --> None
2023-05-17 17:11:59,506-INFO-logger.py-[ line:64 ] - 日志信息:预期结果 --> 
2023-05-17 17:11:59,728-INFO-logger.py-[ line:64 ] - 日志信息:请求地址 --> https://bimdc.bzlrobot.com/bsp/test/user/ugs/auth/loginByNotBip
2023-05-17 17:11:59,729-INFO-logger.py-[ line:64 ] - 日志信息:请求头 --> {'User-Agent': 'python-requests/2.24.0', 'Accept-Encoding': 'gzip, deflate', 'Accept': '*/*', 'Connection': 'keep-alive', 'Content-Type': 'application/json', 'Content-Length': '214'}
2023-05-17 17:11:59,729-INFO-logger.py-[ line:64 ] - 日志信息:请求 body --> b'{"account": "18127813600", "password": "WD6Y0+LJLHXuFaplzUtSCnwktA7KgXCpjCS+OVvIFGTEoz2gbqK2oOOuJUf7ao0m2YYGiGi1pQTMBnkrxIY1cztGYbVp97kvIQwZLN4UhrOAe3h1asY/NLnDwB/byl7agcGv9WI4oy6B1Z93HVHmQiAKn7QqnDgPVITu4jthNc8="}'
2023-05-17 17:11:59,730-INFO-logger.py-[ line:64 ] - 日志信息:接口状态--> 200
2023-05-17 17:11:59,731-INFO-logger.py-[ line:64 ] - 日志信息:接口耗时--> 0:00:00.102056
2023-05-17 17:11:59,741-INFO-logger.py-[ line:64 ] - 日志信息:接口响应--> {"code":"0","type":"success","data":{"id":"216843147197395530","userId":"216483504447804297","ibsUserId":7884,"mobile":"18127813600","bspToken":"ca77691a415d1aa821a928d0629ec4dc","type":"user","avatar":null,"ncAccount":null,"timestamp":1684314719,"idpTokenId":null,"loginChannel":null,"clientType":null,"name":"陈勇志","btpToken":null,"account":"18127813600","accountType":"C","currentEnvId":null,"currentTenantId":"216317749963825419","currentAppId":"8d1f5bdc9c6648af84a98e2c017846c5","currentProjectId":"104966","currentOrgId":null,"currentMenuId":null,"currentOrgMenuId":null,"currentSelectedTab":"org","currentUrl":"/ibs/material/order","tenants":[{"id":"1623811301356297657","code":"1623811301356297657","fullName":"广东博嘉拓建筑测试租户","shortName":"广东博嘉拓建筑测试租户","envId":"6296f5e3960c4fdfb9c9357b581c853b","envName":"默认环境","tenantEnvs":null},{"id":"216572673247394736","code":"9C8D5715AAA44D4B8530AB2B7F627E1A","fullName":"安徽腾越建筑工程有限公司","shortName":"安徽腾越建筑工程有限公司","envId":"d1b4f959495f433fb1dd5400a78bce2c","envName":"默认环境","tenantEnvs":null},{"id":"216317749963825419","code":"C2C35D2543B34CA99366D9C76E45D01B","fullName":"沈阳腾越建筑测试租户","shortName":"沈阳腾越建筑测试租户","envId":"c4a70c0a1f5c4aaa83fcd390dcd898c6","envName":"默认环境","tenantEnvs":null},{"id":"216260762345772077","code":"216260762345772077","fullName":"广东腾越建筑工程有限公司","shortName":"广东腾越建筑工程有限公司","envId":"210712034943271000","envName":"默认环境","tenantEnvs":null},{"id":"216328986981406025","code":"TENANT_TEST","fullName":"智慧工地测试租户9","shortName":"智慧工地测试租户9","envId":"e7682a3876a343b483645b0c20da93a3","envName":"默认环境","tenantEnvs":null},{"id":"216365124588606373","code":"TENANT_TEST","fullName":"计划排程自动化测试","shortName":"计划排程自动化测试","envId":"80ce8eb5a7c941f8a6f57b8ecb61ec17","envName":"默认环境","tenantEnvs":null},{"id":"216674624791091228","code":"232E9186B1BE494E966F27BA7CF33AE2","fullName":"cyq测试","shortName":"cyq测试","envId":"ef3f8ed4792f4ef0a5e7d92af394d29c","envName":"默认环境","tenantEnvs":null},{"id":"216687529947792866","code":"9769454E01304245AEE83CE7E99537A8","fullName":"成本总控报表测试租户","shortName":"成本总控报表测试租户","envId":"5125917072884123bf9fe3966ffa4af2","envName":"默认环境","tenantEnvs":null},{"id":"216661417159402453","code":"216661417159402453","fullName":"科技建筑集团","shortName":"科技建筑集团","envId":"b23d88da977e467cb81dd7fb57de97d0","envName":"默认环境","tenantEnvs":null},{"id":"216281557054332425","code":"216281557054332425","fullName":"BIM材料用量计算","shortName":"BIM材料用量计算","envId":"7501c77b0ccd4b4d912451e5f74c1ba7","envName":"默认环境","tenantEnvs":null},{"id":"1320970534539886592","code":"1320970534539886592","fullName":"碧桂园集团","shortName":"碧桂园集团","envId":"1320970534539886592","envName":"默认环境","tenantEnvs":null}],"loginAppDto":null},"msg":null,"succeed":true}
2023-05-17 17:12:00,125-INFO-logger.py-[ line:64 ] - 日志信息:sql 执行成功:None
2023-05-17 17:12:00,125-INFO-logger.py-[ line:64 ] - 日志信息:执行方法：get_timestamp(13)
2023-05-17 17:12:00,148-INFO-logger.py-[ line:64 ] - 日志信息:当前用例所在的 sheet --> 安全纯净大屏
2023-05-17 17:12:00,148-INFO-logger.py-[ line:64 ] - 日志信息:执行 SQL 语句 --> None
2023-05-17 17:12:00,149-INFO-logger.py-[ line:64 ] - 日志信息:预期结果 --> 
2023-05-17 17:12:00,217-INFO-logger.py-[ line:64 ] - 日志信息:请求地址 --> https://bimdc.bzlrobot.com/bsp/test/user/ugs/ibs/api/ibs-lms-base/tvConfig/addTvSequence?t=1684314720126
2023-05-17 17:12:00,218-INFO-logger.py-[ line:64 ] - 日志信息:请求头 --> {'User-Agent': 'python-requests/2.24.0', 'Accept-Encoding': 'gzip, deflate', 'Accept': '*/*', 'Connection': 'keep-alive', 'Content-Type': 'application/json;charset=utf-8', 'BSP_TOKEN': 'ca77691a415d1aa821a928d0629ec4dc', 'BSP_USER_TENANT': '216317749963825419', 'Content-Length': '61'}
2023-05-17 17:12:00,218-INFO-logger.py-[ line:64 ] - 日志信息:请求 body --> b'{"projectId": "104966", "tvSequence": "nMrBHVHnHTuYzycORxXk"}'
2023-05-17 17:12:00,219-INFO-logger.py-[ line:64 ] - 日志信息:接口状态--> 200
2023-05-17 17:12:00,220-INFO-logger.py-[ line:64 ] - 日志信息:接口耗时--> 0:00:00.066371
2023-05-17 17:12:00,220-INFO-logger.py-[ line:64 ] - 日志信息:接口响应--> {"code":200,"success":true,"data":null,"msg":"添加成功"}
2023-05-17 17:12:00,552-INFO-logger.py-[ line:64 ] - 日志信息:sql 执行成功:None
2023-05-17 17:12:00,553-INFO-logger.py-[ line:64 ] - 日志信息:执行方法：get_timestamp(13)
2023-05-17 17:12:00,554-INFO-logger.py-[ line:64 ] - 日志信息:被提取对象非字典、非字符串、非列表，不执行jsonpath提取，被提取对象: None
2023-05-17 17:12:00,554-INFO-logger.py-[ line:64 ] - 日志信息:当前用例所在的 sheet --> 安全纯净大屏
2023-05-17 17:12:00,555-INFO-logger.py-[ line:64 ] - 日志信息:执行 SQL 语句 --> None
2023-05-17 17:12:00,556-INFO-logger.py-[ line:64 ] - 日志信息:预期结果 --> 
2023-05-17 17:12:00,584-INFO-logger.py-[ line:64 ] - 日志信息:请求地址 --> https://bimdc.bzlrobot.com/bsp/test/user/ugs/ibs/api/ibs-lms-base/tvConfig/getTvInfo?t=1684314720553&projectId=104966
2023-05-17 17:12:00,585-INFO-logger.py-[ line:64 ] - 日志信息:请求头 --> {'User-Agent': 'python-requests/2.24.0', 'Accept-Encoding': 'gzip, deflate', 'Accept': '*/*', 'Connection': 'keep-alive', 'Content-Type': 'application/json;charset=utf-8', 'BSP_TOKEN': 'ca77691a415d1aa821a928d0629ec4dc', 'BSP_USER_TENANT': '216317749963825419'}
2023-05-17 17:12:00,585-INFO-logger.py-[ line:64 ] - 日志信息:请求 body --> None
2023-05-17 17:12:00,586-INFO-logger.py-[ line:64 ] - 日志信息:接口状态--> 200
2023-05-17 17:12:00,587-INFO-logger.py-[ line:64 ] - 日志信息:接口耗时--> 0:00:00.026558
2023-05-17 17:12:00,587-INFO-logger.py-[ line:64 ] - 日志信息:接口响应--> {"code":200,"success":true,"data":{"id":"1637650408413749249","projectId":"104966","shortInfo":"博智林提醒您：一切不能保证安全、质量的施工都要停工！进入工地，请佩戴安全帽，穿着反光衣，文明作业！","qrCode":"https://ibs-test.bzlrobot.com/api/ibs-file/document/get/MjAyMS0xMC0xOCxQSE9UT18yMDIxMTAxOF8wOTMxMDExMDIuanBnLDA0ZGQxOWU5YzA3MjQ0YjE5OTIwNzZjOTUxNzY4YzQ1","manageDeparts":[]},"msg":"操作成功"}
2023-05-17 17:12:50,385-INFO-logger.py-[ line:64 ] - 日志信息:读取测试用例excel文件：D:\apk_api\api-test-project\data\test_cases\test_api.xlsx
2023-05-17 17:12:50,975-INFO-logger.py-[ line:64 ] - 日志信息:如下是初始化得到得数据：{'id': 1, 'environment': 'TEST', 'host': 'https://bimdc.bzlrobot.com', 'path': '/bsp/test/user/ugs', 'databases': '{\n "host": "127.0.0.1",\n "port": 3306,\n "database": "mysql",\n "user":"root",\n "password":"root@3306"\n}', 'sheets': '["安全纯净大屏"]', 'initialize_data': '{\n"{{account}}":"18127813600",\n     "{{passwd}}": "WD6Y0+LJLHXuFaplzUtSCnwktA7KgXCpjCS+OVvIFGTEoz2gbqK2oOOuJUf7ao0m2YYGiGi1pQTMBnkrxIY1cztGYbVp97kvIQwZLN4UhrOAe3h1asY/NLnDwB/byl7agcGv9WI4oy6B1Z93HVHmQiAKn7QqnDgPVITu4jthNc8=",\n"{{projectId}}":"104966",\n"{{tenant}}":"216317749963825419"\n}', 'run': 'YES'}
2023-05-17 17:12:52,982-INFO-logger.py-[ line:64 ] - 日志信息:开始加载内置方法...
2023-05-17 17:12:52,982-INFO-logger.py-[ line:64 ] - 日志信息:内置方法加载完成
2023-05-17 17:12:52,983-INFO-logger.py-[ line:64 ] - 日志信息:所有用例执行开始...
2023-05-17 17:12:52,984-INFO-logger.py-[ line:64 ] - 日志信息:sql 执行成功:None
2023-05-17 17:12:52,985-INFO-logger.py-[ line:64 ] - 日志信息:当前用例所在的 sheet --> 安全纯净大屏
2023-05-17 17:12:52,985-INFO-logger.py-[ line:64 ] - 日志信息:执行 SQL 语句 --> None
2023-05-17 17:12:52,986-INFO-logger.py-[ line:64 ] - 日志信息:预期结果 --> 
2023-05-17 17:12:53,055-INFO-logger.py-[ line:64 ] - 日志信息:请求地址 --> https://bimdc.bzlrobot.com/bsp/test/user/ugs/auth/loginByNotBip
2023-05-17 17:12:53,056-INFO-logger.py-[ line:64 ] - 日志信息:请求头 --> {'User-Agent': 'python-requests/2.24.0', 'Accept-Encoding': 'gzip, deflate', 'Accept': '*/*', 'Connection': 'keep-alive', 'Content-Type': 'application/json', 'Content-Length': '214'}
2023-05-17 17:12:53,056-INFO-logger.py-[ line:64 ] - 日志信息:请求 body --> b'{"account": "18127813600", "password": "WD6Y0+LJLHXuFaplzUtSCnwktA7KgXCpjCS+OVvIFGTEoz2gbqK2oOOuJUf7ao0m2YYGiGi1pQTMBnkrxIY1cztGYbVp97kvIQwZLN4UhrOAe3h1asY/NLnDwB/byl7agcGv9WI4oy6B1Z93HVHmQiAKn7QqnDgPVITu4jthNc8="}'
2023-05-17 17:12:53,057-INFO-logger.py-[ line:64 ] - 日志信息:接口状态--> 200
2023-05-17 17:12:53,057-INFO-logger.py-[ line:64 ] - 日志信息:接口耗时--> 0:00:00.065219
2023-05-17 17:12:53,067-INFO-logger.py-[ line:64 ] - 日志信息:接口响应--> {"code":"0","type":"success","data":{"id":"216843147730672985","userId":"216483504447804297","ibsUserId":7884,"mobile":"18127813600","bspToken":"d013633584d38fe81931ac3a727c2914","type":"user","avatar":null,"ncAccount":null,"timestamp":1684314773,"idpTokenId":null,"loginChannel":null,"clientType":null,"name":"陈勇志","btpToken":null,"account":"18127813600","accountType":"C","currentEnvId":null,"currentTenantId":"216317749963825419","currentAppId":"8d1f5bdc9c6648af84a98e2c017846c5","currentProjectId":"104966","currentOrgId":null,"currentMenuId":null,"currentOrgMenuId":null,"currentSelectedTab":"org","currentUrl":"/ibs/material/order","tenants":[{"id":"1623811301356297657","code":"1623811301356297657","fullName":"广东博嘉拓建筑测试租户","shortName":"广东博嘉拓建筑测试租户","envId":"6296f5e3960c4fdfb9c9357b581c853b","envName":"默认环境","tenantEnvs":null},{"id":"216572673247394736","code":"9C8D5715AAA44D4B8530AB2B7F627E1A","fullName":"安徽腾越建筑工程有限公司","shortName":"安徽腾越建筑工程有限公司","envId":"d1b4f959495f433fb1dd5400a78bce2c","envName":"默认环境","tenantEnvs":null},{"id":"216317749963825419","code":"C2C35D2543B34CA99366D9C76E45D01B","fullName":"沈阳腾越建筑测试租户","shortName":"沈阳腾越建筑测试租户","envId":"c4a70c0a1f5c4aaa83fcd390dcd898c6","envName":"默认环境","tenantEnvs":null},{"id":"216260762345772077","code":"216260762345772077","fullName":"广东腾越建筑工程有限公司","shortName":"广东腾越建筑工程有限公司","envId":"210712034943271000","envName":"默认环境","tenantEnvs":null},{"id":"216328986981406025","code":"TENANT_TEST","fullName":"智慧工地测试租户9","shortName":"智慧工地测试租户9","envId":"e7682a3876a343b483645b0c20da93a3","envName":"默认环境","tenantEnvs":null},{"id":"216365124588606373","code":"TENANT_TEST","fullName":"计划排程自动化测试","shortName":"计划排程自动化测试","envId":"80ce8eb5a7c941f8a6f57b8ecb61ec17","envName":"默认环境","tenantEnvs":null},{"id":"216674624791091228","code":"232E9186B1BE494E966F27BA7CF33AE2","fullName":"cyq测试","shortName":"cyq测试","envId":"ef3f8ed4792f4ef0a5e7d92af394d29c","envName":"默认环境","tenantEnvs":null},{"id":"216687529947792866","code":"9769454E01304245AEE83CE7E99537A8","fullName":"成本总控报表测试租户","shortName":"成本总控报表测试租户","envId":"5125917072884123bf9fe3966ffa4af2","envName":"默认环境","tenantEnvs":null},{"id":"216661417159402453","code":"216661417159402453","fullName":"科技建筑集团","shortName":"科技建筑集团","envId":"b23d88da977e467cb81dd7fb57de97d0","envName":"默认环境","tenantEnvs":null},{"id":"216281557054332425","code":"216281557054332425","fullName":"BIM材料用量计算","shortName":"BIM材料用量计算","envId":"7501c77b0ccd4b4d912451e5f74c1ba7","envName":"默认环境","tenantEnvs":null},{"id":"1320970534539886592","code":"1320970534539886592","fullName":"碧桂园集团","shortName":"碧桂园集团","envId":"1320970534539886592","envName":"默认环境","tenantEnvs":null}],"loginAppDto":null},"msg":null,"succeed":true}
2023-05-17 17:12:53,448-INFO-logger.py-[ line:64 ] - 日志信息:sql 执行成功:None
2023-05-17 17:12:53,449-INFO-logger.py-[ line:64 ] - 日志信息:执行方法：get_timestamp(13)
2023-05-17 17:12:53,455-INFO-logger.py-[ line:64 ] - 日志信息:当前用例所在的 sheet --> 安全纯净大屏
2023-05-17 17:12:53,456-INFO-logger.py-[ line:64 ] - 日志信息:执行 SQL 语句 --> None
2023-05-17 17:12:53,456-INFO-logger.py-[ line:64 ] - 日志信息:预期结果 --> 
2023-05-17 17:12:53,505-INFO-logger.py-[ line:64 ] - 日志信息:请求地址 --> https://bimdc.bzlrobot.com/bsp/test/user/ugs/ibs/api/ibs-lms-base/tvConfig/addTvSequence?t=1684314773449
2023-05-17 17:12:53,506-INFO-logger.py-[ line:64 ] - 日志信息:请求头 --> {'User-Agent': 'python-requests/2.24.0', 'Accept-Encoding': 'gzip, deflate', 'Accept': '*/*', 'Connection': 'keep-alive', 'Content-Type': 'application/json;charset=utf-8', 'BSP_TOKEN': 'd013633584d38fe81931ac3a727c2914', 'BSP_USER_TENANT': '216317749963825419', 'Content-Length': '61'}
2023-05-17 17:12:53,506-INFO-logger.py-[ line:64 ] - 日志信息:请求 body --> b'{"projectId": "104966", "tvSequence": "dPWvDmnBHBHQhBuBNVsU"}'
2023-05-17 17:12:53,507-INFO-logger.py-[ line:64 ] - 日志信息:接口状态--> 200
2023-05-17 17:12:53,507-INFO-logger.py-[ line:64 ] - 日志信息:接口耗时--> 0:00:00.047477
2023-05-17 17:12:53,508-INFO-logger.py-[ line:64 ] - 日志信息:接口响应--> {"code":200,"success":true,"data":null,"msg":"添加成功"}
2023-05-17 17:12:53,885-INFO-logger.py-[ line:64 ] - 日志信息:sql 执行成功:None
2023-05-17 17:12:53,886-INFO-logger.py-[ line:64 ] - 日志信息:执行方法：get_timestamp(13)
2023-05-17 17:12:53,886-INFO-logger.py-[ line:64 ] - 日志信息:被提取对象非字典、非字符串、非列表，不执行jsonpath提取，被提取对象: None
2023-05-17 17:12:53,887-INFO-logger.py-[ line:64 ] - 日志信息:当前用例所在的 sheet --> 安全纯净大屏
2023-05-17 17:12:53,888-INFO-logger.py-[ line:64 ] - 日志信息:执行 SQL 语句 --> None
2023-05-17 17:12:53,888-INFO-logger.py-[ line:64 ] - 日志信息:预期结果 --> 
2023-05-17 17:12:53,914-INFO-logger.py-[ line:64 ] - 日志信息:请求地址 --> https://bimdc.bzlrobot.com/bsp/test/user/ugs/ibs/api/ibs-lms-base/tvConfig/getTvInfo?t=1684314773886&projectId=104966
2023-05-17 17:12:53,915-INFO-logger.py-[ line:64 ] - 日志信息:请求头 --> {'User-Agent': 'python-requests/2.24.0', 'Accept-Encoding': 'gzip, deflate', 'Accept': '*/*', 'Connection': 'keep-alive', 'Content-Type': 'application/json;charset=utf-8', 'BSP_TOKEN': 'd013633584d38fe81931ac3a727c2914', 'BSP_USER_TENANT': '216317749963825419'}
2023-05-17 17:12:53,915-INFO-logger.py-[ line:64 ] - 日志信息:请求 body --> None
2023-05-17 17:12:53,916-INFO-logger.py-[ line:64 ] - 日志信息:接口状态--> 200
2023-05-17 17:12:53,916-INFO-logger.py-[ line:64 ] - 日志信息:接口耗时--> 0:00:00.023733
2023-05-17 17:12:53,917-INFO-logger.py-[ line:64 ] - 日志信息:接口响应--> {"code":200,"success":true,"data":{"id":"1637650408413749249","projectId":"104966","shortInfo":"博智林提醒您：一切不能保证安全、质量的施工都要停工！进入工地，请佩戴安全帽，穿着反光衣，文明作业！","qrCode":"https://ibs-test.bzlrobot.com/api/ibs-file/document/get/MjAyMS0xMC0xOCxQSE9UT18yMDIxMTAxOF8wOTMxMDExMDIuanBnLDA0ZGQxOWU5YzA3MjQ0YjE5OTIwNzZjOTUxNzY4YzQ1","manageDeparts":[]},"msg":"操作成功"}
2023-05-17 17:14:31,033-INFO-logger.py-[ line:64 ] - 日志信息:读取测试用例excel文件：D:\apk_api\api-test-project\data\test_cases\test_api.xlsx
2023-05-17 17:14:31,652-INFO-logger.py-[ line:64 ] - 日志信息:如下是初始化得到得数据：{'id': 1, 'environment': 'TEST', 'host': 'https://bimdc.bzlrobot.com', 'path': '/bsp/test/user/ugs', 'databases': '{\n "host": "127.0.0.1",\n "port": 3306,\n "database": "mysql",\n "user":"root",\n "password":"root@3306"\n}', 'sheets': '["安全纯净大屏"]', 'initialize_data': '{\n"{{account}}":"18127813600",\n     "{{passwd}}": "WD6Y0+LJLHXuFaplzUtSCnwktA7KgXCpjCS+OVvIFGTEoz2gbqK2oOOuJUf7ao0m2YYGiGi1pQTMBnkrxIY1cztGYbVp97kvIQwZLN4UhrOAe3h1asY/NLnDwB/byl7agcGv9WI4oy6B1Z93HVHmQiAKn7QqnDgPVITu4jthNc8=",\n"{{projectId}}":"104966",\n"{{tenant}}":"216317749963825419"\n}', 'run': 'YES'}
2023-05-17 17:14:33,656-INFO-logger.py-[ line:64 ] - 日志信息:开始加载内置方法...
2023-05-17 17:14:33,657-INFO-logger.py-[ line:64 ] - 日志信息:内置方法加载完成
2023-05-17 17:14:33,657-INFO-logger.py-[ line:64 ] - 日志信息:所有用例执行开始...
2023-05-17 17:14:33,659-INFO-logger.py-[ line:64 ] - 日志信息:sql 执行成功:None
2023-05-17 17:14:33,660-INFO-logger.py-[ line:64 ] - 日志信息:当前用例所在的 sheet --> 安全纯净大屏
2023-05-17 17:14:33,661-INFO-logger.py-[ line:64 ] - 日志信息:执行 SQL 语句 --> None
2023-05-17 17:14:33,661-INFO-logger.py-[ line:64 ] - 日志信息:预期结果 --> 
2023-05-17 17:14:33,732-INFO-logger.py-[ line:64 ] - 日志信息:请求地址 --> https://bimdc.bzlrobot.com/bsp/test/user/ugs/auth/loginByNotBip
2023-05-17 17:14:33,732-INFO-logger.py-[ line:64 ] - 日志信息:请求头 --> {'User-Agent': 'python-requests/2.24.0', 'Accept-Encoding': 'gzip, deflate', 'Accept': '*/*', 'Connection': 'keep-alive', 'Content-Type': 'application/json', 'Content-Length': '214'}
2023-05-17 17:14:33,733-INFO-logger.py-[ line:64 ] - 日志信息:请求 body --> b'{"account": "18127813600", "password": "WD6Y0+LJLHXuFaplzUtSCnwktA7KgXCpjCS+OVvIFGTEoz2gbqK2oOOuJUf7ao0m2YYGiGi1pQTMBnkrxIY1cztGYbVp97kvIQwZLN4UhrOAe3h1asY/NLnDwB/byl7agcGv9WI4oy6B1Z93HVHmQiAKn7QqnDgPVITu4jthNc8="}'
2023-05-17 17:14:33,734-INFO-logger.py-[ line:64 ] - 日志信息:接口状态--> 200
2023-05-17 17:14:33,734-INFO-logger.py-[ line:64 ] - 日志信息:接口耗时--> 0:00:00.065640
2023-05-17 17:14:33,745-INFO-logger.py-[ line:64 ] - 日志信息:接口响应--> {"code":"0","type":"success","data":{"id":"216843148737441281","userId":"216483504447804297","ibsUserId":7884,"mobile":"18127813600","bspToken":"24283a271b7789360055f7f185f33fcf","type":"user","avatar":null,"ncAccount":null,"timestamp":1684314873,"idpTokenId":null,"loginChannel":null,"clientType":null,"name":"陈勇志","btpToken":null,"account":"18127813600","accountType":"C","currentEnvId":null,"currentTenantId":"216317749963825419","currentAppId":"8d1f5bdc9c6648af84a98e2c017846c5","currentProjectId":"104966","currentOrgId":null,"currentMenuId":null,"currentOrgMenuId":null,"currentSelectedTab":"org","currentUrl":"/ibs/material/order","tenants":[{"id":"1623811301356297657","code":"1623811301356297657","fullName":"广东博嘉拓建筑测试租户","shortName":"广东博嘉拓建筑测试租户","envId":"6296f5e3960c4fdfb9c9357b581c853b","envName":"默认环境","tenantEnvs":null},{"id":"216572673247394736","code":"9C8D5715AAA44D4B8530AB2B7F627E1A","fullName":"安徽腾越建筑工程有限公司","shortName":"安徽腾越建筑工程有限公司","envId":"d1b4f959495f433fb1dd5400a78bce2c","envName":"默认环境","tenantEnvs":null},{"id":"216317749963825419","code":"C2C35D2543B34CA99366D9C76E45D01B","fullName":"沈阳腾越建筑测试租户","shortName":"沈阳腾越建筑测试租户","envId":"c4a70c0a1f5c4aaa83fcd390dcd898c6","envName":"默认环境","tenantEnvs":null},{"id":"216260762345772077","code":"216260762345772077","fullName":"广东腾越建筑工程有限公司","shortName":"广东腾越建筑工程有限公司","envId":"210712034943271000","envName":"默认环境","tenantEnvs":null},{"id":"216328986981406025","code":"TENANT_TEST","fullName":"智慧工地测试租户9","shortName":"智慧工地测试租户9","envId":"e7682a3876a343b483645b0c20da93a3","envName":"默认环境","tenantEnvs":null},{"id":"216365124588606373","code":"TENANT_TEST","fullName":"计划排程自动化测试","shortName":"计划排程自动化测试","envId":"80ce8eb5a7c941f8a6f57b8ecb61ec17","envName":"默认环境","tenantEnvs":null},{"id":"216674624791091228","code":"232E9186B1BE494E966F27BA7CF33AE2","fullName":"cyq测试","shortName":"cyq测试","envId":"ef3f8ed4792f4ef0a5e7d92af394d29c","envName":"默认环境","tenantEnvs":null},{"id":"216687529947792866","code":"9769454E01304245AEE83CE7E99537A8","fullName":"成本总控报表测试租户","shortName":"成本总控报表测试租户","envId":"5125917072884123bf9fe3966ffa4af2","envName":"默认环境","tenantEnvs":null},{"id":"216661417159402453","code":"216661417159402453","fullName":"科技建筑集团","shortName":"科技建筑集团","envId":"b23d88da977e467cb81dd7fb57de97d0","envName":"默认环境","tenantEnvs":null},{"id":"216281557054332425","code":"216281557054332425","fullName":"BIM材料用量计算","shortName":"BIM材料用量计算","envId":"7501c77b0ccd4b4d912451e5f74c1ba7","envName":"默认环境","tenantEnvs":null},{"id":"1320970534539886592","code":"1320970534539886592","fullName":"碧桂园集团","shortName":"碧桂园集团","envId":"1320970534539886592","envName":"默认环境","tenantEnvs":null}],"loginAppDto":null},"msg":null,"succeed":true}
2023-05-17 17:14:34,216-INFO-logger.py-[ line:64 ] - 日志信息:sql 执行成功:None
2023-05-17 17:14:34,217-INFO-logger.py-[ line:64 ] - 日志信息:执行方法：get_timestamp(13)
2023-05-17 17:14:34,225-INFO-logger.py-[ line:64 ] - 日志信息:当前用例所在的 sheet --> 安全纯净大屏
2023-05-17 17:14:34,225-INFO-logger.py-[ line:64 ] - 日志信息:执行 SQL 语句 --> None
2023-05-17 17:14:34,226-INFO-logger.py-[ line:64 ] - 日志信息:预期结果 --> 
2023-05-17 17:14:34,283-INFO-logger.py-[ line:64 ] - 日志信息:请求地址 --> https://bimdc.bzlrobot.com/bsp/test/user/ugs/ibs/api/ibs-lms-base/tvConfig/addTvSequence?t=1684314874217
2023-05-17 17:14:34,284-INFO-logger.py-[ line:64 ] - 日志信息:请求头 --> {'User-Agent': 'python-requests/2.24.0', 'Accept-Encoding': 'gzip, deflate', 'Accept': '*/*', 'Connection': 'keep-alive', 'Content-Type': 'application/json;charset=utf-8', 'BSP_TOKEN': '24283a271b7789360055f7f185f33fcf', 'BSP_USER_TENANT': '216317749963825419', 'Content-Length': '61'}
2023-05-17 17:14:34,284-INFO-logger.py-[ line:64 ] - 日志信息:请求 body --> b'{"projectId": "104966", "tvSequence": "qLpabmcQFfMbeKsKraFM"}'
2023-05-17 17:14:34,285-INFO-logger.py-[ line:64 ] - 日志信息:接口状态--> 200
2023-05-17 17:14:34,285-INFO-logger.py-[ line:64 ] - 日志信息:接口耗时--> 0:00:00.054841
2023-05-17 17:14:34,285-INFO-logger.py-[ line:64 ] - 日志信息:接口响应--> {"code":200,"success":true,"data":null,"msg":"添加成功"}
2023-05-17 17:14:34,689-INFO-logger.py-[ line:64 ] - 日志信息:sql 执行成功:None
2023-05-17 17:14:34,690-INFO-logger.py-[ line:64 ] - 日志信息:执行方法：get_timestamp(13)
2023-05-17 17:14:34,691-INFO-logger.py-[ line:64 ] - 日志信息:被提取对象非字典、非字符串、非列表，不执行jsonpath提取，被提取对象: None
2023-05-17 17:14:34,692-INFO-logger.py-[ line:64 ] - 日志信息:当前用例所在的 sheet --> 安全纯净大屏
2023-05-17 17:14:34,692-INFO-logger.py-[ line:64 ] - 日志信息:执行 SQL 语句 --> None
2023-05-17 17:14:34,693-INFO-logger.py-[ line:64 ] - 日志信息:预期结果 --> 
2023-05-17 17:14:34,722-INFO-logger.py-[ line:64 ] - 日志信息:请求地址 --> https://bimdc.bzlrobot.com/bsp/test/user/ugs/ibs/api/ibs-lms-base/tvConfig/getTvInfo?t=1684314874691&projectId=104966
2023-05-17 17:14:34,723-INFO-logger.py-[ line:64 ] - 日志信息:请求头 --> {'User-Agent': 'python-requests/2.24.0', 'Accept-Encoding': 'gzip, deflate', 'Accept': '*/*', 'Connection': 'keep-alive', 'Content-Type': 'application/json;charset=utf-8', 'BSP_TOKEN': '24283a271b7789360055f7f185f33fcf', 'BSP_USER_TENANT': '216317749963825419'}
2023-05-17 17:14:34,724-INFO-logger.py-[ line:64 ] - 日志信息:请求 body --> None
2023-05-17 17:14:34,724-INFO-logger.py-[ line:64 ] - 日志信息:接口状态--> 200
2023-05-17 17:14:34,725-INFO-logger.py-[ line:64 ] - 日志信息:接口耗时--> 0:00:00.027213
2023-05-17 17:14:34,726-INFO-logger.py-[ line:64 ] - 日志信息:接口响应--> {"code":200,"success":true,"data":{"id":"1637650408413749249","projectId":"104966","shortInfo":"博智林提醒您：一切不能保证安全、质量的施工都要停工！进入工地，请佩戴安全帽，穿着反光衣，文明作业！","qrCode":"https://ibs-test.bzlrobot.com/api/ibs-file/document/get/MjAyMS0xMC0xOCxQSE9UT18yMDIxMTAxOF8wOTMxMDExMDIuanBnLDA0ZGQxOWU5YzA3MjQ0YjE5OTIwNzZjOTUxNzY4YzQ1","manageDeparts":[]},"msg":"操作成功"}
2023-05-17 17:17:15,657-INFO-logger.py-[ line:64 ] - 日志信息:读取测试用例excel文件：D:\apk_api\api-test-project\data\test_cases\test_api.xlsx
2023-05-17 17:19:22,728-INFO-logger.py-[ line:64 ] - 日志信息:读取测试用例excel文件：D:\apk_api\api-test-project\data\test_cases\test_api.xlsx
2023-05-17 17:20:54,325-INFO-logger.py-[ line:64 ] - 日志信息:读取测试用例excel文件：D:\apk_api\api-test-project\data\test_cases\test_api.xlsx
2023-05-17 17:20:54,945-INFO-logger.py-[ line:64 ] - 日志信息:如下是初始化得到得数据：{'id': 1, 'environment': 'TEST', 'host': 'https://bimdc.bzlrobot.com', 'path': '/bsp/test/user/ugs', 'databases': '{\n "host": "127.0.0.1",\n "port": 3306,\n "database": "mysql",\n "user":"root",\n "password":"root@3306"\n}', 'sheets': '["安全纯净大屏"]', 'initialize_data': '{\n"{{account}}":"18127813600",\n     "{{passwd}}": "WD6Y0+LJLHXuFaplzUtSCnwktA7KgXCpjCS+OVvIFGTEoz2gbqK2oOOuJUf7ao0m2YYGiGi1pQTMBnkrxIY1cztGYbVp97kvIQwZLN4UhrOAe3h1asY/NLnDwB/byl7agcGv9WI4oy6B1Z93HVHmQiAKn7QqnDgPVITu4jthNc8=",\n"{{projectId}}":"104966",\n"{{tenant}}":"216317749963825419"\n}', 'run': 'YES'}
2023-05-17 17:20:56,963-INFO-logger.py-[ line:64 ] - 日志信息:开始加载内置方法...
2023-05-17 17:20:56,963-INFO-logger.py-[ line:64 ] - 日志信息:内置方法加载完成
2023-05-17 17:20:56,964-INFO-logger.py-[ line:64 ] - 日志信息:所有用例执行开始...
2023-05-17 17:20:56,966-INFO-logger.py-[ line:64 ] - 日志信息:sql 执行成功:None
2023-05-17 17:20:56,967-INFO-logger.py-[ line:64 ] - 日志信息:当前用例所在的 sheet --> 安全纯净大屏
2023-05-17 17:20:56,967-INFO-logger.py-[ line:64 ] - 日志信息:执行 SQL 语句 --> None
2023-05-17 17:20:56,968-INFO-logger.py-[ line:64 ] - 日志信息:预期结果 --> 
2023-05-17 17:20:57,042-INFO-logger.py-[ line:64 ] - 日志信息:请求地址 --> https://bimdc.bzlrobot.com/bsp/test/user/ugs/auth/loginByNotBip
2023-05-17 17:20:57,043-INFO-logger.py-[ line:64 ] - 日志信息:请求头 --> {'User-Agent': 'python-requests/2.24.0', 'Accept-Encoding': 'gzip, deflate', 'Accept': '*/*', 'Connection': 'keep-alive', 'Content-Type': 'application/json', 'Content-Length': '214'}
2023-05-17 17:20:57,043-INFO-logger.py-[ line:64 ] - 日志信息:请求 body --> b'{"account": "18127813600", "password": "WD6Y0+LJLHXuFaplzUtSCnwktA7KgXCpjCS+OVvIFGTEoz2gbqK2oOOuJUf7ao0m2YYGiGi1pQTMBnkrxIY1cztGYbVp97kvIQwZLN4UhrOAe3h1asY/NLnDwB/byl7agcGv9WI4oy6B1Z93HVHmQiAKn7QqnDgPVITu4jthNc8="}'
2023-05-17 17:20:57,044-INFO-logger.py-[ line:64 ] - 日志信息:接口状态--> 200
2023-05-17 17:20:57,045-INFO-logger.py-[ line:64 ] - 日志信息:接口耗时--> 0:00:00.068558
2023-05-17 17:20:57,057-INFO-logger.py-[ line:64 ] - 日志信息:接口响应--> {"code":"0","type":"success","data":{"id":"216843152570461273","userId":"216483504447804297","ibsUserId":7884,"mobile":"18127813600","bspToken":"6fabd88c56a27df87540c24a17b8936b","type":"user","avatar":null,"ncAccount":null,"timestamp":1684315257,"idpTokenId":null,"loginChannel":null,"clientType":null,"name":"陈勇志","btpToken":null,"account":"18127813600","accountType":"C","currentEnvId":null,"currentTenantId":"216317749963825419","currentAppId":"8d1f5bdc9c6648af84a98e2c017846c5","currentProjectId":"104966","currentOrgId":null,"currentMenuId":null,"currentOrgMenuId":null,"currentSelectedTab":"org","currentUrl":"/ibs/material/order","tenants":[{"id":"1623811301356297657","code":"1623811301356297657","fullName":"广东博嘉拓建筑测试租户","shortName":"广东博嘉拓建筑测试租户","envId":"6296f5e3960c4fdfb9c9357b581c853b","envName":"默认环境","tenantEnvs":null},{"id":"216572673247394736","code":"9C8D5715AAA44D4B8530AB2B7F627E1A","fullName":"安徽腾越建筑工程有限公司","shortName":"安徽腾越建筑工程有限公司","envId":"d1b4f959495f433fb1dd5400a78bce2c","envName":"默认环境","tenantEnvs":null},{"id":"216317749963825419","code":"C2C35D2543B34CA99366D9C76E45D01B","fullName":"沈阳腾越建筑测试租户","shortName":"沈阳腾越建筑测试租户","envId":"c4a70c0a1f5c4aaa83fcd390dcd898c6","envName":"默认环境","tenantEnvs":null},{"id":"216260762345772077","code":"216260762345772077","fullName":"广东腾越建筑工程有限公司","shortName":"广东腾越建筑工程有限公司","envId":"210712034943271000","envName":"默认环境","tenantEnvs":null},{"id":"216328986981406025","code":"TENANT_TEST","fullName":"智慧工地测试租户9","shortName":"智慧工地测试租户9","envId":"e7682a3876a343b483645b0c20da93a3","envName":"默认环境","tenantEnvs":null},{"id":"216365124588606373","code":"TENANT_TEST","fullName":"计划排程自动化测试","shortName":"计划排程自动化测试","envId":"80ce8eb5a7c941f8a6f57b8ecb61ec17","envName":"默认环境","tenantEnvs":null},{"id":"216674624791091228","code":"232E9186B1BE494E966F27BA7CF33AE2","fullName":"cyq测试","shortName":"cyq测试","envId":"ef3f8ed4792f4ef0a5e7d92af394d29c","envName":"默认环境","tenantEnvs":null},{"id":"216687529947792866","code":"9769454E01304245AEE83CE7E99537A8","fullName":"成本总控报表测试租户","shortName":"成本总控报表测试租户","envId":"5125917072884123bf9fe3966ffa4af2","envName":"默认环境","tenantEnvs":null},{"id":"216661417159402453","code":"216661417159402453","fullName":"科技建筑集团","shortName":"科技建筑集团","envId":"b23d88da977e467cb81dd7fb57de97d0","envName":"默认环境","tenantEnvs":null},{"id":"216281557054332425","code":"216281557054332425","fullName":"BIM材料用量计算","shortName":"BIM材料用量计算","envId":"7501c77b0ccd4b4d912451e5f74c1ba7","envName":"默认环境","tenantEnvs":null},{"id":"1320970534539886592","code":"1320970534539886592","fullName":"碧桂园集团","shortName":"碧桂园集团","envId":"1320970534539886592","envName":"默认环境","tenantEnvs":null}],"loginAppDto":null},"msg":null,"succeed":true}
2023-05-17 17:20:57,457-INFO-logger.py-[ line:64 ] - 日志信息:sql 执行成功:None
2023-05-17 17:20:57,457-INFO-logger.py-[ line:64 ] - 日志信息:执行方法：get_timestamp(13)
2023-05-17 17:20:57,464-INFO-logger.py-[ line:64 ] - 日志信息:当前用例所在的 sheet --> 安全纯净大屏
2023-05-17 17:20:57,464-INFO-logger.py-[ line:64 ] - 日志信息:执行 SQL 语句 --> None
2023-05-17 17:20:57,465-INFO-logger.py-[ line:64 ] - 日志信息:预期结果 --> 
2023-05-17 17:20:57,525-INFO-logger.py-[ line:64 ] - 日志信息:请求地址 --> https://bimdc.bzlrobot.com/bsp/test/user/ugs/ibs/api/ibs-lms-base/tvConfig/addTvSequence?t=1684315257458
2023-05-17 17:20:57,526-INFO-logger.py-[ line:64 ] - 日志信息:请求头 --> {'User-Agent': 'python-requests/2.24.0', 'Accept-Encoding': 'gzip, deflate', 'Accept': '*/*', 'Connection': 'keep-alive', 'Content-Type': 'application/json;charset=utf-8', 'BSP_TOKEN': '6fabd88c56a27df87540c24a17b8936b', 'BSP_USER_TENANT': '216317749963825419', 'Content-Length': '61'}
2023-05-17 17:20:57,527-INFO-logger.py-[ line:64 ] - 日志信息:请求 body --> b'{"projectId": "104966", "tvSequence": "iqVheWZzlMvyRKxbuvzg"}'
2023-05-17 17:20:57,527-INFO-logger.py-[ line:64 ] - 日志信息:接口状态--> 200
2023-05-17 17:20:57,527-INFO-logger.py-[ line:64 ] - 日志信息:接口耗时--> 0:00:00.058508
2023-05-17 17:20:57,528-INFO-logger.py-[ line:64 ] - 日志信息:接口响应--> {"code":200,"success":true,"data":null,"msg":"添加成功"}
2023-05-17 17:20:57,870-INFO-logger.py-[ line:64 ] - 日志信息:sql 执行成功:None
2023-05-17 17:20:57,870-INFO-logger.py-[ line:64 ] - 日志信息:执行方法：get_timestamp(13)
2023-05-17 17:20:57,871-INFO-logger.py-[ line:64 ] - 日志信息:被提取对象非字典、非字符串、非列表，不执行jsonpath提取，被提取对象: None
2023-05-17 17:20:57,871-INFO-logger.py-[ line:64 ] - 日志信息:当前用例所在的 sheet --> 安全纯净大屏
2023-05-17 17:20:57,872-INFO-logger.py-[ line:64 ] - 日志信息:执行 SQL 语句 --> None
2023-05-17 17:20:57,873-INFO-logger.py-[ line:64 ] - 日志信息:预期结果 --> 
2023-05-17 17:20:57,901-INFO-logger.py-[ line:64 ] - 日志信息:请求地址 --> https://bimdc.bzlrobot.com/bsp/test/user/ugs/ibs/api/ibs-lms-base/tvConfig/getTvInfo?t=1684315257870&projectId=104966
2023-05-17 17:20:57,902-INFO-logger.py-[ line:64 ] - 日志信息:请求头 --> {'User-Agent': 'python-requests/2.24.0', 'Accept-Encoding': 'gzip, deflate', 'Accept': '*/*', 'Connection': 'keep-alive', 'Content-Type': 'application/json;charset=utf-8', 'BSP_TOKEN': '6fabd88c56a27df87540c24a17b8936b', 'BSP_USER_TENANT': '216317749963825419'}
2023-05-17 17:20:57,902-INFO-logger.py-[ line:64 ] - 日志信息:请求 body --> None
2023-05-17 17:20:57,903-INFO-logger.py-[ line:64 ] - 日志信息:接口状态--> 200
2023-05-17 17:20:57,904-INFO-logger.py-[ line:64 ] - 日志信息:接口耗时--> 0:00:00.027126
2023-05-17 17:20:57,904-INFO-logger.py-[ line:64 ] - 日志信息:接口响应--> {"code":200,"success":true,"data":{"id":"1637650408413749249","projectId":"104966","shortInfo":"博智林提醒您：一切不能保证安全、质量的施工都要停工！进入工地，请佩戴安全帽，穿着反光衣，文明作业！","qrCode":"https://ibs-test.bzlrobot.com/api/ibs-file/document/get/MjAyMS0xMC0xOCxQSE9UT18yMDIxMTAxOF8wOTMxMDExMDIuanBnLDA0ZGQxOWU5YzA3MjQ0YjE5OTIwNzZjOTUxNzY4YzQ1","manageDeparts":[]},"msg":"操作成功"}
2023-05-17 17:21:05,149-INFO-logger.py-[ line:64 ] - 日志信息:读取测试用例excel文件：D:\apk_api\api-test-project\data\test_cases\test_api.xlsx
2023-05-17 17:21:05,756-INFO-logger.py-[ line:64 ] - 日志信息:如下是初始化得到得数据：{'id': 1, 'environment': 'TEST', 'host': 'https://bimdc.bzlrobot.com', 'path': '/bsp/test/user/ugs', 'databases': '{\n "host": "127.0.0.1",\n "port": 3306,\n "database": "mysql",\n "user":"root",\n "password":"root@3306"\n}', 'sheets': '["安全纯净大屏"]', 'initialize_data': '{\n"{{account}}":"18127813600",\n     "{{passwd}}": "WD6Y0+LJLHXuFaplzUtSCnwktA7KgXCpjCS+OVvIFGTEoz2gbqK2oOOuJUf7ao0m2YYGiGi1pQTMBnkrxIY1cztGYbVp97kvIQwZLN4UhrOAe3h1asY/NLnDwB/byl7agcGv9WI4oy6B1Z93HVHmQiAKn7QqnDgPVITu4jthNc8=",\n"{{projectId}}":"104966",\n"{{tenant}}":"216317749963825419"\n}', 'run': 'YES'}
2023-05-17 17:21:07,761-INFO-logger.py-[ line:64 ] - 日志信息:开始加载内置方法...
2023-05-17 17:21:07,762-INFO-logger.py-[ line:64 ] - 日志信息:内置方法加载完成
2023-05-17 17:21:07,762-INFO-logger.py-[ line:64 ] - 日志信息:所有用例执行开始...
2023-05-17 17:21:07,763-INFO-logger.py-[ line:64 ] - 日志信息:sql 执行成功:None
2023-05-17 17:21:07,764-INFO-logger.py-[ line:64 ] - 日志信息:当前用例所在的 sheet --> 安全纯净大屏
2023-05-17 17:21:07,765-INFO-logger.py-[ line:64 ] - 日志信息:执行 SQL 语句 --> None
2023-05-17 17:21:07,765-INFO-logger.py-[ line:64 ] - 日志信息:预期结果 --> 
2023-05-17 17:21:07,854-INFO-logger.py-[ line:64 ] - 日志信息:请求地址 --> https://bimdc.bzlrobot.com/bsp/test/user/ugs/auth/loginByNotBip
2023-05-17 17:21:07,855-INFO-logger.py-[ line:64 ] - 日志信息:请求头 --> {'User-Agent': 'python-requests/2.24.0', 'Accept-Encoding': 'gzip, deflate', 'Accept': '*/*', 'Connection': 'keep-alive', 'Content-Type': 'application/json', 'Content-Length': '214'}
2023-05-17 17:21:07,855-INFO-logger.py-[ line:64 ] - 日志信息:请求 body --> b'{"account": "18127813600", "password": "WD6Y0+LJLHXuFaplzUtSCnwktA7KgXCpjCS+OVvIFGTEoz2gbqK2oOOuJUf7ao0m2YYGiGi1pQTMBnkrxIY1cztGYbVp97kvIQwZLN4UhrOAe3h1asY/NLnDwB/byl7agcGv9WI4oy6B1Z93HVHmQiAKn7QqnDgPVITu4jthNc8="}'
2023-05-17 17:21:07,856-INFO-logger.py-[ line:64 ] - 日志信息:接口状态--> 200
2023-05-17 17:21:07,856-INFO-logger.py-[ line:64 ] - 日志信息:接口耗时--> 0:00:00.082804
2023-05-17 17:21:07,870-INFO-logger.py-[ line:64 ] - 日志信息:接口响应--> {"code":"0","type":"success","data":{"id":"216843152678542487","userId":"216483504447804297","ibsUserId":7884,"mobile":"18127813600","bspToken":"bba3b119502b28e4ff14329922c6fda4","type":"user","avatar":null,"ncAccount":null,"timestamp":1684315267,"idpTokenId":null,"loginChannel":null,"clientType":null,"name":"陈勇志","btpToken":null,"account":"18127813600","accountType":"C","currentEnvId":null,"currentTenantId":"216317749963825419","currentAppId":"8d1f5bdc9c6648af84a98e2c017846c5","currentProjectId":"104966","currentOrgId":null,"currentMenuId":null,"currentOrgMenuId":null,"currentSelectedTab":"org","currentUrl":"/ibs/material/order","tenants":[{"id":"1623811301356297657","code":"1623811301356297657","fullName":"广东博嘉拓建筑测试租户","shortName":"广东博嘉拓建筑测试租户","envId":"6296f5e3960c4fdfb9c9357b581c853b","envName":"默认环境","tenantEnvs":null},{"id":"216572673247394736","code":"9C8D5715AAA44D4B8530AB2B7F627E1A","fullName":"安徽腾越建筑工程有限公司","shortName":"安徽腾越建筑工程有限公司","envId":"d1b4f959495f433fb1dd5400a78bce2c","envName":"默认环境","tenantEnvs":null},{"id":"216317749963825419","code":"C2C35D2543B34CA99366D9C76E45D01B","fullName":"沈阳腾越建筑测试租户","shortName":"沈阳腾越建筑测试租户","envId":"c4a70c0a1f5c4aaa83fcd390dcd898c6","envName":"默认环境","tenantEnvs":null},{"id":"216260762345772077","code":"216260762345772077","fullName":"广东腾越建筑工程有限公司","shortName":"广东腾越建筑工程有限公司","envId":"210712034943271000","envName":"默认环境","tenantEnvs":null},{"id":"216328986981406025","code":"TENANT_TEST","fullName":"智慧工地测试租户9","shortName":"智慧工地测试租户9","envId":"e7682a3876a343b483645b0c20da93a3","envName":"默认环境","tenantEnvs":null},{"id":"216365124588606373","code":"TENANT_TEST","fullName":"计划排程自动化测试","shortName":"计划排程自动化测试","envId":"80ce8eb5a7c941f8a6f57b8ecb61ec17","envName":"默认环境","tenantEnvs":null},{"id":"216674624791091228","code":"232E9186B1BE494E966F27BA7CF33AE2","fullName":"cyq测试","shortName":"cyq测试","envId":"ef3f8ed4792f4ef0a5e7d92af394d29c","envName":"默认环境","tenantEnvs":null},{"id":"216687529947792866","code":"9769454E01304245AEE83CE7E99537A8","fullName":"成本总控报表测试租户","shortName":"成本总控报表测试租户","envId":"5125917072884123bf9fe3966ffa4af2","envName":"默认环境","tenantEnvs":null},{"id":"216661417159402453","code":"216661417159402453","fullName":"科技建筑集团","shortName":"科技建筑集团","envId":"b23d88da977e467cb81dd7fb57de97d0","envName":"默认环境","tenantEnvs":null},{"id":"216281557054332425","code":"216281557054332425","fullName":"BIM材料用量计算","shortName":"BIM材料用量计算","envId":"7501c77b0ccd4b4d912451e5f74c1ba7","envName":"默认环境","tenantEnvs":null},{"id":"1320970534539886592","code":"1320970534539886592","fullName":"碧桂园集团","shortName":"碧桂园集团","envId":"1320970534539886592","envName":"默认环境","tenantEnvs":null}],"loginAppDto":null},"msg":null,"succeed":true}
2023-05-17 17:21:08,298-INFO-logger.py-[ line:64 ] - 日志信息:sql 执行成功:None
2023-05-17 17:21:08,298-INFO-logger.py-[ line:64 ] - 日志信息:执行方法：get_timestamp(13)
2023-05-17 17:21:08,307-INFO-logger.py-[ line:64 ] - 日志信息:当前用例所在的 sheet --> 安全纯净大屏
2023-05-17 17:21:08,308-INFO-logger.py-[ line:64 ] - 日志信息:执行 SQL 语句 --> None
2023-05-17 17:21:08,308-INFO-logger.py-[ line:64 ] - 日志信息:预期结果 --> 
2023-05-17 17:21:08,355-INFO-logger.py-[ line:64 ] - 日志信息:请求地址 --> https://bimdc.bzlrobot.com/bsp/test/user/ugs/ibs/api/ibs-lms-base/tvConfig/addTvSequence?t=1684315268299
2023-05-17 17:21:08,356-INFO-logger.py-[ line:64 ] - 日志信息:请求头 --> {'User-Agent': 'python-requests/2.24.0', 'Accept-Encoding': 'gzip, deflate', 'Accept': '*/*', 'Connection': 'keep-alive', 'Content-Type': 'application/json;charset=utf-8', 'BSP_TOKEN': 'bba3b119502b28e4ff14329922c6fda4', 'BSP_USER_TENANT': '216317749963825419', 'Content-Length': '61'}
2023-05-17 17:21:08,356-INFO-logger.py-[ line:64 ] - 日志信息:请求 body --> b'{"projectId": "104966", "tvSequence": "zYZRusEKBXuXicfIaxRL"}'
2023-05-17 17:21:08,357-INFO-logger.py-[ line:64 ] - 日志信息:接口状态--> 200
2023-05-17 17:21:08,357-INFO-logger.py-[ line:64 ] - 日志信息:接口耗时--> 0:00:00.044571
2023-05-17 17:21:08,358-INFO-logger.py-[ line:64 ] - 日志信息:接口响应--> {"code":200,"success":true,"data":null,"msg":"添加成功"}
2023-05-17 17:21:08,709-INFO-logger.py-[ line:64 ] - 日志信息:sql 执行成功:None
2023-05-17 17:21:08,710-INFO-logger.py-[ line:64 ] - 日志信息:执行方法：get_timestamp(13)
2023-05-17 17:21:08,710-INFO-logger.py-[ line:64 ] - 日志信息:被提取对象非字典、非字符串、非列表，不执行jsonpath提取，被提取对象: None
2023-05-17 17:21:08,710-INFO-logger.py-[ line:64 ] - 日志信息:当前用例所在的 sheet --> 安全纯净大屏
2023-05-17 17:21:08,710-INFO-logger.py-[ line:64 ] - 日志信息:执行 SQL 语句 --> None
2023-05-17 17:21:08,711-INFO-logger.py-[ line:64 ] - 日志信息:预期结果 --> 
2023-05-17 17:21:08,742-INFO-logger.py-[ line:64 ] - 日志信息:请求地址 --> https://bimdc.bzlrobot.com/bsp/test/user/ugs/ibs/api/ibs-lms-base/tvConfig/getTvInfo?t=1684315268710&projectId=104966
2023-05-17 17:21:08,742-INFO-logger.py-[ line:64 ] - 日志信息:请求头 --> {'User-Agent': 'python-requests/2.24.0', 'Accept-Encoding': 'gzip, deflate', 'Accept': '*/*', 'Connection': 'keep-alive', 'Content-Type': 'application/json;charset=utf-8', 'BSP_TOKEN': 'bba3b119502b28e4ff14329922c6fda4', 'BSP_USER_TENANT': '216317749963825419'}
2023-05-17 17:21:08,743-INFO-logger.py-[ line:64 ] - 日志信息:请求 body --> None
2023-05-17 17:21:08,743-INFO-logger.py-[ line:64 ] - 日志信息:接口状态--> 200
2023-05-17 17:21:08,744-INFO-logger.py-[ line:64 ] - 日志信息:接口耗时--> 0:00:00.029118
2023-05-17 17:21:08,745-INFO-logger.py-[ line:64 ] - 日志信息:接口响应--> {"code":200,"success":true,"data":{"id":"1637650408413749249","projectId":"104966","shortInfo":"博智林提醒您：一切不能保证安全、质量的施工都要停工！进入工地，请佩戴安全帽，穿着反光衣，文明作业！","qrCode":"https://ibs-test.bzlrobot.com/api/ibs-file/document/get/MjAyMS0xMC0xOCxQSE9UT18yMDIxMTAxOF8wOTMxMDExMDIuanBnLDA0ZGQxOWU5YzA3MjQ0YjE5OTIwNzZjOTUxNzY4YzQ1","manageDeparts":[]},"msg":"操作成功"}
