2023-03-28 10:47:38,228-INFO-logger.py-[ line:65 ] - 日志信息:执行方法：get_delta_time(0, 0, 0, 0, %Y-%m-%d %H:%M:%S)
2023-03-28 10:49:10,680-INFO-logger.py-[ line:65 ] - 日志信息:执行方法：get_delta_time(0, 0, 0, 0, %Y-%m-%d %H:%M:%S)
2023-03-28 10:49:28,187-INFO-logger.py-[ line:65 ] - 日志信息:执行方法：get_delta_time(4, 0, 0, 0, %Y-%m-%d %H:%M:%S)
2023-03-28 10:49:33,092-INFO-logger.py-[ line:65 ] - 日志信息:执行方法：get_delta_time(-4, 0, 0, 0, %Y-%m-%d %H:%M:%S)
2023-03-28 11:06:07,942-INFO-logger.py-[ line:65 ] - 日志信息:======================== 登录成功:{'timestamp': '2023-03-28 11:06:08', 'status': 404, 'error': 'Not Found', 'message': '', 'path': '/login'} ========================
2023-03-28 11:06:59,649-INFO-logger.py-[ line:65 ] - 日志信息:======================== 登录成功:{'timestamp': '2023-03-28 11:06:59', 'status': 404, 'error': 'Not Found', 'message': '', 'path': '/loginByNotBip'} ========================
2023-03-28 11:07:35,901-INFO-logger.py-[ line:65 ] - 日志信息:======================== 登录成功:{'code': '0', 'type': 'success', 'data': {'id': '216799728560351251', 'userId': '216483504447804297', 'ibsUserId': 7884, 'mobile': '18127813600', 'bspToken': 'de0b8ecc1c6ec98bebfe4e562d751507', 'type': 'user', 'avatar': None, 'ncAccount': None, 'timestamp': 1679972856, 'idpTokenId': None, 'loginChannel': None, 'clientType': None, 'name': '陈勇志', 'btpToken': None, 'account': '18127813600', 'accountType': 'C', 'currentEnvId': None, 'currentTenantId': '216317749963825419', 'currentAppId': '8d1f5bdc9c6648af84a98e2c017846c5', 'currentProjectId': '104966', 'currentOrgId': None, 'currentMenuId': None, 'currentOrgMenuId': None, 'currentSelectedTab': 'org', 'currentUrl': '/ibs/material/acceptance', 'tenants': [{'id': '1623811301356297657', 'code': '1623811301356297657', 'fullName': '广东博嘉拓建筑测试租户', 'shortName': '广东博嘉拓建筑测试租户', 'envId': '6296f5e3960c4fdfb9c9357b581c853b', 'envName': '默认环境', 'tenantEnvs': None}, {'id': '216572673247394736', 'code': '9C8D5715AAA44D4B8530AB2B7F627E1A', 'fullName': '安徽腾越建筑工程有限公司', 'shortName': '安徽腾越建筑工程有限公司', 'envId': 'd1b4f959495f433fb1dd5400a78bce2c', 'envName': '默认环境', 'tenantEnvs': None}, {'id': '216317749963825419', 'code': 'C2C35D2543B34CA99366D9C76E45D01B', 'fullName': '沈阳腾越建筑测试租户', 'shortName': '沈阳腾越建筑测试租户', 'envId': 'c4a70c0a1f5c4aaa83fcd390dcd898c6', 'envName': '默认环境', 'tenantEnvs': None}, {'id': '216260762345772077', 'code': '216260762345772077', 'fullName': '广东腾越建筑工程有限公司', 'shortName': '广东腾越建筑工程有限公司', 'envId': '210712034943271000', 'envName': '默认环境', 'tenantEnvs': None}, {'id': '216328986981406025', 'code': 'TENANT_TEST', 'fullName': '智慧工地测试租户9', 'shortName': '智慧工地测试租户9', 'envId': 'e7682a3876a343b483645b0c20da93a3', 'envName': '默认环境', 'tenantEnvs': None}, {'id': '216365124588606373', 'code': 'TENANT_TEST', 'fullName': '计划排程自动化测试', 'shortName': '计划排程自动化测试', 'envId': '80ce8eb5a7c941f8a6f57b8ecb61ec17', 'envName': '默认环境', 'tenantEnvs': None}, {'id': '216674624791091228', 'code': '232E9186B1BE494E966F27BA7CF33AE2', 'fullName': 'cyq测试', 'shortName': 'cyq测试', 'envId': 'ef3f8ed4792f4ef0a5e7d92af394d29c', 'envName': '默认环境', 'tenantEnvs': None}, {'id': '216687529947792866', 'code': '9769454E01304245AEE83CE7E99537A8', 'fullName': '成本总控报表测试租户', 'shortName': '成本总控报表测试租户', 'envId': '5125917072884123bf9fe3966ffa4af2', 'envName': '默认环境', 'tenantEnvs': None}, {'id': '216661417159402453', 'code': '216661417159402453', 'fullName': '科技建筑集团', 'shortName': '科技建筑集团', 'envId': 'b23d88da977e467cb81dd7fb57de97d0', 'envName': '默认环境', 'tenantEnvs': None}, {'id': '216281557054332425', 'code': '216281557054332425', 'fullName': 'BIM材料用量计算', 'shortName': 'BIM材料用量计算', 'envId': '7501c77b0ccd4b4d912451e5f74c1ba7', 'envName': '默认环境', 'tenantEnvs': None}, {'id': '1320970534539886592', 'code': '1320970534539886592', 'fullName': '碧桂园集团', 'shortName': '碧桂园集团', 'envId': '1320970534539886592', 'envName': '默认环境', 'tenantEnvs': None}], 'loginAppDto': None}, 'msg': None, 'succeed': True} ========================
2023-03-28 11:09:25,962-INFO-logger.py-[ line:65 ] - 日志信息:登录成功:{'code': '0', 'type': 'success', 'data': {'id': '216799729660973794', 'userId': '216483504447804297', 'ibsUserId': 7884, 'mobile': '18127813600', 'bspToken': '4d55513dda5dce3100cf0b0c9aee8e2c', 'type': 'user', 'avatar': None, 'ncAccount': None, 'timestamp': 1679972966, 'idpTokenId': None, 'loginChannel': None, 'clientType': None, 'name': '陈勇志', 'btpToken': None, 'account': '18127813600', 'accountType': 'C', 'currentEnvId': None, 'currentTenantId': '216317749963825419', 'currentAppId': '8d1f5bdc9c6648af84a98e2c017846c5', 'currentProjectId': '104966', 'currentOrgId': None, 'currentMenuId': None, 'currentOrgMenuId': None, 'currentSelectedTab': 'org', 'currentUrl': '/ibs/material/acceptance', 'tenants': [{'id': '1623811301356297657', 'code': '1623811301356297657', 'fullName': '广东博嘉拓建筑测试租户', 'shortName': '广东博嘉拓建筑测试租户', 'envId': '6296f5e3960c4fdfb9c9357b581c853b', 'envName': '默认环境', 'tenantEnvs': None}, {'id': '216572673247394736', 'code': '9C8D5715AAA44D4B8530AB2B7F627E1A', 'fullName': '安徽腾越建筑工程有限公司', 'shortName': '安徽腾越建筑工程有限公司', 'envId': 'd1b4f959495f433fb1dd5400a78bce2c', 'envName': '默认环境', 'tenantEnvs': None}, {'id': '216317749963825419', 'code': 'C2C35D2543B34CA99366D9C76E45D01B', 'fullName': '沈阳腾越建筑测试租户', 'shortName': '沈阳腾越建筑测试租户', 'envId': 'c4a70c0a1f5c4aaa83fcd390dcd898c6', 'envName': '默认环境', 'tenantEnvs': None}, {'id': '216260762345772077', 'code': '216260762345772077', 'fullName': '广东腾越建筑工程有限公司', 'shortName': '广东腾越建筑工程有限公司', 'envId': '210712034943271000', 'envName': '默认环境', 'tenantEnvs': None}, {'id': '216328986981406025', 'code': 'TENANT_TEST', 'fullName': '智慧工地测试租户9', 'shortName': '智慧工地测试租户9', 'envId': 'e7682a3876a343b483645b0c20da93a3', 'envName': '默认环境', 'tenantEnvs': None}, {'id': '216365124588606373', 'code': 'TENANT_TEST', 'fullName': '计划排程自动化测试', 'shortName': '计划排程自动化测试', 'envId': '80ce8eb5a7c941f8a6f57b8ecb61ec17', 'envName': '默认环境', 'tenantEnvs': None}, {'id': '216674624791091228', 'code': '232E9186B1BE494E966F27BA7CF33AE2', 'fullName': 'cyq测试', 'shortName': 'cyq测试', 'envId': 'ef3f8ed4792f4ef0a5e7d92af394d29c', 'envName': '默认环境', 'tenantEnvs': None}, {'id': '216687529947792866', 'code': '9769454E01304245AEE83CE7E99537A8', 'fullName': '成本总控报表测试租户', 'shortName': '成本总控报表测试租户', 'envId': '5125917072884123bf9fe3966ffa4af2', 'envName': '默认环境', 'tenantEnvs': None}, {'id': '216661417159402453', 'code': '216661417159402453', 'fullName': '科技建筑集团', 'shortName': '科技建筑集团', 'envId': 'b23d88da977e467cb81dd7fb57de97d0', 'envName': '默认环境', 'tenantEnvs': None}, {'id': '216281557054332425', 'code': '216281557054332425', 'fullName': 'BIM材料用量计算', 'shortName': 'BIM材料用量计算', 'envId': '7501c77b0ccd4b4d912451e5f74c1ba7', 'envName': '默认环境', 'tenantEnvs': None}, {'id': '1320970534539886592', 'code': '1320970534539886592', 'fullName': '碧桂园集团', 'shortName': '碧桂园集团', 'envId': '1320970534539886592', 'envName': '默认环境', 'tenantEnvs': None}], 'loginAppDto': None}, 'msg': None, 'succeed': True}
2023-03-28 15:08:33,299-INFO-logger.py-[ line:65 ] - 日志信息:正在执行数据提取：提取表达式：result.user.name
2023-03-28 15:08:33,300-INFO-logger.py-[ line:65 ] - 日志信息:输出变量，提取表达式：result.user.name，提取结果：ch33enyongzhi
2023-03-28 15:08:40,249-INFO-logger.py-[ line:65 ] - 日志信息:正在执行数据提取：提取表达式：result.user.name
2023-03-28 15:08:40,250-INFO-logger.py-[ line:65 ] - 日志信息:输出变量，提取表达式：result.user.name，提取结果：chenyongzhi
2023-03-28 15:10:30,942-INFO-logger.py-[ line:65 ] - 日志信息:正在执行数据提取：提取表达式：result.user.name
2023-03-28 15:10:30,943-INFO-logger.py-[ line:65 ] - 日志信息:输出变量，提取表达式：result.user.name，提取结果：chenyongzhi
2023-03-28 15:15:18,105-INFO-logger.py-[ line:65 ] - 日志信息:正在执行数据提取：提取表达式：result.user.name
2023-03-28 15:15:18,106-INFO-logger.py-[ line:65 ] - 日志信息:输出变量，提取表达式：result.user.name，提取结果：chenyongzhi
2023-03-28 15:15:18,107-INFO-logger.py-[ line:65 ] - 日志信息:正在执行数据提取：提取表达式：result.user
2023-03-28 15:15:18,108-INFO-logger.py-[ line:65 ] - 日志信息:输出变量，提取表达式：result.user，提取结果：{'name': 'chenyongzhi'}
2023-03-28 15:27:31,316-INFO-logger.py-[ line:65 ] - 日志信息:正在执行数据提取：提取表达式：result.user.name
2023-03-28 15:27:31,318-INFO-logger.py-[ line:65 ] - 日志信息:正在执行数据提取：提取表达式：result.user
2023-03-28 15:30:26,652-INFO-logger.py-[ line:65 ] - 日志信息:正在执行数据提取：提取表达式：result.user.name
2023-03-28 15:30:26,654-INFO-logger.py-[ line:65 ] - 日志信息:正在执行数据提取：提取表达式：result.user
2023-03-28 15:30:51,388-INFO-logger.py-[ line:65 ] - 日志信息:正在执行数据提取：提取数据源内容：{"result": {"user": {"name": "chenyongzhi"}}}
2023-03-28 15:30:51,389-INFO-logger.py-[ line:65 ] - 日志信息:正在执行数据提取：提取表达式：result.user.name
2023-03-28 15:30:51,391-INFO-logger.py-[ line:65 ] - 日志信息:正在执行数据提取：提取数据源内容：{"result": {"user": {"name": "chenyongzhi"}}}
2023-03-28 15:30:51,392-INFO-logger.py-[ line:65 ] - 日志信息:正在执行数据提取：提取表达式：result.user
2023-03-28 15:32:18,594-INFO-logger.py-[ line:65 ] - 日志信息:正在执行数据提取：提取数据源内容：{"result": {"user": {"name": "chenyongzhi"}}},<class 'str'>
2023-03-28 15:32:18,595-INFO-logger.py-[ line:65 ] - 日志信息:正在执行数据提取：提取表达式：result.user.name
2023-03-28 15:32:18,597-INFO-logger.py-[ line:65 ] - 日志信息:正在执行数据提取：提取数据源内容：{"result": {"user": {"name": "chenyongzhi"}}},<class 'str'>
2023-03-28 15:32:18,598-INFO-logger.py-[ line:65 ] - 日志信息:正在执行数据提取：提取表达式：result.user
2023-03-28 16:58:52,793-INFO-logger.py-[ line:65 ] - 日志信息:读取测试用例excel文件：D:\apk_api\api-test-project\data\moduleA\test_cases\test_api.xlsx
2023-03-28 16:58:53,481-INFO-logger.py-[ line:65 ] - 日志信息:如下是初始化得到得数据：{'id': 1, 'environment': 'TEST', 'host': 'https://bimdc.bzlrobot.com', 'path': '/bsp/test/user/ugs', 'databases': '{\n "host": "10.8.203.25",\n "port": 3306,\n "database": "ibs_lms_base",\n "user":"root",\n "password":"gd1234"\n}', 'sheets': '["安全纯净大屏"]', 'initialize_data': '{\n"{{account}}":"18127813600",\n"{{passwd}}":"Kzw8YyLO/vSnkS9j+IKnuDYWc6cEO6Pea45fK4prd4LJz34Pu6HFUWVFhOcNsn4ExxkBfP3685QHRCTS/SyaIFmkPP+K4hvxcWyTbZdzKVXeoovhOxFvtvl79qqXTjqFhBmIPnNLdGSd8tqfdrOOfsqq7HdillrpkbLtEiBMHPM=",\n"{{projectId}}":"104966",\n"{{tenant}}":"216317749963825419"\n}', 'run': 'YES'}
2023-03-28 16:58:53,596-INFO-logger.py-[ line:65 ] - 日志信息:登录成功:{'code': 'AG_500', 'type': None, 'data': None, 'msg': '服务器内部错误.', 'showType': 2, 'formMsg': None, 'succeed': False}
2023-03-28 16:58:53,680-INFO-logger.py-[ line:65 ] - 日志信息:-----------------------------------start_test_api-----------------------------------
2023-03-28 16:58:53,701-INFO-logger.py-[ line:65 ] - 日志信息:-----------------------------------end_test_api-----------------------------------
2023-03-28 16:59:28,092-INFO-logger.py-[ line:65 ] - 日志信息:登录成功:{'code': '0', 'type': 'success', 'data': {'id': '216799939681895059', 'userId': '216483504447804297', 'ibsUserId': 7884, 'mobile': '18127813600', 'bspToken': '918afb5c44f0fd9ba1cb482287eafca0', 'type': 'user', 'avatar': None, 'ncAccount': None, 'timestamp': 1679993968, 'idpTokenId': None, 'loginChannel': None, 'clientType': None, 'name': '陈勇志', 'btpToken': None, 'account': '18127813600', 'accountType': 'C', 'currentEnvId': None, 'currentTenantId': '216317749963825419', 'currentAppId': '8d1f5bdc9c6648af84a98e2c017846c5', 'currentProjectId': '104966', 'currentOrgId': None, 'currentMenuId': None, 'currentOrgMenuId': None, 'currentSelectedTab': 'org', 'currentUrl': '/ibs/material/acceptance', 'tenants': [{'id': '1623811301356297657', 'code': '1623811301356297657', 'fullName': '广东博嘉拓建筑测试租户', 'shortName': '广东博嘉拓建筑测试租户', 'envId': '6296f5e3960c4fdfb9c9357b581c853b', 'envName': '默认环境', 'tenantEnvs': None}, {'id': '216572673247394736', 'code': '9C8D5715AAA44D4B8530AB2B7F627E1A', 'fullName': '安徽腾越建筑工程有限公司', 'shortName': '安徽腾越建筑工程有限公司', 'envId': 'd1b4f959495f433fb1dd5400a78bce2c', 'envName': '默认环境', 'tenantEnvs': None}, {'id': '216317749963825419', 'code': 'C2C35D2543B34CA99366D9C76E45D01B', 'fullName': '沈阳腾越建筑测试租户', 'shortName': '沈阳腾越建筑测试租户', 'envId': 'c4a70c0a1f5c4aaa83fcd390dcd898c6', 'envName': '默认环境', 'tenantEnvs': None}, {'id': '216260762345772077', 'code': '216260762345772077', 'fullName': '广东腾越建筑工程有限公司', 'shortName': '广东腾越建筑工程有限公司', 'envId': '210712034943271000', 'envName': '默认环境', 'tenantEnvs': None}, {'id': '216328986981406025', 'code': 'TENANT_TEST', 'fullName': '智慧工地测试租户9', 'shortName': '智慧工地测试租户9', 'envId': 'e7682a3876a343b483645b0c20da93a3', 'envName': '默认环境', 'tenantEnvs': None}, {'id': '216365124588606373', 'code': 'TENANT_TEST', 'fullName': '计划排程自动化测试', 'shortName': '计划排程自动化测试', 'envId': '80ce8eb5a7c941f8a6f57b8ecb61ec17', 'envName': '默认环境', 'tenantEnvs': None}, {'id': '216674624791091228', 'code': '232E9186B1BE494E966F27BA7CF33AE2', 'fullName': 'cyq测试', 'shortName': 'cyq测试', 'envId': 'ef3f8ed4792f4ef0a5e7d92af394d29c', 'envName': '默认环境', 'tenantEnvs': None}, {'id': '216687529947792866', 'code': '9769454E01304245AEE83CE7E99537A8', 'fullName': '成本总控报表测试租户', 'shortName': '成本总控报表测试租户', 'envId': '5125917072884123bf9fe3966ffa4af2', 'envName': '默认环境', 'tenantEnvs': None}, {'id': '216661417159402453', 'code': '216661417159402453', 'fullName': '科技建筑集团', 'shortName': '科技建筑集团', 'envId': 'b23d88da977e467cb81dd7fb57de97d0', 'envName': '默认环境', 'tenantEnvs': None}, {'id': '216281557054332425', 'code': '216281557054332425', 'fullName': 'BIM材料用量计算', 'shortName': 'BIM材料用量计算', 'envId': '7501c77b0ccd4b4d912451e5f74c1ba7', 'envName': '默认环境', 'tenantEnvs': None}, {'id': '1320970534539886592', 'code': '1320970534539886592', 'fullName': '碧桂园集团', 'shortName': '碧桂园集团', 'envId': '1320970534539886592', 'envName': '默认环境', 'tenantEnvs': None}], 'loginAppDto': None}, 'msg': None, 'succeed': True}
2023-03-28 16:59:41,752-INFO-logger.py-[ line:65 ] - 日志信息:读取测试用例excel文件：D:\apk_api\api-test-project\data\moduleA\test_cases\test_api.xlsx
2023-03-28 16:59:42,532-INFO-logger.py-[ line:65 ] - 日志信息:如下是初始化得到得数据：{'id': 1, 'environment': 'TEST', 'host': 'https://bimdc.bzlrobot.com', 'path': '/bsp/test/user/ugs', 'databases': '{\n "host": "10.8.203.25",\n "port": 3306,\n "database": "ibs_lms_base",\n "user":"root",\n "password":"gd1234"\n}', 'sheets': '["安全纯净大屏"]', 'initialize_data': '{\n"{{account}}":"18127813600",\n"{{passwd}}":"Kzw8YyLO/vSnkS9j+IKnuDYWc6cEO6Pea45fK4prd4LJz34Pu6HFUWVFhOcNsn4ExxkBfP3685QHRCTS/SyaIFmkPP+K4hvxcWyTbZdzKVXeoovhOxFvtvl79qqXTjqFhBmIPnNLdGSd8tqfdrOOfsqq7HdillrpkbLtEiBMHPM=",\n"{{projectId}}":"104966",\n"{{tenant}}":"216317749963825419"\n}', 'run': 'YES'}
2023-03-28 16:59:42,656-INFO-logger.py-[ line:65 ] - 日志信息:登录成功:{'code': 'AG_500', 'type': None, 'data': None, 'msg': '服务器内部错误.', 'showType': 2, 'formMsg': None, 'succeed': False}
2023-03-28 16:59:42,711-INFO-logger.py-[ line:65 ] - 日志信息:-----------------------------------start_test_api-----------------------------------
2023-03-28 16:59:42,714-INFO-logger.py-[ line:65 ] - 日志信息:-----------------------------------end_test_api-----------------------------------
2023-03-28 17:05:09,010-INFO-logger.py-[ line:65 ] - 日志信息:读取测试用例excel文件：D:\apk_api\api-test-project\data\moduleA\test_cases\test_api.xlsx
2023-03-28 17:05:09,784-INFO-logger.py-[ line:65 ] - 日志信息:如下是初始化得到得数据：{'id': 1, 'environment': 'TEST', 'host': 'https://bimdc.bzlrobot.com', 'path': '/bsp/test/user/ugs', 'databases': '{\n "host": "10.8.203.25",\n "port": 3306,\n "database": "ibs_lms_base",\n "user":"root",\n "password":"gd1234"\n}', 'sheets': '["安全纯净大屏"]', 'initialize_data': '{\n"{{account}}":"18127813600",\n"{{passwd}}":"Kzw8YyLO/vSnkS9j+IKnuDYWc6cEO6Pea45fK4prd4LJz34Pu6HFUWVFhOcNsn4ExxkBfP3685QHRCTS/SyaIFmkPP+K4hvxcWyTbZdzKVXeoovhOxFvtvl79qqXTjqFhBmIPnNLdGSd8tqfdrOOfsqq7HdillrpkbLtEiBMHPM=",\n"{{projectId}}":"104966",\n"{{tenant}}":"216317749963825419"\n}', 'run': 'YES'}
2023-03-28 17:05:09,880-INFO-logger.py-[ line:65 ] - 日志信息:登录成功:{'code': 'AG_500', 'type': None, 'data': None, 'msg': '服务器内部错误.', 'showType': 2, 'formMsg': None, 'succeed': False}
2023-03-28 17:05:09,965-INFO-logger.py-[ line:65 ] - 日志信息:-----------------------------------start_test_api-----------------------------------
2023-03-28 17:05:09,967-INFO-logger.py-[ line:65 ] - 日志信息:-----------------------------------end_test_api-----------------------------------
2023-03-28 17:06:10,391-INFO-logger.py-[ line:65 ] - 日志信息:读取测试用例excel文件：D:\apk_api\api-test-project\data\moduleA\test_cases\test_api.xlsx
2023-03-28 17:06:11,105-INFO-logger.py-[ line:65 ] - 日志信息:如下是初始化得到得数据：{'id': 1, 'environment': 'TEST', 'host': 'https://bimdc.bzlrobot.com', 'path': '/bsp/test/user/ugs', 'databases': '{\n "host": "10.8.203.25",\n "port": 3306,\n "database": "ibs_lms_base",\n "user":"root",\n "password":"gd1234"\n}', 'sheets': '["安全纯净大屏"]', 'initialize_data': '{\n"{{account}}":"18127813600",\n"{{passwd}}":"Kzw8YyLO/vSnkS9j+IKnuDYWc6cEO6Pea45fK4prd4LJz34Pu6HFUWVFhOcNsn4ExxkBfP3685QHRCTS/SyaIFmkPP+K4hvxcWyTbZdzKVXeoovhOxFvtvl79qqXTjqFhBmIPnNLdGSd8tqfdrOOfsqq7HdillrpkbLtEiBMHPM=",\n"{{projectId}}":"104966",\n"{{tenant}}":"216317749963825419"\n}', 'run': 'YES'}
2023-03-28 17:06:11,211-INFO-logger.py-[ line:65 ] - 日志信息:登录成功:{'code': 'AG_500', 'type': None, 'data': None, 'msg': '服务器内部错误.', 'showType': 2, 'formMsg': None, 'succeed': False}
2023-03-28 17:06:11,273-INFO-logger.py-[ line:65 ] - 日志信息:-----------------------------------start_test_api-----------------------------------
2023-03-28 17:06:11,276-INFO-logger.py-[ line:65 ] - 日志信息:-----------------------------------end_test_api-----------------------------------
2023-03-28 17:07:53,702-INFO-logger.py-[ line:65 ] - 日志信息:读取测试用例excel文件：D:\apk_api\api-test-project\data\moduleA\test_cases\test_api.xlsx
2023-03-28 17:07:54,434-INFO-logger.py-[ line:65 ] - 日志信息:如下是初始化得到得数据：{'id': 1, 'environment': 'TEST', 'host': 'https://bimdc.bzlrobot.com', 'path': '/bsp/test/user/ugs', 'databases': '{\n "host": "10.8.203.25",\n "port": 3306,\n "database": "ibs_lms_base",\n "user":"root",\n "password":"gd1234"\n}', 'sheets': '["安全纯净大屏"]', 'initialize_data': '{\n"{{account}}":"18127813600",\n"{{passwd}}":"Kzw8YyLO/vSnkS9j+IKnuDYWc6cEO6Pea45fK4prd4LJz34Pu6HFUWVFhOcNsn4ExxkBfP3685QHRCTS/SyaIFmkPP+K4hvxcWyTbZdzKVXeoovhOxFvtvl79qqXTjqFhBmIPnNLdGSd8tqfdrOOfsqq7HdillrpkbLtEiBMHPM=",\n"{{projectId}}":"104966",\n"{{tenant}}":"216317749963825419"\n}', 'run': 'YES'}
2023-03-28 17:07:54,552-INFO-logger.py-[ line:65 ] - 日志信息:登录成功:{'code': 'AG_500', 'type': None, 'data': None, 'msg': '服务器内部错误.', 'showType': 2, 'formMsg': None, 'succeed': False}
2023-03-28 17:07:54,603-INFO-logger.py-[ line:65 ] - 日志信息:-----------------------------------start_test_api-----------------------------------
2023-03-28 17:07:54,605-INFO-logger.py-[ line:65 ] - 日志信息:-----------------------------------end_test_api-----------------------------------
2023-03-28 17:12:21,232-INFO-logger.py-[ line:65 ] - 日志信息:读取测试用例excel文件：D:\apk_api\api-test-project\data\moduleA\test_cases\test_api.xlsx
2023-03-28 17:12:21,946-INFO-logger.py-[ line:65 ] - 日志信息:如下是初始化得到得数据：{'id': 1, 'environment': 'TEST', 'host': 'https://bimdc.bzlrobot.com', 'path': '/bsp/test/user/ugs', 'databases': '{\n "host": "10.8.203.25",\n "port": 3306,\n "database": "ibs_lms_base",\n "user":"root",\n "password":"gd1234"\n}', 'sheets': '["安全纯净大屏"]', 'initialize_data': '{\n"{{account}}":"18127813600",\n"{{passwd}}":"Kzw8YyLO/vSnkS9j+IKnuDYWc6cEO6Pea45fK4prd4LJz34Pu6HFUWVFhOcNsn4ExxkBfP3685QHRCTS/SyaIFmkPP+K4hvxcWyTbZdzKVXeoovhOxFvtvl79qqXTjqFhBmIPnNLdGSd8tqfdrOOfsqq7HdillrpkbLtEiBMHPM=",\n"{{projectId}}":"104966",\n"{{tenant}}":"216317749963825419"\n}', 'run': 'YES'}
2023-03-28 17:12:22,034-INFO-logger.py-[ line:65 ] - 日志信息:登录成功:{'code': 'AG_500', 'type': None, 'data': None, 'msg': '服务器内部错误.', 'showType': 2, 'formMsg': None, 'succeed': False}
2023-03-28 17:12:22,087-INFO-logger.py-[ line:65 ] - 日志信息:-----------------------------------start_test_api-----------------------------------
2023-03-28 17:12:22,089-INFO-logger.py-[ line:65 ] - 日志信息:-----------------------------------end_test_api-----------------------------------
2023-03-28 17:13:46,597-INFO-logger.py-[ line:65 ] - 日志信息:读取测试用例excel文件：D:\apk_api\api-test-project\data\moduleA\test_cases\test_api.xlsx
2023-03-28 17:13:47,365-INFO-logger.py-[ line:65 ] - 日志信息:如下是初始化得到得数据：{'id': 1, 'environment': 'TEST', 'host': 'https://bimdc.bzlrobot.com', 'path': '/bsp/test/user/ugs', 'databases': '{\n "host": "10.8.203.25",\n "port": 3306,\n "database": "ibs_lms_base",\n "user":"root",\n "password":"gd1234"\n}', 'sheets': '["安全纯净大屏"]', 'initialize_data': '{\n"{{account}}":"18127813600",\n"{{passwd}}":"Kzw8YyLO/vSnkS9j+IKnuDYWc6cEO6Pea45fK4prd4LJz34Pu6HFUWVFhOcNsn4ExxkBfP3685QHRCTS/SyaIFmkPP+K4hvxcWyTbZdzKVXeoovhOxFvtvl79qqXTjqFhBmIPnNLdGSd8tqfdrOOfsqq7HdillrpkbLtEiBMHPM=",\n"{{projectId}}":"104966",\n"{{tenant}}":"216317749963825419"\n}', 'run': 'YES'}
2023-03-28 17:13:47,558-INFO-logger.py-[ line:65 ] - 日志信息:登录成功:{'code': 'AG_500', 'type': None, 'data': None, 'msg': '服务器内部错误.', 'showType': 2, 'formMsg': None, 'succeed': False}
2023-03-28 17:13:48,188-INFO-logger.py-[ line:65 ] - 日志信息:-----------------------------------start_test_api-----------------------------------
2023-03-28 17:13:48,190-INFO-logger.py-[ line:65 ] - 日志信息:-----------------------------------end_test_api-----------------------------------
2023-03-28 17:14:20,200-INFO-logger.py-[ line:65 ] - 日志信息:读取测试用例excel文件：D:\apk_api\api-test-project\data\moduleA\test_cases\test_api.xlsx
2023-03-28 17:14:20,876-INFO-logger.py-[ line:65 ] - 日志信息:如下是初始化得到得数据：{'id': 1, 'environment': 'TEST', 'host': 'https://bimdc.bzlrobot.com', 'path': '/bsp/test/user/ugs', 'databases': '{\n "host": "10.8.203.25",\n "port": 3306,\n "database": "ibs_lms_base",\n "user":"root",\n "password":"gd1234"\n}', 'sheets': '["安全纯净大屏"]', 'initialize_data': '{\n"{{account}}":"18127813600",\n"{{passwd}}":"Kzw8YyLO/vSnkS9j+IKnuDYWc6cEO6Pea45fK4prd4LJz34Pu6HFUWVFhOcNsn4ExxkBfP3685QHRCTS/SyaIFmkPP+K4hvxcWyTbZdzKVXeoovhOxFvtvl79qqXTjqFhBmIPnNLdGSd8tqfdrOOfsqq7HdillrpkbLtEiBMHPM=",\n"{{projectId}}":"104966",\n"{{tenant}}":"216317749963825419"\n}', 'run': 'YES'}
2023-03-28 17:14:21,108-INFO-logger.py-[ line:65 ] - 日志信息:登录成功:{'code': 'AG_500', 'type': None, 'data': None, 'msg': '服务器内部错误.', 'showType': 2, 'formMsg': None, 'succeed': False}
2023-03-28 17:14:21,113-INFO-logger.py-[ line:65 ] - 日志信息:-----------------------------------start_test_api-----------------------------------
2023-03-28 17:14:21,115-INFO-logger.py-[ line:65 ] - 日志信息:-----------------------------------end_test_api-----------------------------------
2023-03-28 17:14:21,130-INFO-logger.py-[ line:65 ] - 日志信息:-----------------------------------start_test_api-----------------------------------
2023-03-28 17:14:21,131-INFO-logger.py-[ line:65 ] - 日志信息:-----------------------------------end_test_api-----------------------------------
2023-03-28 17:14:21,133-INFO-logger.py-[ line:65 ] - 日志信息:-----------------------------------start_test_api-----------------------------------
2023-03-28 17:14:21,135-INFO-logger.py-[ line:65 ] - 日志信息:-----------------------------------end_test_api-----------------------------------
2023-03-28 17:14:21,137-INFO-logger.py-[ line:65 ] - 日志信息:-----------------------------------start_test_api-----------------------------------
2023-03-28 17:14:21,138-INFO-logger.py-[ line:65 ] - 日志信息:-----------------------------------end_test_api-----------------------------------
2023-03-28 17:14:21,140-INFO-logger.py-[ line:65 ] - 日志信息:-----------------------------------start_test_api-----------------------------------
2023-03-28 17:14:21,141-INFO-logger.py-[ line:65 ] - 日志信息:-----------------------------------end_test_api-----------------------------------
2023-03-28 17:14:21,144-INFO-logger.py-[ line:65 ] - 日志信息:-----------------------------------start_test_api-----------------------------------
2023-03-28 17:14:21,145-INFO-logger.py-[ line:65 ] - 日志信息:-----------------------------------end_test_api-----------------------------------
2023-03-28 17:14:21,148-INFO-logger.py-[ line:65 ] - 日志信息:-----------------------------------start_test_api-----------------------------------
2023-03-28 17:14:21,149-INFO-logger.py-[ line:65 ] - 日志信息:-----------------------------------end_test_api-----------------------------------
2023-03-28 17:14:21,150-INFO-logger.py-[ line:65 ] - 日志信息:-----------------------------------start_test_api-----------------------------------
2023-03-28 17:14:21,151-INFO-logger.py-[ line:65 ] - 日志信息:-----------------------------------end_test_api-----------------------------------
2023-03-28 17:14:21,153-INFO-logger.py-[ line:65 ] - 日志信息:-----------------------------------start_test_api-----------------------------------
2023-03-28 17:14:21,154-INFO-logger.py-[ line:65 ] - 日志信息:-----------------------------------end_test_api-----------------------------------
2023-03-28 17:17:12,455-INFO-logger.py-[ line:65 ] - 日志信息:读取测试用例excel文件：D:\apk_api\api-test-project\data\moduleA\test_cases\test_api.xlsx
2023-03-28 17:17:13,101-INFO-logger.py-[ line:65 ] - 日志信息:如下是初始化得到得数据：{'id': 1, 'environment': 'TEST', 'host': 'https://bimdc.bzlrobot.com', 'path': '/bsp/test/user/ugs', 'databases': '{\n "host": "10.8.203.25",\n "port": 3306,\n "database": "ibs_lms_base",\n "user":"root",\n "password":"gd1234"\n}', 'sheets': '["安全纯净大屏"]', 'initialize_data': '{\n"{{account}}":"18127813600",\n"{{passwd}}":"Kzw8YyLO/vSnkS9j+IKnuDYWc6cEO6Pea45fK4prd4LJz34Pu6HFUWVFhOcNsn4ExxkBfP3685QHRCTS/SyaIFmkPP+K4hvxcWyTbZdzKVXeoovhOxFvtvl79qqXTjqFhBmIPnNLdGSd8tqfdrOOfsqq7HdillrpkbLtEiBMHPM=",\n"{{projectId}}":"104966",\n"{{tenant}}":"216317749963825419"\n}', 'run': 'YES'}
2023-03-28 17:17:13,270-INFO-logger.py-[ line:65 ] - 日志信息:登录成功:{'code': 'AG_500', 'type': None, 'data': None, 'msg': '服务器内部错误.', 'showType': 2, 'formMsg': None, 'succeed': False}
2023-03-28 17:17:13,274-INFO-logger.py-[ line:65 ] - 日志信息:-----------------------------------start_test_api-----------------------------------
2023-03-28 17:17:13,275-INFO-logger.py-[ line:65 ] - 日志信息:-----------------------------------end_test_api-----------------------------------
2023-03-28 17:17:13,279-INFO-logger.py-[ line:65 ] - 日志信息:-----------------------------------start_test_api-----------------------------------
2023-03-28 17:17:13,280-INFO-logger.py-[ line:65 ] - 日志信息:-----------------------------------end_test_api-----------------------------------
2023-03-28 17:17:13,282-INFO-logger.py-[ line:65 ] - 日志信息:-----------------------------------start_test_api-----------------------------------
2023-03-28 17:17:13,283-INFO-logger.py-[ line:65 ] - 日志信息:-----------------------------------end_test_api-----------------------------------
2023-03-28 17:17:13,284-INFO-logger.py-[ line:65 ] - 日志信息:-----------------------------------start_test_api-----------------------------------
2023-03-28 17:17:13,285-INFO-logger.py-[ line:65 ] - 日志信息:-----------------------------------end_test_api-----------------------------------
2023-03-28 17:17:13,287-INFO-logger.py-[ line:65 ] - 日志信息:-----------------------------------start_test_api-----------------------------------
2023-03-28 17:17:13,287-INFO-logger.py-[ line:65 ] - 日志信息:-----------------------------------end_test_api-----------------------------------
2023-03-28 17:17:13,289-INFO-logger.py-[ line:65 ] - 日志信息:-----------------------------------start_test_api-----------------------------------
2023-03-28 17:17:13,290-INFO-logger.py-[ line:65 ] - 日志信息:-----------------------------------end_test_api-----------------------------------
2023-03-28 17:17:13,291-INFO-logger.py-[ line:65 ] - 日志信息:-----------------------------------start_test_api-----------------------------------
2023-03-28 17:17:13,292-INFO-logger.py-[ line:65 ] - 日志信息:-----------------------------------end_test_api-----------------------------------
2023-03-28 17:17:13,294-INFO-logger.py-[ line:65 ] - 日志信息:-----------------------------------start_test_api-----------------------------------
2023-03-28 17:17:13,294-INFO-logger.py-[ line:65 ] - 日志信息:-----------------------------------end_test_api-----------------------------------
2023-03-28 17:17:13,297-INFO-logger.py-[ line:65 ] - 日志信息:-----------------------------------start_test_api-----------------------------------
2023-03-28 17:17:13,299-INFO-logger.py-[ line:65 ] - 日志信息:-----------------------------------end_test_api-----------------------------------
2023-03-28 17:21:01,305-INFO-logger.py-[ line:65 ] - 日志信息:读取测试用例excel文件：D:\apk_api\api-test-project\data\moduleA\test_cases\test_api.xlsx
2023-03-28 17:21:02,099-INFO-logger.py-[ line:65 ] - 日志信息:如下是初始化得到得数据：{'id': 1, 'environment': 'TEST', 'host': 'https://bimdc.bzlrobot.com', 'path': '/bsp/test/user/ugs', 'databases': '{\n "host": "10.8.203.25",\n "port": 3306,\n "database": "ibs_lms_base",\n "user":"root",\n "password":"gd1234"\n}', 'sheets': '["安全纯净大屏"]', 'initialize_data': '{\n"{{account}}":"18127813600",\n"{{passwd}}":"Kzw8YyLO/vSnkS9j+IKnuDYWc6cEO6Pea45fK4prd4LJz34Pu6HFUWVFhOcNsn4ExxkBfP3685QHRCTS/SyaIFmkPP+K4hvxcWyTbZdzKVXeoovhOxFvtvl79qqXTjqFhBmIPnNLdGSd8tqfdrOOfsqq7HdillrpkbLtEiBMHPM=",\n"{{projectId}}":"104966",\n"{{tenant}}":"216317749963825419"\n}', 'run': 'YES'}
2023-03-28 17:21:02,351-INFO-logger.py-[ line:65 ] - 日志信息:登录成功:{'code': 'AG_500', 'type': None, 'data': None, 'msg': '服务器内部错误.', 'showType': 2, 'formMsg': None, 'succeed': False}
2023-03-28 17:21:02,355-INFO-logger.py-[ line:65 ] - 日志信息:-----------------------------------start_test_api-----------------------------------
2023-03-28 17:21:02,356-INFO-logger.py-[ line:65 ] - 日志信息:sql语句集：None
2023-03-28 17:21:02,357-INFO-logger.py-[ line:65 ] - 日志信息:-----------------------------------end_test_api-----------------------------------
2023-03-28 17:21:02,360-INFO-logger.py-[ line:65 ] - 日志信息:-----------------------------------start_test_api-----------------------------------
2023-03-28 17:21:02,361-INFO-logger.py-[ line:65 ] - 日志信息:-----------------------------------end_test_api-----------------------------------
2023-03-28 17:21:02,362-INFO-logger.py-[ line:65 ] - 日志信息:-----------------------------------start_test_api-----------------------------------
2023-03-28 17:21:02,363-INFO-logger.py-[ line:65 ] - 日志信息:-----------------------------------end_test_api-----------------------------------
2023-03-28 17:21:02,365-INFO-logger.py-[ line:65 ] - 日志信息:-----------------------------------start_test_api-----------------------------------
2023-03-28 17:21:02,366-INFO-logger.py-[ line:65 ] - 日志信息:-----------------------------------end_test_api-----------------------------------
2023-03-28 17:21:02,368-INFO-logger.py-[ line:65 ] - 日志信息:-----------------------------------start_test_api-----------------------------------
2023-03-28 17:21:02,369-INFO-logger.py-[ line:65 ] - 日志信息:-----------------------------------end_test_api-----------------------------------
2023-03-28 17:21:02,370-INFO-logger.py-[ line:65 ] - 日志信息:-----------------------------------start_test_api-----------------------------------
2023-03-28 17:21:02,371-INFO-logger.py-[ line:65 ] - 日志信息:-----------------------------------end_test_api-----------------------------------
2023-03-28 17:21:02,372-INFO-logger.py-[ line:65 ] - 日志信息:-----------------------------------start_test_api-----------------------------------
2023-03-28 17:21:02,372-INFO-logger.py-[ line:65 ] - 日志信息:-----------------------------------end_test_api-----------------------------------
2023-03-28 17:21:02,373-INFO-logger.py-[ line:65 ] - 日志信息:-----------------------------------start_test_api-----------------------------------
2023-03-28 17:21:02,374-INFO-logger.py-[ line:65 ] - 日志信息:-----------------------------------end_test_api-----------------------------------
2023-03-28 17:21:02,375-INFO-logger.py-[ line:65 ] - 日志信息:-----------------------------------start_test_api-----------------------------------
2023-03-28 17:21:02,376-INFO-logger.py-[ line:65 ] - 日志信息:-----------------------------------end_test_api-----------------------------------
2023-03-28 17:22:31,197-INFO-logger.py-[ line:65 ] - 日志信息:读取测试用例excel文件：D:\apk_api\api-test-project\data\moduleA\test_cases\test_api.xlsx
2023-03-28 17:22:31,990-INFO-logger.py-[ line:65 ] - 日志信息:如下是初始化得到得数据：{'id': 1, 'environment': 'TEST', 'host': 'https://bimdc.bzlrobot.com', 'path': '/bsp/test/user/ugs', 'databases': '{\n "host": "10.8.203.25",\n "port": 3306,\n "database": "ibs_lms_base",\n "user":"root",\n "password":"gd1234"\n}', 'sheets': '["安全纯净大屏"]', 'initialize_data': '{\n"{{account}}":"18127813600",\n"{{passwd}}":"Kzw8YyLO/vSnkS9j+IKnuDYWc6cEO6Pea45fK4prd4LJz34Pu6HFUWVFhOcNsn4ExxkBfP3685QHRCTS/SyaIFmkPP+K4hvxcWyTbZdzKVXeoovhOxFvtvl79qqXTjqFhBmIPnNLdGSd8tqfdrOOfsqq7HdillrpkbLtEiBMHPM=",\n"{{projectId}}":"104966",\n"{{tenant}}":"216317749963825419"\n}', 'run': 'YES'}
2023-03-28 17:22:32,213-INFO-logger.py-[ line:65 ] - 日志信息:登录成功:{'code': 'AG_500', 'type': None, 'data': None, 'msg': '服务器内部错误.', 'showType': 2, 'formMsg': None, 'succeed': False}
2023-03-28 17:22:32,218-INFO-logger.py-[ line:65 ] - 日志信息:-----------------------------------start_test_api-----------------------------------
2023-03-28 17:22:32,220-INFO-logger.py-[ line:65 ] - 日志信息:sql语句集：None
2023-03-28 17:22:32,221-INFO-logger.py-[ line:65 ] - 日志信息:-----------------------------------end_test_api-----------------------------------
2023-03-28 17:22:32,225-INFO-logger.py-[ line:65 ] - 日志信息:-----------------------------------start_test_api-----------------------------------
2023-03-28 17:22:32,226-INFO-logger.py-[ line:65 ] - 日志信息:-----------------------------------end_test_api-----------------------------------
2023-03-28 17:22:32,227-INFO-logger.py-[ line:65 ] - 日志信息:-----------------------------------start_test_api-----------------------------------
2023-03-28 17:22:32,227-INFO-logger.py-[ line:65 ] - 日志信息:-----------------------------------end_test_api-----------------------------------
2023-03-28 17:22:32,228-INFO-logger.py-[ line:65 ] - 日志信息:-----------------------------------start_test_api-----------------------------------
2023-03-28 17:22:32,229-INFO-logger.py-[ line:65 ] - 日志信息:-----------------------------------end_test_api-----------------------------------
2023-03-28 17:22:32,231-INFO-logger.py-[ line:65 ] - 日志信息:-----------------------------------start_test_api-----------------------------------
2023-03-28 17:22:32,232-INFO-logger.py-[ line:65 ] - 日志信息:-----------------------------------end_test_api-----------------------------------
2023-03-28 17:22:32,234-INFO-logger.py-[ line:65 ] - 日志信息:-----------------------------------start_test_api-----------------------------------
2023-03-28 17:22:32,236-INFO-logger.py-[ line:65 ] - 日志信息:-----------------------------------end_test_api-----------------------------------
2023-03-28 17:22:32,237-INFO-logger.py-[ line:65 ] - 日志信息:-----------------------------------start_test_api-----------------------------------
2023-03-28 17:22:32,238-INFO-logger.py-[ line:65 ] - 日志信息:-----------------------------------end_test_api-----------------------------------
2023-03-28 17:22:32,240-INFO-logger.py-[ line:65 ] - 日志信息:-----------------------------------start_test_api-----------------------------------
2023-03-28 17:22:32,240-INFO-logger.py-[ line:65 ] - 日志信息:-----------------------------------end_test_api-----------------------------------
2023-03-28 17:22:32,242-INFO-logger.py-[ line:65 ] - 日志信息:-----------------------------------start_test_api-----------------------------------
2023-03-28 17:22:32,242-INFO-logger.py-[ line:65 ] - 日志信息:-----------------------------------end_test_api-----------------------------------
2023-03-28 17:23:09,375-INFO-logger.py-[ line:65 ] - 日志信息:读取测试用例excel文件：D:\apk_api\api-test-project\data\moduleA\test_cases\test_api.xlsx
2023-03-28 17:23:10,179-INFO-logger.py-[ line:65 ] - 日志信息:如下是初始化得到得数据：{'id': 1, 'environment': 'TEST', 'host': 'https://bimdc.bzlrobot.com', 'path': '/bsp/test/user/ugs', 'databases': '{\n "host": "10.8.203.25",\n "port": 3306,\n "database": "ibs_lms_base",\n "user":"root",\n "password":"gd1234"\n}', 'sheets': '["安全纯净大屏"]', 'initialize_data': '{\n"{{account}}":"18127813600",\n"{{passwd}}":"Kzw8YyLO/vSnkS9j+IKnuDYWc6cEO6Pea45fK4prd4LJz34Pu6HFUWVFhOcNsn4ExxkBfP3685QHRCTS/SyaIFmkPP+K4hvxcWyTbZdzKVXeoovhOxFvtvl79qqXTjqFhBmIPnNLdGSd8tqfdrOOfsqq7HdillrpkbLtEiBMHPM=",\n"{{projectId}}":"104966",\n"{{tenant}}":"216317749963825419"\n}', 'run': 'YES'}
2023-03-28 17:23:10,392-INFO-logger.py-[ line:65 ] - 日志信息:登录成功:{'code': 'AG_500', 'type': None, 'data': None, 'msg': '服务器内部错误.', 'showType': 2, 'formMsg': None, 'succeed': False}
2023-03-28 17:23:10,394-INFO-logger.py-[ line:65 ] - 日志信息:-----------------------------------start_test_api-----------------------------------
2023-03-28 17:23:10,396-INFO-logger.py-[ line:65 ] - 日志信息:sql语句集：None
2023-03-28 17:23:10,396-INFO-logger.py-[ line:65 ] - 日志信息:-----------------------------------end_test_api-----------------------------------
2023-03-28 17:23:10,402-INFO-logger.py-[ line:65 ] - 日志信息:-----------------------------------start_test_api-----------------------------------
2023-03-28 17:23:10,403-INFO-logger.py-[ line:65 ] - 日志信息:-----------------------------------end_test_api-----------------------------------
2023-03-28 17:23:10,404-INFO-logger.py-[ line:65 ] - 日志信息:-----------------------------------start_test_api-----------------------------------
2023-03-28 17:23:10,406-INFO-logger.py-[ line:65 ] - 日志信息:-----------------------------------end_test_api-----------------------------------
2023-03-28 17:23:10,407-INFO-logger.py-[ line:65 ] - 日志信息:-----------------------------------start_test_api-----------------------------------
2023-03-28 17:23:10,408-INFO-logger.py-[ line:65 ] - 日志信息:-----------------------------------end_test_api-----------------------------------
2023-03-28 17:23:10,409-INFO-logger.py-[ line:65 ] - 日志信息:-----------------------------------start_test_api-----------------------------------
2023-03-28 17:23:10,411-INFO-logger.py-[ line:65 ] - 日志信息:-----------------------------------end_test_api-----------------------------------
2023-03-28 17:23:10,412-INFO-logger.py-[ line:65 ] - 日志信息:-----------------------------------start_test_api-----------------------------------
2023-03-28 17:23:10,412-INFO-logger.py-[ line:65 ] - 日志信息:-----------------------------------end_test_api-----------------------------------
2023-03-28 17:23:10,413-INFO-logger.py-[ line:65 ] - 日志信息:-----------------------------------start_test_api-----------------------------------
2023-03-28 17:23:10,416-INFO-logger.py-[ line:65 ] - 日志信息:-----------------------------------end_test_api-----------------------------------
2023-03-28 17:23:10,419-INFO-logger.py-[ line:65 ] - 日志信息:-----------------------------------start_test_api-----------------------------------
2023-03-28 17:23:10,421-INFO-logger.py-[ line:65 ] - 日志信息:-----------------------------------end_test_api-----------------------------------
2023-03-28 17:23:10,423-INFO-logger.py-[ line:65 ] - 日志信息:-----------------------------------start_test_api-----------------------------------
2023-03-28 17:23:10,426-INFO-logger.py-[ line:65 ] - 日志信息:-----------------------------------end_test_api-----------------------------------
2023-03-28 17:27:46,631-INFO-logger.py-[ line:65 ] - 日志信息:读取测试用例excel文件：D:\apk_api\api-test-project\data\moduleA\test_cases\test_api.xlsx
2023-03-28 17:27:47,312-INFO-logger.py-[ line:65 ] - 日志信息:如下是初始化得到得数据：{'id': 1, 'environment': 'TEST', 'host': 'https://bimdc.bzlrobot.com', 'path': '/bsp/test/user/ugs', 'databases': '{\n "host": "10.8.203.25",\n "port": 3306,\n "database": "ibs_lms_base",\n "user":"root",\n "password":"gd1234"\n}', 'sheets': '["安全纯净大屏"]', 'initialize_data': '{\n"{{account}}":"18127813600",\n"{{passwd}}":"Kzw8YyLO/vSnkS9j+IKnuDYWc6cEO6Pea45fK4prd4LJz34Pu6HFUWVFhOcNsn4ExxkBfP3685QHRCTS/SyaIFmkPP+K4hvxcWyTbZdzKVXeoovhOxFvtvl79qqXTjqFhBmIPnNLdGSd8tqfdrOOfsqq7HdillrpkbLtEiBMHPM=",\n"{{projectId}}":"104966",\n"{{tenant}}":"216317749963825419"\n}', 'run': 'YES'}
2023-03-28 17:27:47,529-INFO-logger.py-[ line:65 ] - 日志信息:登录成功:{'code': 'AG_500', 'type': None, 'data': None, 'msg': '服务器内部错误.', 'showType': 2, 'formMsg': None, 'succeed': False}
2023-03-28 17:27:47,532-INFO-logger.py-[ line:65 ] - 日志信息:-----------------------------------start_test_api-----------------------------------
2023-03-28 17:27:47,535-INFO-logger.py-[ line:65 ] - 日志信息:sql语句集：None
2023-03-28 17:27:47,542-INFO-logger.py-[ line:65 ] - 日志信息:-----------------------------------end_test_api-----------------------------------
2023-03-28 17:27:47,562-INFO-logger.py-[ line:65 ] - 日志信息:-----------------------------------start_test_api-----------------------------------
2023-03-28 17:27:47,563-INFO-logger.py-[ line:65 ] - 日志信息:-----------------------------------end_test_api-----------------------------------
2023-03-28 17:27:47,565-INFO-logger.py-[ line:65 ] - 日志信息:-----------------------------------start_test_api-----------------------------------
2023-03-28 17:27:47,567-INFO-logger.py-[ line:65 ] - 日志信息:-----------------------------------end_test_api-----------------------------------
2023-03-28 17:27:47,569-INFO-logger.py-[ line:65 ] - 日志信息:-----------------------------------start_test_api-----------------------------------
2023-03-28 17:27:47,572-INFO-logger.py-[ line:65 ] - 日志信息:-----------------------------------end_test_api-----------------------------------
2023-03-28 17:27:47,574-INFO-logger.py-[ line:65 ] - 日志信息:-----------------------------------start_test_api-----------------------------------
2023-03-28 17:27:47,576-INFO-logger.py-[ line:65 ] - 日志信息:-----------------------------------end_test_api-----------------------------------
2023-03-28 17:27:47,578-INFO-logger.py-[ line:65 ] - 日志信息:-----------------------------------start_test_api-----------------------------------
2023-03-28 17:27:47,580-INFO-logger.py-[ line:65 ] - 日志信息:-----------------------------------end_test_api-----------------------------------
2023-03-28 17:27:47,581-INFO-logger.py-[ line:65 ] - 日志信息:-----------------------------------start_test_api-----------------------------------
2023-03-28 17:27:47,584-INFO-logger.py-[ line:65 ] - 日志信息:-----------------------------------end_test_api-----------------------------------
2023-03-28 17:27:47,587-INFO-logger.py-[ line:65 ] - 日志信息:-----------------------------------start_test_api-----------------------------------
2023-03-28 17:27:47,590-INFO-logger.py-[ line:65 ] - 日志信息:-----------------------------------end_test_api-----------------------------------
2023-03-28 17:27:47,591-INFO-logger.py-[ line:65 ] - 日志信息:-----------------------------------start_test_api-----------------------------------
2023-03-28 17:27:47,593-INFO-logger.py-[ line:65 ] - 日志信息:-----------------------------------end_test_api-----------------------------------
2023-03-28 17:37:09,840-INFO-logger.py-[ line:65 ] - 日志信息:读取测试用例excel文件：D:\apk_api\api-test-project\data\moduleA\test_cases\test_api.xlsx
2023-03-28 17:37:10,586-INFO-logger.py-[ line:65 ] - 日志信息:如下是初始化得到得数据：{'id': 1, 'environment': 'TEST', 'host': 'https://bimdc.bzlrobot.com', 'path': '/bsp/test/user/ugs', 'databases': '{\n "host": "10.8.203.25",\n "port": 3306,\n "database": "ibs_lms_base",\n "user":"root",\n "password":"gd1234"\n}', 'sheets': '["安全纯净大屏"]', 'initialize_data': '{\n"{{account}}":"18127813600",\n"{{passwd}}":"Kzw8YyLO/vSnkS9j+IKnuDYWc6cEO6Pea45fK4prd4LJz34Pu6HFUWVFhOcNsn4ExxkBfP3685QHRCTS/SyaIFmkPP+K4hvxcWyTbZdzKVXeoovhOxFvtvl79qqXTjqFhBmIPnNLdGSd8tqfdrOOfsqq7HdillrpkbLtEiBMHPM=",\n"{{projectId}}":"104966",\n"{{tenant}}":"216317749963825419"\n}', 'run': 'YES'}
2023-03-28 17:37:10,857-INFO-logger.py-[ line:65 ] - 日志信息:登录成功:{'code': 'AG_500', 'type': None, 'data': None, 'msg': '服务器内部错误.', 'showType': 2, 'formMsg': None, 'succeed': False}
2023-03-28 17:37:10,859-INFO-logger.py-[ line:65 ] - 日志信息:-----------------------------------start_test_api-----------------------------------
2023-03-28 17:37:10,865-INFO-logger.py-[ line:65 ] - 日志信息:-----------------------------------end_test_api-----------------------------------
2023-03-28 17:37:10,907-INFO-logger.py-[ line:65 ] - 日志信息:-----------------------------------start_test_api-----------------------------------
2023-03-28 17:37:10,909-INFO-logger.py-[ line:65 ] - 日志信息:-----------------------------------end_test_api-----------------------------------
2023-03-28 17:37:10,910-INFO-logger.py-[ line:65 ] - 日志信息:-----------------------------------start_test_api-----------------------------------
2023-03-28 17:37:10,912-INFO-logger.py-[ line:65 ] - 日志信息:-----------------------------------end_test_api-----------------------------------
2023-03-28 17:37:10,913-INFO-logger.py-[ line:65 ] - 日志信息:-----------------------------------start_test_api-----------------------------------
2023-03-28 17:37:10,915-INFO-logger.py-[ line:65 ] - 日志信息:-----------------------------------end_test_api-----------------------------------
2023-03-28 17:37:10,916-INFO-logger.py-[ line:65 ] - 日志信息:-----------------------------------start_test_api-----------------------------------
2023-03-28 17:37:10,918-INFO-logger.py-[ line:65 ] - 日志信息:-----------------------------------end_test_api-----------------------------------
2023-03-28 17:37:10,920-INFO-logger.py-[ line:65 ] - 日志信息:-----------------------------------start_test_api-----------------------------------
2023-03-28 17:37:10,922-INFO-logger.py-[ line:65 ] - 日志信息:-----------------------------------end_test_api-----------------------------------
2023-03-28 17:37:10,925-INFO-logger.py-[ line:65 ] - 日志信息:-----------------------------------start_test_api-----------------------------------
2023-03-28 17:37:10,926-INFO-logger.py-[ line:65 ] - 日志信息:-----------------------------------end_test_api-----------------------------------
2023-03-28 17:37:10,927-INFO-logger.py-[ line:65 ] - 日志信息:-----------------------------------start_test_api-----------------------------------
2023-03-28 17:37:10,929-INFO-logger.py-[ line:65 ] - 日志信息:-----------------------------------end_test_api-----------------------------------
2023-03-28 17:37:10,930-INFO-logger.py-[ line:65 ] - 日志信息:-----------------------------------start_test_api-----------------------------------
2023-03-28 17:37:10,932-INFO-logger.py-[ line:65 ] - 日志信息:-----------------------------------end_test_api-----------------------------------
2023-03-28 17:39:14,392-INFO-logger.py-[ line:65 ] - 日志信息:读取测试用例excel文件：D:\apk_api\api-test-project\data\moduleA\test_cases\test_api.xlsx
2023-03-28 17:39:54,511-INFO-logger.py-[ line:65 ] - 日志信息:读取测试用例excel文件：D:\apk_api\api-test-project\data\moduleA\test_cases\test_api.xlsx
2023-03-28 17:40:37,430-INFO-logger.py-[ line:65 ] - 日志信息:读取测试用例excel文件：D:\apk_api\api-test-project\data\moduleA\test_cases\test_api.xlsx
2023-03-28 17:40:38,114-INFO-logger.py-[ line:65 ] - 日志信息:如下是初始化得到得数据：{'id': 1, 'environment': 'TEST', 'host': 'https://bimdc.bzlrobot.com', 'path': '/bsp/test/user/ugs', 'databases': '{\n "host": "10.8.203.25",\n "port": 3306,\n "database": "ibs_lms_base",\n "user":"root",\n "password":"gd1234"\n}', 'sheets': '["安全纯净大屏"]', 'initialize_data': '{\n"{{account}}":"18127813600",\n"{{passwd}}":"Kzw8YyLO/vSnkS9j+IKnuDYWc6cEO6Pea45fK4prd4LJz34Pu6HFUWVFhOcNsn4ExxkBfP3685QHRCTS/SyaIFmkPP+K4hvxcWyTbZdzKVXeoovhOxFvtvl79qqXTjqFhBmIPnNLdGSd8tqfdrOOfsqq7HdillrpkbLtEiBMHPM=",\n"{{projectId}}":"104966",\n"{{tenant}}":"216317749963825419"\n}', 'run': 'YES'}
2023-03-28 17:40:38,314-INFO-logger.py-[ line:65 ] - 日志信息:登录成功:{'code': 'AG_500', 'type': None, 'data': None, 'msg': '服务器内部错误.', 'showType': 2, 'formMsg': None, 'succeed': False}
2023-03-28 17:40:38,316-INFO-logger.py-[ line:65 ] - 日志信息:-----------------------------------start_test_api-----------------------------------
2023-03-28 17:40:38,318-INFO-logger.py-[ line:65 ] - 日志信息:-----------------------------------end_test_api-----------------------------------
2023-03-28 17:40:38,319-INFO-logger.py-[ line:65 ] - 日志信息:-----------------------------------start_test_api-----------------------------------
2023-03-28 17:40:38,325-INFO-logger.py-[ line:65 ] - 日志信息:-----------------------------------end_test_api-----------------------------------
2023-03-28 17:40:38,329-INFO-logger.py-[ line:65 ] - 日志信息:-----------------------------------start_test_api-----------------------------------
2023-03-28 17:40:38,335-INFO-logger.py-[ line:65 ] - 日志信息:-----------------------------------end_test_api-----------------------------------
2023-03-28 17:40:38,338-INFO-logger.py-[ line:65 ] - 日志信息:-----------------------------------start_test_api-----------------------------------
2023-03-28 17:40:38,346-INFO-logger.py-[ line:65 ] - 日志信息:-----------------------------------end_test_api-----------------------------------
2023-03-28 17:40:38,362-INFO-logger.py-[ line:65 ] - 日志信息:-----------------------------------start_test_api-----------------------------------
2023-03-28 17:40:38,365-INFO-logger.py-[ line:65 ] - 日志信息:-----------------------------------end_test_api-----------------------------------
2023-03-28 17:40:38,367-INFO-logger.py-[ line:65 ] - 日志信息:-----------------------------------start_test_api-----------------------------------
2023-03-28 17:40:38,371-INFO-logger.py-[ line:65 ] - 日志信息:-----------------------------------end_test_api-----------------------------------
2023-03-28 17:40:38,375-INFO-logger.py-[ line:65 ] - 日志信息:-----------------------------------start_test_api-----------------------------------
2023-03-28 17:40:38,378-INFO-logger.py-[ line:65 ] - 日志信息:-----------------------------------end_test_api-----------------------------------
2023-03-28 17:40:38,381-INFO-logger.py-[ line:65 ] - 日志信息:-----------------------------------start_test_api-----------------------------------
2023-03-28 17:40:38,384-INFO-logger.py-[ line:65 ] - 日志信息:-----------------------------------end_test_api-----------------------------------
2023-03-28 17:40:38,386-INFO-logger.py-[ line:65 ] - 日志信息:-----------------------------------start_test_api-----------------------------------
2023-03-28 17:40:38,392-INFO-logger.py-[ line:65 ] - 日志信息:-----------------------------------end_test_api-----------------------------------
2023-03-28 17:42:23,682-INFO-logger.py-[ line:65 ] - 日志信息:读取测试用例excel文件：D:\apk_api\api-test-project\data\moduleA\test_cases\test_api.xlsx
2023-03-28 17:42:24,429-INFO-logger.py-[ line:65 ] - 日志信息:如下是初始化得到得数据：{'id': 1, 'environment': 'TEST', 'host': 'https://bimdc.bzlrobot.com', 'path': '/bsp/test/user/ugs', 'databases': '{\n "host": "10.8.203.25",\n "port": 3306,\n "database": "ibs_lms_base",\n "user":"root",\n "password":"gd1234"\n}', 'sheets': '["安全纯净大屏"]', 'initialize_data': '{\n"{{account}}":"18127813600",\n"{{passwd}}":"Kzw8YyLO/vSnkS9j+IKnuDYWc6cEO6Pea45fK4prd4LJz34Pu6HFUWVFhOcNsn4ExxkBfP3685QHRCTS/SyaIFmkPP+K4hvxcWyTbZdzKVXeoovhOxFvtvl79qqXTjqFhBmIPnNLdGSd8tqfdrOOfsqq7HdillrpkbLtEiBMHPM=",\n"{{projectId}}":"104966",\n"{{tenant}}":"216317749963825419"\n}', 'run': 'YES'}
2023-03-28 17:42:24,644-INFO-logger.py-[ line:65 ] - 日志信息:登录成功:{'code': 'AG_500', 'type': None, 'data': None, 'msg': '服务器内部错误.', 'showType': 2, 'formMsg': None, 'succeed': False}
2023-03-28 17:42:24,647-INFO-logger.py-[ line:65 ] - 日志信息:-----------------------------------start_test_api-----------------------------------
2023-03-28 17:42:24,652-INFO-logger.py-[ line:65 ] - 日志信息:-----------------------------------end_test_api-----------------------------------
2023-03-28 17:42:44,791-INFO-logger.py-[ line:65 ] - 日志信息:读取测试用例excel文件：D:\apk_api\api-test-project\data\moduleA\test_cases\test_api.xlsx
2023-03-28 17:42:45,592-INFO-logger.py-[ line:65 ] - 日志信息:如下是初始化得到得数据：{'id': 1, 'environment': 'TEST', 'host': 'https://bimdc.bzlrobot.com', 'path': '/bsp/test/user/ugs', 'databases': '{\n "host": "10.8.203.25",\n "port": 3306,\n "database": "ibs_lms_base",\n "user":"root",\n "password":"gd1234"\n}', 'sheets': '["安全纯净大屏"]', 'initialize_data': '{\n"{{account}}":"18127813600",\n"{{passwd}}":"Kzw8YyLO/vSnkS9j+IKnuDYWc6cEO6Pea45fK4prd4LJz34Pu6HFUWVFhOcNsn4ExxkBfP3685QHRCTS/SyaIFmkPP+K4hvxcWyTbZdzKVXeoovhOxFvtvl79qqXTjqFhBmIPnNLdGSd8tqfdrOOfsqq7HdillrpkbLtEiBMHPM=",\n"{{projectId}}":"104966",\n"{{tenant}}":"216317749963825419"\n}', 'run': 'YES'}
2023-03-28 17:42:45,699-INFO-logger.py-[ line:65 ] - 日志信息:登录成功:{'code': 'AG_500', 'type': None, 'data': None, 'msg': '服务器内部错误.', 'showType': 2, 'formMsg': None, 'succeed': False}
2023-03-28 17:42:45,758-INFO-logger.py-[ line:65 ] - 日志信息:-----------------------------------start_test_api-----------------------------------
2023-03-28 17:42:45,763-INFO-logger.py-[ line:65 ] - 日志信息:-----------------------------------end_test_api-----------------------------------
2023-03-28 17:44:12,011-INFO-logger.py-[ line:65 ] - 日志信息:读取测试用例excel文件：D:\apk_api\api-test-project\data\moduleA\test_cases\test_api.xlsx
2023-03-28 17:44:12,728-INFO-logger.py-[ line:65 ] - 日志信息:如下是初始化得到得数据：{'id': 1, 'environment': 'TEST', 'host': 'https://bimdc.bzlrobot.com', 'path': '/bsp/test/user/ugs', 'databases': '{\n "host": "10.8.203.25",\n "port": 3306,\n "database": "ibs_lms_base",\n "user":"root",\n "password":"gd1234"\n}', 'sheets': '["安全纯净大屏"]', 'initialize_data': '{\n"{{account}}":"18127813600",\n"{{passwd}}":"Kzw8YyLO/vSnkS9j+IKnuDYWc6cEO6Pea45fK4prd4LJz34Pu6HFUWVFhOcNsn4ExxkBfP3685QHRCTS/SyaIFmkPP+K4hvxcWyTbZdzKVXeoovhOxFvtvl79qqXTjqFhBmIPnNLdGSd8tqfdrOOfsqq7HdillrpkbLtEiBMHPM=",\n"{{projectId}}":"104966",\n"{{tenant}}":"216317749963825419"\n}', 'run': 'YES'}
2023-03-28 17:44:12,886-INFO-logger.py-[ line:65 ] - 日志信息:登录成功:{'code': 'AG_500', 'type': None, 'data': None, 'msg': '服务器内部错误.', 'showType': 2, 'formMsg': None, 'succeed': False}
2023-03-28 17:44:12,951-INFO-logger.py-[ line:65 ] - 日志信息:-----------------------------------start_test_api-----------------------------------
2023-03-28 17:44:12,958-INFO-logger.py-[ line:65 ] - 日志信息:-----------------------------------end_test_api-----------------------------------
2023-03-28 17:46:41,849-INFO-logger.py-[ line:65 ] - 日志信息:读取测试用例excel文件：D:\apk_api\api-test-project\data\moduleA\test_cases\test_api.xlsx
2023-03-28 17:46:42,598-INFO-logger.py-[ line:65 ] - 日志信息:如下是初始化得到得数据：{'id': 1, 'environment': 'TEST', 'host': 'https://bimdc.bzlrobot.com', 'path': '/bsp/test/user/ugs', 'databases': '{\n "host": "10.8.203.25",\n "port": 3306,\n "database": "ibs_lms_base",\n "user":"root",\n "password":"gd1234"\n}', 'sheets': '["安全纯净大屏"]', 'initialize_data': '{\n"{{account}}":"18127813600",\n"{{passwd}}":"Kzw8YyLO/vSnkS9j+IKnuDYWc6cEO6Pea45fK4prd4LJz34Pu6HFUWVFhOcNsn4ExxkBfP3685QHRCTS/SyaIFmkPP+K4hvxcWyTbZdzKVXeoovhOxFvtvl79qqXTjqFhBmIPnNLdGSd8tqfdrOOfsqq7HdillrpkbLtEiBMHPM=",\n"{{projectId}}":"104966",\n"{{tenant}}":"216317749963825419"\n}', 'run': 'YES'}
2023-03-28 17:46:42,712-INFO-logger.py-[ line:65 ] - 日志信息:登录成功:{'code': 'AG_500', 'type': None, 'data': None, 'msg': '服务器内部错误.', 'showType': 2, 'formMsg': None, 'succeed': False}
2023-03-28 17:46:42,771-INFO-logger.py-[ line:65 ] - 日志信息:-----------------------------------start_test_api-----------------------------------
2023-03-28 17:46:42,778-INFO-logger.py-[ line:65 ] - 日志信息:-----------------------------------end_test_api-----------------------------------
2023-03-28 17:48:49,584-INFO-logger.py-[ line:65 ] - 日志信息:读取测试用例excel文件：D:\apk_api\api-test-project\data\moduleA\test_cases\test_api.xlsx
2023-03-28 17:48:50,281-INFO-logger.py-[ line:65 ] - 日志信息:如下是初始化得到得数据：{'id': 1, 'environment': 'TEST', 'host': 'https://bimdc.bzlrobot.com', 'path': '/bsp/test/user/ugs', 'databases': '{\n "host": "10.8.203.25",\n "port": 3306,\n "database": "ibs_lms_base",\n "user":"root",\n "password":"gd1234"\n}', 'sheets': '["安全纯净大屏"]', 'initialize_data': '{\n"{{account}}":"18127813600",\n"{{passwd}}":"Kzw8YyLO/vSnkS9j+IKnuDYWc6cEO6Pea45fK4prd4LJz34Pu6HFUWVFhOcNsn4ExxkBfP3685QHRCTS/SyaIFmkPP+K4hvxcWyTbZdzKVXeoovhOxFvtvl79qqXTjqFhBmIPnNLdGSd8tqfdrOOfsqq7HdillrpkbLtEiBMHPM=",\n"{{projectId}}":"104966",\n"{{tenant}}":"216317749963825419"\n}', 'run': 'YES'}
2023-03-28 17:49:23,091-INFO-logger.py-[ line:65 ] - 日志信息:读取测试用例excel文件：D:\apk_api\api-test-project\data\moduleA\test_cases\test_api.xlsx
2023-03-28 17:49:23,802-INFO-logger.py-[ line:65 ] - 日志信息:如下是初始化得到得数据：{'id': 1, 'environment': 'TEST', 'host': 'https://bimdc.bzlrobot.com', 'path': '/bsp/test/user/ugs', 'databases': '{\n "host": "10.8.203.25",\n "port": 3306,\n "database": "ibs_lms_base",\n "user":"root",\n "password":"gd1234"\n}', 'sheets': '["安全纯净大屏"]', 'initialize_data': '{\n"{{account}}":"18127813600",\n"{{passwd}}":"Kzw8YyLO/vSnkS9j+IKnuDYWc6cEO6Pea45fK4prd4LJz34Pu6HFUWVFhOcNsn4ExxkBfP3685QHRCTS/SyaIFmkPP+K4hvxcWyTbZdzKVXeoovhOxFvtvl79qqXTjqFhBmIPnNLdGSd8tqfdrOOfsqq7HdillrpkbLtEiBMHPM=",\n"{{projectId}}":"104966",\n"{{tenant}}":"216317749963825419"\n}', 'run': 'YES'}
2023-03-28 17:49:23,899-INFO-logger.py-[ line:65 ] - 日志信息:登录成功:{'code': 'AG_500', 'type': None, 'data': None, 'msg': '服务器内部错误.', 'showType': 2, 'formMsg': None, 'succeed': False}
2023-03-28 17:49:23,956-INFO-logger.py-[ line:65 ] - 日志信息:-----------------------------------start_test_api-----------------------------------
2023-03-28 17:49:23,959-INFO-logger.py-[ line:65 ] - 日志信息:-----------------------------------end_test_api-----------------------------------
2023-03-28 17:51:50,021-INFO-logger.py-[ line:65 ] - 日志信息:读取测试用例excel文件：D:\apk_api\api-test-project\data\moduleA\test_cases\test_api.xlsx
2023-03-28 17:51:50,704-INFO-logger.py-[ line:65 ] - 日志信息:如下是初始化得到得数据：{'id': 1, 'environment': 'TEST', 'host': 'https://bimdc.bzlrobot.com', 'path': '/bsp/test/user/ugs', 'databases': '{\n "host": "10.8.203.25",\n "port": 3306,\n "database": "ibs_lms_base",\n "user":"root",\n "password":"gd1234"\n}', 'sheets': '["安全纯净大屏"]', 'initialize_data': '{\n"{{account}}":"18127813600",\n"{{passwd}}":"Kzw8YyLO/vSnkS9j+IKnuDYWc6cEO6Pea45fK4prd4LJz34Pu6HFUWVFhOcNsn4ExxkBfP3685QHRCTS/SyaIFmkPP+K4hvxcWyTbZdzKVXeoovhOxFvtvl79qqXTjqFhBmIPnNLdGSd8tqfdrOOfsqq7HdillrpkbLtEiBMHPM=",\n"{{projectId}}":"104966",\n"{{tenant}}":"216317749963825419"\n}', 'run': 'YES'}
2023-03-28 17:51:50,858-INFO-logger.py-[ line:65 ] - 日志信息:登录成功:{'code': 'AG_500', 'type': None, 'data': None, 'msg': '服务器内部错误.', 'showType': 2, 'formMsg': None, 'succeed': False}
2023-03-28 17:51:50,862-INFO-logger.py-[ line:65 ] - 日志信息:-----------------------------------start_test_api-----------------------------------
2023-03-28 17:51:50,864-INFO-logger.py-[ line:65 ] - 日志信息:-----------------------------------end_test_api-----------------------------------
2023-03-28 17:52:30,309-INFO-logger.py-[ line:65 ] - 日志信息:读取测试用例excel文件：D:\apk_api\api-test-project\data\moduleA\test_cases\test_api.xlsx
2023-03-28 17:52:31,056-INFO-logger.py-[ line:65 ] - 日志信息:如下是初始化得到得数据：{'id': 1, 'environment': 'TEST', 'host': 'https://bimdc.bzlrobot.com', 'path': '/bsp/test/user/ugs', 'databases': '{\n "host": "10.8.203.25",\n "port": 3306,\n "database": "ibs_lms_base",\n "user":"root",\n "password":"gd1234"\n}', 'sheets': '["安全纯净大屏"]', 'initialize_data': '{\n"{{account}}":"18127813600",\n"{{passwd}}":"Kzw8YyLO/vSnkS9j+IKnuDYWc6cEO6Pea45fK4prd4LJz34Pu6HFUWVFhOcNsn4ExxkBfP3685QHRCTS/SyaIFmkPP+K4hvxcWyTbZdzKVXeoovhOxFvtvl79qqXTjqFhBmIPnNLdGSd8tqfdrOOfsqq7HdillrpkbLtEiBMHPM=",\n"{{projectId}}":"104966",\n"{{tenant}}":"216317749963825419"\n}', 'run': 'YES'}
2023-03-28 17:52:31,212-INFO-logger.py-[ line:65 ] - 日志信息:登录成功:{'code': 'AG_500', 'type': None, 'data': None, 'msg': '服务器内部错误.', 'showType': 2, 'formMsg': None, 'succeed': False}
2023-03-28 17:52:31,214-INFO-logger.py-[ line:65 ] - 日志信息:-----------------------------------start_test_api-----------------------------------
2023-03-28 17:52:31,216-INFO-logger.py-[ line:65 ] - 日志信息:-----------------------------------end_test_api-----------------------------------
2023-03-28 17:53:24,001-INFO-logger.py-[ line:65 ] - 日志信息:读取测试用例excel文件：D:\apk_api\api-test-project\data\moduleA\test_cases\test_api.xlsx
2023-03-28 17:53:24,775-INFO-logger.py-[ line:65 ] - 日志信息:如下是初始化得到得数据：{'id': 1, 'environment': 'TEST', 'host': 'https://bimdc.bzlrobot.com', 'path': '/bsp/test/user/ugs', 'databases': '{\n "host": "10.8.203.25",\n "port": 3306,\n "database": "ibs_lms_base",\n "user":"root",\n "password":"gd1234"\n}', 'sheets': '["安全纯净大屏"]', 'initialize_data': '{\n"{{account}}":"18127813600",\n"{{passwd}}":"Kzw8YyLO/vSnkS9j+IKnuDYWc6cEO6Pea45fK4prd4LJz34Pu6HFUWVFhOcNsn4ExxkBfP3685QHRCTS/SyaIFmkPP+K4hvxcWyTbZdzKVXeoovhOxFvtvl79qqXTjqFhBmIPnNLdGSd8tqfdrOOfsqq7HdillrpkbLtEiBMHPM=",\n"{{projectId}}":"104966",\n"{{tenant}}":"216317749963825419"\n}', 'run': 'YES'}
2023-03-28 17:53:24,920-INFO-logger.py-[ line:65 ] - 日志信息:登录成功:{'code': 'AG_500', 'type': None, 'data': None, 'msg': '服务器内部错误.', 'showType': 2, 'formMsg': None, 'succeed': False}
2023-03-28 17:53:24,922-INFO-logger.py-[ line:65 ] - 日志信息:-----------------------------------start_test_api-----------------------------------
2023-03-28 17:53:24,923-INFO-logger.py-[ line:65 ] - 日志信息:-----------------------------------end_test_api-----------------------------------
2023-03-28 17:56:55,989-INFO-logger.py-[ line:65 ] - 日志信息:读取测试用例excel文件：D:\apk_api\api-test-project\data\moduleA\test_cases\test_api.xlsx
2023-03-28 17:56:56,704-INFO-logger.py-[ line:65 ] - 日志信息:如下是初始化得到得数据：{'id': 1, 'environment': 'TEST', 'host': 'https://bimdc.bzlrobot.com', 'path': '/bsp/test/user/ugs', 'databases': '{\n "host": "10.8.203.25",\n "port": 3306,\n "database": "ibs_lms_base",\n "user":"root",\n "password":"gd1234"\n}', 'sheets': '["安全纯净大屏"]', 'initialize_data': '{\n"{{account}}":"18127813600",\n"{{passwd}}":"Kzw8YyLO/vSnkS9j+IKnuDYWc6cEO6Pea45fK4prd4LJz34Pu6HFUWVFhOcNsn4ExxkBfP3685QHRCTS/SyaIFmkPP+K4hvxcWyTbZdzKVXeoovhOxFvtvl79qqXTjqFhBmIPnNLdGSd8tqfdrOOfsqq7HdillrpkbLtEiBMHPM=",\n"{{projectId}}":"104966",\n"{{tenant}}":"216317749963825419"\n}', 'run': 'YES'}
2023-03-28 17:56:56,878-INFO-logger.py-[ line:65 ] - 日志信息:登录成功:{'code': 'AG_500', 'type': None, 'data': None, 'msg': '服务器内部错误.', 'showType': 2, 'formMsg': None, 'succeed': False}
2023-03-28 17:56:56,881-INFO-logger.py-[ line:65 ] - 日志信息:-----------------------------------start_test_api-----------------------------------
2023-03-28 17:56:56,882-INFO-logger.py-[ line:65 ] - 日志信息:-----------------------------------end_test_api-----------------------------------
2023-03-28 17:58:03,158-INFO-logger.py-[ line:65 ] - 日志信息:读取测试用例excel文件：D:\apk_api\api-test-project\data\moduleA\test_cases\test_api.xlsx
2023-03-28 17:58:03,912-INFO-logger.py-[ line:65 ] - 日志信息:如下是初始化得到得数据：{'id': 1, 'environment': 'TEST', 'host': 'https://bimdc.bzlrobot.com', 'path': '/bsp/test/user/ugs', 'databases': '{\n "host": "10.8.203.25",\n "port": 3306,\n "database": "ibs_lms_base",\n "user":"root",\n "password":"gd1234"\n}', 'sheets': '["安全纯净大屏"]', 'initialize_data': '{\n"{{account}}":"18127813600",\n"{{passwd}}":"Kzw8YyLO/vSnkS9j+IKnuDYWc6cEO6Pea45fK4prd4LJz34Pu6HFUWVFhOcNsn4ExxkBfP3685QHRCTS/SyaIFmkPP+K4hvxcWyTbZdzKVXeoovhOxFvtvl79qqXTjqFhBmIPnNLdGSd8tqfdrOOfsqq7HdillrpkbLtEiBMHPM=",\n"{{projectId}}":"104966",\n"{{tenant}}":"216317749963825419"\n}', 'run': 'YES'}
2023-03-28 17:58:56,205-INFO-logger.py-[ line:65 ] - 日志信息:读取测试用例excel文件：D:\apk_api\api-test-project\data\moduleA\test_cases\test_api.xlsx
2023-03-28 17:58:56,934-INFO-logger.py-[ line:65 ] - 日志信息:如下是初始化得到得数据：{'id': 1, 'environment': 'TEST', 'host': 'https://bimdc.bzlrobot.com', 'path': '/bsp/test/user/ugs', 'databases': '{\n "host": "10.8.203.25",\n "port": 3306,\n "database": "ibs_lms_base",\n "user":"root",\n "password":"gd1234"\n}', 'sheets': '["安全纯净大屏"]', 'initialize_data': '{\n"{{account}}":"18127813600",\n"{{passwd}}":"Kzw8YyLO/vSnkS9j+IKnuDYWc6cEO6Pea45fK4prd4LJz34Pu6HFUWVFhOcNsn4ExxkBfP3685QHRCTS/SyaIFmkPP+K4hvxcWyTbZdzKVXeoovhOxFvtvl79qqXTjqFhBmIPnNLdGSd8tqfdrOOfsqq7HdillrpkbLtEiBMHPM=",\n"{{projectId}}":"104966",\n"{{tenant}}":"216317749963825419"\n}', 'run': 'YES'}
2023-03-28 17:58:57,114-INFO-logger.py-[ line:65 ] - 日志信息:登录成功:{'code': 'AG_500', 'type': None, 'data': None, 'msg': '服务器内部错误.', 'showType': 2, 'formMsg': None, 'succeed': False}
2023-03-28 17:58:57,115-INFO-logger.py-[ line:65 ] - 日志信息:-----------------------------------start_test_api-----------------------------------
2023-03-28 17:58:57,117-INFO-logger.py-[ line:65 ] - 日志信息:-----------------------------------end_test_api-----------------------------------
2023-03-28 17:59:15,184-INFO-logger.py-[ line:65 ] - 日志信息:读取测试用例excel文件：D:\apk_api\api-test-project\data\moduleA\test_cases\test_api.xlsx
2023-03-28 17:59:15,830-INFO-logger.py-[ line:65 ] - 日志信息:如下是初始化得到得数据：{'id': 1, 'environment': 'TEST', 'host': 'https://bimdc.bzlrobot.com', 'path': '/bsp/test/user/ugs', 'databases': '{\n "host": "10.8.203.25",\n "port": 3306,\n "database": "ibs_lms_base",\n "user":"root",\n "password":"gd1234"\n}', 'sheets': '["安全纯净大屏"]', 'initialize_data': '{\n"{{account}}":"18127813600",\n"{{passwd}}":"Kzw8YyLO/vSnkS9j+IKnuDYWc6cEO6Pea45fK4prd4LJz34Pu6HFUWVFhOcNsn4ExxkBfP3685QHRCTS/SyaIFmkPP+K4hvxcWyTbZdzKVXeoovhOxFvtvl79qqXTjqFhBmIPnNLdGSd8tqfdrOOfsqq7HdillrpkbLtEiBMHPM=",\n"{{projectId}}":"104966",\n"{{tenant}}":"216317749963825419"\n}', 'run': 'YES'}
2023-03-28 18:00:03,488-INFO-logger.py-[ line:65 ] - 日志信息:读取测试用例excel文件：D:\apk_api\api-test-project\data\moduleA\test_cases\test_api.xlsx
2023-03-28 18:00:04,134-INFO-logger.py-[ line:65 ] - 日志信息:如下是初始化得到得数据：{'id': 1, 'environment': 'TEST', 'host': 'https://bimdc.bzlrobot.com', 'path': '/bsp/test/user/ugs', 'databases': '{\n "host": "10.8.203.25",\n "port": 3306,\n "database": "ibs_lms_base",\n "user":"root",\n "password":"gd1234"\n}', 'sheets': '["安全纯净大屏"]', 'initialize_data': '{\n"{{account}}":"18127813600",\n"{{passwd}}":"Kzw8YyLO/vSnkS9j+IKnuDYWc6cEO6Pea45fK4prd4LJz34Pu6HFUWVFhOcNsn4ExxkBfP3685QHRCTS/SyaIFmkPP+K4hvxcWyTbZdzKVXeoovhOxFvtvl79qqXTjqFhBmIPnNLdGSd8tqfdrOOfsqq7HdillrpkbLtEiBMHPM=",\n"{{projectId}}":"104966",\n"{{tenant}}":"216317749963825419"\n}', 'run': 'YES'}
2023-03-28 18:00:11,465-INFO-logger.py-[ line:65 ] - 日志信息:读取测试用例excel文件：D:\apk_api\api-test-project\data\moduleA\test_cases\test_api.xlsx
2023-03-28 18:00:12,124-INFO-logger.py-[ line:65 ] - 日志信息:如下是初始化得到得数据：{'id': 1, 'environment': 'TEST', 'host': 'https://bimdc.bzlrobot.com', 'path': '/bsp/test/user/ugs', 'databases': '{\n "host": "10.8.203.25",\n "port": 3306,\n "database": "ibs_lms_base",\n "user":"root",\n "password":"gd1234"\n}', 'sheets': '["安全纯净大屏"]', 'initialize_data': '{\n"{{account}}":"18127813600",\n"{{passwd}}":"Kzw8YyLO/vSnkS9j+IKnuDYWc6cEO6Pea45fK4prd4LJz34Pu6HFUWVFhOcNsn4ExxkBfP3685QHRCTS/SyaIFmkPP+K4hvxcWyTbZdzKVXeoovhOxFvtvl79qqXTjqFhBmIPnNLdGSd8tqfdrOOfsqq7HdillrpkbLtEiBMHPM=",\n"{{projectId}}":"104966",\n"{{tenant}}":"216317749963825419"\n}', 'run': 'YES'}
2023-03-28 18:00:17,970-INFO-logger.py-[ line:65 ] - 日志信息:读取测试用例excel文件：D:\apk_api\api-test-project\data\moduleA\test_cases\test_api.xlsx
2023-03-28 18:00:18,690-INFO-logger.py-[ line:65 ] - 日志信息:如下是初始化得到得数据：{'id': 1, 'environment': 'TEST', 'host': 'https://bimdc.bzlrobot.com', 'path': '/bsp/test/user/ugs', 'databases': '{\n "host": "10.8.203.25",\n "port": 3306,\n "database": "ibs_lms_base",\n "user":"root",\n "password":"gd1234"\n}', 'sheets': '["安全纯净大屏"]', 'initialize_data': '{\n"{{account}}":"18127813600",\n"{{passwd}}":"Kzw8YyLO/vSnkS9j+IKnuDYWc6cEO6Pea45fK4prd4LJz34Pu6HFUWVFhOcNsn4ExxkBfP3685QHRCTS/SyaIFmkPP+K4hvxcWyTbZdzKVXeoovhOxFvtvl79qqXTjqFhBmIPnNLdGSd8tqfdrOOfsqq7HdillrpkbLtEiBMHPM=",\n"{{projectId}}":"104966",\n"{{tenant}}":"216317749963825419"\n}', 'run': 'YES'}
2023-03-28 18:00:18,840-INFO-logger.py-[ line:65 ] - 日志信息:登录成功:{'code': 'AG_500', 'type': None, 'data': None, 'msg': '服务器内部错误.', 'showType': 2, 'formMsg': None, 'succeed': False}
2023-03-28 18:00:18,842-INFO-logger.py-[ line:65 ] - 日志信息:-----------------------------------start_test_api-----------------------------------
2023-03-28 18:00:18,843-INFO-logger.py-[ line:65 ] - 日志信息:-----------------------------------end_test_api-----------------------------------
2023-03-28 18:01:17,014-INFO-logger.py-[ line:65 ] - 日志信息:读取测试用例excel文件：D:\apk_api\api-test-project\data\moduleA\test_cases\test_api.xlsx
2023-03-28 18:01:17,758-INFO-logger.py-[ line:65 ] - 日志信息:如下是初始化得到得数据：{'id': 1, 'environment': 'TEST', 'host': 'https://bimdc.bzlrobot.com', 'path': '/bsp/test/user/ugs', 'databases': '{\n "host": "10.8.203.25",\n "port": 3306,\n "database": "ibs_lms_base",\n "user":"root",\n "password":"gd1234"\n}', 'sheets': '["安全纯净大屏"]', 'initialize_data': '{\n"{{account}}":"18127813600",\n"{{passwd}}":"Kzw8YyLO/vSnkS9j+IKnuDYWc6cEO6Pea45fK4prd4LJz34Pu6HFUWVFhOcNsn4ExxkBfP3685QHRCTS/SyaIFmkPP+K4hvxcWyTbZdzKVXeoovhOxFvtvl79qqXTjqFhBmIPnNLdGSd8tqfdrOOfsqq7HdillrpkbLtEiBMHPM=",\n"{{projectId}}":"104966",\n"{{tenant}}":"216317749963825419"\n}', 'run': 'YES'}
2023-03-28 18:03:36,667-INFO-logger.py-[ line:65 ] - 日志信息:读取测试用例excel文件：D:\apk_api\api-test-project\data\moduleA\test_cases\test_api.xlsx
2023-03-28 18:03:37,369-INFO-logger.py-[ line:65 ] - 日志信息:如下是初始化得到得数据：{'id': 1, 'environment': 'TEST', 'host': 'https://bimdc.bzlrobot.com', 'path': '/bsp/test/user/ugs', 'databases': '{\n "host": "10.8.203.25",\n "port": 3306,\n "database": "ibs_lms_base",\n "user":"root",\n "password":"gd1234"\n}', 'sheets': '["安全纯净大屏"]', 'initialize_data': '{\n"{{account}}":"18127813600",\n"{{passwd}}":"Kzw8YyLO/vSnkS9j+IKnuDYWc6cEO6Pea45fK4prd4LJz34Pu6HFUWVFhOcNsn4ExxkBfP3685QHRCTS/SyaIFmkPP+K4hvxcWyTbZdzKVXeoovhOxFvtvl79qqXTjqFhBmIPnNLdGSd8tqfdrOOfsqq7HdillrpkbLtEiBMHPM=",\n"{{projectId}}":"104966",\n"{{tenant}}":"216317749963825419"\n}', 'run': 'YES'}
