2023-05-14 22:54:59,684-ERROR-logger.py-[ line:62 ] - 日志信息:数据库链接失败: 'cryptography' package is required for sha256_password or caching_sha2_password auth methods
2023-05-14 22:54:59,698-ERROR-logger.py-[ line:62 ] - 日志信息:测试用例:1 不执行，跳过!!!
2023-05-14 22:55:00,755-ERROR-logger.py-[ line:62 ] - 日志信息:测试用例:3 不执行，跳过!!!
2023-05-14 22:55:02,664-ERROR-logger.py-[ line:62 ] - 日志信息:测试用例:None 不执行，跳过!!!
2023-05-14 22:55:02,665-ERROR-logger.py-[ line:62 ] - 日志信息:所有用例执行完毕
2023-05-14 23:04:47,314-ERROR-logger.py-[ line:62 ] - 日志信息:读取excel中初始化数据异常: [Errno 13] Permission denied: 'E:\\apitest\\data\\moduleA\\test_cases\\test_api.xlsx'
2023-05-14 23:05:31,561-ERROR-logger.py-[ line:62 ] - 日志信息:测试用例:1 不执行，跳过!!!
2023-05-14 23:05:31,563-ERROR-logger.py-[ line:62 ] - 日志信息:key:<re.Match object; span=(40, 50), match='{{passwd}}'>,在关联参数表中查询不到,请检查关联参数字段提取及填写是否正常

2023-05-14 23:05:32,597-ERROR-logger.py-[ line:62 ] - 日志信息:测试用例:3 不执行，跳过!!!
2023-05-14 23:05:34,530-ERROR-logger.py-[ line:62 ] - 日志信息:测试用例:None 不执行，跳过!!!
2023-05-14 23:05:34,531-ERROR-logger.py-[ line:62 ] - 日志信息:所有用例执行完毕
2023-05-14 23:07:33,806-ERROR-logger.py-[ line:62 ] - 日志信息:测试用例:1 不执行，跳过!!!
2023-05-14 23:07:34,824-ERROR-logger.py-[ line:62 ] - 日志信息:测试用例:3 不执行，跳过!!!
2023-05-14 23:07:36,776-ERROR-logger.py-[ line:62 ] - 日志信息:测试用例:None 不执行，跳过!!!
2023-05-14 23:07:36,778-ERROR-logger.py-[ line:62 ] - 日志信息:所有用例执行完毕
2023-05-14 23:11:03,705-ERROR-logger.py-[ line:62 ] - 日志信息:测试用例:1 不执行，跳过!!!
2023-05-14 23:11:04,842-ERROR-logger.py-[ line:62 ] - 日志信息:测试用例:3 不执行，跳过!!!
2023-05-14 23:11:06,827-ERROR-logger.py-[ line:62 ] - 日志信息:测试用例:None 不执行，跳过!!!
2023-05-14 23:11:06,828-ERROR-logger.py-[ line:62 ] - 日志信息:所有用例执行完毕
2023-05-14 23:21:37,533-ERROR-logger.py-[ line:62 ] - 日志信息:测试用例:1 不执行，跳过!!!
2023-05-14 23:21:37,687-ERROR-logger.py-[ line:62 ] - 日志信息:测试用例:3 不执行，跳过!!!
2023-05-14 23:21:37,761-ERROR-logger.py-[ line:62 ] - 日志信息:测试用例:None 不执行，跳过!!!
2023-05-14 23:21:37,761-ERROR-logger.py-[ line:62 ] - 日志信息:所有用例执行完毕
2023-05-14 23:23:25,284-ERROR-logger.py-[ line:62 ] - 日志信息:测试用例:1 不执行，跳过!!!
2023-05-14 23:23:25,431-ERROR-logger.py-[ line:62 ] - 日志信息:测试用例:3 不执行，跳过!!!
2023-05-14 23:23:25,512-ERROR-logger.py-[ line:62 ] - 日志信息:测试用例:None 不执行，跳过!!!
2023-05-14 23:23:25,513-ERROR-logger.py-[ line:62 ] - 日志信息:所有用例执行完毕
2023-05-14 23:30:25,155-ERROR-logger.py-[ line:62 ] - 日志信息:测试用例:1 不执行，跳过!!!
2023-05-14 23:30:25,255-ERROR-logger.py-[ line:62 ] - 日志信息:测试用例:3 不执行，跳过!!!
2023-05-14 23:30:25,355-ERROR-logger.py-[ line:62 ] - 日志信息:测试用例:None 不执行，跳过!!!
2023-05-14 23:30:25,355-ERROR-logger.py-[ line:62 ] - 日志信息:所有用例执行完毕
2023-05-14 23:33:18,919-ERROR-logger.py-[ line:62 ] - 日志信息:测试用例:1 不执行，跳过!!!
2023-05-14 23:33:19,026-ERROR-logger.py-[ line:62 ] - 日志信息:测试用例:3 不执行，跳过!!!
2023-05-14 23:33:19,136-ERROR-logger.py-[ line:62 ] - 日志信息:测试用例:None 不执行，跳过!!!
2023-05-14 23:33:19,139-ERROR-logger.py-[ line:62 ] - 日志信息:所有用例执行完毕
2023-05-14 23:36:36,463-ERROR-logger.py-[ line:62 ] - 日志信息:测试用例:1 不执行，跳过!!!
2023-05-14 23:36:36,582-ERROR-logger.py-[ line:62 ] - 日志信息:测试用例:3 不执行，跳过!!!
2023-05-14 23:36:36,693-ERROR-logger.py-[ line:62 ] - 日志信息:测试用例:None 不执行，跳过!!!
2023-05-14 23:36:36,695-ERROR-logger.py-[ line:62 ] - 日志信息:所有用例执行完毕
2023-05-14 23:38:34,266-ERROR-logger.py-[ line:62 ] - 日志信息:测试用例:1 不执行，跳过!!!
2023-05-14 23:38:34,412-ERROR-logger.py-[ line:62 ] - 日志信息:测试用例:3 不执行，跳过!!!
2023-05-14 23:38:34,543-ERROR-logger.py-[ line:62 ] - 日志信息:测试用例:None 不执行，跳过!!!
2023-05-14 23:38:34,544-ERROR-logger.py-[ line:62 ] - 日志信息:所有用例执行完毕
2023-05-14 23:55:35,556-ERROR-logger.py-[ line:62 ] - 日志信息:测试用例:1 不执行，跳过!!!
2023-05-14 23:55:36,661-ERROR-logger.py-[ line:62 ] - 日志信息:测试用例:3 不执行，跳过!!!
2023-05-14 23:55:38,647-ERROR-logger.py-[ line:62 ] - 日志信息:测试用例:None 不执行，跳过!!!
2023-05-14 23:55:38,648-ERROR-logger.py-[ line:62 ] - 日志信息:所有用例执行完毕
2023-05-14 23:58:13,243-ERROR-logger.py-[ line:62 ] - 日志信息:测试用例:1 不执行，跳过!!!
2023-05-14 23:58:14,352-ERROR-logger.py-[ line:62 ] - 日志信息:测试用例:3 不执行，跳过!!!
2023-05-14 23:58:16,240-ERROR-logger.py-[ line:62 ] - 日志信息:测试用例:None 不执行，跳过!!!
2023-05-14 23:58:16,241-ERROR-logger.py-[ line:62 ] - 日志信息:所有用例执行完毕
