2023-07-13 15:04:15 | ERROR | | called clear_date | error: 快看，异常了，别唧唧哇哇，块排查: [Errno 13] Permission denied: 'D:\\apk_api\\api-test-project\\cases\\cases\\test_api.xlsx'
2023-07-13 15:04:16 | ERROR | 被提取对象非字典、非字符串、非列表，不执行jsonpath提取，被提取对象: None
2023-07-13 15:04:17 | ERROR | 发送请求失败: local variable 'fs' referenced before assignment
2023-07-13 15:04:17 | ERROR | 异常用例: 安全纯净大屏_2_登录_非BIP用户登录
'NoneType' object has no attribute 'json'
2023-07-13 15:04:17 | ERROR | | called write_back | error: 快看，异常了，别唧唧哇哇，块排查: [Errno 13] Permission denied: 'D:\\apk_api\\api-test-project\\cases\\cases\\test_api.xlsx'
2023-07-13 15:04:18 | ERROR | key:<re.Match object; span=(153, 166), match='{{BSP_TOKEN}}'>,在关联参数表中查询不到,请检查关联参数字段提取及填写是否正常

2023-07-13 15:04:18 | ERROR | 发送请求失败: local variable 'fs' referenced before assignment
2023-07-13 15:04:18 | ERROR | 异常用例: 安全纯净大屏_4_劳务基础配置_绑定TV
'NoneType' object has no attribute 'json'
2023-07-13 15:04:18 | ERROR | | called write_back | error: 快看，异常了，别唧唧哇哇，块排查: [Errno 13] Permission denied: 'D:\\apk_api\\api-test-project\\cases\\cases\\test_api.xlsx'
2023-07-13 15:04:19 | ERROR | key:<re.Match object; span=(166, 179), match='{{BSP_TOKEN}}'>,在关联参数表中查询不到,请检查关联参数字段提取及填写是否正常

2023-07-13 15:04:19 | ERROR | 被提取对象非字典、非字符串、非列表，不执行jsonpath提取，被提取对象: None
2023-07-13 15:04:19 | ERROR | 发送请求失败: local variable 'fs' referenced before assignment
2023-07-13 15:04:19 | ERROR | 异常用例: 安全纯净大屏_5_劳务基础配置_查询配置
'NoneType' object has no attribute 'json'
2023-07-13 15:04:19 | ERROR | | called write_back | error: 快看，异常了，别唧唧哇哇，块排查: [Errno 13] Permission denied: 'D:\\apk_api\\api-test-project\\cases\\cases\\test_api.xlsx'
2023-07-13 15:04:32 | ERROR | 被提取对象非字典、非字符串、非列表，不执行jsonpath提取，被提取对象: None
2023-07-13 15:04:32 | ERROR | 发送请求失败: local variable 'fs' referenced before assignment
2023-07-13 15:04:32 | ERROR | 异常用例: 安全纯净大屏_2_登录_非BIP用户登录
'NoneType' object has no attribute 'json'
2023-07-13 15:04:33 | ERROR | key:<re.Match object; span=(153, 166), match='{{BSP_TOKEN}}'>,在关联参数表中查询不到,请检查关联参数字段提取及填写是否正常

2023-07-13 15:04:33 | ERROR | 发送请求失败: local variable 'fs' referenced before assignment
2023-07-13 15:04:33 | ERROR | 异常用例: 安全纯净大屏_4_劳务基础配置_绑定TV
'NoneType' object has no attribute 'json'
2023-07-13 15:04:34 | ERROR | key:<re.Match object; span=(166, 179), match='{{BSP_TOKEN}}'>,在关联参数表中查询不到,请检查关联参数字段提取及填写是否正常

2023-07-13 15:04:34 | ERROR | 被提取对象非字典、非字符串、非列表，不执行jsonpath提取，被提取对象: None
2023-07-13 15:04:34 | ERROR | 发送请求失败: local variable 'fs' referenced before assignment
2023-07-13 15:04:34 | ERROR | 异常用例: 安全纯净大屏_5_劳务基础配置_查询配置
'NoneType' object has no attribute 'json'
2023-07-13 15:12:39 | ERROR | 发送请求失败: local variable 'fs' referenced before assignment
2023-07-13 15:12:39 | ERROR | 异常用例: 安全纯净大屏_2_登录_非BIP用户登录
'NoneType' object has no attribute 'json'
2023-07-13 15:12:40 | ERROR | 发送请求失败: local variable 'fs' referenced before assignment
2023-07-13 15:12:40 | ERROR | 异常用例: 安全纯净大屏_4_劳务基础配置_绑定TV
'NoneType' object has no attribute 'json'
2023-07-13 15:12:41 | ERROR | key:<re.Match object; span=(365, 379), match='{{tvSequence}}'>,在关联参数表中查询不到,请检查关联参数字段提取及填写是否正常

2023-07-13 15:12:41 | ERROR | 被提取对象非字典、非字符串、非列表，不执行jsonpath提取，被提取对象: None
2023-07-13 15:12:41 | ERROR | 发送请求失败: local variable 'fs' referenced before assignment
2023-07-13 15:12:41 | ERROR | 异常用例: 安全纯净大屏_5_劳务基础配置_查询配置
'NoneType' object has no attribute 'json'
2023-07-13 15:15:43 | ERROR | 发送请求失败: local variable 'fs' referenced before assignment
2023-07-13 15:15:43 | ERROR | 异常用例: 安全纯净大屏_2_登录_非BIP用户登录
'NoneType' object has no attribute 'json'
2023-07-13 15:15:44 | ERROR | 发送请求失败: local variable 'fs' referenced before assignment
2023-07-13 15:15:44 | ERROR | 异常用例: 安全纯净大屏_4_劳务基础配置_绑定TV
'NoneType' object has no attribute 'json'
2023-07-13 15:15:45 | ERROR | key:<re.Match object; span=(365, 379), match='{{tvSequence}}'>,在关联参数表中查询不到,请检查关联参数字段提取及填写是否正常

2023-07-13 15:15:45 | ERROR | 被提取对象非字典、非字符串、非列表，不执行jsonpath提取，被提取对象: None
2023-07-13 15:15:45 | ERROR | 发送请求失败: local variable 'fs' referenced before assignment
2023-07-13 15:15:45 | ERROR | 异常用例: 安全纯净大屏_5_劳务基础配置_查询配置
'NoneType' object has no attribute 'json'
2023-07-13 15:19:25 | ERROR | 发送请求失败: local variable 'fs' referenced before assignment
2023-07-13 15:19:25 | ERROR | 异常用例: 安全纯净大屏_2_登录_非BIP用户登录
'NoneType' object has no attribute 'json'
2023-07-13 15:19:26 | ERROR | 发送请求失败: local variable 'fs' referenced before assignment
2023-07-13 15:19:26 | ERROR | 异常用例: 安全纯净大屏_4_劳务基础配置_绑定TV
'NoneType' object has no attribute 'json'
2023-07-13 15:19:27 | ERROR | key:<re.Match object; span=(365, 379), match='{{tvSequence}}'>,在关联参数表中查询不到,请检查关联参数字段提取及填写是否正常

2023-07-13 15:19:27 | ERROR | 被提取对象非字典、非字符串、非列表，不执行jsonpath提取，被提取对象: None
2023-07-13 15:19:27 | ERROR | 发送请求失败: local variable 'fs' referenced before assignment
2023-07-13 15:19:27 | ERROR | 异常用例: 安全纯净大屏_5_劳务基础配置_查询配置
'NoneType' object has no attribute 'json'
2023-07-13 15:19:37 | ERROR | 发送请求失败: local variable 'fs' referenced before assignment
2023-07-13 15:19:37 | ERROR | 异常用例: 安全纯净大屏_2_登录_非BIP用户登录
'NoneType' object has no attribute 'json'
2023-07-13 15:19:38 | ERROR | 发送请求失败: local variable 'fs' referenced before assignment
2023-07-13 15:19:38 | ERROR | 异常用例: 安全纯净大屏_4_劳务基础配置_绑定TV
'NoneType' object has no attribute 'json'
2023-07-13 15:19:39 | ERROR | key:<re.Match object; span=(365, 379), match='{{tvSequence}}'>,在关联参数表中查询不到,请检查关联参数字段提取及填写是否正常

2023-07-13 15:19:39 | ERROR | 被提取对象非字典、非字符串、非列表，不执行jsonpath提取，被提取对象: None
2023-07-13 15:19:39 | ERROR | 发送请求失败: local variable 'fs' referenced before assignment
2023-07-13 15:19:39 | ERROR | 异常用例: 安全纯净大屏_5_劳务基础配置_查询配置
'NoneType' object has no attribute 'json'
2023-07-13 15:20:43 | ERROR | 发送请求失败: local variable 'fs' referenced before assignment
2023-07-13 15:20:43 | ERROR | 异常用例: 安全纯净大屏_2_登录_非BIP用户登录
'NoneType' object has no attribute 'json'
2023-07-13 15:20:44 | ERROR | 发送请求失败: local variable 'fs' referenced before assignment
2023-07-13 15:20:44 | ERROR | 异常用例: 安全纯净大屏_4_劳务基础配置_绑定TV
'NoneType' object has no attribute 'json'
2023-07-13 15:20:45 | ERROR | key:<re.Match object; span=(365, 379), match='{{tvSequence}}'>,在关联参数表中查询不到,请检查关联参数字段提取及填写是否正常

2023-07-13 15:20:45 | ERROR | 被提取对象非字典、非字符串、非列表，不执行jsonpath提取，被提取对象: None
2023-07-13 15:20:45 | ERROR | 发送请求失败: local variable 'fs' referenced before assignment
2023-07-13 15:20:45 | ERROR | 异常用例: 安全纯净大屏_5_劳务基础配置_查询配置
'NoneType' object has no attribute 'json'
2023-07-13 15:21:33 | ERROR | 异常用例: 安全纯净大屏_2_登录_非BIP用户登录
local variable 'fs' referenced before assignment
2023-07-13 15:21:34 | ERROR | 异常用例: 安全纯净大屏_4_劳务基础配置_绑定TV
local variable 'fs' referenced before assignment
2023-07-13 15:21:35 | ERROR | key:<re.Match object; span=(365, 379), match='{{tvSequence}}'>,在关联参数表中查询不到,请检查关联参数字段提取及填写是否正常

2023-07-13 15:21:35 | ERROR | 被提取对象非字典、非字符串、非列表，不执行jsonpath提取，被提取对象: None
2023-07-13 15:21:35 | ERROR | 异常用例: 安全纯净大屏_5_劳务基础配置_查询配置
local variable 'fs' referenced before assignment
2023-07-13 15:22:11 | ERROR | 异常用例: 安全纯净大屏_4_劳务基础配置_绑定TV
'Action' object has no attribute 'validate_variables_list'
2023-07-13 15:22:13 | ERROR | key:<re.Match object; span=(365, 379), match='{{tvSequence}}'>,在关联参数表中查询不到,请检查关联参数字段提取及填写是否正常

2023-07-13 15:22:13 | ERROR | 被提取对象非字典、非字符串、非列表，不执行jsonpath提取，被提取对象: None
2023-07-13 15:22:13 | ERROR | 异常用例: 安全纯净大屏_5_劳务基础配置_查询配置
'Action' object has no attribute 'validate_variables_list'
2023-07-13 15:27:48 | ERROR | 参数格式错误！
2023-07-13 15:27:48 | ERROR | 异常用例: 安全纯净大屏_4_劳务基础配置_绑定TV
exceptions must derive from BaseException
2023-07-13 15:27:49 | ERROR | key:<re.Match object; span=(365, 379), match='{{tvSequence}}'>,在关联参数表中查询不到,请检查关联参数字段提取及填写是否正常

2023-07-13 15:27:49 | ERROR | 被提取对象非字典、非字符串、非列表，不执行jsonpath提取，被提取对象: None
2023-07-13 15:27:49 | ERROR | 参数格式错误！
2023-07-13 15:27:49 | ERROR | 异常用例: 安全纯净大屏_5_劳务基础配置_查询配置
exceptions must derive from BaseException
2023-07-13 15:30:31 | ERROR | 参数格式错误！
2023-07-13 15:30:31 | ERROR | 异常用例: 安全纯净大屏_4_劳务基础配置_绑定TV
exceptions must derive from BaseException
2023-07-13 15:30:32 | ERROR | key:<re.Match object; span=(365, 379), match='{{tvSequence}}'>,在关联参数表中查询不到,请检查关联参数字段提取及填写是否正常

2023-07-13 15:30:32 | ERROR | 被提取对象非字典、非字符串、非列表，不执行jsonpath提取，被提取对象: None
2023-07-13 15:30:32 | ERROR | 参数格式错误！
2023-07-13 15:30:32 | ERROR | 异常用例: 安全纯净大屏_5_劳务基础配置_查询配置
exceptions must derive from BaseException
2023-07-13 16:42:55 | ERROR | 参数格式错误！
2023-07-13 16:42:55 | ERROR | 异常用例: 安全纯净大屏_4_劳务基础配置_绑定TV
exceptions must derive from BaseException
2023-07-13 16:42:56 | ERROR | key:<re.Match object; span=(365, 379), match='{{tvSequence}}'>,在关联参数表中查询不到,请检查关联参数字段提取及填写是否正常

2023-07-13 16:42:56 | ERROR | 被提取对象非字典、非字符串、非列表，不执行jsonpath提取，被提取对象: None
2023-07-13 16:42:56 | ERROR | 参数格式错误！
2023-07-13 16:42:56 | ERROR | 异常用例: 安全纯净大屏_5_劳务基础配置_查询配置
exceptions must derive from BaseException
2023-07-13 17:52:43 | ERROR | 参数格式错误！
2023-07-13 17:52:43 | ERROR | 异常用例: 安全纯净大屏_4_劳务基础配置_绑定TV
exceptions must derive from BaseException
2023-07-13 17:52:44 | ERROR | key:<re.Match object; span=(365, 379), match='{{tvSequence}}'>,在关联参数表中查询不到,请检查关联参数字段提取及填写是否正常

2023-07-13 17:52:44 | ERROR | 被提取对象非字典、非字符串、非列表，不执行jsonpath提取，被提取对象: None
2023-07-13 17:52:44 | ERROR | 参数格式错误！
2023-07-13 17:52:44 | ERROR | 异常用例: 安全纯净大屏_5_劳务基础配置_查询配置
exceptions must derive from BaseException
2023-07-13 17:55:34 | ERROR | 参数格式错误！
2023-07-13 17:55:34 | ERROR | 异常用例: 安全纯净大屏_4_劳务基础配置_绑定TV
exceptions must derive from BaseException
2023-07-13 17:55:35 | ERROR | key:<re.Match object; span=(365, 379), match='{{tvSequence}}'>,在关联参数表中查询不到,请检查关联参数字段提取及填写是否正常

2023-07-13 17:55:35 | ERROR | 被提取对象非字典、非字符串、非列表，不执行jsonpath提取，被提取对象: None
2023-07-13 17:55:35 | ERROR | 参数格式错误！
2023-07-13 17:55:35 | ERROR | 异常用例: 安全纯净大屏_5_劳务基础配置_查询配置
exceptions must derive from BaseException
2023-07-13 17:59:30 | ERROR | 参数格式错误！
2023-07-13 17:59:30 | ERROR | 异常用例: 安全纯净大屏_4_劳务基础配置_绑定TV
exceptions must derive from BaseException
2023-07-13 17:59:31 | ERROR | key:<re.Match object; span=(365, 379), match='{{tvSequence}}'>,在关联参数表中查询不到,请检查关联参数字段提取及填写是否正常

2023-07-13 17:59:31 | ERROR | 被提取对象非字典、非字符串、非列表，不执行jsonpath提取，被提取对象: None
2023-07-13 17:59:31 | ERROR | 参数格式错误！
2023-07-13 17:59:32 | ERROR | 异常用例: 安全纯净大屏_5_劳务基础配置_查询配置
exceptions must derive from BaseException
2023-07-13 18:00:30 | ERROR | 参数格式错误！
2023-07-13 18:00:30 | ERROR | 异常用例: 安全纯净大屏_4_劳务基础配置_绑定TV
exceptions must derive from BaseException
2023-07-13 18:00:31 | ERROR | key:<re.Match object; span=(365, 379), match='{{tvSequence}}'>,在关联参数表中查询不到,请检查关联参数字段提取及填写是否正常

2023-07-13 18:00:31 | ERROR | 被提取对象非字典、非字符串、非列表，不执行jsonpath提取，被提取对象: None
2023-07-13 18:00:31 | ERROR | 参数格式错误！
2023-07-13 18:00:31 | ERROR | 异常用例: 安全纯净大屏_5_劳务基础配置_查询配置
exceptions must derive from BaseException
2023-07-13 18:00:53 | ERROR | 异常用例: 安全纯净大屏_4_劳务基础配置_绑定TV
'Action' object has no attribute 'built_in_comparators'
2023-07-13 18:00:55 | ERROR | key:<re.Match object; span=(365, 379), match='{{tvSequence}}'>,在关联参数表中查询不到,请检查关联参数字段提取及填写是否正常

2023-07-13 18:00:55 | ERROR | 被提取对象非字典、非字符串、非列表，不执行jsonpath提取，被提取对象: None
2023-07-13 18:00:55 | ERROR | 提取失败：提取表达式：data[0].tvSequence，没有提取到对应的值
2023-07-13 18:00:55 | ERROR | 异常用例: 安全纯净大屏_5_劳务基础配置_查询配置
'Action' object has no attribute 'built_in_comparators'
2023-07-13 18:02:05 | ERROR | | called load_built_in_comparators | error: 快看，异常了，别唧唧哇哇，块排查: load_built_in_comparators() missing 1 required positional argument: 'self'
2023-07-13 18:02:08 | ERROR | 异常用例: 安全纯净大屏_4_劳务基础配置_绑定TV
'FAIL' unexpectedly found in ('FAIL', [{'检查项': 'code', '期望值': 200, '实际值': 'AG_100003', '断言方法': 'eq:实际值与期望值相等'}, {'检查项': 'msg', '期望值': '添加成功', '实际值': '您的登陆状态已过期，请重新登陆。', '断言方法': 'eq:实际值与期望值相等'}]) : FAIL 存在结果元组中
2023-07-13 18:02:09 | ERROR | key:<re.Match object; span=(365, 379), match='{{tvSequence}}'>,在关联参数表中查询不到,请检查关联参数字段提取及填写是否正常

2023-07-13 18:02:09 | ERROR | 被提取对象非字典、非字符串、非列表，不执行jsonpath提取，被提取对象: None
2023-07-13 18:02:09 | ERROR | 提取失败：提取表达式：data[0].tvSequence，没有提取到对应的值
2023-07-13 18:02:09 | ERROR | 异常用例: 安全纯净大屏_5_劳务基础配置_查询配置
'FAIL' unexpectedly found in ('FAIL', [{'检查项': 'data[0].tvSequence', '期望值': '{{tvSequence}}', '实际值': [], '断言方法': 'contained_by:实际值被包含在期望值中'}]) : FAIL 存在结果元组中
2023-07-13 18:04:10 | ERROR | | called load_built_in_comparators | error: 快看，异常了，别唧唧哇哇，块排查: load_built_in_comparators() missing 1 required positional argument: 'self'
2023-07-13 18:04:13 | ERROR | 异常用例: 安全纯净大屏_4_劳务基础配置_绑定TV
'FAIL' unexpectedly found in ('FAIL', [{'检查项': 'code', '期望值': 200, '实际值': 'AG_100003', '断言方法': 'eq:实际值与期望值相等'}, {'检查项': 'msg', '期望值': '添加成功', '实际值': '您的登陆状态已过期，请重新登陆。', '断言方法': 'eq:实际值与期望值相等'}]) : FAIL 存在结果元组中
2023-07-13 18:04:14 | ERROR | key:<re.Match object; span=(365, 379), match='{{tvSequence}}'>,在关联参数表中查询不到,请检查关联参数字段提取及填写是否正常

2023-07-13 18:04:14 | ERROR | 被提取对象非字典、非字符串、非列表，不执行jsonpath提取，被提取对象: None
2023-07-13 18:04:14 | ERROR | 提取失败：提取表达式：data[0].tvSequence，没有提取到对应的值
2023-07-13 18:04:14 | ERROR | 异常用例: 安全纯净大屏_5_劳务基础配置_查询配置
'FAIL' unexpectedly found in ('FAIL', [{'检查项': 'data[0].tvSequence', '期望值': '{{tvSequence}}', '实际值': [], '断言方法': 'contained_by:实际值被包含在期望值中'}]) : FAIL 存在结果元组中
